TTLocalizer: Running in language: english
from toontown.toonbase.TTLocalizerEnglish import *
OTPLocalizer: Running in language: english
from otp.otpbase.OTPLocalizerEnglish import *
Preloading suits...
Preloading Toon heads...
Preloading avatars...
Traceback (most recent call last):
  File "D:\Documents\ToontownSourcecode\Toontown\toontown\toonbase\ClientStart.py", line 235, in loadScripts
    execfile('mods/'+scriptName,globals())
  File "mods/Compilation.txt", line 206, in <module>
    toonAnywhere = DirectButton(text = ("Enable Toonup anywhere", "ENABLE TOONUP ANYWHERE", "enable toonup anywhere", "enable toonup anywhere"), scale=.06, pos = (-1,-0,-.3), command=ToonupAnywhere.toonUpSetUp)
NameError: name 'ToonupAnywhere' is not defined

phase_3.5/models/gui/friendslist_gui.bam
['Horiz_Arrow_UP', 'Horiz_Arrow_DN', 'Horiz_Arrow_Rllvr']
phase_3.5/models/gui/friendslist_gui.bam
['Horiz_Arrow_UP', 'Horiz_Arrow_DN', 'Horiz_Arrow_Rllvr']
phase_3.5/models/gui/friendslist_gui.bam
['Horiz_Arrow_UP', 'Horiz_Arrow_DN', 'Horiz_Arrow_Rllvr']
phase_3.5/models/gui/friendslist_gui.bam
['Horiz_Arrow_UP', 'Horiz_Arrow_DN', 'Horiz_Arrow_Rllvr']
phase_3.5/models/gui/friendslist_gui.bam
['FndsLst_ScrollUp', 'FndsLst_ScrollDN', 'FndsLst_ScrollUp_Rllvr']
phase_3.5/models/gui/friendslist_gui.bam
['FndsLst_ScrollUp', 'FndsLst_ScrollDN', 'FndsLst_ScrollUp_Rllvr']
phase_3.5/models/gui/friendslist_gui.bam
['Horiz_Arrow_UP', 'Horiz_Arrow_DN', 'Horiz_Arrow_Rllvr']
phase_3.5/models/gui/friendslist_gui.bam
['Horiz_Arrow_UP', 'Horiz_Arrow_DN', 'Horiz_Arrow_Rllvr']
phase_3.5/models/gui/friendslist_gui.bam
['Horiz_Arrow_UP', 'Horiz_Arrow_DN', 'Horiz_Arrow_Rllvr']
phase_3.5/models/gui/friendslist_gui.bam
['Horiz_Arrow_UP', 'Horiz_Arrow_DN', 'Horiz_Arrow_Rllvr']
phase_3/models/gui/quit_button.bam
['QuitBtn_UP', 'QuitBtn_DN', 'QuitBtn_RLVR']
phase_3/models/gui/quit_button.bam
['QuitBtn_UP', 'QuitBtn_DN', 'QuitBtn_RLVR']
phase_3/models/gui/quit_button.bam
['QuitBtn_UP', 'QuitBtn_DN', 'QuitBtn_RLVR']
phase_3/models/gui/quit_button.bam
['QuitBtn_UP', 'QuitBtn_DN', 'QuitBtn_RLVR']
{402000001: <toontown.distributed.ToontownDistrict.ToontownDistrict instance at 0x1F4C05D0>}
__handleAvatarChooserDone: 100000013, 'Little Zippy', ('rsl', 'ls', 'l', 'm', 19, 0, 19, 19, 10, 9, 0, 9, 7, 0), 1
2
Reading DNA file... phase_4/dna/storage.pdna
Reading DNA file... phase_3.5/dna/storage_interior.pdna
Reading DNA file... phase_6/dna/storage_MM.pdna
Reading DNA file... phase_6/dna/storage_MM_sz.pdna
Reading DNA file... phase_6/dna/minnies_melody_land_sz.pdna
Reading DNA file... phase_4/dna/storage.pdna
Reading DNA file... phase_3.5/dna/storage_interior.pdna
Reading DNA file... phase_6/dna/storage_DD.pdna
Reading DNA file... phase_5/dna/storage_town.pdna
Reading DNA file... phase_6/dna/storage_DD_town.pdna
Reading DNA file... phase_6/dna/donalds_dock_1100.pdna
Reading DNA file... phase_5/dna/storage_town.pdna
Reading DNA file... phase_6/dna/storage_DD_town.pdna
Reading DNA file... phase_6/dna/donalds_dock_1200.pdna
empty flat building with no walls
empty flat building with no walls
empty flat building with no walls
Battle Event localtoon-battle-event-3
Reading DNA file... phase_4/dna/storage.pdna
Reading DNA file... phase_3.5/dna/storage_interior.pdna
Reading DNA file... phase_8/dna/storage_BR.pdna
Reading DNA file... phase_5/dna/storage_town.pdna
Reading DNA file... phase_8/dna/storage_BR_town.pdna
Reading DNA file... phase_8/dna/the_burrrgh_3100.pdna
empty flat building with no walls
Battle Event localtoon-battle-event-9
Reading DNA file... phase_5/dna/storage_town.pdna
Reading DNA file... phase_8/dna/storage_BR_town.pdna
Reading DNA file... phase_8/dna/the_burrrgh_3200.pdna
Reading DNA file... phase_5/dna/storage_town.pdna
Reading DNA file... phase_8/dna/storage_BR_town.pdna
Reading DNA file... phase_8/dna/the_burrrgh_3300.pdna
Battle Event localtoon-battle-event-15
Reading DNA file... phase_4/dna/storage.pdna
Reading DNA file... phase_3.5/dna/storage_interior.pdna
Reading DNA file... phase_6/dna/storage_DD.pdna
Reading DNA file... phase_5/dna/storage_town.pdna
Reading DNA file... phase_6/dna/storage_DD_town.pdna
Reading DNA file... phase_6/dna/donalds_dock_1100.pdna
Reading DNA file... phase_5/dna/storage_town.pdna
Reading DNA file... phase_6/dna/storage_DD_town.pdna
Reading DNA file... phase_6/dna/donalds_dock_1200.pdna
empty flat building with no walls
empty flat building with no walls
empty flat building with no walls
Battle Event localtoon-battle-event-21
Reading DNA file... phase_5/dna/storage_town.pdna
Reading DNA file... phase_6/dna/storage_DD_town.pdna
Reading DNA file... phase_6/dna/donalds_dock_1300.pdna
Reading DNA file... phase_5/dna/storage_town.pdna
Reading DNA file... phase_6/dna/storage_DD_town.pdna
Reading DNA file... phase_6/dna/donalds_dock_1100.pdna
frame rate: 30.5 fps|0.121d|10 avs||331|333||0x1002|0x6738|588.8MB|589.6MB|16330.4MB|660|nt.2.6.1|3.300,3.300|3,6 cpus|OpenGL
Reading DNA file... phase_5/dna/storage_town.pdna
Reading DNA file... phase_6/dna/storage_DD_town.pdna
Reading DNA file... phase_6/dna/donalds_dock_1200.pdna
empty flat building with no walls
empty flat building with no walls
empty flat building with no walls
Reading DNA file... phase_5/dna/storage_town.pdna
Reading DNA file... phase_6/dna/storage_DD_town.pdna
Reading DNA file... phase_6/dna/donalds_dock_1300.pdna
Reading DNA file... phase_5/dna/storage_town.pdna
Reading DNA file... phase_6/dna/storage_DD_town.pdna
Reading DNA file... phase_6/dna/donalds_dock_1100.pdna
Reading DNA file... phase_5/dna/storage_town.pdna
Reading DNA file... phase_6/dna/storage_DD_town.pdna
Reading DNA file... phase_6/dna/donalds_dock_1200.pdna
empty flat building with no walls
empty flat building with no walls
empty flat building with no walls
Reading DNA file... phase_5/dna/storage_town.pdna
Reading DNA file... phase_6/dna/storage_DD_town.pdna
Reading DNA file... phase_6/dna/donalds_dock_1300.pdna
Reading DNA file... phase_5/dna/storage_town.pdna
Reading DNA file... phase_6/dna/storage_DD_town.pdna
Reading DNA file... phase_6/dna/donalds_dock_1100.pdna
Reading DNA file... phase_5/dna/storage_town.pdna
Reading DNA file... phase_6/dna/storage_DD_town.pdna
Reading DNA file... phase_6/dna/donalds_dock_1200.pdna
empty flat building with no walls
empty flat building with no walls
empty flat building with no walls
Reading DNA file... phase_5/dna/storage_town.pdna
Reading DNA file... phase_6/dna/storage_DD_town.pdna
Reading DNA file... phase_6/dna/donalds_dock_1300.pdna
Reading DNA file... phase_5/dna/storage_town.pdna
Reading DNA file... phase_6/dna/storage_DD_town.pdna
Reading DNA file... phase_6/dna/donalds_dock_1100.pdna
Reading DNA file... phase_5/dna/storage_town.pdna
Reading DNA file... phase_6/dna/storage_DD_town.pdna
Reading DNA file... phase_6/dna/donalds_dock_1200.pdna
empty flat building with no walls
empty flat building with no walls
empty flat building with no walls
Reading DNA file... phase_5/dna/storage_town.pdna
Reading DNA file... phase_6/dna/storage_DD_town.pdna
Reading DNA file... phase_6/dna/donalds_dock_1300.pdna
Reading DNA file... phase_5/dna/storage_town.pdna
Reading DNA file... phase_6/dna/storage_DD_town.pdna
Reading DNA file... phase_6/dna/donalds_dock_1100.pdna
frame rate: 28.7 fps|0.128d|2 avs||631|633||0x1002|0x6738|691.1MB|692.0MB|16330.4MB|882|nt.2.6.1|3.300,3.300|3,6 cpus|OpenGL
Reading DNA file... phase_5/dna/storage_town.pdna
Reading DNA file... phase_6/dna/storage_DD_town.pdna
Reading DNA file... phase_6/dna/donalds_dock_1200.pdna
empty flat building with no walls
empty flat building with no walls
empty flat building with no walls
Reading DNA file... phase_5/dna/storage_town.pdna
Reading DNA file... phase_6/dna/storage_DD_town.pdna
Reading DNA file... phase_6/dna/donalds_dock_1300.pdna
Reading DNA file... phase_5/dna/storage_town.pdna
Reading DNA file... phase_6/dna/storage_DD_town.pdna
Reading DNA file... phase_6/dna/donalds_dock_1100.pdna
Reading DNA file... phase_5/dna/storage_town.pdna
Reading DNA file... phase_6/dna/storage_DD_town.pdna
Reading DNA file... phase_6/dna/donalds_dock_1200.pdna
empty flat building with no walls
empty flat building with no walls
empty flat building with no walls
Reading DNA file... phase_5/dna/storage_town.pdna
Reading DNA file... phase_6/dna/storage_DD_town.pdna
Reading DNA file... phase_6/dna/donalds_dock_1300.pdna
Reading DNA file... phase_5/dna/storage_town.pdna
Reading DNA file... phase_6/dna/storage_DD_town.pdna
Reading DNA file... phase_6/dna/donalds_dock_1100.pdna
Reading DNA file... phase_5/dna/storage_town.pdna
Reading DNA file... phase_6/dna/storage_DD_town.pdna
Reading DNA file... phase_6/dna/donalds_dock_1200.pdna
empty flat building with no walls
empty flat building with no walls
empty flat building with no walls
Reading DNA file... phase_5/dna/storage_town.pdna
Reading DNA file... phase_6/dna/storage_DD_town.pdna
Reading DNA file... phase_6/dna/donalds_dock_1300.pdna
Reading DNA file... phase_5/dna/storage_town.pdna
Reading DNA file... phase_6/dna/storage_DD_town.pdna
Reading DNA file... phase_6/dna/donalds_dock_1100.pdna
Reading DNA file... phase_5/dna/storage_town.pdna
Reading DNA file... phase_6/dna/storage_DD_town.pdna
Reading DNA file... phase_6/dna/donalds_dock_1200.pdna
empty flat building with no walls
empty flat building with no walls
empty flat building with no walls
Reading DNA file... phase_5/dna/storage_town.pdna
Reading DNA file... phase_6/dna/storage_DD_town.pdna
Reading DNA file... phase_6/dna/donalds_dock_1300.pdna
Reading DNA file... phase_5/dna/storage_town.pdna
Reading DNA file... phase_6/dna/storage_DD_town.pdna
Reading DNA file... phase_6/dna/donalds_dock_1100.pdna
frame rate: 23.7 fps|0.138d|0 avs||934|937||0x1002|0x6738|775.2MB|776.2MB|16330.4MB|1100|nt.2.6.1|3.300,3.300|3,6 cpus|OpenGL
Reading DNA file... phase_5/dna/storage_town.pdna
Reading DNA file... phase_6/dna/storage_DD_town.pdna
Reading DNA file... phase_6/dna/donalds_dock_1200.pdna
empty flat building with no walls
empty flat building with no walls
empty flat building with no walls
Reading DNA file... phase_5/dna/storage_town.pdna
Reading DNA file... phase_6/dna/storage_DD_town.pdna
Reading DNA file... phase_6/dna/donalds_dock_1300.pdna
Reading DNA file... phase_5/dna/storage_town.pdna
Reading DNA file... phase_6/dna/storage_DD_town.pdna
Reading DNA file... phase_6/dna/donalds_dock_1100.pdna
Reading DNA file... phase_5/dna/storage_town.pdna
Reading DNA file... phase_6/dna/storage_DD_town.pdna
Reading DNA file... phase_6/dna/donalds_dock_1200.pdna
empty flat building with no walls
empty flat building with no walls
empty flat building with no walls
Reading DNA file... phase_5/dna/storage_town.pdna
Reading DNA file... phase_6/dna/storage_DD_town.pdna
Reading DNA file... phase_6/dna/donalds_dock_1300.pdna
Reading DNA file... phase_5/dna/storage_town.pdna
Reading DNA file... phase_6/dna/storage_DD_town.pdna
Reading DNA file... phase_6/dna/donalds_dock_1100.pdna
Reading DNA file... phase_5/dna/storage_town.pdna
Reading DNA file... phase_6/dna/storage_DD_town.pdna
Reading DNA file... phase_6/dna/donalds_dock_1200.pdna
empty flat building with no walls
empty flat building with no walls
empty flat building with no walls
Reading DNA file... phase_5/dna/storage_town.pdna
Reading DNA file... phase_6/dna/storage_DD_town.pdna
Reading DNA file... phase_6/dna/donalds_dock_1300.pdna
Reading DNA file... phase_5/dna/storage_town.pdna
Reading DNA file... phase_6/dna/storage_DD_town.pdna
Reading DNA file... phase_6/dna/donalds_dock_1100.pdna
Reading DNA file... phase_5/dna/storage_town.pdna
Reading DNA file... phase_6/dna/storage_DD_town.pdna
Reading DNA file... phase_6/dna/donalds_dock_1200.pdna
empty flat building with no walls
empty flat building with no walls
empty flat building with no walls
Reading DNA file... phase_5/dna/storage_town.pdna
Reading DNA file... phase_6/dna/storage_DD_town.pdna
Reading DNA file... phase_6/dna/donalds_dock_1300.pdna
frame rate: 17.0 fps|0.222d|2 avs||1234|1237||0x1002|0x6738|850.2MB|851.3MB|16330.4MB|1299|nt.2.6.1|3.300,3.300|3,6 cpus|OpenGL
Reading DNA file... phase_5/dna/storage_town.pdna
Reading DNA file... phase_6/dna/storage_DD_town.pdna
Reading DNA file... phase_6/dna/donalds_dock_1100.pdna
Reading DNA file... phase_5/dna/storage_town.pdna
Reading DNA file... phase_6/dna/storage_DD_town.pdna
Reading DNA file... phase_6/dna/donalds_dock_1200.pdna
empty flat building with no walls
empty flat building with no walls
empty flat building with no walls
Reading DNA file... phase_5/dna/storage_town.pdna
Reading DNA file... phase_6/dna/storage_DD_town.pdna
Reading DNA file... phase_6/dna/donalds_dock_1300.pdna
Reading DNA file... phase_5/dna/storage_town.pdna
Reading DNA file... phase_6/dna/storage_DD_town.pdna
Reading DNA file... phase_6/dna/donalds_dock_1100.pdna
Reading DNA file... phase_5/dna/storage_town.pdna
Reading DNA file... phase_6/dna/storage_DD_town.pdna
Reading DNA file... phase_6/dna/donalds_dock_1200.pdna
empty flat building with no walls
empty flat building with no walls
empty flat building with no walls
Reading DNA file... phase_5/dna/storage_town.pdna
Reading DNA file... phase_6/dna/storage_DD_town.pdna
Reading DNA file... phase_6/dna/donalds_dock_1300.pdna
Reading DNA file... phase_5/dna/storage_town.pdna
Reading DNA file... phase_6/dna/storage_DD_town.pdna
Reading DNA file... phase_6/dna/donalds_dock_1100.pdna
Reading DNA file... phase_5/dna/storage_town.pdna
Reading DNA file... phase_6/dna/storage_DD_town.pdna
Reading DNA file... phase_6/dna/donalds_dock_1200.pdna
empty flat building with no walls
empty flat building with no walls
empty flat building with no walls
Reading DNA file... phase_5/dna/storage_town.pdna
Reading DNA file... phase_6/dna/storage_DD_town.pdna
Reading DNA file... phase_6/dna/donalds_dock_1300.pdna
Reading DNA file... phase_5/dna/storage_town.pdna
Reading DNA file... phase_6/dna/storage_DD_town.pdna
Reading DNA file... phase_6/dna/donalds_dock_1100.pdna
Reading DNA file... phase_5/dna/storage_town.pdna
Reading DNA file... phase_6/dna/storage_DD_town.pdna
Reading DNA file... phase_6/dna/donalds_dock_1200.pdna
empty flat building with no walls
empty flat building with no walls
empty flat building with no walls
Reading DNA file... phase_5/dna/storage_town.pdna
Reading DNA file... phase_6/dna/storage_DD_town.pdna
Reading DNA file... phase_6/dna/donalds_dock_1300.pdna
frame rate: 13.7 fps|0.307d|5 avs||1538|1541||0x1002|0x6738|933.0MB|934.4MB|16330.4MB|1515|nt.2.6.1|3.300,3.300|3,6 cpus|OpenGL
Reading DNA file... phase_5/dna/storage_town.pdna
Reading DNA file... phase_6/dna/storage_DD_town.pdna
Reading DNA file... phase_6/dna/donalds_dock_1100.pdna
Reading DNA file... phase_5/dna/storage_town.pdna
Reading DNA file... phase_6/dna/storage_DD_town.pdna
Reading DNA file... phase_6/dna/donalds_dock_1200.pdna
empty flat building with no walls
empty flat building with no walls
empty flat building with no walls
Reading DNA file... phase_5/dna/storage_town.pdna
Reading DNA file... phase_6/dna/storage_DD_town.pdna
Reading DNA file... phase_6/dna/donalds_dock_1300.pdna
Reading DNA file... phase_5/dna/storage_town.pdna
Reading DNA file... phase_6/dna/storage_DD_town.pdna
Reading DNA file... phase_6/dna/donalds_dock_1100.pdna
Reading DNA file... phase_5/dna/storage_town.pdna
Reading DNA file... phase_6/dna/storage_DD_town.pdna
Reading DNA file... phase_6/dna/donalds_dock_1200.pdna
empty flat building with no walls
empty flat building with no walls
empty flat building with no walls
Reading DNA file... phase_5/dna/storage_town.pdna
Reading DNA file... phase_6/dna/storage_DD_town.pdna
Reading DNA file... phase_6/dna/donalds_dock_1300.pdna
Reading DNA file... phase_5/dna/storage_town.pdna
Reading DNA file... phase_6/dna/storage_DD_town.pdna
Reading DNA file... phase_6/dna/donalds_dock_1100.pdna
Reading DNA file... phase_5/dna/storage_town.pdna
Reading DNA file... phase_6/dna/storage_DD_town.pdna
Reading DNA file... phase_6/dna/donalds_dock_1200.pdna
empty flat building with no walls
empty flat building with no walls
empty flat building with no walls
Reading DNA file... phase_5/dna/storage_town.pdna
Reading DNA file... phase_6/dna/storage_DD_town.pdna
Reading DNA file... phase_6/dna/donalds_dock_1300.pdna
Reading DNA file... phase_5/dna/storage_town.pdna
Reading DNA file... phase_6/dna/storage_DD_town.pdna
Reading DNA file... phase_6/dna/donalds_dock_1100.pdna
Reading DNA file... phase_5/dna/storage_town.pdna
Reading DNA file... phase_6/dna/storage_DD_town.pdna
Reading DNA file... phase_6/dna/donalds_dock_1200.pdna
empty flat building with no walls
empty flat building with no walls
empty flat building with no walls
Reading DNA file... phase_5/dna/storage_town.pdna
Reading DNA file... phase_6/dna/storage_DD_town.pdna
Reading DNA file... phase_6/dna/donalds_dock_1300.pdna
frame rate: 14.5 fps|0.304d|4 avs||1840|1842||0x1002|0x6738|1011.4MB|1012.8MB|16330.4MB|1731|nt.2.6.1|3.300,3.300|3,6 cpus|OpenGL
Reading DNA file... phase_5/dna/storage_town.pdna
Reading DNA file... phase_6/dna/storage_DD_town.pdna
Reading DNA file... phase_6/dna/donalds_dock_1100.pdna
Reading DNA file... phase_5/dna/storage_town.pdna
Reading DNA file... phase_6/dna/storage_DD_town.pdna
Reading DNA file... phase_6/dna/donalds_dock_1200.pdna
empty flat building with no walls
empty flat building with no walls
empty flat building with no walls
Reading DNA file... phase_5/dna/storage_town.pdna
Reading DNA file... phase_6/dna/storage_DD_town.pdna
Reading DNA file... phase_6/dna/donalds_dock_1300.pdna
Reading DNA file... phase_5/dna/storage_town.pdna
Reading DNA file... phase_6/dna/storage_DD_town.pdna
Reading DNA file... phase_6/dna/donalds_dock_1100.pdna
Reading DNA file... phase_5/dna/storage_town.pdna
Reading DNA file... phase_6/dna/storage_DD_town.pdna
Reading DNA file... phase_6/dna/donalds_dock_1200.pdna
empty flat building with no walls
empty flat building with no walls
empty flat building with no walls
Reading DNA file... phase_5/dna/storage_town.pdna
Reading DNA file... phase_6/dna/storage_DD_town.pdna
Reading DNA file... phase_6/dna/donalds_dock_1300.pdna
Reading DNA file... phase_5/dna/storage_town.pdna
Reading DNA file... phase_6/dna/storage_DD_town.pdna
Reading DNA file... phase_6/dna/donalds_dock_1100.pdna
Reading DNA file... phase_5/dna/storage_town.pdna
Reading DNA file... phase_6/dna/storage_DD_town.pdna
Reading DNA file... phase_6/dna/donalds_dock_1200.pdna
empty flat building with no walls
empty flat building with no walls
empty flat building with no walls
Reading DNA file... phase_5/dna/storage_town.pdna
Reading DNA file... phase_6/dna/storage_DD_town.pdna
Reading DNA file... phase_6/dna/donalds_dock_1300.pdna
Reading DNA file... phase_5/dna/storage_town.pdna
Reading DNA file... phase_6/dna/storage_DD_town.pdna
Reading DNA file... phase_6/dna/donalds_dock_1100.pdna
Reading DNA file... phase_5/dna/storage_town.pdna
Reading DNA file... phase_6/dna/storage_DD_town.pdna
Reading DNA file... phase_6/dna/donalds_dock_1200.pdna
empty flat building with no walls
empty flat building with no walls
empty flat building with no walls
Reading DNA file... phase_5/dna/storage_town.pdna
Reading DNA file... phase_6/dna/storage_DD_town.pdna
Reading DNA file... phase_6/dna/donalds_dock_1300.pdna
frame rate: 12.7 fps|0.333d|2 avs||2141|2144||0x1002|0x6738|1091.8MB|1093.7MB|16330.4MB|1946|nt.2.6.1|3.300,3.300|3,6 cpus|OpenGL
Reading DNA file... phase_5/dna/storage_town.pdna
Reading DNA file... phase_6/dna/storage_DD_town.pdna
Reading DNA file... phase_6/dna/donalds_dock_1100.pdna
Reading DNA file... phase_5/dna/storage_town.pdna
Reading DNA file... phase_6/dna/storage_DD_town.pdna
Reading DNA file... phase_6/dna/donalds_dock_1200.pdna
empty flat building with no walls
empty flat building with no walls
empty flat building with no walls
Reading DNA file... phase_5/dna/storage_town.pdna
Reading DNA file... phase_6/dna/storage_DD_town.pdna
Reading DNA file... phase_6/dna/donalds_dock_1300.pdna
Reading DNA file... phase_5/dna/storage_town.pdna
Reading DNA file... phase_6/dna/storage_DD_town.pdna
Reading DNA file... phase_6/dna/donalds_dock_1100.pdna
Reading DNA file... phase_5/dna/storage_town.pdna
Reading DNA file... phase_6/dna/storage_DD_town.pdna
Reading DNA file... phase_6/dna/donalds_dock_1200.pdna
empty flat building with no walls
empty flat building with no walls
empty flat building with no walls
Reading DNA file... phase_5/dna/storage_town.pdna
Reading DNA file... phase_6/dna/storage_DD_town.pdna
Reading DNA file... phase_6/dna/donalds_dock_1300.pdna
Reading DNA file... phase_5/dna/storage_town.pdna
Reading DNA file... phase_6/dna/storage_DD_town.pdna
Reading DNA file... phase_6/dna/donalds_dock_1100.pdna
Reading DNA file... phase_5/dna/storage_town.pdna
Reading DNA file... phase_6/dna/storage_DD_town.pdna
Reading DNA file... phase_6/dna/donalds_dock_1200.pdna
empty flat building with no walls
empty flat building with no walls
empty flat building with no walls
Reading DNA file... phase_5/dna/storage_town.pdna
Reading DNA file... phase_6/dna/storage_DD_town.pdna
Reading DNA file... phase_6/dna/donalds_dock_1300.pdna
Reading DNA file... phase_5/dna/storage_town.pdna
Reading DNA file... phase_6/dna/storage_DD_town.pdna
Reading DNA file... phase_6/dna/donalds_dock_1100.pdna
Reading DNA file... phase_5/dna/storage_town.pdna
Reading DNA file... phase_6/dna/storage_DD_town.pdna
Reading DNA file... phase_6/dna/donalds_dock_1200.pdna
empty flat building with no walls
empty flat building with no walls
empty flat building with no walls
Reading DNA file... phase_5/dna/storage_town.pdna
Reading DNA file... phase_6/dna/storage_DD_town.pdna
Reading DNA file... phase_6/dna/donalds_dock_1300.pdna
frame rate: 13.1 fps|0.322d|6 avs||2443|2446||0x1002|0x6738|1171.1MB|1172.6MB|16330.4MB|2162|nt.2.6.1|3.300,3.300|3,6 cpus|OpenGL
Reading DNA file... phase_5/dna/storage_town.pdna
Reading DNA file... phase_6/dna/storage_DD_town.pdna
Reading DNA file... phase_6/dna/donalds_dock_1100.pdna
Reading DNA file... phase_5/dna/storage_town.pdna
Reading DNA file... phase_6/dna/storage_DD_town.pdna
Reading DNA file... phase_6/dna/donalds_dock_1200.pdna
empty flat building with no walls
empty flat building with no walls
empty flat building with no walls
Reading DNA file... phase_5/dna/storage_town.pdna
Reading DNA file... phase_6/dna/storage_DD_town.pdna
Reading DNA file... phase_6/dna/donalds_dock_1300.pdna
Reading DNA file... phase_5/dna/storage_town.pdna
Reading DNA file... phase_6/dna/storage_DD_town.pdna
Reading DNA file... phase_6/dna/donalds_dock_1100.pdna
Reading DNA file... phase_5/dna/storage_town.pdna
Reading DNA file... phase_6/dna/storage_DD_town.pdna
Reading DNA file... phase_6/dna/donalds_dock_1200.pdna
empty flat building with no walls
empty flat building with no walls
empty flat building with no walls
Reading DNA file... phase_5/dna/storage_town.pdna
Reading DNA file... phase_6/dna/storage_DD_town.pdna
Reading DNA file... phase_6/dna/donalds_dock_1300.pdna
Reading DNA file... phase_5/dna/storage_town.pdna
Reading DNA file... phase_6/dna/storage_DD_town.pdna
Reading DNA file... phase_6/dna/donalds_dock_1100.pdna
Reading DNA file... phase_5/dna/storage_town.pdna
Reading DNA file... phase_6/dna/storage_DD_town.pdna
Reading DNA file... phase_6/dna/donalds_dock_1200.pdna
empty flat building with no walls
empty flat building with no walls
empty flat building with no walls
Reading DNA file... phase_5/dna/storage_town.pdna
Reading DNA file... phase_6/dna/storage_DD_town.pdna
Reading DNA file... phase_6/dna/donalds_dock_1300.pdna
Reading DNA file... phase_5/dna/storage_town.pdna
Reading DNA file... phase_6/dna/storage_DD_town.pdna
Reading DNA file... phase_6/dna/donalds_dock_1100.pdna
Reading DNA file... phase_5/dna/storage_town.pdna
Reading DNA file... phase_6/dna/storage_DD_town.pdna
Reading DNA file... phase_6/dna/donalds_dock_1200.pdna
empty flat building with no walls
empty flat building with no walls
empty flat building with no walls
Reading DNA file... phase_5/dna/storage_town.pdna
Reading DNA file... phase_6/dna/storage_DD_town.pdna
Reading DNA file... phase_6/dna/donalds_dock_1300.pdna
frame rate: 12.9 fps|0.327d|4 avs||2746|2748||0x1002|0x6738|1251.3MB|1253.0MB|16330.4MB|2378|nt.2.6.1|3.300,3.300|3,6 cpus|OpenGL
Reading DNA file... phase_5/dna/storage_town.pdna
Reading DNA file... phase_6/dna/storage_DD_town.pdna
Reading DNA file... phase_6/dna/donalds_dock_1100.pdna
Reading DNA file... phase_5/dna/storage_town.pdna
Reading DNA file... phase_6/dna/storage_DD_town.pdna
Reading DNA file... phase_6/dna/donalds_dock_1200.pdna
empty flat building with no walls
empty flat building with no walls
empty flat building with no walls
Reading DNA file... phase_5/dna/storage_town.pdna
Reading DNA file... phase_6/dna/storage_DD_town.pdna
Reading DNA file... phase_6/dna/donalds_dock_1300.pdna
Reading DNA file... phase_5/dna/storage_town.pdna
Reading DNA file... phase_6/dna/storage_DD_town.pdna
Reading DNA file... phase_6/dna/donalds_dock_1100.pdna
Reading DNA file... phase_5/dna/storage_town.pdna
Reading DNA file... phase_6/dna/storage_DD_town.pdna
Reading DNA file... phase_6/dna/donalds_dock_1200.pdna
empty flat building with no walls
empty flat building with no walls
empty flat building with no walls
Reading DNA file... phase_5/dna/storage_town.pdna
Reading DNA file... phase_6/dna/storage_DD_town.pdna
Reading DNA file... phase_6/dna/donalds_dock_1300.pdna
Reading DNA file... phase_5/dna/storage_town.pdna
Reading DNA file... phase_6/dna/storage_DD_town.pdna
Reading DNA file... phase_6/dna/donalds_dock_1100.pdna
Reading DNA file... phase_5/dna/storage_town.pdna
Reading DNA file... phase_6/dna/storage_DD_town.pdna
Reading DNA file... phase_6/dna/donalds_dock_1200.pdna
empty flat building with no walls
empty flat building with no walls
empty flat building with no walls
Reading DNA file... phase_5/dna/storage_town.pdna
Reading DNA file... phase_6/dna/storage_DD_town.pdna
Reading DNA file... phase_6/dna/donalds_dock_1300.pdna
Reading DNA file... phase_5/dna/storage_town.pdna
Reading DNA file... phase_6/dna/storage_DD_town.pdna
Reading DNA file... phase_6/dna/donalds_dock_1100.pdna
Reading DNA file... phase_5/dna/storage_town.pdna
Reading DNA file... phase_6/dna/storage_DD_town.pdna
Reading DNA file... phase_6/dna/donalds_dock_1200.pdna
empty flat building with no walls
empty flat building with no walls
empty flat building with no walls
frame rate: 15.1 fps|0.199d|2 avs||3045|3048||0x1002|0x6738|1319.7MB|1321.6MB|16330.4MB|2576|nt.2.6.1|3.300,3.300|3,6 cpus|OpenGL
Reading DNA file... phase_5/dna/storage_town.pdna
Reading DNA file... phase_6/dna/storage_DD_town.pdna
Reading DNA file... phase_6/dna/donalds_dock_1300.pdna
Reading DNA file... phase_5/dna/storage_town.pdna
Reading DNA file... phase_6/dna/storage_DD_town.pdna
Reading DNA file... phase_6/dna/donalds_dock_1100.pdna
Reading DNA file... phase_5/dna/storage_town.pdna
Reading DNA file... phase_6/dna/storage_DD_town.pdna
Reading DNA file... phase_6/dna/donalds_dock_1200.pdna
empty flat building with no walls
empty flat building with no walls
empty flat building with no walls
Reading DNA file... phase_5/dna/storage_town.pdna
Reading DNA file... phase_6/dna/storage_DD_town.pdna
Reading DNA file... phase_6/dna/donalds_dock_1300.pdna
Reading DNA file... phase_5/dna/storage_town.pdna
Reading DNA file... phase_6/dna/storage_DD_town.pdna
Reading DNA file... phase_6/dna/donalds_dock_1100.pdna
Reading DNA file... phase_5/dna/storage_town.pdna
Reading DNA file... phase_6/dna/storage_DD_town.pdna
Reading DNA file... phase_6/dna/donalds_dock_1200.pdna
empty flat building with no walls
empty flat building with no walls
empty flat building with no walls
Reading DNA file... phase_5/dna/storage_town.pdna
Reading DNA file... phase_6/dna/storage_DD_town.pdna
Reading DNA file... phase_6/dna/donalds_dock_1300.pdna
Reading DNA file... phase_5/dna/storage_town.pdna
Reading DNA file... phase_6/dna/storage_DD_town.pdna
Reading DNA file... phase_6/dna/donalds_dock_1100.pdna
Reading DNA file... phase_5/dna/storage_town.pdna
Reading DNA file... phase_6/dna/storage_DD_town.pdna
Reading DNA file... phase_6/dna/donalds_dock_1200.pdna
empty flat building with no walls
empty flat building with no walls
empty flat building with no walls
Reading DNA file... phase_5/dna/storage_town.pdna
Reading DNA file... phase_6/dna/storage_DD_town.pdna
Reading DNA file... phase_6/dna/donalds_dock_1300.pdna
Reading DNA file... phase_5/dna/storage_town.pdna
Reading DNA file... phase_6/dna/storage_DD_town.pdna
Reading DNA file... phase_6/dna/donalds_dock_1100.pdna
Reading DNA file... phase_5/dna/storage_town.pdna
Reading DNA file... phase_6/dna/storage_DD_town.pdna
Reading DNA file... phase_6/dna/donalds_dock_1200.pdna
empty flat building with no walls
empty flat building with no walls
empty flat building with no walls
frame rate: 12.7 fps|0.230d|3 avs||3346|3349||0x1002|0x6738|1401.8MB|1404.3MB|16330.4MB|2791|nt.2.6.1|3.300,3.300|3,6 cpus|OpenGL
Reading DNA file... phase_5/dna/storage_town.pdna
Reading DNA file... phase_6/dna/storage_DD_town.pdna
Reading DNA file... phase_6/dna/donalds_dock_1300.pdna
Reading DNA file... phase_5/dna/storage_town.pdna
Reading DNA file... phase_6/dna/storage_DD_town.pdna
Reading DNA file... phase_6/dna/donalds_dock_1100.pdna
Reading DNA file... phase_5/dna/storage_town.pdna
Reading DNA file... phase_6/dna/storage_DD_town.pdna
Reading DNA file... phase_6/dna/donalds_dock_1200.pdna
empty flat building with no walls
empty flat building with no walls
empty flat building with no walls
Reading DNA file... phase_5/dna/storage_town.pdna
Reading DNA file... phase_6/dna/storage_DD_town.pdna
Reading DNA file... phase_6/dna/donalds_dock_1300.pdna
Reading DNA file... phase_5/dna/storage_town.pdna
Reading DNA file... phase_6/dna/storage_DD_town.pdna
Reading DNA file... phase_6/dna/donalds_dock_1100.pdna
Reading DNA file... phase_5/dna/storage_town.pdna
Reading DNA file... phase_6/dna/storage_DD_town.pdna
Reading DNA file... phase_6/dna/donalds_dock_1200.pdna
empty flat building with no walls
empty flat building with no walls
empty flat building with no walls
Reading DNA file... phase_5/dna/storage_town.pdna
Reading DNA file... phase_6/dna/storage_DD_town.pdna
Reading DNA file... phase_6/dna/donalds_dock_1300.pdna
Reading DNA file... phase_5/dna/storage_town.pdna
Reading DNA file... phase_6/dna/storage_DD_town.pdna
Reading DNA file... phase_6/dna/donalds_dock_1100.pdna
Reading DNA file... phase_5/dna/storage_town.pdna
Reading DNA file... phase_6/dna/storage_DD_town.pdna
Reading DNA file... phase_6/dna/donalds_dock_1200.pdna
empty flat building with no walls
empty flat building with no walls
empty flat building with no walls
Reading DNA file... phase_5/dna/storage_town.pdna
Reading DNA file... phase_6/dna/storage_DD_town.pdna
Reading DNA file... phase_6/dna/donalds_dock_1300.pdna
Reading DNA file... phase_5/dna/storage_town.pdna
Reading DNA file... phase_6/dna/storage_DD_town.pdna
Reading DNA file... phase_6/dna/donalds_dock_1100.pdna
Reading DNA file... phase_5/dna/storage_town.pdna
Reading DNA file... phase_6/dna/storage_DD_town.pdna
Reading DNA file... phase_6/dna/donalds_dock_1200.pdna
empty flat building with no walls
empty flat building with no walls
empty flat building with no walls
frame rate: 15.0 fps|0.199d|3 avs||3650|3653||0x1002|0x6738|1482.0MB|1484.1MB|16330.4MB|3008|nt.2.6.1|3.300,3.300|3,6 cpus|OpenGL
Reading DNA file... phase_5/dna/storage_town.pdna
Reading DNA file... phase_6/dna/storage_DD_town.pdna
Reading DNA file... phase_6/dna/donalds_dock_1300.pdna
Reading DNA file... phase_5/dna/storage_town.pdna
Reading DNA file... phase_6/dna/storage_DD_town.pdna
Reading DNA file... phase_6/dna/donalds_dock_1100.pdna
Reading DNA file... phase_5/dna/storage_town.pdna
Reading DNA file... phase_6/dna/storage_DD_town.pdna
Reading DNA file... phase_6/dna/donalds_dock_1200.pdna
empty flat building with no walls
empty flat building with no walls
empty flat building with no walls
Reading DNA file... phase_5/dna/storage_town.pdna
Reading DNA file... phase_6/dna/storage_DD_town.pdna
Reading DNA file... phase_6/dna/donalds_dock_1300.pdna
Reading DNA file... phase_5/dna/storage_town.pdna
Reading DNA file... phase_6/dna/storage_DD_town.pdna
Reading DNA file... phase_6/dna/donalds_dock_1100.pdna
Reading DNA file... phase_5/dna/storage_town.pdna
Reading DNA file... phase_6/dna/storage_DD_town.pdna
Reading DNA file... phase_6/dna/donalds_dock_1200.pdna
empty flat building with no walls
empty flat building with no walls
empty flat building with no walls
Reading DNA file... phase_5/dna/storage_town.pdna
Reading DNA file... phase_6/dna/storage_DD_town.pdna
Reading DNA file... phase_6/dna/donalds_dock_1300.pdna
Reading DNA file... phase_5/dna/storage_town.pdna
Reading DNA file... phase_6/dna/storage_DD_town.pdna
Reading DNA file... phase_6/dna/donalds_dock_1100.pdna
Reading DNA file... phase_5/dna/storage_town.pdna
Reading DNA file... phase_6/dna/storage_DD_town.pdna
Reading DNA file... phase_6/dna/donalds_dock_1200.pdna
empty flat building with no walls
empty flat building with no walls
empty flat building with no walls
Reading DNA file... phase_5/dna/storage_town.pdna
Reading DNA file... phase_6/dna/storage_DD_town.pdna
Reading DNA file... phase_6/dna/donalds_dock_1300.pdna
Reading DNA file... phase_5/dna/storage_town.pdna
Reading DNA file... phase_6/dna/storage_DD_town.pdna
Reading DNA file... phase_6/dna/donalds_dock_1100.pdna
Reading DNA file... phase_5/dna/storage_town.pdna
Reading DNA file... phase_6/dna/storage_DD_town.pdna
Reading DNA file... phase_6/dna/donalds_dock_1200.pdna
empty flat building with no walls
empty flat building with no walls
empty flat building with no walls
frame rate: 14.3 fps|0.201d|3 avs||3951|3954||0x1002|0x6738|1561.4MB|1565.1MB|16330.4MB|3224|nt.2.6.1|3.300,3.300|3,6 cpus|OpenGL
Reading DNA file... phase_5/dna/storage_town.pdna
Reading DNA file... phase_6/dna/storage_DD_town.pdna
Reading DNA file... phase_6/dna/donalds_dock_1300.pdna
Reading DNA file... phase_5/dna/storage_town.pdna
Reading DNA file... phase_6/dna/storage_DD_town.pdna
Reading DNA file... phase_6/dna/donalds_dock_1100.pdna
Reading DNA file... phase_5/dna/storage_town.pdna
Reading DNA file... phase_6/dna/storage_DD_town.pdna
Reading DNA file... phase_6/dna/donalds_dock_1200.pdna
empty flat building with no walls
empty flat building with no walls
empty flat building with no walls
Reading DNA file... phase_5/dna/storage_town.pdna
Reading DNA file... phase_6/dna/storage_DD_town.pdna
Reading DNA file... phase_6/dna/donalds_dock_1300.pdna
Reading DNA file... phase_5/dna/storage_town.pdna
Reading DNA file... phase_6/dna/storage_DD_town.pdna
Reading DNA file... phase_6/dna/donalds_dock_1100.pdna
Reading DNA file... phase_5/dna/storage_town.pdna
Reading DNA file... phase_6/dna/storage_DD_town.pdna
Reading DNA file... phase_6/dna/donalds_dock_1200.pdna
empty flat building with no walls
empty flat building with no walls
empty flat building with no walls
Traceback (most recent call last):
  File "D:\Documents\ToontownSourcecode\Panda3D-1.9.0\direct\showbase\EventManager.py", line 61, in eventLoopTask
    self.doEvents()
  File "D:\Documents\ToontownSourcecode\Panda3D-1.9.0\direct\showbase\EventManager.py", line 55, in doEvents
    processFunc(self.eventQueue.dequeueEvent())
  File "D:\Documents\ToontownSourcecode\Panda3D-1.9.0\direct\showbase\EventManager.py", line 122, in processEvent
    messenger.send(eventName, paramList)
  File "D:\Documents\ToontownSourcecode\Panda3D-1.9.0\direct\showbase\Messenger.py", line 397, in send
    self.__dispatch(acceptorDict, event, sentArgs, foundWatch)
  File "D:\Documents\ToontownSourcecode\Panda3D-1.9.0\direct\showbase\Messenger.py", line 482, in __dispatch
    method (*(extraArgs + sentArgs))
  File "toontown\toonbase\ToonBase.py", line 253, in windowEvent
    OTPBase.OTPBase.windowEvent(self, win)
  File "D:\Documents\ToontownSourcecode\Panda3D-1.9.0\direct\showbase\ShowBase.py", line 2623, in windowEvent
    self.userExit()
  File "toontown\toonbase\ToonBase.py", line 506, in userExit
    self.cr.loginFSM.request('shutdown')
  File "D:\Documents\ToontownSourcecode\Panda3D-1.9.0\direct\fsm\ClassicFSM.py", line 284, in request
    exitArgList)
  File "D:\Documents\ToontownSourcecode\Panda3D-1.9.0\direct\fsm\ClassicFSM.py", line 230, in __transition
    self.__exitCurrent(exitArgList)
  File "D:\Documents\ToontownSourcecode\Panda3D-1.9.0\direct\fsm\ClassicFSM.py", line 188, in __exitCurrent
    self.__currentState.exit(argList)
  File "D:\Documents\ToontownSourcecode\Panda3D-1.9.0\direct\fsm\State.py", line 210, in exit
    self.__exitChildren(argList)
  File "D:\Documents\ToontownSourcecode\Panda3D-1.9.0\direct\fsm\State.py", line 189, in __exitChildren
    fsm.request((fsm.getFinalState()).getName())
  File "D:\Documents\ToontownSourcecode\Panda3D-1.9.0\direct\fsm\ClassicFSM.py", line 284, in request
    exitArgList)
  File "D:\Documents\ToontownSourcecode\Panda3D-1.9.0\direct\fsm\ClassicFSM.py", line 231, in __transition
    self.__enter(aState, enterArgList)
  File "D:\Documents\ToontownSourcecode\Panda3D-1.9.0\direct\fsm\ClassicFSM.py", line 217, in __enter
    aState.enter(argList)
  File "D:\Documents\ToontownSourcecode\Panda3D-1.9.0\direct\fsm\State.py", line 203, in enter
    apply(self.__enterFunc, argList)
  File "toontown\distributed\ToontownClientRepository.py", line 479, in enterGameOff
    OTPClientRepository.OTPClientRepository.enterGameOff(self)
  File "otp\distributed\OTPClientRepository.py", line 1313, in enterGameOff
    self._abandonShard()
  File "toontown\distributed\ToontownClientRepository.py", line 1047, in _abandonShard
    if obj.parentId == localAvatar.defaultShard and obj is not localAvatar:
AttributeError: DistributedDoor instance has no attribute 'parentId'
Traceback (most recent call last):
  File "otp\otpbase\OTPBase.py", line 236, in run
    taskMgr.run()
  File "D:\Documents\ToontownSourcecode\Panda3D-1.9.0\direct\task\Task.py", line 502, in run
    self.step()
  File "D:\Documents\ToontownSourcecode\Panda3D-1.9.0\direct\task\Task.py", line 460, in step
    self.mgr.poll()
  File "D:\Documents\ToontownSourcecode\Panda3D-1.9.0\direct\showbase\EventManager.py", line 61, in eventLoopTask
    self.doEvents()
  File "D:\Documents\ToontownSourcecode\Panda3D-1.9.0\direct\showbase\EventManager.py", line 55, in doEvents
    processFunc(self.eventQueue.dequeueEvent())
  File "D:\Documents\ToontownSourcecode\Panda3D-1.9.0\direct\showbase\EventManager.py", line 122, in processEvent
    messenger.send(eventName, paramList)
  File "D:\Documents\ToontownSourcecode\Panda3D-1.9.0\direct\showbase\Messenger.py", line 397, in send
    self.__dispatch(acceptorDict, event, sentArgs, foundWatch)
  File "D:\Documents\ToontownSourcecode\Panda3D-1.9.0\direct\showbase\Messenger.py", line 482, in __dispatch
    method (*(extraArgs + sentArgs))
  File "toontown\toonbase\ToonBase.py", line 253, in windowEvent
    OTPBase.OTPBase.windowEvent(self, win)
  File "D:\Documents\ToontownSourcecode\Panda3D-1.9.0\direct\showbase\ShowBase.py", line 2623, in windowEvent
    self.userExit()
  File "toontown\toonbase\ToonBase.py", line 506, in userExit
    self.cr.loginFSM.request('shutdown')
  File "D:\Documents\ToontownSourcecode\Panda3D-1.9.0\direct\fsm\ClassicFSM.py", line 284, in request
    exitArgList)
  File "D:\Documents\ToontownSourcecode\Panda3D-1.9.0\direct\fsm\ClassicFSM.py", line 230, in __transition
    self.__exitCurrent(exitArgList)
  File "D:\Documents\ToontownSourcecode\Panda3D-1.9.0\direct\fsm\ClassicFSM.py", line 188, in __exitCurrent
    self.__currentState.exit(argList)
  File "D:\Documents\ToontownSourcecode\Panda3D-1.9.0\direct\fsm\State.py", line 210, in exit
    self.__exitChildren(argList)
  File "D:\Documents\ToontownSourcecode\Panda3D-1.9.0\direct\fsm\State.py", line 189, in __exitChildren
    fsm.request((fsm.getFinalState()).getName())
  File "D:\Documents\ToontownSourcecode\Panda3D-1.9.0\direct\fsm\ClassicFSM.py", line 284, in request
    exitArgList)
  File "D:\Documents\ToontownSourcecode\Panda3D-1.9.0\direct\fsm\ClassicFSM.py", line 231, in __transition
    self.__enter(aState, enterArgList)
  File "D:\Documents\ToontownSourcecode\Panda3D-1.9.0\direct\fsm\ClassicFSM.py", line 217, in __enter
    aState.enter(argList)
  File "D:\Documents\ToontownSourcecode\Panda3D-1.9.0\direct\fsm\State.py", line 203, in enter
    apply(self.__enterFunc, argList)
  File "toontown\distributed\ToontownClientRepository.py", line 479, in enterGameOff
    OTPClientRepository.OTPClientRepository.enterGameOff(self)
  File "otp\distributed\OTPClientRepository.py", line 1313, in enterGameOff
    self._abandonShard()
  File "toontown\distributed\ToontownClientRepository.py", line 1047, in _abandonShard
    if obj.parentId == localAvatar.defaultShard and obj is not localAvatar:
AttributeError: DistributedDoor instance has no attribute 'parentId'
