TTLocalizer: Running in language: english
from toontown.toonbase.TTLocalizerEnglish import *
OTPLocalizer: Running in language: english
from otp.otpbase.OTPLocalizerEnglish import *
Preloading suits...
Preloading Toon heads...
Preloading avatars...
Traceback (most recent call last):
  File "D:\Documents\ToontownSourcecode\Toontown\toontown\toonbase\ClientStart.py", line 234, in loadScripts
    execfile('mods/'+scriptName,globals())
  File "mods/Compilation.txt", line 206, in <module>
    toonAnywhere = DirectButton(text = ("Enable Toonup anywhere", "ENABLE TOONUP ANYWHERE", "enable toonup anywhere", "enable toonup anywhere"), scale=.06, pos = (-1,-0,-.3), command=ToonupAnywhere.toonUpSetUp)
NameError: name 'ToonupAnywhere' is not defined

phase_3.5/models/gui/friendslist_gui.bam
['Horiz_Arrow_UP', 'Horiz_Arrow_DN', 'Horiz_Arrow_Rllvr']
phase_3.5/models/gui/friendslist_gui.bam
['Horiz_Arrow_UP', 'Horiz_Arrow_DN', 'Horiz_Arrow_Rllvr']
phase_3.5/models/gui/friendslist_gui.bam
['Horiz_Arrow_UP', 'Horiz_Arrow_DN', 'Horiz_Arrow_Rllvr']
phase_3.5/models/gui/friendslist_gui.bam
['Horiz_Arrow_UP', 'Horiz_Arrow_DN', 'Horiz_Arrow_Rllvr']
phase_3.5/models/gui/friendslist_gui.bam
['FndsLst_ScrollUp', 'FndsLst_ScrollDN', 'FndsLst_ScrollUp_Rllvr']
phase_3.5/models/gui/friendslist_gui.bam
['FndsLst_ScrollUp', 'FndsLst_ScrollDN', 'FndsLst_ScrollUp_Rllvr']
phase_3.5/models/gui/friendslist_gui.bam
['Horiz_Arrow_UP', 'Horiz_Arrow_DN', 'Horiz_Arrow_Rllvr']
phase_3.5/models/gui/friendslist_gui.bam
['Horiz_Arrow_UP', 'Horiz_Arrow_DN', 'Horiz_Arrow_Rllvr']
phase_3.5/models/gui/friendslist_gui.bam
['Horiz_Arrow_UP', 'Horiz_Arrow_DN', 'Horiz_Arrow_Rllvr']
phase_3.5/models/gui/friendslist_gui.bam
['Horiz_Arrow_UP', 'Horiz_Arrow_DN', 'Horiz_Arrow_Rllvr']
phase_3/models/gui/quit_button.bam
['QuitBtn_UP', 'QuitBtn_DN', 'QuitBtn_RLVR']
phase_3/models/gui/quit_button.bam
['QuitBtn_UP', 'QuitBtn_DN', 'QuitBtn_RLVR']
phase_3/models/gui/quit_button.bam
['QuitBtn_UP', 'QuitBtn_DN', 'QuitBtn_RLVR']
phase_3/models/gui/quit_button.bam
['QuitBtn_UP', 'QuitBtn_DN', 'QuitBtn_RLVR']
test2
{401000001: <toontown.distributed.ToontownDistrict.ToontownDistrict instance at 0x1E486300>, 403000001: <toontown.distributed.ToontownDistrict.ToontownDistrict instance at 0x1E483328>, 402000001: <toontown.distributed.ToontownDistrict.ToontownDistrict instance at 0x1E765EE0>}
__handleAvatarChooserDone: 100000013, 'Little Zippy', ('rsl', 'ls', 'l', 'm', 19, 0, 19, 19, 10, 9, 0, 9, 7, 0), 1
2
Reading DNA file... phase_4/dna/storage.pdna
Reading DNA file... phase_3.5/dna/storage_interior.pdna
Reading DNA file... phase_4/dna/storage_TT.pdna
Reading DNA file... phase_4/dna/storage_TT_sz.pdna
Reading DNA file... phase_4/dna/toontown_central_sz.pdna
Reading DNA file... phase_4/dna/storage.pdna
Reading DNA file... phase_3.5/dna/storage_interior.pdna
Reading DNA file... phase_4/dna/storage_TT.pdna
Reading DNA file... phase_4/dna/storage_TT_sz.pdna
Reading DNA file... phase_4/dna/toontown_central_sz.pdna
Reading DNA file... phase_4/dna/storage.pdna
Reading DNA file... phase_3.5/dna/storage_interior.pdna
Reading DNA file... phase_4/dna/storage_TT.pdna
Reading DNA file... phase_4/dna/storage_TT_sz.pdna
Reading DNA file... phase_4/dna/toontown_central_sz.pdna
Reading DNA file... phase_4/dna/storage.pdna
Reading DNA file... phase_3.5/dna/storage_interior.pdna
Reading DNA file... phase_6/dna/storage_DD.pdna
Reading DNA file... phase_5/dna/storage_town.pdna
Reading DNA file... phase_6/dna/storage_DD_town.pdna
Reading DNA file... phase_6/dna/donalds_dock_1100.pdna
Battle Event localtoon-battle-event-3
Battle Event localtoon-battle-event-9
Battle Event localtoon-battle-event-15
Reading DNA file... phase_4/dna/storage.pdna
Reading DNA file... phase_3.5/dna/storage_interior.pdna
Reading DNA file... phase_4/dna/storage_TT.pdna
Reading DNA file... phase_4/dna/storage_TT_sz.pdna
Reading DNA file... phase_4/dna/toontown_central_sz.pdna
Reading DNA file... phase_4/dna/storage.pdna
Reading DNA file... phase_3.5/dna/storage_interior.pdna
Reading DNA file... phase_4/dna/storage_TT.pdna
Reading DNA file... phase_4/dna/storage_TT_sz.pdna
Reading DNA file... phase_4/dna/toontown_central_sz.pdna
Reading DNA file... phase_4/dna/storage.pdna
Reading DNA file... phase_3.5/dna/storage_interior.pdna
Reading DNA file... phase_4/dna/storage_TT.pdna
Reading DNA file... phase_4/dna/storage_TT_sz.pdna
Reading DNA file... phase_4/dna/toontown_central_sz.pdna
Reading DNA file... phase_4/dna/storage.pdna
Reading DNA file... phase_3.5/dna/storage_interior.pdna
Reading DNA file... phase_4/dna/storage_TT.pdna
Reading DNA file... phase_4/dna/storage_TT_sz.pdna
Reading DNA file... phase_4/dna/toontown_central_sz.pdna
Reading DNA file... phase_4/dna/storage.pdna
Reading DNA file... phase_3.5/dna/storage_interior.pdna
Reading DNA file... phase_4/dna/storage_TT.pdna
Reading DNA file... phase_4/dna/storage_TT_sz.pdna
Reading DNA file... phase_4/dna/toontown_central_sz.pdna
Reading DNA file... phase_4/dna/storage.pdna
Reading DNA file... phase_3.5/dna/storage_interior.pdna
Reading DNA file... phase_6/dna/storage_DD.pdna
Reading DNA file... phase_5/dna/storage_town.pdna
Reading DNA file... phase_6/dna/storage_DD_town.pdna
Reading DNA file... phase_6/dna/donalds_dock_1100.pdna
Reading DNA file... phase_5/dna/storage_town.pdna
Reading DNA file... phase_6/dna/storage_DD_town.pdna
Reading DNA file... phase_6/dna/donalds_dock_1200.pdna
empty flat building with no walls
empty flat building with no walls
empty flat building with no walls
Reading DNA file... phase_5/dna/storage_town.pdna
Reading DNA file... phase_6/dna/storage_DD_town.pdna
Reading DNA file... phase_6/dna/donalds_dock_1300.pdna
Reading DNA file... phase_4/dna/storage.pdna
Reading DNA file... phase_3.5/dna/storage_interior.pdna
Reading DNA file... phase_6/dna/storage_DD.pdna
Reading DNA file... phase_5/dna/storage_town.pdna
Reading DNA file... phase_6/dna/storage_DD_town.pdna
Reading DNA file... phase_6/dna/donalds_dock_1100.pdna
Reading DNA file... phase_5/dna/storage_town.pdna
Reading DNA file... phase_6/dna/storage_DD_town.pdna
Reading DNA file... phase_6/dna/donalds_dock_1200.pdna
empty flat building with no walls
empty flat building with no walls
empty flat building with no walls
Battle Event localtoon-battle-event-21
Reading DNA file... phase_5/dna/storage_town.pdna
Reading DNA file... phase_6/dna/storage_DD_town.pdna
Reading DNA file... phase_6/dna/donalds_dock_1300.pdna
Battle Event localtoon-battle-event-27
Reading DNA file... phase_4/dna/storage.pdna
Reading DNA file... phase_3.5/dna/storage_interior.pdna
Reading DNA file... phase_4/dna/storage_TT.pdna
Reading DNA file... phase_4/dna/storage_TT_sz.pdna
Reading DNA file... phase_4/dna/toontown_central_sz.pdna
Reading DNA file... phase_4/dna/storage.pdna
Reading DNA file... phase_3.5/dna/storage_interior.pdna
Reading DNA file... phase_4/dna/storage_TT.pdna
Reading DNA file... phase_4/dna/storage_TT_sz.pdna
Reading DNA file... phase_4/dna/toontown_central_sz.pdna
Reading DNA file... phase_4/dna/storage.pdna
Reading DNA file... phase_3.5/dna/storage_interior.pdna
Reading DNA file... phase_4/dna/storage_TT.pdna
Reading DNA file... phase_4/dna/storage_TT_sz.pdna
Reading DNA file... phase_4/dna/toontown_central_sz.pdna
Doing building quest
starting
Teleporting back
Reading DNA file... phase_4/dna/storage.pdna
Reading DNA file... phase_3.5/dna/storage_interior.pdna
Reading DNA file... phase_6/dna/storage_DD.pdna
Reading DNA file... phase_5/dna/storage_town.pdna
Reading DNA file... phase_6/dna/storage_DD_town.pdna
Reading DNA file... phase_6/dna/donalds_dock_1100.pdna
Battle Event localtoon-battle-event-33
Battle Event localtoon-battle-event-38
Battle Event localtoon-battle-event-43
Reading DNA file... phase_5/dna/storage_town.pdna
Reading DNA file... phase_6/dna/storage_DD_town.pdna
Reading DNA file... phase_6/dna/donalds_dock_1100.pdna
Reading DNA file... phase_4/dna/storage.pdna
Reading DNA file... phase_3.5/dna/storage_interior.pdna
Reading DNA file... phase_8/dna/storage_DG.pdna
Reading DNA file... phase_5/dna/storage_town.pdna
Reading DNA file... phase_8/dna/storage_DG_town.pdna
Reading DNA file... phase_8/dna/daisys_garden_5200.pdna
Battle Event localtoon-battle-event-48
Battle Event localtoon-battle-event-54
Battle Event localtoon-battle-event-60
Battle Event localtoon-battle-event-66
Battle Event localtoon-battle-event-72
Battle Event localtoon-battle-event-78
Battle Event localtoon-battle-event-84
Battle Event localtoon-battle-event-90
Battle Event localtoon-battle-event-96
Battle Event localtoon-battle-event-102
Battle Event localtoon-battle-event-108
Battle Event localtoon-battle-event-114
Battle Event localtoon-battle-event-120
Battle Event localtoon-battle-event-126
Battle Event localtoon-battle-event-132
Battle Event localtoon-battle-event-138
Battle Event localtoon-battle-event-144
Battle Event localtoon-battle-event-150
Battle Event localtoon-battle-event-156
Battle Event localtoon-battle-event-162
Reading DNA file... phase_4/dna/storage.pdna
Reading DNA file... phase_3.5/dna/storage_interior.pdna
Battle Event localtoon-battle-event-168
frame rate: 16.1 fps|0.215d|4 avs||914|917||0x1002|0x6738|613.7MB|620.1MB|16330.4MB|1493|nt.2.6.2|3.300,3.300|3,6 cpus|OpenGL
Battle Event localtoon-battle-event-174
Battle Event localtoon-battle-event-180
Battle Event localtoon-battle-event-186
Battle Event localtoon-battle-event-192
Reading DNA file... phase_4/dna/storage.pdna
Reading DNA file... phase_3.5/dna/storage_interior.pdna
Reading DNA file... phase_4/dna/storage_TT.pdna
Reading DNA file... phase_4/dna/storage_TT_sz.pdna
Reading DNA file... phase_4/dna/toontown_central_sz.pdna
Reading DNA file... phase_4/dna/storage.pdna
Reading DNA file... phase_3.5/dna/storage_interior.pdna
Battle Event localtoon-battle-event-198
Reading DNA file... phase_4/dna/storage.pdna
Reading DNA file... phase_3.5/dna/storage_interior.pdna
Reading DNA file... phase_8/dna/storage_DG.pdna
Reading DNA file... phase_5/dna/storage_town.pdna
Reading DNA file... phase_8/dna/storage_DG_town.pdna
Reading DNA file... phase_8/dna/daisys_garden_5100.pdna
Reading DNA file... phase_5/dna/storage_town.pdna
Reading DNA file... phase_8/dna/storage_DG_town.pdna
Reading DNA file... phase_8/dna/daisys_garden_5200.pdna
Reading DNA file... phase_5/dna/storage_town.pdna
Reading DNA file... phase_8/dna/storage_DG_town.pdna
Reading DNA file... phase_8/dna/daisys_garden_5300.pdna
Battle Event localtoon-battle-event-204
Reading DNA file... phase_4/dna/storage.pdna
Reading DNA file... phase_3.5/dna/storage_interior.pdna
Reading DNA file... phase_6/dna/storage_MM.pdna
Reading DNA file... phase_5/dna/storage_town.pdna
Reading DNA file... phase_6/dna/storage_MM_town.pdna
Reading DNA file... phase_6/dna/minnies_melody_land_4100.pdna
Battle Event localtoon-battle-event-210
Reading DNA file... phase_4/dna/storage.pdna
Reading DNA file... phase_3.5/dna/storage_interior.pdna
Reading DNA file... phase_8/dna/storage_BR.pdna
Reading DNA file... phase_5/dna/storage_town.pdna
Reading DNA file... phase_8/dna/storage_BR_town.pdna
Reading DNA file... phase_8/dna/the_burrrgh_3100.pdna
empty flat building with no walls
Reading DNA file... phase_5/dna/storage_town.pdna
Reading DNA file... phase_8/dna/storage_BR_town.pdna
Reading DNA file... phase_8/dna/the_burrrgh_3200.pdna
Reading DNA file... phase_5/dna/storage_town.pdna
Reading DNA file... phase_8/dna/storage_BR_town.pdna
Reading DNA file... phase_8/dna/the_burrrgh_3300.pdna
frame rate: 15.1 fps|0.198d|5 avs||1241|1245||0x1002|0x6738|696.9MB|693.8MB|16330.4MB|1838|nt.2.6.2|3.300,3.300|3,6 cpus|OpenGL
Reading DNA file... phase_4/dna/storage.pdna
Reading DNA file... phase_3.5/dna/storage_interior.pdna
Reading DNA file... phase_8/dna/storage_BR.pdna
Reading DNA file... phase_5/dna/storage_town.pdna
Reading DNA file... phase_8/dna/storage_BR_town.pdna
Reading DNA file... phase_8/dna/the_burrrgh_3100.pdna
empty flat building with no walls
Reading DNA file... phase_5/dna/storage_town.pdna
Reading DNA file... phase_8/dna/storage_BR_town.pdna
Reading DNA file... phase_8/dna/the_burrrgh_3200.pdna
Battle Event localtoon-battle-event-216
Reading DNA file... phase_4/dna/storage.pdna
Reading DNA file... phase_3.5/dna/storage_interior.pdna
Reading DNA file... phase_4/dna/storage_TT.pdna
Reading DNA file... phase_4/dna/storage_TT_sz.pdna
Reading DNA file... phase_4/dna/toontown_central_sz.pdna
Reading DNA file... phase_4/dna/storage.pdna
Reading DNA file... phase_3.5/dna/storage_interior.pdna
Battle Event localtoon-battle-event-222
Battle Event localtoon-battle-event-228
Battle Event localtoon-battle-event-234
Battle Event localtoon-battle-event-240
Reading DNA file... phase_4/dna/storage.pdna
Reading DNA file... phase_3.5/dna/storage_interior.pdna
Reading DNA file... phase_4/dna/storage_TT.pdna
Reading DNA file... phase_4/dna/storage_TT_sz.pdna
Reading DNA file... phase_4/dna/toontown_central_sz.pdna
Reading DNA file... phase_4/dna/storage.pdna
Reading DNA file... phase_3.5/dna/storage_interior.pdna
Reading DNA file... phase_4/dna/storage_TT.pdna
Reading DNA file... phase_4/dna/storage_TT_sz.pdna
Reading DNA file... phase_4/dna/toontown_central_sz.pdna
Reading DNA file... phase_4/dna/storage.pdna
Reading DNA file... phase_3.5/dna/storage_interior.pdna
Reading DNA file... phase_8/dna/storage_DG.pdna
Reading DNA file... phase_5/dna/storage_town.pdna
Reading DNA file... phase_8/dna/storage_DG_town.pdna
Reading DNA file... phase_8/dna/daisys_garden_5100.pdna
Battle Event localtoon-battle-event-246
Battle Event localtoon-battle-event-252
Battle Event localtoon-battle-event-258
Battle Event localtoon-battle-event-264
Battle Event localtoon-battle-event-270
Battle Event localtoon-battle-event-276
Battle Event localtoon-battle-event-282
Battle Event localtoon-battle-event-288
Battle Event localtoon-battle-event-294
Battle Event localtoon-battle-event-300
Reading DNA file... phase_4/dna/storage.pdna
Reading DNA file... phase_3.5/dna/storage_interior.pdna
Reading DNA file... phase_4/dna/storage_TT.pdna
Reading DNA file... phase_4/dna/storage_TT_sz.pdna
Reading DNA file... phase_4/dna/toontown_central_sz.pdna
Reading DNA file... phase_4/dna/storage.pdna
Reading DNA file... phase_3.5/dna/storage_interior.pdna
Reading DNA file... phase_4/dna/storage_TT.pdna
Reading DNA file... phase_4/dna/storage_TT_sz.pdna
Reading DNA file... phase_4/dna/toontown_central_sz.pdna
Reading DNA file... phase_4/dna/storage.pdna
Reading DNA file... phase_3.5/dna/storage_interior.pdna
Reading DNA file... phase_8/dna/storage_DG.pdna
Reading DNA file... phase_5/dna/storage_town.pdna
Reading DNA file... phase_8/dna/storage_DG_town.pdna
Reading DNA file... phase_8/dna/daisys_garden_5100.pdna
Battle Event localtoon-battle-event-306
Reading DNA file... phase_5/dna/storage_town.pdna
Reading DNA file... phase_8/dna/storage_DG_town.pdna
Reading DNA file... phase_8/dna/daisys_garden_5200.pdna
Battle Event localtoon-battle-event-312
Battle Event localtoon-battle-event-318
Reading DNA file... phase_5/dna/storage_town.pdna
Reading DNA file... phase_8/dna/storage_DG_town.pdna
Reading DNA file... phase_8/dna/daisys_garden_5300.pdna
Reading DNA file... phase_4/dna/storage.pdna
Reading DNA file... phase_3.5/dna/storage_interior.pdna
Reading DNA file... phase_8/dna/storage_DG.pdna
Reading DNA file... phase_5/dna/storage_town.pdna
Reading DNA file... phase_8/dna/storage_DG_town.pdna
Reading DNA file... phase_8/dna/daisys_garden_5100.pdna
Battle Event localtoon-battle-event-324
Reading DNA file... phase_5/dna/storage_town.pdna
Reading DNA file... phase_8/dna/storage_DG_town.pdna
Reading DNA file... phase_8/dna/daisys_garden_5200.pdna
Battle Event localtoon-battle-event-330
Battle Event localtoon-battle-event-336
Battle Event localtoon-battle-event-342
Battle Event localtoon-battle-event-348
Reading DNA file... phase_5/dna/storage_town.pdna
Reading DNA file... phase_8/dna/storage_DG_town.pdna
Reading DNA file... phase_8/dna/daisys_garden_5300.pdna
Reading DNA file... phase_4/dna/storage.pdna
Reading DNA file... phase_3.5/dna/storage_interior.pdna
Reading DNA file... phase_8/dna/storage_DG.pdna
Reading DNA file... phase_5/dna/storage_town.pdna
Reading DNA file... phase_8/dna/storage_DG_town.pdna
Reading DNA file... phase_8/dna/daisys_garden_5100.pdna
Reading DNA file... phase_5/dna/storage_town.pdna
Reading DNA file... phase_8/dna/storage_DG_town.pdna
Reading DNA file... phase_8/dna/daisys_garden_5200.pdna
Battle Event localtoon-battle-event-354
Battle Event localtoon-battle-event-360
Doing building quest
starting
Teleporting back
Reading DNA file... phase_4/dna/storage.pdna
Reading DNA file... phase_3.5/dna/storage_interior.pdna
Reading DNA file... phase_6/dna/storage_DD.pdna
Reading DNA file... phase_5/dna/storage_town.pdna
Reading DNA file... phase_6/dna/storage_DD_town.pdna
Reading DNA file... phase_6/dna/donalds_dock_1100.pdna
Battle Event localtoon-battle-event-366
Reading DNA file... phase_5/dna/storage_town.pdna
Reading DNA file... phase_6/dna/storage_DD_town.pdna
Reading DNA file... phase_6/dna/donalds_dock_1100.pdna
Battle Event localtoon-battle-event-371
Reading DNA file... phase_5/dna/storage_town.pdna
Reading DNA file... phase_6/dna/storage_DD_town.pdna
Reading DNA file... phase_6/dna/donalds_dock_1100.pdna
Doing building quest
starting
Teleporting back
Reading DNA file... phase_4/dna/storage.pdna
Reading DNA file... phase_3.5/dna/storage_interior.pdna
Reading DNA file... phase_8/dna/storage_DG.pdna
Reading DNA file... phase_5/dna/storage_town.pdna
Reading DNA file... phase_8/dna/storage_DG_town.pdna
Reading DNA file... phase_8/dna/daisys_garden_5100.pdna
Battle Event localtoon-battle-event-376
Battle Event localtoon-battle-event-381
Reading DNA file... phase_8/dna/storage_DG_sz.pdna
Reading DNA file... phase_8/dna/daisys_garden_sz.pdna
Teleporting back
Teleporting back
Teleporting back
Teleporting back
Teleporting back
Teleporting back
Teleporting back
Teleporting back
Teleporting back
Reading DNA file... phase_5/dna/storage_town.pdna
Reading DNA file... phase_8/dna/storage_DG_town.pdna
Reading DNA file... phase_8/dna/daisys_garden_5100.pdna
frame rate: 15.3 fps|0.271d|1 avs||2114|2117||0x1002|0x6738|856.3MB|853.4MB|16330.4MB|2721|nt.2.6.2|3.300,3.300|3,6 cpus|OpenGL
Battle Event localtoon-battle-event-386
Battle Event localtoon-battle-event-391
Reading DNA file... phase_8/dna/storage_DG_sz.pdna
Reading DNA file... phase_8/dna/daisys_garden_sz.pdna
Teleporting back
Teleporting back
Teleporting back
Teleporting back
Teleporting back
Teleporting back
Teleporting back
Teleporting back
Teleporting back
Reading DNA file... phase_5/dna/storage_town.pdna
Reading DNA file... phase_8/dna/storage_DG_town.pdna
Reading DNA file... phase_8/dna/daisys_garden_5100.pdna
Battle Event localtoon-battle-event-396
Battle Event localtoon-battle-event-401
Reading DNA file... phase_5/dna/storage_town.pdna
Reading DNA file... phase_8/dna/storage_DG_town.pdna
Reading DNA file... phase_8/dna/daisys_garden_5100.pdna
Battle Event localtoon-battle-event-406
Battle Event localtoon-battle-event-411
Reading DNA file... phase_5/dna/storage_town.pdna
Reading DNA file... phase_8/dna/storage_DG_town.pdna
Reading DNA file... phase_8/dna/daisys_garden_5100.pdna
Doing building quest
starting
Teleporting back
Reading DNA file... phase_4/dna/storage.pdna
Reading DNA file... phase_3.5/dna/storage_interior.pdna
Reading DNA file... phase_6/dna/storage_MM.pdna
Reading DNA file... phase_5/dna/storage_town.pdna
Reading DNA file... phase_6/dna/storage_MM_town.pdna
Reading DNA file... phase_6/dna/minnies_melody_land_4100.pdna
Battle Event localtoon-battle-event-416
frame rate: 21.4 fps|0.068d|0 avs||2413|2416||0x1002|0x6738|908.8MB|905.7MB|16330.4MB|2797|nt.2.6.2|3.300,3.300|3,6 cpus|OpenGL
Battle Event localtoon-battle-event-421
Battle Event localtoon-battle-event-426
Reading DNA file... phase_5/dna/storage_town.pdna
Reading DNA file... phase_6/dna/storage_MM_town.pdna
Reading DNA file... phase_6/dna/minnies_melody_land_4100.pdna
Battle Event localtoon-battle-event-431
Battle Event localtoon-battle-event-436
Battle Event localtoon-battle-event-441
Reading DNA file... phase_6/dna/storage_MM_sz.pdna
Reading DNA file... phase_6/dna/minnies_melody_land_sz.pdna
Teleporting back
Teleporting back
Teleporting back
Teleporting back
Teleporting back
Teleporting back
Teleporting back
Teleporting back
Teleporting back
Reading DNA file... phase_5/dna/storage_town.pdna
Reading DNA file... phase_6/dna/storage_MM_town.pdna
Reading DNA file... phase_6/dna/minnies_melody_land_4100.pdna
Battle Event localtoon-battle-event-446
Battle Event localtoon-battle-event-451
Battle Event localtoon-battle-event-456
Battle Event localtoon-battle-event-461
Reading DNA file... phase_6/dna/storage_MM_sz.pdna
Reading DNA file... phase_6/dna/minnies_melody_land_sz.pdna
Teleporting back
Teleporting back
Teleporting back
Teleporting back
Teleporting back
Teleporting back
Teleporting back
Teleporting back
Teleporting back
Reading DNA file... phase_5/dna/storage_town.pdna
Reading DNA file... phase_6/dna/storage_MM_town.pdna
Reading DNA file... phase_6/dna/minnies_melody_land_4100.pdna
frame rate: 11.5 fps|0.257d|8 avs||2713|2716||0x1002|0x6738|989.2MB|988.6MB|16330.4MB|2879|nt.2.6.2|3.300,3.300|3,6 cpus|OpenGL
Teleporting back
Reading DNA file... phase_5/dna/storage_town.pdna
Reading DNA file... phase_6/dna/storage_MM_town.pdna
Reading DNA file... phase_6/dna/minnies_melody_land_4200.pdna
Battle Event localtoon-battle-event-466
Battle Event localtoon-battle-event-471
Battle Event localtoon-battle-event-476
Reading DNA file... phase_6/dna/storage_MM_sz.pdna
Reading DNA file... phase_6/dna/minnies_melody_land_sz.pdna
Teleporting back
Teleporting back
Teleporting back
Teleporting back
Teleporting back
Teleporting back
Teleporting back
