TTLocalizer: Running in language: english
from toontown.toonbase.TTLocalizerEnglish import *
OTPLocalizer: Running in language: english
from otp.otpbase.OTPLocalizerEnglish import *
Preloading suits...
Preloading Toon heads...
Preloading avatars...
Traceback (most recent call last):
  File "D:\Documents\ToontownSourcecode\src\toontown\toonbase\ClientStart.py", line 240, in loadScripts
    execfile('mods/'+scriptName,globals())
  File "mods/Compilation.txt", line 206, in <module>
    toonAnywhere = DirectButton(text = ("Enable Toonup anywhere", "ENABLE TOONUP ANYWHERE", "enable toonup anywhere", "enable toonup anywhere"), scale=.06, pos = (-1,-0,-.3), command=ToonupAnywhere.toonUpSetUp)
NameError: name 'ToonupAnywhere' is not defined

phase_3.5/models/gui/friendslist_gui.bam
['Horiz_Arrow_UP', 'Horiz_Arrow_DN', 'Horiz_Arrow_Rllvr']
phase_3.5/models/gui/friendslist_gui.bam
['Horiz_Arrow_UP', 'Horiz_Arrow_DN', 'Horiz_Arrow_Rllvr']
phase_3.5/models/gui/friendslist_gui.bam
['Horiz_Arrow_UP', 'Horiz_Arrow_DN', 'Horiz_Arrow_Rllvr']
phase_3.5/models/gui/friendslist_gui.bam
['Horiz_Arrow_UP', 'Horiz_Arrow_DN', 'Horiz_Arrow_Rllvr']
phase_3.5/models/gui/friendslist_gui.bam
['FndsLst_ScrollUp', 'FndsLst_ScrollDN', 'FndsLst_ScrollUp_Rllvr']
phase_3.5/models/gui/friendslist_gui.bam
['FndsLst_ScrollUp', 'FndsLst_ScrollDN', 'FndsLst_ScrollUp_Rllvr']
phase_3.5/models/gui/friendslist_gui.bam
['Horiz_Arrow_UP', 'Horiz_Arrow_DN', 'Horiz_Arrow_Rllvr']
phase_3.5/models/gui/friendslist_gui.bam
['Horiz_Arrow_UP', 'Horiz_Arrow_DN', 'Horiz_Arrow_Rllvr']
phase_3.5/models/gui/friendslist_gui.bam
['Horiz_Arrow_UP', 'Horiz_Arrow_DN', 'Horiz_Arrow_Rllvr']
phase_3.5/models/gui/friendslist_gui.bam
['Horiz_Arrow_UP', 'Horiz_Arrow_DN', 'Horiz_Arrow_Rllvr']
phase_3/models/gui/quit_button.bam
['QuitBtn_UP', 'QuitBtn_DN', 'QuitBtn_RLVR']
phase_3/models/gui/quit_button.bam
['QuitBtn_UP', 'QuitBtn_DN', 'QuitBtn_RLVR']
phase_3/models/gui/quit_button.bam
['QuitBtn_UP', 'QuitBtn_DN', 'QuitBtn_RLVR']
phase_3/models/gui/quit_button.bam
['QuitBtn_UP', 'QuitBtn_DN', 'QuitBtn_RLVR']
test2
{414000001: <toontown.distributed.ToontownDistrict.ToontownDistrict instance at 0x1E7AB940>, 406000001: <toontown.distributed.ToontownDistrict.ToontownDistrict instance at 0x1E7AB760>, 407000001: <toontown.distributed.ToontownDistrict.ToontownDistrict instance at 0x1E7AB7D8>, 416000001: <toontown.distributed.ToontownDistrict.ToontownDistrict instance at 0x1E7AB990>, 409000001: <toontown.distributed.ToontownDistrict.ToontownDistrict instance at 0x1E7AB918>, 401000001: <toontown.distributed.ToontownDistrict.ToontownDistrict instance at 0x1E4A5300>, 402000001: <toontown.distributed.ToontownDistrict.ToontownDistrict instance at 0x1E798EE0>, 419000001: <toontown.distributed.ToontownDistrict.ToontownDistrict instance at 0x1E7AB9E0>, 411000001: <toontown.distributed.ToontownDistrict.ToontownDistrict instance at 0x1E7AB8C8>, 404000001: <toontown.distributed.ToontownDistrict.ToontownDistrict instance at 0x1E7AB7B0>, 413000001: <toontown.distributed.ToontownDistrict.ToontownDistrict instance at 0x1E7AB9B8>, 415000001: <toontown.distributed.ToontownDistrict.ToontownDistrict instance at 0x1E7AB968>, 408000001: <toontown.distributed.ToontownDistrict.ToontownDistrict instance at 0x1E7AB828>, 417000001: <toontown.distributed.ToontownDistrict.ToontownDistrict instance at 0x1E7AB8F0>, 410000001: <toontown.distributed.ToontownDistrict.ToontownDistrict instance at 0x1E7AB850>, 418000001: <toontown.distributed.ToontownDistrict.ToontownDistrict instance at 0x1E7ABA30>, 403000001: <toontown.distributed.ToontownDistrict.ToontownDistrict instance at 0x1E4A2328>, 412000001: <toontown.distributed.ToontownDistrict.ToontownDistrict instance at 0x1E7AB878>, 405000001: <toontown.distributed.ToontownDistrict.ToontownDistrict instance at 0x1E7AB710>, 420000001: <toontown.distributed.ToontownDistrict.ToontownDistrict instance at 0x1E7ABA08>}
__handleAvatarChooserDone: 100000013, 'Little Zippy', ('rsl', 'ls', 'l', 'm', 19, 0, 19, 19, 10, 9, 0, 9, 7, 0), 1
2
Reading DNA file... phase_4/dna/storage.pdna
Reading DNA file... phase_3.5/dna/storage_interior.pdna
Reading DNA file... phase_6/dna/storage_MM.pdna
Reading DNA file... phase_6/dna/storage_MM_sz.pdna
Reading DNA file... phase_6/dna/minnies_melody_land_sz.pdna
phase_3.5/models/gui/friendslist_gui.bam
['Horiz_Arrow_UP', 'Horiz_Arrow_DN', 'Horiz_Arrow_Rllvr']
phase_3.5/models/gui/friendslist_gui.bam
['Horiz_Arrow_UP', 'Horiz_Arrow_DN', 'Horiz_Arrow_Rllvr']
phase_3/models/gui/quit_button.bam
['QuitBtn_UP', 'QuitBtn_DN', 'QuitBtn_RLVR']
phase_3/models/gui/quit_button.bam
['QuitBtn_UP', 'QuitBtn_DN', 'QuitBtn_RLVR']
phase_3/models/gui/quit_button.bam
['QuitBtn_UP', 'QuitBtn_DN', 'QuitBtn_RLVR']
phase_3/models/gui/quit_button.bam
['QuitBtn_UP', 'QuitBtn_DN', 'QuitBtn_RLVR']
phase_3/models/gui/quit_button.bam
['QuitBtn_UP', 'QuitBtn_DN', 'QuitBtn_RLVR']
phase_3/models/gui/quit_button.bam
['QuitBtn_UP', 'QuitBtn_DN', 'QuitBtn_RLVR']
phase_3/models/gui/quit_button.bam
['QuitBtn_UP', 'QuitBtn_DN', 'QuitBtn_RLVR']
phase_3/models/gui/quit_button.bam
['QuitBtn_UP', 'QuitBtn_DN', 'QuitBtn_RLVR']
phase_3/models/gui/quit_button.bam
['QuitBtn_UP', 'QuitBtn_DN', 'QuitBtn_RLVR']
phase_3/models/gui/quit_button.bam
['QuitBtn_UP', 'QuitBtn_DN', 'QuitBtn_RLVR']
phase_3/models/gui/quit_button.bam
['QuitBtn_UP', 'QuitBtn_DN', 'QuitBtn_RLVR']
phase_3/models/gui/quit_button.bam
['QuitBtn_UP', 'QuitBtn_DN', 'QuitBtn_RLVR']
phase_3/models/gui/quit_button.bam
['QuitBtn_UP', 'QuitBtn_DN', 'QuitBtn_RLVR']
phase_3/models/gui/quit_button.bam
['QuitBtn_UP', 'QuitBtn_DN', 'QuitBtn_RLVR']
phase_3/models/gui/quit_button.bam
['QuitBtn_UP', 'QuitBtn_DN', 'QuitBtn_RLVR']
phase_3/models/gui/quit_button.bam
['QuitBtn_UP', 'QuitBtn_DN', 'QuitBtn_RLVR']
Reading DNA file... phase_5/dna/storage_town.pdna
Reading DNA file... phase_6/dna/storage_MM_town.pdna
Reading DNA file... phase_6/dna/minnies_melody_land_4200.pdna
Battle Event localtoon-battle-event-3
Battle Event localtoon-battle-event-8
Battle Event localtoon-battle-event-13
Battle Event localtoon-battle-event-18
Reading DNA file... phase_5/dna/storage_town.pdna
Reading DNA file... phase_6/dna/storage_MM_town.pdna
Reading DNA file... phase_6/dna/minnies_melody_land_4200.pdna
OnscreenText.configure: mayChange == 0
OnscreenText.configure: mayChange == 0
OnscreenText.configure: mayChange == 0
OnscreenText.configure: mayChange == 0
frame rate: 24.9 fps|0.016d|6 avs||346|349||0x1002|0x6738|455.3MB|483.3MB|16330.4MB|486|nt.2.6.2|3.300,3.300|3,6 cpus|OpenGL
Battle Event localtoon-battle-event-23
Battle Event localtoon-battle-event-28
Battle Event localtoon-battle-event-33
Battle Event localtoon-battle-event-38
Reading DNA file... phase_5/dna/storage_town.pdna
Reading DNA file... phase_6/dna/storage_MM_town.pdna
Reading DNA file... phase_6/dna/minnies_melody_land_4200.pdna
Reading DNA file... phase_5/dna/storage_town.pdna
Reading DNA file... phase_6/dna/storage_MM_town.pdna
Reading DNA file... phase_6/dna/minnies_melody_land_4100.pdna
Battle Event localtoon-battle-event-43
Battle Event localtoon-battle-event-49
Battle Event localtoon-battle-event-55
Battle Event localtoon-battle-event-61
Battle Event localtoon-battle-event-67
Battle Event localtoon-battle-event-73
Battle Event localtoon-battle-event-79
Battle Event localtoon-battle-event-85
Reading DNA file... phase_5/dna/storage_town.pdna
Reading DNA file... phase_6/dna/storage_MM_town.pdna
Reading DNA file... phase_6/dna/minnies_melody_land_4200.pdna
Battle Event localtoon-battle-event-91
Battle Event localtoon-battle-event-97
frame rate: 15.3 fps|0.241d|2 avs||646|649||0x1002|0x6738|542.0MB|570.4MB|16330.4MB|550|nt.2.6.2|3.300,3.300|3,6 cpus|OpenGL
Battle Event localtoon-battle-event-103
Battle Event localtoon-battle-event-109
Battle Event localtoon-battle-event-115
Battle Event localtoon-battle-event-121
Battle Event localtoon-battle-event-127
Battle Event localtoon-battle-event-133
Battle Event localtoon-battle-event-139
Battle Event localtoon-battle-event-145
Battle Event localtoon-battle-event-151
Battle Event localtoon-battle-event-157
Doing building quest
starting
Teleporting back
Reading DNA file... phase_4/dna/storage.pdna
Reading DNA file... phase_3.5/dna/storage_interior.pdna
Reading DNA file... phase_6/dna/storage_DD.pdna
Reading DNA file... phase_5/dna/storage_town.pdna
Reading DNA file... phase_6/dna/storage_DD_town.pdna
Reading DNA file... phase_6/dna/donalds_dock_1100.pdna
Teleporting back
Reading DNA file... phase_5/dna/storage_town.pdna
Reading DNA file... phase_6/dna/storage_DD_town.pdna
Reading DNA file... phase_6/dna/donalds_dock_1200.pdna
empty flat building with no walls
empty flat building with no walls
empty flat building with no walls
Teleporting back
Reading DNA file... phase_5/dna/storage_town.pdna
Reading DNA file... phase_6/dna/storage_DD_town.pdna
Reading DNA file... phase_6/dna/donalds_dock_1300.pdna
Battle Event localtoon-battle-event-163
Battle Event localtoon-battle-event-168
Battle Event localtoon-battle-event-173
Battle Event localtoon-battle-event-178
Reading DNA file... phase_5/dna/storage_town.pdna
Reading DNA file... phase_6/dna/storage_DD_town.pdna
Reading DNA file... phase_6/dna/donalds_dock_1300.pdna
Reading DNA file... phase_4/dna/storage.pdna
Reading DNA file... phase_3.5/dna/storage_interior.pdna
Reading DNA file... phase_4/dna/storage_TT.pdna
Reading DNA file... phase_4/dna/storage_TT_sz.pdna
Reading DNA file... phase_4/dna/toontown_central_sz.pdna
frame rate: 9.2 fps|0.388d|4 avs||946|949||0x1002|0x6738|611.7MB|678.3MB|16330.4MB|803|nt.2.6.2|3.300,3.300|3,6 cpus|OpenGL
Doing building quest
starting
Teleporting back
Reading DNA file... phase_4/dna/storage.pdna
Reading DNA file... phase_3.5/dna/storage_interior.pdna
Reading DNA file... phase_6/dna/storage_DD.pdna
Reading DNA file... phase_5/dna/storage_town.pdna
Reading DNA file... phase_6/dna/storage_DD_town.pdna
Reading DNA file... phase_6/dna/donalds_dock_1100.pdna
Battle Event localtoon-battle-event-183
Reading DNA file... phase_5/dna/storage_town.pdna
Reading DNA file... phase_6/dna/storage_DD_town.pdna
Reading DNA file... phase_6/dna/donalds_dock_1100.pdna
Doing building quest
starting
Teleporting back
Reading DNA file... phase_4/dna/storage.pdna
Reading DNA file... phase_3.5/dna/storage_interior.pdna
Reading DNA file... phase_8/dna/storage_DG.pdna
Reading DNA file... phase_5/dna/storage_town.pdna
Reading DNA file... phase_8/dna/storage_DG_town.pdna
Reading DNA file... phase_8/dna/daisys_garden_5100.pdna
Battle Event localtoon-battle-event-188
Battle Event localtoon-battle-event-193
Battle Event localtoon-battle-event-198
Reading DNA file... phase_5/dna/storage_town.pdna
Reading DNA file... phase_8/dna/storage_DG_town.pdna
Reading DNA file... phase_8/dna/daisys_garden_5100.pdna
Doing building quest
starting
Teleporting back
Reading DNA file... phase_4/dna/storage.pdna
Reading DNA file... phase_3.5/dna/storage_interior.pdna
Reading DNA file... phase_6/dna/storage_MM.pdna
Reading DNA file... phase_5/dna/storage_town.pdna
Reading DNA file... phase_6/dna/storage_MM_town.pdna
Reading DNA file... phase_6/dna/minnies_melody_land_4100.pdna
Battle Event localtoon-battle-event-203
Battle Event localtoon-battle-event-208
Battle Event localtoon-battle-event-213
frame rate: 31.4 fps|0.028d|4 avs||1246|1249||0x1002|0x6738|647.3MB|676.4MB|16330.4MB|888|nt.2.6.2|3.300,3.300|3,6 cpus|OpenGL
Reading DNA file... phase_5/dna/storage_town.pdna
Reading DNA file... phase_6/dna/storage_MM_town.pdna
Reading DNA file... phase_6/dna/minnies_melody_land_4100.pdna
Reading DNA file... phase_4/dna/storage.pdna
Reading DNA file... phase_3.5/dna/storage_interior.pdna
Battle Event localtoon-battle-event-218
Battle Event localtoon-battle-event-224
Battle Event localtoon-battle-event-230
Battle Event localtoon-battle-event-236
Battle Event localtoon-battle-event-242
Battle Event localtoon-battle-event-248
Battle Event localtoon-battle-event-254
Battle Event localtoon-battle-event-260
TIMER startTime 2995
Battle Event localtoon-battle-event-266
Traceback (most recent call last):
  File "D:\Documents\ToontownSourcecode\Panda3D-1.9.0\direct\distributed\ConnectionRepository.py", line 613, in readerPollUntilEmpty
    while self.readerPollOnce():
  File "D:\Documents\ToontownSourcecode\Panda3D-1.9.0\direct\distributed\ConnectionRepository.py", line 620, in readerPollOnce
    self.handleDatagram(self.private__di)
  File "otp\distributed\OTPClientRepository.py", line 1944, in handleDatagram
    self.handler(msgType, di)
  File "otp\distributed\OTPClientRepository.py", line 1547, in handlePlayGame
    self.handleGenerateWithRequired(di)
  File "otp\distributed\OTPClientRepository.py", line 2026, in handleGenerateWithRequired
    return self.__doGenerate(doId, parentId, zoneId, classId, di, other)
  File "otp\distributed\OTPClientRepository.py", line 2090, in __doGenerate
    self.generateWithRequiredFields(dclass, doId, di, parentId, zoneId)
  File "D:\Documents\ToontownSourcecode\Panda3D-1.9.0\direct\distributed\ClientRepositoryBase.py", line 265, in generateWithRequiredFields
    distObj.updateRequiredFields(dclass, di)
  File "D:\Documents\ToontownSourcecode\Panda3D-1.9.0\direct\distributed\DistributedObject.py", line 337, in updateRequiredFields
    self.announceGenerate()
  File "toontown\building\DistributedDoor.py", line 203, in announceGenerate
    self.doPostAnnounceGenerate()
  File "toontown\building\DistributedDoor.py", line 210, in doPostAnnounceGenerate
    self.bHasFlat = not self.findDoorNode('door*flat', True).isEmpty()
AttributeError: 'NoneType' object has no attribute 'isEmpty'
Traceback (most recent call last):
  File "otp\otpbase\OTPBase.py", line 236, in run
    taskMgr.run()
  File "D:\Documents\ToontownSourcecode\Panda3D-1.9.0\direct\task\Task.py", line 502, in run
    self.step()
  File "D:\Documents\ToontownSourcecode\Panda3D-1.9.0\direct\task\Task.py", line 460, in step
    self.mgr.poll()
  File "D:\Documents\ToontownSourcecode\Panda3D-1.9.0\direct\distributed\ConnectionRepository.py", line 613, in readerPollUntilEmpty
    while self.readerPollOnce():
  File "D:\Documents\ToontownSourcecode\Panda3D-1.9.0\direct\distributed\ConnectionRepository.py", line 620, in readerPollOnce
    self.handleDatagram(self.private__di)
  File "otp\distributed\OTPClientRepository.py", line 1944, in handleDatagram
    self.handler(msgType, di)
  File "otp\distributed\OTPClientRepository.py", line 1547, in handlePlayGame
    self.handleGenerateWithRequired(di)
  File "otp\distributed\OTPClientRepository.py", line 2026, in handleGenerateWithRequired
    return self.__doGenerate(doId, parentId, zoneId, classId, di, other)
  File "otp\distributed\OTPClientRepository.py", line 2090, in __doGenerate
    self.generateWithRequiredFields(dclass, doId, di, parentId, zoneId)
  File "D:\Documents\ToontownSourcecode\Panda3D-1.9.0\direct\distributed\ClientRepositoryBase.py", line 265, in generateWithRequiredFields
    distObj.updateRequiredFields(dclass, di)
  File "D:\Documents\ToontownSourcecode\Panda3D-1.9.0\direct\distributed\DistributedObject.py", line 337, in updateRequiredFields
    self.announceGenerate()
  File "toontown\building\DistributedDoor.py", line 203, in announceGenerate
    self.doPostAnnounceGenerate()
  File "toontown\building\DistributedDoor.py", line 210, in doPostAnnounceGenerate
    self.bHasFlat = not self.findDoorNode('door*flat', True).isEmpty()
AttributeError: 'NoneType' object has no attribute 'isEmpty'
