TTLocalizer: Running in language: english
from toontown.toonbase.TTLocalizerEnglish import *
OTPLocalizer: Running in language: english
from otp.otpbase.OTPLocalizerEnglish import *
Preloading suits...
Preloading Toon heads...
Preloading avatars...
Traceback (most recent call last):
  File "D:\Documents\ToontownSourcecode\Toontown\toontown\toonbase\ClientStart.py", line 235, in loadScripts
    execfile('mods/'+scriptName,globals())
  File "mods/Compilation.txt", line 206, in <module>
    toonAnywhere = DirectButton(text = ("Enable Toonup anywhere", "ENABLE TOONUP ANYWHERE", "enable toonup anywhere", "enable toonup anywhere"), scale=.06, pos = (-1,-0,-.3), command=ToonupAnywhere.toonUpSetUp)
NameError: name 'ToonupAnywhere' is not defined

phase_3.5/models/gui/friendslist_gui.bam
['Horiz_Arrow_UP', 'Horiz_Arrow_DN', 'Horiz_Arrow_Rllvr']
phase_3.5/models/gui/friendslist_gui.bam
['Horiz_Arrow_UP', 'Horiz_Arrow_DN', 'Horiz_Arrow_Rllvr']
phase_3.5/models/gui/friendslist_gui.bam
['Horiz_Arrow_UP', 'Horiz_Arrow_DN', 'Horiz_Arrow_Rllvr']
phase_3.5/models/gui/friendslist_gui.bam
['Horiz_Arrow_UP', 'Horiz_Arrow_DN', 'Horiz_Arrow_Rllvr']
phase_3.5/models/gui/friendslist_gui.bam
['FndsLst_ScrollUp', 'FndsLst_ScrollDN', 'FndsLst_ScrollUp_Rllvr']
phase_3.5/models/gui/friendslist_gui.bam
['FndsLst_ScrollUp', 'FndsLst_ScrollDN', 'FndsLst_ScrollUp_Rllvr']
phase_3.5/models/gui/friendslist_gui.bam
['Horiz_Arrow_UP', 'Horiz_Arrow_DN', 'Horiz_Arrow_Rllvr']
phase_3.5/models/gui/friendslist_gui.bam
['Horiz_Arrow_UP', 'Horiz_Arrow_DN', 'Horiz_Arrow_Rllvr']
phase_3.5/models/gui/friendslist_gui.bam
['Horiz_Arrow_UP', 'Horiz_Arrow_DN', 'Horiz_Arrow_Rllvr']
phase_3.5/models/gui/friendslist_gui.bam
['Horiz_Arrow_UP', 'Horiz_Arrow_DN', 'Horiz_Arrow_Rllvr']
phase_3/models/gui/quit_button.bam
['QuitBtn_UP', 'QuitBtn_DN', 'QuitBtn_RLVR']
phase_3/models/gui/quit_button.bam
['QuitBtn_UP', 'QuitBtn_DN', 'QuitBtn_RLVR']
phase_3/models/gui/quit_button.bam
['QuitBtn_UP', 'QuitBtn_DN', 'QuitBtn_RLVR']
phase_3/models/gui/quit_button.bam
['QuitBtn_UP', 'QuitBtn_DN', 'QuitBtn_RLVR']
{401000001: <toontown.distributed.ToontownDistrict.ToontownDistrict instance at 0x214595D0>}
__handleAvatarChooserDone: 100000003, 'Little Zippy', ('rsl', 'ls', 'l', 'm', 19, 0, 19, 19, 10, 9, 0, 9, 7, 0), 1
2
Reading DNA file... phase_4/dna/storage.pdna
Reading DNA file... phase_3.5/dna/storage_interior.pdna
Reading DNA file... phase_4/dna/storage_TT.pdna
Reading DNA file... phase_4/dna/storage_TT_sz.pdna
Reading DNA file... phase_4/dna/toontown_central_sz.pdna
Traceback (most recent call last):
  File "<string>", line 4, in <module>
  File "<string>", line 1, in <module>
  File "D:\Documents\ToontownSourcecode\Panda3D-1.9.0\direct\distributed\DoInterestManager.py", line 190, in addInterest
    self._sendAddInterest(handle, contextId, parentId, zoneIdList, description)
  File "D:\Documents\ToontownSourcecode\Panda3D-1.9.0\direct\distributed\DoInterestManager.py", line 501, in _sendAddInterest
    action, description, handle, contextId, parentId, zoneIdList)
  File "D:\Documents\ToontownSourcecode\Panda3D-1.9.0\direct\distributed\DoInterestManager.py", line 446, in _addDebugInterestHistory
    DoInterestManager._debug_maxDescriptionLen, len(description))
TypeError: object of type 'int' has no len()

Help on method addInterest in module direct.distributed.DoInterestManager:

addInterest(self, parentId, zoneIdList, description, event=None) method of toontown.distributed.ToontownClientRepository.ToontownClientRepository instance
    Look into a (set of) zone(s).

Traceback (most recent call last):
  File "<string>", line 4, in <module>
  File "<string>", line 1, in <module>
  File "D:\Documents\ToontownSourcecode\Panda3D-1.9.0\direct\distributed\DoInterestManager.py", line 190, in addInterest
    self._sendAddInterest(handle, contextId, parentId, zoneIdList, description)
  File "D:\Documents\ToontownSourcecode\Panda3D-1.9.0\direct\distributed\DoInterestManager.py", line 501, in _sendAddInterest
    action, description, handle, contextId, parentId, zoneIdList)
  File "D:\Documents\ToontownSourcecode\Panda3D-1.9.0\direct\distributed\DoInterestManager.py", line 446, in _addDebugInterestHistory
    DoInterestManager._debug_maxDescriptionLen, len(description))
TypeError: object of type 'int' has no len()

Traceback (most recent call last):
  File "<string>", line 4, in <module>
  File "<string>", line 1, in <module>
  File "D:\Documents\ToontownSourcecode\Panda3D-1.9.0\direct\distributed\DoInterestManager.py", line 190, in addInterest
    self._sendAddInterest(handle, contextId, parentId, zoneIdList, description)
  File "D:\Documents\ToontownSourcecode\Panda3D-1.9.0\direct\distributed\DoInterestManager.py", line 501, in _sendAddInterest
    action, description, handle, contextId, parentId, zoneIdList)
  File "D:\Documents\ToontownSourcecode\Panda3D-1.9.0\direct\distributed\DoInterestManager.py", line 446, in _addDebugInterestHistory
    DoInterestManager._debug_maxDescriptionLen, len(description))
TypeError: object of type 'int' has no len()

Traceback (most recent call last):
  File "<string>", line 4, in <module>
  File "<string>", line 1, in <module>
  File "D:\Documents\ToontownSourcecode\Panda3D-1.9.0\direct\distributed\DoInterestManager.py", line 190, in addInterest
    self._sendAddInterest(handle, contextId, parentId, zoneIdList, description)
  File "D:\Documents\ToontownSourcecode\Panda3D-1.9.0\direct\distributed\DoInterestManager.py", line 501, in _sendAddInterest
    action, description, handle, contextId, parentId, zoneIdList)
  File "D:\Documents\ToontownSourcecode\Panda3D-1.9.0\direct\distributed\DoInterestManager.py", line 446, in _addDebugInterestHistory
    DoInterestManager._debug_maxDescriptionLen, len(description))
TypeError: object of type 'int' has no len()

Traceback (most recent call last):
  File "<string>", line 4, in <module>
  File "<string>", line 1, in <module>
  File "D:\Documents\ToontownSourcecode\Panda3D-1.9.0\direct\distributed\DoInterestManager.py", line 190, in addInterest
    self._sendAddInterest(handle, contextId, parentId, zoneIdList, description)
  File "D:\Documents\ToontownSourcecode\Panda3D-1.9.0\direct\distributed\DoInterestManager.py", line 501, in _sendAddInterest
    action, description, handle, contextId, parentId, zoneIdList)
  File "D:\Documents\ToontownSourcecode\Panda3D-1.9.0\direct\distributed\DoInterestManager.py", line 446, in _addDebugInterestHistory
    DoInterestManager._debug_maxDescriptionLen, len(description))
TypeError: object of type 'int' has no len()

frame rate: 15.3 fps|0.026d|6 avs||517|519||0x1002|0x6738|443.0MB|499.5MB|16330.4MB|634|nt.2.6.1|3.300,3.300|3,6 cpus|OpenGL
Reading DNA file... phase_4/dna/storage.pdna
Reading DNA file... phase_3.5/dna/storage_interior.pdna
Reading DNA file... phase_6/dna/storage_MM.pdna
Reading DNA file... phase_6/dna/storage_MM_sz.pdna
Reading DNA file... phase_6/dna/minnies_melody_land_sz.pdna
