TTLocalizer: Running in language: english
from toontown.toonbase.TTLocalizerEnglish import *
OTPLocalizer: Running in language: english
from otp.otpbase.OTPLocalizerEnglish import *
Preloading suits...
Preloading Toon heads...
Preloading avatars...
Traceback (most recent call last):
  File "D:\Documents\ToontownSourcecode\src\toontown\toonbase\ClientStart.py", line 240, in loadScripts
    execfile('mods/'+scriptName,globals())
  File "mods/Compilation.txt", line 206, in <module>
    toonAnywhere = DirectButton(text = ("Enable Toonup anywhere", "ENABLE TOONUP ANYWHERE", "enable toonup anywhere", "enable toonup anywhere"), scale=.06, pos = (-1,-0,-.3), command=ToonupAnywhere.toonUpSetUp)
NameError: name 'ToonupAnywhere' is not defined

phase_3.5/models/gui/friendslist_gui.bam
['Horiz_Arrow_UP', 'Horiz_Arrow_DN', 'Horiz_Arrow_Rllvr']
phase_3.5/models/gui/friendslist_gui.bam
['Horiz_Arrow_UP', 'Horiz_Arrow_DN', 'Horiz_Arrow_Rllvr']
phase_3.5/models/gui/friendslist_gui.bam
['Horiz_Arrow_UP', 'Horiz_Arrow_DN', 'Horiz_Arrow_Rllvr']
phase_3.5/models/gui/friendslist_gui.bam
['Horiz_Arrow_UP', 'Horiz_Arrow_DN', 'Horiz_Arrow_Rllvr']
phase_3.5/models/gui/friendslist_gui.bam
['FndsLst_ScrollUp', 'FndsLst_ScrollDN', 'FndsLst_ScrollUp_Rllvr']
phase_3.5/models/gui/friendslist_gui.bam
['FndsLst_ScrollUp', 'FndsLst_ScrollDN', 'FndsLst_ScrollUp_Rllvr']
phase_3.5/models/gui/friendslist_gui.bam
['Horiz_Arrow_UP', 'Horiz_Arrow_DN', 'Horiz_Arrow_Rllvr']
phase_3.5/models/gui/friendslist_gui.bam
['Horiz_Arrow_UP', 'Horiz_Arrow_DN', 'Horiz_Arrow_Rllvr']
phase_3.5/models/gui/friendslist_gui.bam
['Horiz_Arrow_UP', 'Horiz_Arrow_DN', 'Horiz_Arrow_Rllvr']
phase_3.5/models/gui/friendslist_gui.bam
['Horiz_Arrow_UP', 'Horiz_Arrow_DN', 'Horiz_Arrow_Rllvr']
phase_3/models/gui/quit_button.bam
['QuitBtn_UP', 'QuitBtn_DN', 'QuitBtn_RLVR']
phase_3/models/gui/quit_button.bam
['QuitBtn_UP', 'QuitBtn_DN', 'QuitBtn_RLVR']
phase_3/models/gui/quit_button.bam
['QuitBtn_UP', 'QuitBtn_DN', 'QuitBtn_RLVR']
phase_3/models/gui/quit_button.bam
['QuitBtn_UP', 'QuitBtn_DN', 'QuitBtn_RLVR']
test2
{414000001: <toontown.distributed.ToontownDistrict.ToontownDistrict instance at 0x1E785AD0>, 406000001: <toontown.distributed.ToontownDistrict.ToontownDistrict instance at 0x1E7858F0>, 407000001: <toontown.distributed.ToontownDistrict.ToontownDistrict instance at 0x1E785968>, 416000001: <toontown.distributed.ToontownDistrict.ToontownDistrict instance at 0x1E785AF8>, 409000001: <toontown.distributed.ToontownDistrict.ToontownDistrict instance at 0x1E7859E0>, 401000001: <toontown.distributed.ToontownDistrict.ToontownDistrict instance at 0x1E4B7300>, 402000001: <toontown.distributed.ToontownDistrict.ToontownDistrict instance at 0x1E772918>, 419000001: <toontown.distributed.ToontownDistrict.ToontownDistrict instance at 0x1E785B70>, 411000001: <toontown.distributed.ToontownDistrict.ToontownDistrict instance at 0x1E785A08>, 404000001: <toontown.distributed.ToontownDistrict.ToontownDistrict instance at 0x1E785940>, 413000001: <toontown.distributed.ToontownDistrict.ToontownDistrict instance at 0x1E785AA8>, 415000001: <toontown.distributed.ToontownDistrict.ToontownDistrict instance at 0x1E785A80>, 408000001: <toontown.distributed.ToontownDistrict.ToontownDistrict instance at 0x1E7859B8>, 417000001: <toontown.distributed.ToontownDistrict.ToontownDistrict instance at 0x1E785B98>, 410000001: <toontown.distributed.ToontownDistrict.ToontownDistrict instance at 0x1E785B48>, 418000001: <toontown.distributed.ToontownDistrict.ToontownDistrict instance at 0x1E785B20>, 403000001: <toontown.distributed.ToontownDistrict.ToontownDistrict instance at 0x1E4B4328>, 412000001: <toontown.distributed.ToontownDistrict.ToontownDistrict instance at 0x1E785A58>, 405000001: <toontown.distributed.ToontownDistrict.ToontownDistrict instance at 0x1E7858A0>, 420000001: <toontown.distributed.ToontownDistrict.ToontownDistrict instance at 0x1E785BC0>}
__handleAvatarChooserDone: 100000013, 'Little Zippy', ('rsl', 'ls', 'l', 'm', 19, 0, 19, 19, 10, 9, 0, 9, 7, 0), 1
2
Reading DNA file... phase_4/dna/storage.pdna
Reading DNA file... phase_3.5/dna/storage_interior.pdna
Reading DNA file... phase_8/dna/storage_BR.pdna
Reading DNA file... phase_8/dna/storage_BR_sz.pdna
Reading DNA file... phase_8/dna/the_burrrgh_sz.pdna
empty flat building with no walls
1
5
collecting new task
setting movie hook function
1
5
collecting new task
setting movie hook function
1
5
collecting new task
setting movie hook function
1
5
collecting new task
setting movie hook function
1
5
collecting new task
setting movie hook function
1
5
collecting new task
setting movie hook function
1
5
collecting new task
setting movie hook function
1
5
collecting new task
setting movie hook function
1
5
collecting new task
setting movie hook function
iterating quest
iterating quest
iterating quest
1
1
Doing task
Doing building quest
starting
Teleporting back
Reading DNA file... phase_5/dna/storage_town.pdna
Reading DNA file... phase_8/dna/storage_BR_town.pdna
Reading DNA file... phase_8/dna/the_burrrgh_3100.pdna
empty flat building with no walls
Battle Event localtoon-battle-event-3
Battle Event localtoon-battle-event-8
Battle Event localtoon-battle-event-13
Battle Event localtoon-battle-event-18
Battle Event localtoon-battle-event-23
Reading DNA file... phase_5/dna/storage_town.pdna
Reading DNA file... phase_8/dna/storage_BR_town.pdna
Reading DNA file... phase_8/dna/the_burrrgh_3100.pdna
empty flat building with no walls
Battle Event localtoon-battle-event-28
Battle Event localtoon-battle-event-33
Battle Event localtoon-battle-event-38
Battle Event localtoon-battle-event-43
Reading DNA file... phase_5/dna/storage_town.pdna
Reading DNA file... phase_8/dna/storage_BR_town.pdna
Reading DNA file... phase_8/dna/the_burrrgh_3100.pdna
empty flat building with no walls
frame rate: 24.4 fps|0.078d|6 avs||331|334||0x1002|0x6738|498.8MB|523.8MB|16330.4MB|515|nt.2.6.2|3.300,3.300|3,6 cpus|OpenGL
Battle Event localtoon-battle-event-48
Battle Event localtoon-battle-event-53
Battle Event localtoon-battle-event-58
Battle Event localtoon-battle-event-63
Battle Event localtoon-battle-event-68
Reading DNA file... phase_5/dna/storage_town.pdna
Reading DNA file... phase_8/dna/storage_BR_town.pdna
Reading DNA file... phase_8/dna/the_burrrgh_3100.pdna
empty flat building with no walls
Battle Event localtoon-battle-event-73
Battle Event localtoon-battle-event-78
Battle Event localtoon-battle-event-83
Battle Event localtoon-battle-event-88
Battle Event localtoon-battle-event-93
Reading DNA file... phase_5/dna/storage_town.pdna
Reading DNA file... phase_8/dna/storage_BR_town.pdna
Reading DNA file... phase_8/dna/the_burrrgh_3100.pdna
empty flat building with no walls
Battle Event localtoon-battle-event-98
Battle Event localtoon-battle-event-103
frame rate: 26.8 fps|0.077d|0 avs||631|634||0x1002|0x6738|558.6MB|583.9MB|16330.4MB|538|nt.2.6.2|3.300,3.300|3,6 cpus|OpenGL
Battle Event localtoon-battle-event-108
Battle Event localtoon-battle-event-113
Reading DNA file... phase_5/dna/storage_town.pdna
Reading DNA file... phase_8/dna/storage_BR_town.pdna
Reading DNA file... phase_8/dna/the_burrrgh_3100.pdna
empty flat building with no walls
Teleporting back
Reading DNA file... phase_5/dna/storage_town.pdna
Reading DNA file... phase_8/dna/storage_BR_town.pdna
Reading DNA file... phase_8/dna/the_burrrgh_3200.pdna
Battle Event localtoon-battle-event-118
Battle Event localtoon-battle-event-123
Battle Event localtoon-battle-event-128
Battle Event localtoon-battle-event-133
Battle Event localtoon-battle-event-138
Reading DNA file... phase_5/dna/storage_town.pdna
Reading DNA file... phase_8/dna/storage_BR_town.pdna
Reading DNA file... phase_8/dna/the_burrrgh_3200.pdna
Battle Event localtoon-battle-event-143
Battle Event localtoon-battle-event-148
Battle Event localtoon-battle-event-153
Battle Event localtoon-battle-event-158
Reading DNA file... phase_5/dna/storage_town.pdna
Reading DNA file... phase_8/dna/storage_BR_town.pdna
Reading DNA file... phase_8/dna/the_burrrgh_3200.pdna
frame rate: 13.6 fps|0.224d|6 avs||931|934||0x1002|0x6738|670.6MB|697.7MB|16330.4MB|589|nt.2.6.2|3.300,3.300|3,6 cpus|OpenGL
Battle Event localtoon-battle-event-163
Battle Event localtoon-battle-event-168
Battle Event localtoon-battle-event-173
Battle Event localtoon-battle-event-178
Reading DNA file... phase_5/dna/storage_town.pdna
Reading DNA file... phase_8/dna/storage_BR_town.pdna
Reading DNA file... phase_8/dna/the_burrrgh_3200.pdna
Teleporting back
Reading DNA file... phase_5/dna/storage_town.pdna
Reading DNA file... phase_8/dna/storage_BR_town.pdna
Reading DNA file... phase_8/dna/the_burrrgh_3300.pdna
Battle Event localtoon-battle-event-183
Battle Event localtoon-battle-event-188
Battle Event localtoon-battle-event-193
Battle Event localtoon-battle-event-198
Reading DNA file... phase_8/dna/storage_BR_sz.pdna
Reading DNA file... phase_8/dna/the_burrrgh_sz.pdna
empty flat building with no walls
Teleporting back
Teleporting back
Teleporting back
Teleporting back
Teleporting back
Teleporting back
Teleporting back
Teleporting back
Teleporting back
Reading DNA file... phase_5/dna/storage_town.pdna
Reading DNA file... phase_8/dna/storage_BR_town.pdna
Reading DNA file... phase_8/dna/the_burrrgh_3300.pdna
Battle Event localtoon-battle-event-203
Battle Event localtoon-battle-event-208
Battle Event localtoon-battle-event-213
frame rate: 39.8 fps|0.025d|5 avs||1231|1234||0x1002|0x6738|730.3MB|758.5MB|16330.4MB|653|nt.2.6.2|3.300,3.300|3,6 cpus|OpenGL
Battle Event localtoon-battle-event-218
Reading DNA file... phase_8/dna/storage_BR_sz.pdna
Reading DNA file... phase_8/dna/the_burrrgh_sz.pdna
empty flat building with no walls
Teleporting back
Teleporting back
Teleporting back
Teleporting back
Teleporting back
Teleporting back
Teleporting back
Teleporting back
Teleporting back
Reading DNA file... phase_5/dna/storage_town.pdna
Reading DNA file... phase_8/dna/storage_BR_town.pdna
Reading DNA file... phase_8/dna/the_burrrgh_3300.pdna
Battle Event localtoon-battle-event-223
Battle Event localtoon-battle-event-228
Battle Event localtoon-battle-event-233
Battle Event localtoon-battle-event-238
Reading DNA file... phase_8/dna/storage_BR_sz.pdna
Reading DNA file... phase_8/dna/the_burrrgh_sz.pdna
empty flat building with no walls
Teleporting back
Teleporting back
Teleporting back
Teleporting back
Teleporting back
Teleporting back
Teleporting back
Teleporting back
Teleporting back
Reading DNA file... phase_5/dna/storage_town.pdna
Reading DNA file... phase_8/dna/storage_BR_town.pdna
Reading DNA file... phase_8/dna/the_burrrgh_3300.pdna
Battle Event localtoon-battle-event-243
Reading DNA file... phase_8/dna/storage_BR_sz.pdna
Reading DNA file... phase_8/dna/the_burrrgh_sz.pdna
empty flat building with no walls
Teleporting back
Teleporting back
Teleporting back
Teleporting back
Teleporting back
Teleporting back
Teleporting back
Teleporting back
Teleporting back
Reading DNA file... phase_5/dna/storage_town.pdna
Reading DNA file... phase_8/dna/storage_BR_town.pdna
Reading DNA file... phase_8/dna/the_burrrgh_3300.pdna
frame rate: 12.5 fps|0.216d|8 avs||1531|1534||0x1002|0x6738|632.5MB|797.1MB|16330.4MB|748|nt.2.6.2|3.300,3.300|3,6 cpus|OpenGL
Battle Event localtoon-battle-event-248
Battle Event localtoon-battle-event-253
Battle Event localtoon-battle-event-258
Battle Event localtoon-battle-event-263
Reading DNA file... phase_8/dna/storage_BR_sz.pdna
Reading DNA file... phase_8/dna/the_burrrgh_sz.pdna
empty flat building with no walls
Teleporting back
Teleporting back
Teleporting back
Teleporting back
Teleporting back
Teleporting back
Teleporting back
Teleporting back
Teleporting back
Reading DNA file... phase_5/dna/storage_town.pdna
Reading DNA file... phase_8/dna/storage_BR_town.pdna
Reading DNA file... phase_8/dna/the_burrrgh_3300.pdna
Battle Event localtoon-battle-event-268
Battle Event localtoon-battle-event-273
Battle Event localtoon-battle-event-278
Battle Event localtoon-battle-event-283
Reading DNA file... phase_8/dna/storage_BR_sz.pdna
Reading DNA file... phase_8/dna/the_burrrgh_sz.pdna
empty flat building with no walls
Teleporting back
Teleporting back
Teleporting back
Teleporting back
Teleporting back
Teleporting back
Teleporting back
Teleporting back
Teleporting back
Reading DNA file... phase_5/dna/storage_town.pdna
Reading DNA file... phase_8/dna/storage_BR_town.pdna
Reading DNA file... phase_8/dna/the_burrrgh_3300.pdna
frame rate: 19.3 fps|0.029d|2 avs||1831|1834||0x1002|0x6738|654.5MB|819.4MB|16330.4MB|814|nt.2.6.2|3.300,3.300|3,6 cpus|OpenGL
Battle Event localtoon-battle-event-288
Battle Event localtoon-battle-event-293
Battle Event localtoon-battle-event-298
Battle Event localtoon-battle-event-303
Reading DNA file... phase_8/dna/storage_BR_sz.pdna
Reading DNA file... phase_8/dna/the_burrrgh_sz.pdna
empty flat building with no walls
Teleporting back
Teleporting back
Teleporting back
Teleporting back
Teleporting back
Teleporting back
Teleporting back
Teleporting back
Teleporting back
Reading DNA file... phase_5/dna/storage_town.pdna
Reading DNA file... phase_8/dna/storage_BR_town.pdna
Reading DNA file... phase_8/dna/the_burrrgh_3300.pdna
Battle Event localtoon-battle-event-308
Battle Event localtoon-battle-event-313
Battle Event localtoon-battle-event-318
Battle Event localtoon-battle-event-323
Reading DNA file... phase_5/dna/storage_town.pdna
Reading DNA file... phase_8/dna/storage_BR_town.pdna
Reading DNA file... phase_8/dna/the_burrrgh_3300.pdna
Battle Event localtoon-battle-event-328
Battle Event localtoon-battle-event-333
Battle Event localtoon-battle-event-338
frame rate: 23.5 fps|0.059d|6 avs||2131|2134||0x1002|0x6738|676.5MB|841.1MB|16330.4MB|852|nt.2.6.2|3.300,3.300|3,6 cpus|OpenGL
Battle Event localtoon-battle-event-343
Reading DNA file... phase_8/dna/storage_BR_sz.pdna
Reading DNA file... phase_8/dna/the_burrrgh_sz.pdna
empty flat building with no walls
Teleporting back
Teleporting back
Teleporting back
Teleporting back
Teleporting back
Teleporting back
Teleporting back
Teleporting back
Teleporting back
Reading DNA file... phase_5/dna/storage_town.pdna
Reading DNA file... phase_8/dna/storage_BR_town.pdna
Reading DNA file... phase_8/dna/the_burrrgh_3300.pdna
Reading DNA file... phase_4/dna/storage.pdna
Reading DNA file... phase_3.5/dna/storage_interior.pdna
Reading DNA file... phase_8/dna/storage_BR.pdna
Reading DNA file... phase_5/dna/storage_town.pdna
Reading DNA file... phase_8/dna/storage_BR_town.pdna
Reading DNA file... phase_8/dna/the_burrrgh_3100.pdna
empty flat building with no walls
Battle Event localtoon-battle-event-348
Battle Event localtoon-battle-event-353
Battle Event localtoon-battle-event-358
Battle Event localtoon-battle-event-363
Reading DNA file... phase_5/dna/storage_town.pdna
Reading DNA file... phase_8/dna/storage_BR_town.pdna
Reading DNA file... phase_8/dna/the_burrrgh_3100.pdna
empty flat building with no walls
Battle Event localtoon-battle-event-368
Battle Event localtoon-battle-event-373
Battle Event localtoon-battle-event-378
Battle Event localtoon-battle-event-383
Reading DNA file... phase_5/dna/storage_town.pdna
Reading DNA file... phase_8/dna/storage_BR_town.pdna
Reading DNA file... phase_8/dna/the_burrrgh_3100.pdna
empty flat building with no walls
Battle Event localtoon-battle-event-388
Battle Event localtoon-battle-event-393
Battle Event localtoon-battle-event-398
frame rate: 30.2 fps|0.035d|0 avs||2524|2527||0x1002|0x6738|714.6MB|895.9MB|16330.4MB|930|nt.2.6.2|3.300,3.300|3,6 cpus|OpenGL
Battle Event localtoon-battle-event-403
Reading DNA file... phase_5/dna/storage_town.pdna
Reading DNA file... phase_8/dna/storage_BR_town.pdna
Reading DNA file... phase_8/dna/the_burrrgh_3100.pdna
empty flat building with no walls
Battle Event localtoon-battle-event-408
Battle Event localtoon-battle-event-413
Battle Event localtoon-battle-event-418
Battle Event localtoon-battle-event-423
Reading DNA file... phase_5/dna/storage_town.pdna
Reading DNA file... phase_8/dna/storage_BR_town.pdna
Reading DNA file... phase_8/dna/the_burrrgh_3100.pdna
empty flat building with no walls
Battle Event localtoon-battle-event-428
Battle Event localtoon-battle-event-433
Battle Event localtoon-battle-event-438
Battle Event localtoon-battle-event-443
Reading DNA file... phase_5/dna/storage_town.pdna
Reading DNA file... phase_8/dna/storage_BR_town.pdna
Reading DNA file... phase_8/dna/the_burrrgh_3100.pdna
empty flat building with no walls
Teleporting back
Reading DNA file... phase_5/dna/storage_town.pdna
Reading DNA file... phase_8/dna/storage_BR_town.pdna
Reading DNA file... phase_8/dna/the_burrrgh_3200.pdna
Battle Event localtoon-battle-event-448
Battle Event localtoon-battle-event-453
frame rate: 26.0 fps|0.052d|2 avs||2824|2827||0x1002|0x6738|758.6MB|1005.5MB|16330.4MB|982|nt.2.6.2|3.300,3.300|3,6 cpus|OpenGL
Battle Event localtoon-battle-event-458
Reading DNA file... phase_8/dna/storage_BR_sz.pdna
Reading DNA file... phase_8/dna/the_burrrgh_sz.pdna
empty flat building with no walls
Teleporting back
Teleporting back
Teleporting back
Teleporting back
Teleporting back
Teleporting back
Teleporting back
Teleporting back
Teleporting back
Reading DNA file... phase_5/dna/storage_town.pdna
Reading DNA file... phase_8/dna/storage_BR_town.pdna
Reading DNA file... phase_8/dna/the_burrrgh_3200.pdna
Battle Event localtoon-battle-event-463
Battle Event localtoon-battle-event-468
Battle Event localtoon-battle-event-473
Battle Event localtoon-battle-event-478
Battle Event localtoon-battle-event-483
Reading DNA file... phase_5/dna/storage_town.pdna
Reading DNA file... phase_8/dna/storage_BR_town.pdna
Reading DNA file... phase_8/dna/the_burrrgh_3200.pdna
1
1
Doing task
1
1
Doing task
Reading DNA file... phase_4/dna/storage.pdna
Reading DNA file... phase_3.5/dna/storage_interior.pdna
Reading DNA file... phase_4/dna/storage_TT.pdna
Reading DNA file... phase_4/dna/storage_TT_sz.pdna
Reading DNA file... phase_4/dna/toontown_central_sz.pdna
1
1
1
1
0
1
collecting new task
setting movie hook function
iterating quest
attemping to pick quest
100
1
1
Doing task
1
1
Doing task
Reading DNA file... phase_4/dna/storage.pdna
Reading DNA file... phase_3.5/dna/storage_interior.pdna
Reading DNA file... phase_8/dna/storage_DL.pdna
Reading DNA file... phase_5/dna/storage_town.pdna
Reading DNA file... phase_8/dna/storage_DL_town.pdna
Reading DNA file... phase_8/dna/donalds_dreamland_9100.pdna
Battle Event localtoon-battle-event-488
Battle Event localtoon-battle-event-494
Battle Event localtoon-battle-event-500
Battle Event localtoon-battle-event-506
Battle Event localtoon-battle-event-512
Battle Event localtoon-battle-event-518
Battle Event localtoon-battle-event-524
Battle Event localtoon-battle-event-530
Battle Event localtoon-battle-event-536
Battle Event localtoon-battle-event-542
frame rate: 16.4 fps|0.078d|7 avs||3124|3127||0x1002|0x6738|788.0MB|1113.3MB|16330.4MB|1220|nt.2.6.2|3.300,3.300|3,6 cpus|OpenGL
Battle Event localtoon-battle-event-548
Battle Event localtoon-battle-event-554
Battle Event localtoon-battle-event-560
Battle Event localtoon-battle-event-566
Battle Event localtoon-battle-event-572
Battle Event localtoon-battle-event-578
Battle Event localtoon-battle-event-584
Battle Event localtoon-battle-event-590
Battle Event localtoon-battle-event-596
Battle Event localtoon-battle-event-602
Battle Event localtoon-battle-event-608
Battle Event localtoon-battle-event-614
Battle Event localtoon-battle-event-620
Battle Event localtoon-battle-event-626
Battle Event localtoon-battle-event-632
Battle Event localtoon-battle-event-638
Battle Event localtoon-battle-event-644
Battle Event localtoon-battle-event-650
Battle Event localtoon-battle-event-656
Battle Event localtoon-battle-event-662
Battle Event localtoon-battle-event-668
Battle Event localtoon-battle-event-674
Battle Event localtoon-battle-event-680
Battle Event localtoon-battle-event-686
Battle Event localtoon-battle-event-692
Battle Event localtoon-battle-event-698
Battle Event localtoon-battle-event-704
Battle Event localtoon-battle-event-710
Battle Event localtoon-battle-event-716
Battle Event localtoon-battle-event-722
Battle Event localtoon-battle-event-728
Battle Event localtoon-battle-event-734
Battle Event localtoon-battle-event-740
TIMER startTime 3344
Battle Event localtoon-battle-event-746
Battle Event localtoon-battle-event-752
Battle Event localtoon-battle-event-758
Battle Event localtoon-battle-event-764
Battle Event localtoon-battle-event-770
Battle Event localtoon-battle-event-776
Battle Event localtoon-battle-event-782
Battle Event localtoon-battle-event-788
Battle Event localtoon-battle-event-794
Battle Event localtoon-battle-event-800
Battle Event localtoon-battle-event-806
Battle Event localtoon-battle-event-812
TIMER startTime 3344
Battle Event localtoon-battle-event-818
Battle Event localtoon-battle-event-824
Battle Event localtoon-battle-event-830
Battle Event localtoon-battle-event-836
Battle Event localtoon-battle-event-842
Battle Event localtoon-battle-event-848
Battle Event localtoon-battle-event-854
frame rate: 17.5 fps|0.062d|4 avs||3424|3427||0x1002|0x6738|777.8MB|1127.3MB|16330.4MB|1228|nt.2.6.2|3.300,3.300|3,6 cpus|OpenGL
Battle Event localtoon-battle-event-860
Battle Event localtoon-battle-event-866
Battle Event localtoon-battle-event-872
Battle Event localtoon-battle-event-878
Battle Event localtoon-battle-event-884
Battle Event localtoon-battle-event-890
Battle Event localtoon-battle-event-896
Battle Event localtoon-battle-event-902
1
5
collecting new task
setting movie hook function
iterating quest
attemping to pick quest
205
2
5
collecting new task
setting movie hook function
iterating quest
attemping to pick quest
101
3
5
collecting new task
setting movie hook function
iterating quest
attemping to pick quest
102
4
5
Doing task
3
5
collecting new task
setting movie hook function
iterating quest
attemping to pick quest
103
4
5
Doing task
Reading DNA file... phase_4/dna/storage.pdna
Reading DNA file... phase_3.5/dna/storage_interior.pdna
Reading DNA file... phase_4/dna/storage_TT.pdna
Reading DNA file... phase_4/dna/storage_TT_sz.pdna
Reading DNA file... phase_4/dna/toontown_central_sz.pdna
