TTLocalizer: Running in language: english
from toontown.toonbase.TTLocalizerEnglish import *
OTPLocalizer: Running in language: english
from otp.otpbase.OTPLocalizerEnglish import *
Preloading suits...
Preloading Toon heads...
Preloading avatars...
Traceback (most recent call last):
  File "D:\Documents\ToontownSourcecode\src\toontown\toonbase\ClientStart.py", line 240, in loadScripts
    execfile('mods/'+scriptName,globals())
  File "mods/Compilation.txt", line 206, in <module>
    toonAnywhere = DirectButton(text = ("Enable Toonup anywhere", "ENABLE TOONUP ANYWHERE", "enable toonup anywhere", "enable toonup anywhere"), scale=.06, pos = (-1,-0,-.3), command=ToonupAnywhere.toonUpSetUp)
NameError: name 'ToonupAnywhere' is not defined

phase_3.5/models/gui/friendslist_gui.bam
['Horiz_Arrow_UP', 'Horiz_Arrow_DN', 'Horiz_Arrow_Rllvr']
phase_3.5/models/gui/friendslist_gui.bam
['Horiz_Arrow_UP', 'Horiz_Arrow_DN', 'Horiz_Arrow_Rllvr']
phase_3.5/models/gui/friendslist_gui.bam
['Horiz_Arrow_UP', 'Horiz_Arrow_DN', 'Horiz_Arrow_Rllvr']
phase_3.5/models/gui/friendslist_gui.bam
['Horiz_Arrow_UP', 'Horiz_Arrow_DN', 'Horiz_Arrow_Rllvr']
phase_3.5/models/gui/friendslist_gui.bam
['FndsLst_ScrollUp', 'FndsLst_ScrollDN', 'FndsLst_ScrollUp_Rllvr']
phase_3.5/models/gui/friendslist_gui.bam
['FndsLst_ScrollUp', 'FndsLst_ScrollDN', 'FndsLst_ScrollUp_Rllvr']
phase_3.5/models/gui/friendslist_gui.bam
['Horiz_Arrow_UP', 'Horiz_Arrow_DN', 'Horiz_Arrow_Rllvr']
phase_3.5/models/gui/friendslist_gui.bam
['Horiz_Arrow_UP', 'Horiz_Arrow_DN', 'Horiz_Arrow_Rllvr']
phase_3.5/models/gui/friendslist_gui.bam
['Horiz_Arrow_UP', 'Horiz_Arrow_DN', 'Horiz_Arrow_Rllvr']
phase_3.5/models/gui/friendslist_gui.bam
['Horiz_Arrow_UP', 'Horiz_Arrow_DN', 'Horiz_Arrow_Rllvr']
phase_3/models/gui/quit_button.bam
['QuitBtn_UP', 'QuitBtn_DN', 'QuitBtn_RLVR']
phase_3/models/gui/quit_button.bam
['QuitBtn_UP', 'QuitBtn_DN', 'QuitBtn_RLVR']
phase_3/models/gui/quit_button.bam
['QuitBtn_UP', 'QuitBtn_DN', 'QuitBtn_RLVR']
phase_3/models/gui/quit_button.bam
['QuitBtn_UP', 'QuitBtn_DN', 'QuitBtn_RLVR']
test2
{401000001: <toontown.distributed.ToontownDistrict.ToontownDistrict instance at 0x1E4B7300>}
__handleAvatarChooserDone: 100000013, 'Little Zippy', ('rsl', 'ls', 'l', 'm', 19, 0, 19, 19, 10, 9, 0, 9, 7, 0), 1
2
Reading DNA file... phase_4/dna/storage.pdna
Reading DNA file... phase_3.5/dna/storage_interior.pdna
Reading DNA file... phase_8/dna/storage_DG.pdna
Reading DNA file... phase_8/dna/storage_DG_sz.pdna
Reading DNA file... phase_8/dna/daisys_garden_sz.pdna
phase_3.5/models/gui/friendslist_gui.bam
['Horiz_Arrow_UP', 'Horiz_Arrow_DN', 'Horiz_Arrow_Rllvr']
phase_3.5/models/gui/friendslist_gui.bam
['Horiz_Arrow_UP', 'Horiz_Arrow_DN', 'Horiz_Arrow_Rllvr']
phase_3/models/gui/quit_button.bam
['QuitBtn_UP', 'QuitBtn_DN', 'QuitBtn_RLVR']
phase_3/models/gui/quit_button.bam
['QuitBtn_UP', 'QuitBtn_DN', 'QuitBtn_RLVR']
phase_3/models/gui/quit_button.bam
['QuitBtn_UP', 'QuitBtn_DN', 'QuitBtn_RLVR']
phase_3/models/gui/quit_button.bam
['QuitBtn_UP', 'QuitBtn_DN', 'QuitBtn_RLVR']
phase_3/models/gui/quit_button.bam
['QuitBtn_UP', 'QuitBtn_DN', 'QuitBtn_RLVR']
Reading DNA file... phase_4/dna/storage.pdna
Reading DNA file... phase_3.5/dna/storage_interior.pdna
test
spec = {'parentEntId': 10064, 'pos': LPoint3f(0, 0, 0)}
h = None
Battle Event localtoon-battle-event-3
Battle Event localtoon-battle-event-9
Battle Event localtoon-battle-event-16
test
spec = {'parentEntId': 10064, 'pos': LPoint3f(0, 0, 0)}
h = None
Battle Event localtoon-battle-event-23
Battle Event localtoon-battle-event-29
Battle Event localtoon-battle-event-36
test
spec = {'parentEntId': 10014, 'pos': LPoint3f(0, 0, 0)}
h = None
Battle Event localtoon-battle-event-43
spec = {'parentEntId': 10064, 'pos': LPoint3f(0, 0, 0)}
h = None
Battle Event localtoon-battle-event-49
spec = {'parentEntId': 10064, 'pos': LPoint3f(0, 0, 0)}
h = None
Battle Event localtoon-battle-event-55
Battle Event localtoon-battle-event-61
Battle Event localtoon-battle-event-68
frame rate: 15.0 fps|0.095d|4 avs||329|332||0x1002|0x6738|463.8MB|489.4MB|16330.4MB|545|nt.2.6.2|3.300,3.300|3,6 cpus|OpenGL
test
spec = {'parentEntId': 10014, 'pos': LPoint3f(0, 0, 0)}
h = None
Battle Event localtoon-battle-event-75
spec = {'parentEntId': 10037, 'pos': LPoint3f(0, 0, 0)}
h = None
Battle Event localtoon-battle-event-81
spec = {'parentEntId': 10064, 'pos': LPoint3f(0, 0, 0)}
h = None
Battle Event localtoon-battle-event-87
Battle Event localtoon-battle-event-93
Battle Event localtoon-battle-event-100
test
spec = {'parentEntId': 10014, 'pos': LPoint3f(0, 0, 0)}
h = None
Battle Event localtoon-battle-event-107
spec = {'parentEntId': 10037, 'pos': LPoint3f(0, 0, 0)}
h = None
Battle Event localtoon-battle-event-113
spec = {'parentEntId': 10064, 'pos': LPoint3f(0, 0, 0)}
h = None
Battle Event localtoon-battle-event-119
Battle Event localtoon-battle-event-125
Battle Event localtoon-battle-event-132
test
spec = {'parentEntId': 10014, 'pos': LPoint3f(0, 0, 0)}
h = None
Battle Event localtoon-battle-event-139
spec = {'parentEntId': 10064, 'pos': LPoint3f(0, 0, 0)}
h = None
Battle Event localtoon-battle-event-145
Battle Event localtoon-battle-event-151
Battle Event localtoon-battle-event-158
test
spec = {'parentEntId': 10014, 'pos': LPoint3f(0, 0, 0)}
h = None
Battle Event localtoon-battle-event-165
spec = {'parentEntId': 10064, 'pos': LPoint3f(0, 0, 0)}
h = None
Battle Event localtoon-battle-event-171
frame rate: 11.6 fps|0.086d|4 avs||629|632||0x1002|0x6738|464.6MB|490.2MB|16330.4MB|573|nt.2.6.2|3.300,3.300|3,6 cpus|OpenGL
Battle Event localtoon-battle-event-177
Battle Event localtoon-battle-event-184
test
spec = {'parentEntId': 10014, 'pos': LPoint3f(0, 0, 0)}
h = None
Battle Event localtoon-battle-event-191
spec = {'parentEntId': 10037, 'pos': LPoint3f(0, 0, 0)}
h = None
Battle Event localtoon-battle-event-197
spec = {'parentEntId': 10064, 'pos': LPoint3f(0, 0, 0)}
h = None
Battle Event localtoon-battle-event-203
Battle Event localtoon-battle-event-209
Battle Event localtoon-battle-event-216
test
spec = {'parentEntId': 10014, 'pos': LPoint3f(0, 0, 0)}
h = None
Battle Event localtoon-battle-event-223
spec = {'parentEntId': 10037, 'pos': LPoint3f(0, 0, 0)}
h = None
Battle Event localtoon-battle-event-229
spec = {'parentEntId': 10030, 'pos': LPoint3f(0, 0, 0)}
h = None
Battle Event localtoon-battle-event-235
spec = {'parentEntId': 10064, 'pos': LPoint3f(0, 0, 0)}
h = None
Battle Event localtoon-battle-event-241
Battle Event localtoon-battle-event-247
Battle Event localtoon-battle-event-254
test
frame rate: 15.2 fps|0.057d|15 avs||929|932||0x1002|0x6738|470.9MB|497.6MB|16330.4MB|598|nt.2.6.2|3.300,3.300|3,6 cpus|OpenGL
spec = {'parentEntId': 10014, 'pos': LPoint3f(0, 0, 0)}
h = None
Battle Event localtoon-battle-event-261
spec = {'parentEntId': 10037, 'pos': LPoint3f(0, 0, 0)}
h = None
Battle Event localtoon-battle-event-267
spec = {'parentEntId': 10030, 'pos': LPoint3f(0, 0, 0)}
h = None
Battle Event localtoon-battle-event-273
spec = {'parentEntId': 10023, 'pos': LPoint3f(0, 0, 0)}
h = None
Battle Event localtoon-battle-event-279
spec = {'parentEntId': 10032, 'pos': LPoint3f(0, 0, 0)}
h = None
Battle Event localtoon-battle-event-285
spec = {'parentEntId': 10064, 'pos': LPoint3f(0, 0, 0)}
h = None
Battle Event localtoon-battle-event-291
Battle Event localtoon-battle-event-297
Battle Event localtoon-battle-event-304
test
spec = {'parentEntId': 10014, 'pos': LPoint3f(0, 0, 0)}
h = None
Battle Event localtoon-battle-event-311
spec = {'parentEntId': 10037, 'pos': LPoint3f(0, 0, 0)}
h = None
Battle Event localtoon-battle-event-317
spec = {'parentEntId': 10064, 'pos': LPoint3f(0, 0, 0)}
h = None
Battle Event localtoon-battle-event-323
Battle Event localtoon-battle-event-329
Battle Event localtoon-battle-event-336
test
spec = {'parentEntId': 10014, 'pos': LPoint3f(0, 0, 0)}
h = None
Battle Event localtoon-battle-event-343
spec = {'parentEntId': 10037, 'pos': LPoint3f(0, 0, 0)}
h = None
Battle Event localtoon-battle-event-349
spec = {'parentEntId': 10030, 'pos': LPoint3f(0, 0, 0)}
h = None
Battle Event localtoon-battle-event-355
spec = {'parentEntId': 10064, 'pos': LPoint3f(0, 0, 0)}
h = None
Battle Event localtoon-battle-event-361
frame rate: 13.8 fps|0.075d|5 avs||1229|1232||0x1002|0x6738|485.3MB|512.9MB|16330.4MB|617|nt.2.6.2|3.300,3.300|3,6 cpus|OpenGL
Battle Event localtoon-battle-event-367
Battle Event localtoon-battle-event-374
test
spec = {'parentEntId': 10014, 'pos': LPoint3f(0, 0, 0)}
h = None
Battle Event localtoon-battle-event-381
spec = {'parentEntId': 10037, 'pos': LPoint3f(0, 0, 0)}
h = None
Battle Event localtoon-battle-event-387
spec = {'parentEntId': 10030, 'pos': LPoint3f(0, 0, 0)}
h = None
Battle Event localtoon-battle-event-393
spec = {'parentEntId': 10023, 'pos': LPoint3f(0, 0, 0)}
h = None
Battle Event localtoon-battle-event-399
spec = {'parentEntId': 10032, 'pos': LPoint3f(0, 0, 0)}
h = None
Battle Event localtoon-battle-event-405
spec = {'parentEntId': 10064, 'pos': LPoint3f(0, 0, 0)}
h = None
Battle Event localtoon-battle-event-411
Battle Event localtoon-battle-event-417
Battle Event localtoon-battle-event-424
test
spec = {'parentEntId': 10014, 'pos': LPoint3f(0, 0, 0)}
h = None
Battle Event localtoon-battle-event-431
spec = {'parentEntId': 10037, 'pos': LPoint3f(0, 0, 0)}
h = None
Battle Event localtoon-battle-event-437
spec = {'parentEntId': 10030, 'pos': LPoint3f(0, 0, 0)}
h = None
Battle Event localtoon-battle-event-443
spec = {'parentEntId': 10032, 'pos': LPoint3f(0, 0, 0)}
h = None
Battle Event localtoon-battle-event-449
spec = {'parentEntId': 10023, 'pos': LPoint3f(0, 0, 0)}
h = None
Battle Event localtoon-battle-event-455
spec = {'parentEntId': 10064, 'pos': LPoint3f(0, 0, 0)}
h = None
Battle Event localtoon-battle-event-461
frame rate: 5.8 fps|0.128d|37 avs||1532|1535||0x1002|0x6738|511.1MB|537.3MB|16330.4MB|642|nt.2.6.2|3.300,3.300|3,6 cpus|OpenGL
Battle Event localtoon-battle-event-467
Battle Event localtoon-battle-event-474
test
spec = {'parentEntId': 10014, 'pos': LPoint3f(0, 0, 0)}
h = None
Battle Event localtoon-battle-event-481
spec = {'parentEntId': 10037, 'pos': LPoint3f(0, 0, 0)}
h = None
Battle Event localtoon-battle-event-487
spec = {'parentEntId': 10030, 'pos': LPoint3f(0, 0, 0)}
h = None
Battle Event localtoon-battle-event-493
spec = {'parentEntId': 10023, 'pos': LPoint3f(0, 0, 0)}
h = None
Battle Event localtoon-battle-event-499
spec = {'parentEntId': 10032, 'pos': LPoint3f(0, 0, 0)}
h = None
Battle Event localtoon-battle-event-505
spec = {'parentEntId': 10034, 'pos': LPoint3f(0, 0, 0)}
h = None
Battle Event localtoon-battle-event-511
spec = {'parentEntId': 20058, 'pos': LPoint3f(0, 0, 0)}
h = None
Battle Event localtoon-battle-event-517
spec = {'parentEntId': 10064, 'pos': LPoint3f(0, 0, 0)}
h = None
Battle Event localtoon-battle-event-523
Battle Event localtoon-battle-event-529
Battle Event localtoon-battle-event-536
OnscreenText.configure: mayChange == 0
OnscreenText.configure: mayChange == 0
OnscreenText.configure: mayChange == 0
OnscreenText.configure: mayChange == 0
OnscreenText.configure: mayChange == 0
OnscreenText.configure: mayChange == 0
OnscreenText.configure: mayChange == 0
OnscreenText.configure: mayChange == 0
