TTLocalizer: Running in language: english
from toontown.toonbase.TTLocalizerEnglish import *
OTPLocalizer: Running in language: english
from otp.otpbase.OTPLocalizerEnglish import *
Traceback (most recent call last):
  File "D:\Documents\ToontownSourcecode\Panda3D-1.9.0\python\lib\runpy.py", line 162, in _run_module_as_main
    "__main__", fname, loader, pkg_name)
  File "D:\Documents\ToontownSourcecode\Panda3D-1.9.0\python\lib\runpy.py", line 72, in _run_code
    exec code in run_globals
  File "D:\Documents\ToontownSourcecode\Toontown\toontown\toonbase\ClientStart.py", line 108, in <module>
    ToonBase.ToonBase()
  File "toontown\toonbase\ToonBase.py", line 255, in __init__
    taskMgr.add(self.kek, 'tk test')
  File "D:\Documents\ToontownSourcecode\Panda3D-1.9.0\direct\task\Task.py", line 366, in add
    task = self.__setupTask(funcOrTask, name, priority, sort, extraArgs, taskChain, appendTask, owner, uponDeath)
  File "D:\Documents\ToontownSourcecode\Panda3D-1.9.0\direct\task\Task.py", line 377, in __setupTask
    'add: Tried to add a task that was not a Task or a func')
  File "D:\Documents\ToontownSourcecode\Panda3D-1.9.0\direct\directnotify\Notifier.py", line 136, in error
    raise exception(errorString)
StandardError: add: Tried to add a task that was not a Task or a func
