TTLocalizer: Running in language: english
from toontown.toonbase.TTLocalizerEnglish import *
OTPLocalizer: Running in language: english
from otp.otpbase.OTPLocalizerEnglish import *
Preloading suits...
Preloading Toon heads...
Preloading avatars...
Traceback (most recent call last):
  File "D:\Documents\ToontownSourcecode\src\toontown\toonbase\ClientStart.py", line 240, in loadScripts
    execfile('mods/'+scriptName,globals())
  File "mods/Compilation.txt", line 206, in <module>
    toonAnywhere = DirectButton(text = ("Enable Toonup anywhere", "ENABLE TOONUP ANYWHERE", "enable toonup anywhere", "enable toonup anywhere"), scale=.06, pos = (-1,-0,-.3), command=ToonupAnywhere.toonUpSetUp)
NameError: name 'ToonupAnywhere' is not defined

phase_3.5/models/gui/friendslist_gui.bam
['Horiz_Arrow_UP', 'Horiz_Arrow_DN', 'Horiz_Arrow_Rllvr']
phase_3.5/models/gui/friendslist_gui.bam
['Horiz_Arrow_UP', 'Horiz_Arrow_DN', 'Horiz_Arrow_Rllvr']
phase_3.5/models/gui/friendslist_gui.bam
['Horiz_Arrow_UP', 'Horiz_Arrow_DN', 'Horiz_Arrow_Rllvr']
phase_3.5/models/gui/friendslist_gui.bam
['Horiz_Arrow_UP', 'Horiz_Arrow_DN', 'Horiz_Arrow_Rllvr']
phase_3.5/models/gui/friendslist_gui.bam
['FndsLst_ScrollUp', 'FndsLst_ScrollDN', 'FndsLst_ScrollUp_Rllvr']
phase_3.5/models/gui/friendslist_gui.bam
['FndsLst_ScrollUp', 'FndsLst_ScrollDN', 'FndsLst_ScrollUp_Rllvr']
phase_3.5/models/gui/friendslist_gui.bam
['Horiz_Arrow_UP', 'Horiz_Arrow_DN', 'Horiz_Arrow_Rllvr']
phase_3.5/models/gui/friendslist_gui.bam
['Horiz_Arrow_UP', 'Horiz_Arrow_DN', 'Horiz_Arrow_Rllvr']
phase_3.5/models/gui/friendslist_gui.bam
['Horiz_Arrow_UP', 'Horiz_Arrow_DN', 'Horiz_Arrow_Rllvr']
phase_3.5/models/gui/friendslist_gui.bam
['Horiz_Arrow_UP', 'Horiz_Arrow_DN', 'Horiz_Arrow_Rllvr']
phase_3/models/gui/quit_button.bam
['QuitBtn_UP', 'QuitBtn_DN', 'QuitBtn_RLVR']
phase_3/models/gui/quit_button.bam
['QuitBtn_UP', 'QuitBtn_DN', 'QuitBtn_RLVR']
phase_3/models/gui/quit_button.bam
['QuitBtn_UP', 'QuitBtn_DN', 'QuitBtn_RLVR']
phase_3/models/gui/quit_button.bam
['QuitBtn_UP', 'QuitBtn_DN', 'QuitBtn_RLVR']
test2
{414000001: <toontown.distributed.ToontownDistrict.ToontownDistrict instance at 0x1E74B940>, 406000001: <toontown.distributed.ToontownDistrict.ToontownDistrict instance at 0x1E74B760>, 407000001: <toontown.distributed.ToontownDistrict.ToontownDistrict instance at 0x1E74B7D8>, 416000001: <toontown.distributed.ToontownDistrict.ToontownDistrict instance at 0x1E74B990>, 409000001: <toontown.distributed.ToontownDistrict.ToontownDistrict instance at 0x1E74B918>, 401000001: <toontown.distributed.ToontownDistrict.ToontownDistrict instance at 0x1E4B6300>, 402000001: <toontown.distributed.ToontownDistrict.ToontownDistrict instance at 0x1E738EE0>, 419000001: <toontown.distributed.ToontownDistrict.ToontownDistrict instance at 0x1E74B9E0>, 411000001: <toontown.distributed.ToontownDistrict.ToontownDistrict instance at 0x1E74B8C8>, 404000001: <toontown.distributed.ToontownDistrict.ToontownDistrict instance at 0x1E74B7B0>, 413000001: <toontown.distributed.ToontownDistrict.ToontownDistrict instance at 0x1E74B9B8>, 415000001: <toontown.distributed.ToontownDistrict.ToontownDistrict instance at 0x1E74B968>, 408000001: <toontown.distributed.ToontownDistrict.ToontownDistrict instance at 0x1E74B828>, 417000001: <toontown.distributed.ToontownDistrict.ToontownDistrict instance at 0x1E74B8F0>, 410000001: <toontown.distributed.ToontownDistrict.ToontownDistrict instance at 0x1E74B850>, 418000001: <toontown.distributed.ToontownDistrict.ToontownDistrict instance at 0x1E74BA30>, 403000001: <toontown.distributed.ToontownDistrict.ToontownDistrict instance at 0x1E4B3328>, 412000001: <toontown.distributed.ToontownDistrict.ToontownDistrict instance at 0x1E74B878>, 405000001: <toontown.distributed.ToontownDistrict.ToontownDistrict instance at 0x1E74B710>, 420000001: <toontown.distributed.ToontownDistrict.ToontownDistrict instance at 0x1E74BA08>}
__handleAvatarChooserDone: 100000013, 'Little Zippy', ('rsl', 'ls', 'l', 'm', 19, 0, 19, 19, 10, 9, 0, 9, 7, 0), 1
2
Reading DNA file... phase_4/dna/storage.pdna
Reading DNA file... phase_3.5/dna/storage_interior.pdna
Reading DNA file... phase_6/dna/storage_MM.pdna
Reading DNA file... phase_6/dna/storage_MM_sz.pdna
Reading DNA file... phase_6/dna/minnies_melody_land_sz.pdna
phase_3.5/models/gui/friendslist_gui.bam
['Horiz_Arrow_UP', 'Horiz_Arrow_DN', 'Horiz_Arrow_Rllvr']
phase_3.5/models/gui/friendslist_gui.bam
['Horiz_Arrow_UP', 'Horiz_Arrow_DN', 'Horiz_Arrow_Rllvr']
phase_3/models/gui/quit_button.bam
['QuitBtn_UP', 'QuitBtn_DN', 'QuitBtn_RLVR']
phase_3/models/gui/quit_button.bam
['QuitBtn_UP', 'QuitBtn_DN', 'QuitBtn_RLVR']
phase_3/models/gui/quit_button.bam
['QuitBtn_UP', 'QuitBtn_DN', 'QuitBtn_RLVR']
phase_3/models/gui/quit_button.bam
['QuitBtn_UP', 'QuitBtn_DN', 'QuitBtn_RLVR']
phase_3/models/gui/quit_button.bam
['QuitBtn_UP', 'QuitBtn_DN', 'QuitBtn_RLVR']
phase_3/models/gui/quit_button.bam
['QuitBtn_UP', 'QuitBtn_DN', 'QuitBtn_RLVR']
phase_3/models/gui/quit_button.bam
['QuitBtn_UP', 'QuitBtn_DN', 'QuitBtn_RLVR']
phase_3/models/gui/quit_button.bam
['QuitBtn_UP', 'QuitBtn_DN', 'QuitBtn_RLVR']
phase_3/models/gui/quit_button.bam
['QuitBtn_UP', 'QuitBtn_DN', 'QuitBtn_RLVR']
phase_3/models/gui/quit_button.bam
['QuitBtn_UP', 'QuitBtn_DN', 'QuitBtn_RLVR']
phase_3/models/gui/quit_button.bam
['QuitBtn_UP', 'QuitBtn_DN', 'QuitBtn_RLVR']
phase_3/models/gui/quit_button.bam
['QuitBtn_UP', 'QuitBtn_DN', 'QuitBtn_RLVR']
phase_3/models/gui/quit_button.bam
['QuitBtn_UP', 'QuitBtn_DN', 'QuitBtn_RLVR']
phase_3/models/gui/quit_button.bam
['QuitBtn_UP', 'QuitBtn_DN', 'QuitBtn_RLVR']
phase_3/models/gui/quit_button.bam
['QuitBtn_UP', 'QuitBtn_DN', 'QuitBtn_RLVR']
phase_3/models/gui/quit_button.bam
['QuitBtn_UP', 'QuitBtn_DN', 'QuitBtn_RLVR']
Reading DNA file... phase_5/dna/storage_town.pdna
Reading DNA file... phase_6/dna/storage_MM_town.pdna
Reading DNA file... phase_6/dna/minnies_melody_land_4200.pdna
Exception occurred while processing Func-restock-28 of Sequence-39:
Sequence-39:
  0.000 Sequence-39 {
  0.000   *Func-attack-27
  0.000   Wait dur 1
  1.000   *Func-restock-28
  1.000   Wait dur 1
  2.000 }

Traceback (most recent call last):
  File "D:\Documents\ToontownSourcecode\Panda3D-1.9.0\direct\showbase\ShowBase.py", line 1801, in __ivalLoop
    IntervalManager.ivalMgr.step()
  File "D:\Documents\ToontownSourcecode\Panda3D-1.9.0\direct\interval\IntervalManager.py", line 96, in step
    self.__doPythonCallbacks()
  File "D:\Documents\ToontownSourcecode\Panda3D-1.9.0\direct\interval\IntervalManager.py", line 124, in __doPythonCallbacks
    self.ivals[index].privPostEvent()
  File "D:\Documents\ToontownSourcecode\Panda3D-1.9.0\direct\interval\MetaInterval.py", line 518, in privPostEvent
    self.__doPythonCallbacks()
  File "D:\Documents\ToontownSourcecode\Panda3D-1.9.0\direct\interval\MetaInterval.py", line 494, in __doPythonCallbacks
    ival.privDoEvent(t, eventType)
  File "D:\Documents\ToontownSourcecode\Panda3D-1.9.0\direct\interval\Interval.py", line 207, in privDoEvent
    self.privInstant()
  File "D:\Documents\ToontownSourcecode\Panda3D-1.9.0\direct\interval\FunctionInterval.py", line 88, in privInstant
    self.function(*self.extraArgs, **self.kw)
  File "Toon Bot/Scripts/BLDG Autoer.txt", line 683, in restock
    self.desiredLevel1=base.localAvatar.experience.getExpLevel(self.firstTrack)
AttributeError: BuildingAutoer instance has no attribute 'firstTrack'
Traceback (most recent call last):
  File "otp\otpbase\OTPBase.py", line 236, in run
    taskMgr.run()
  File "D:\Documents\ToontownSourcecode\Panda3D-1.9.0\direct\task\Task.py", line 502, in run
    self.step()
  File "D:\Documents\ToontownSourcecode\Panda3D-1.9.0\direct\task\Task.py", line 460, in step
    self.mgr.poll()
  File "D:\Documents\ToontownSourcecode\Panda3D-1.9.0\direct\showbase\ShowBase.py", line 1801, in __ivalLoop
    IntervalManager.ivalMgr.step()
  File "D:\Documents\ToontownSourcecode\Panda3D-1.9.0\direct\interval\IntervalManager.py", line 96, in step
    self.__doPythonCallbacks()
  File "D:\Documents\ToontownSourcecode\Panda3D-1.9.0\direct\interval\IntervalManager.py", line 124, in __doPythonCallbacks
    self.ivals[index].privPostEvent()
  File "D:\Documents\ToontownSourcecode\Panda3D-1.9.0\direct\interval\MetaInterval.py", line 518, in privPostEvent
    self.__doPythonCallbacks()
  File "D:\Documents\ToontownSourcecode\Panda3D-1.9.0\direct\interval\MetaInterval.py", line 494, in __doPythonCallbacks
    ival.privDoEvent(t, eventType)
  File "D:\Documents\ToontownSourcecode\Panda3D-1.9.0\direct\interval\Interval.py", line 207, in privDoEvent
    self.privInstant()
  File "D:\Documents\ToontownSourcecode\Panda3D-1.9.0\direct\interval\FunctionInterval.py", line 88, in privInstant
    self.function(*self.extraArgs, **self.kw)
  File "Toon Bot/Scripts/BLDG Autoer.txt", line 683, in restock
    self.desiredLevel1=base.localAvatar.experience.getExpLevel(self.firstTrack)
AttributeError: BuildingAutoer instance has no attribute 'firstTrack'
