TTLocalizer: Running in language: english
from toontown.toonbase.TTLocalizerEnglish import *
OTPLocalizer: Running in language: english
from otp.otpbase.OTPLocalizerEnglish import *
Preloading suits...
Preloading Toon heads...
Preloading avatars...
Traceback (most recent call last):
  File "D:\Documents\ToontownSourcecode\src\toontown\toonbase\ClientStart.py", line 240, in loadScripts
    execfile('mods/'+scriptName,globals())
  File "mods/Compilation.txt", line 206, in <module>
    toonAnywhere = DirectButton(text = ("Enable Toonup anywhere", "ENABLE TOONUP ANYWHERE", "enable toonup anywhere", "enable toonup anywhere"), scale=.06, pos = (-1,-0,-.3), command=ToonupAnywhere.toonUpSetUp)
NameError: name 'ToonupAnywhere' is not defined

phase_3.5/models/gui/friendslist_gui.bam
['Horiz_Arrow_UP', 'Horiz_Arrow_DN', 'Horiz_Arrow_Rllvr']
phase_3.5/models/gui/friendslist_gui.bam
['Horiz_Arrow_UP', 'Horiz_Arrow_DN', 'Horiz_Arrow_Rllvr']
phase_3.5/models/gui/friendslist_gui.bam
['Horiz_Arrow_UP', 'Horiz_Arrow_DN', 'Horiz_Arrow_Rllvr']
phase_3.5/models/gui/friendslist_gui.bam
['Horiz_Arrow_UP', 'Horiz_Arrow_DN', 'Horiz_Arrow_Rllvr']
phase_3.5/models/gui/friendslist_gui.bam
['FndsLst_ScrollUp', 'FndsLst_ScrollDN', 'FndsLst_ScrollUp_Rllvr']
phase_3.5/models/gui/friendslist_gui.bam
['FndsLst_ScrollUp', 'FndsLst_ScrollDN', 'FndsLst_ScrollUp_Rllvr']
phase_3.5/models/gui/friendslist_gui.bam
['Horiz_Arrow_UP', 'Horiz_Arrow_DN', 'Horiz_Arrow_Rllvr']
phase_3.5/models/gui/friendslist_gui.bam
['Horiz_Arrow_UP', 'Horiz_Arrow_DN', 'Horiz_Arrow_Rllvr']
phase_3.5/models/gui/friendslist_gui.bam
['Horiz_Arrow_UP', 'Horiz_Arrow_DN', 'Horiz_Arrow_Rllvr']
phase_3.5/models/gui/friendslist_gui.bam
['Horiz_Arrow_UP', 'Horiz_Arrow_DN', 'Horiz_Arrow_Rllvr']
phase_3/models/gui/quit_button.bam
['QuitBtn_UP', 'QuitBtn_DN', 'QuitBtn_RLVR']
phase_3/models/gui/quit_button.bam
['QuitBtn_UP', 'QuitBtn_DN', 'QuitBtn_RLVR']
phase_3/models/gui/quit_button.bam
['QuitBtn_UP', 'QuitBtn_DN', 'QuitBtn_RLVR']
phase_3/models/gui/quit_button.bam
['QuitBtn_UP', 'QuitBtn_DN', 'QuitBtn_RLVR']
test2
{414000001: <toontown.distributed.ToontownDistrict.ToontownDistrict instance at 0x1E785AD0>, 406000001: <toontown.distributed.ToontownDistrict.ToontownDistrict instance at 0x1E7858F0>, 407000001: <toontown.distributed.ToontownDistrict.ToontownDistrict instance at 0x1E785968>, 416000001: <toontown.distributed.ToontownDistrict.ToontownDistrict instance at 0x1E785AF8>, 409000001: <toontown.distributed.ToontownDistrict.ToontownDistrict instance at 0x1E7859E0>, 401000001: <toontown.distributed.ToontownDistrict.ToontownDistrict instance at 0x1E4B7300>, 402000001: <toontown.distributed.ToontownDistrict.ToontownDistrict instance at 0x1E772918>, 419000001: <toontown.distributed.ToontownDistrict.ToontownDistrict instance at 0x1E785B70>, 411000001: <toontown.distributed.ToontownDistrict.ToontownDistrict instance at 0x1E785A08>, 404000001: <toontown.distributed.ToontownDistrict.ToontownDistrict instance at 0x1E785940>, 413000001: <toontown.distributed.ToontownDistrict.ToontownDistrict instance at 0x1E785AA8>, 415000001: <toontown.distributed.ToontownDistrict.ToontownDistrict instance at 0x1E785A80>, 408000001: <toontown.distributed.ToontownDistrict.ToontownDistrict instance at 0x1E7859B8>, 417000001: <toontown.distributed.ToontownDistrict.ToontownDistrict instance at 0x1E785B98>, 410000001: <toontown.distributed.ToontownDistrict.ToontownDistrict instance at 0x1E785B48>, 418000001: <toontown.distributed.ToontownDistrict.ToontownDistrict instance at 0x1E785B20>, 403000001: <toontown.distributed.ToontownDistrict.ToontownDistrict instance at 0x1E4B4328>, 412000001: <toontown.distributed.ToontownDistrict.ToontownDistrict instance at 0x1E785A58>, 405000001: <toontown.distributed.ToontownDistrict.ToontownDistrict instance at 0x1E7858A0>, 420000001: <toontown.distributed.ToontownDistrict.ToontownDistrict instance at 0x1E785BC0>}
__handleAvatarChooserDone: 100000013, 'Little Zippy', ('rsl', 'ls', 'l', 'm', 19, 0, 19, 19, 10, 9, 0, 9, 7, 0), 1
2
Reading DNA file... phase_4/dna/storage.pdna
Reading DNA file... phase_3.5/dna/storage_interior.pdna
Reading DNA file... phase_8/dna/storage_BR.pdna
Reading DNA file... phase_8/dna/storage_BR_sz.pdna
Reading DNA file... phase_8/dna/the_burrrgh_sz.pdna
empty flat building with no walls
phase_3.5/models/gui/friendslist_gui.bam
['Horiz_Arrow_UP', 'Horiz_Arrow_DN', 'Horiz_Arrow_Rllvr']
phase_3.5/models/gui/friendslist_gui.bam
['Horiz_Arrow_UP', 'Horiz_Arrow_DN', 'Horiz_Arrow_Rllvr']
phase_3/models/gui/quit_button.bam
['QuitBtn_UP', 'QuitBtn_DN', 'QuitBtn_RLVR']
phase_3/models/gui/quit_button.bam
['QuitBtn_UP', 'QuitBtn_DN', 'QuitBtn_RLVR']
phase_3/models/gui/quit_button.bam
['QuitBtn_UP', 'QuitBtn_DN', 'QuitBtn_RLVR']
phase_3/models/gui/quit_button.bam
['QuitBtn_UP', 'QuitBtn_DN', 'QuitBtn_RLVR']
phase_3/models/gui/quit_button.bam
['QuitBtn_UP', 'QuitBtn_DN', 'QuitBtn_RLVR']
phase_3/models/gui/quit_button.bam
['QuitBtn_UP', 'QuitBtn_DN', 'QuitBtn_RLVR']
phase_3/models/gui/quit_button.bam
['QuitBtn_UP', 'QuitBtn_DN', 'QuitBtn_RLVR']
phase_3/models/gui/quit_button.bam
['QuitBtn_UP', 'QuitBtn_DN', 'QuitBtn_RLVR']
phase_3/models/gui/quit_button.bam
['QuitBtn_UP', 'QuitBtn_DN', 'QuitBtn_RLVR']
phase_3/models/gui/quit_button.bam
['QuitBtn_UP', 'QuitBtn_DN', 'QuitBtn_RLVR']
phase_3/models/gui/quit_button.bam
['QuitBtn_UP', 'QuitBtn_DN', 'QuitBtn_RLVR']
phase_3/models/gui/quit_button.bam
['QuitBtn_UP', 'QuitBtn_DN', 'QuitBtn_RLVR']
phase_3/models/gui/quit_button.bam
['QuitBtn_UP', 'QuitBtn_DN', 'QuitBtn_RLVR']
phase_3/models/gui/quit_button.bam
['QuitBtn_UP', 'QuitBtn_DN', 'QuitBtn_RLVR']
phase_3/models/gui/quit_button.bam
['QuitBtn_UP', 'QuitBtn_DN', 'QuitBtn_RLVR']
phase_3/models/gui/quit_button.bam
['QuitBtn_UP', 'QuitBtn_DN', 'QuitBtn_RLVR']
phase_3/models/gui/quit_button.bam
['QuitBtn_UP', 'QuitBtn_DN', 'QuitBtn_RLVR']
phase_3/models/gui/quit_button.bam
['QuitBtn_UP', 'QuitBtn_DN', 'QuitBtn_RLVR']
phase_3/models/gui/quit_button.bam
['QuitBtn_UP', 'QuitBtn_DN', 'QuitBtn_RLVR']
phase_3/models/gui/quit_button.bam
['QuitBtn_UP', 'QuitBtn_DN', 'QuitBtn_RLVR']
phase_3/models/gui/quit_button.bam
['QuitBtn_UP', 'QuitBtn_DN', 'QuitBtn_RLVR']
phase_3/models/gui/quit_button.bam
['QuitBtn_UP', 'QuitBtn_DN', 'QuitBtn_RLVR']
phase_3/models/gui/quit_button.bam
['QuitBtn_UP', 'QuitBtn_DN', 'QuitBtn_RLVR']
phase_3/models/gui/quit_button.bam
['QuitBtn_UP', 'QuitBtn_DN', 'QuitBtn_RLVR']
phase_3/models/gui/quit_button.bam
['QuitBtn_UP', 'QuitBtn_DN', 'QuitBtn_RLVR']
phase_3/models/gui/quit_button.bam
['QuitBtn_UP', 'QuitBtn_DN', 'QuitBtn_RLVR']
phase_3/models/gui/quit_button.bam
['QuitBtn_UP', 'QuitBtn_DN', 'QuitBtn_RLVR']
phase_3/models/gui/quit_button.bam
['QuitBtn_UP', 'QuitBtn_DN', 'QuitBtn_RLVR']
OnscreenText.configure: mayChange == 0
OnscreenText.configure: mayChange == 0
OnscreenText.configure: mayChange == 0
OnscreenText.configure: mayChange == 0
Reading DNA file... phase_4/dna/storage.pdna
Reading DNA file... phase_3.5/dna/storage_interior.pdna
OnscreenText.configure: mayChange == 0
OnscreenText.configure: mayChange == 0
OnscreenText.configure: mayChange == 0
OnscreenText.configure: mayChange == 0
Battle Event localtoon-battle-event-3
Battle Event localtoon-battle-event-9
TIMER startTime 2836
Battle Event localtoon-battle-event-15
Battle Event localtoon-battle-event-21
Battle Event localtoon-battle-event-27
Battle Event localtoon-battle-event-33
Battle Event localtoon-battle-event-39
Battle Event localtoon-battle-event-45
Battle Event localtoon-battle-event-51
Battle Event localtoon-battle-event-57
Battle Event localtoon-battle-event-63
Battle Event localtoon-battle-event-69
Battle Event localtoon-battle-event-75
Battle Event localtoon-battle-event-81
Battle Event localtoon-battle-event-87
Battle Event localtoon-battle-event-93
Battle Event localtoon-battle-event-99
Battle Event localtoon-battle-event-105
TIMER startTime 2836
frame rate: 9.8 fps|0.092d|4 avs||331|333||0x1002|0x6738|403.3MB|443.2MB|16330.4MB|623|nt.2.6.2|3.300,3.300|3,6 cpus|OpenGL
Battle Event localtoon-battle-event-111
Battle Event localtoon-battle-event-117
Battle Event localtoon-battle-event-123
Traceback (most recent call last):
  File "D:\Documents\ToontownSourcecode\Panda3D-1.9.0\direct\showbase\EventManager.py", line 61, in eventLoopTask
    self.doEvents()
  File "D:\Documents\ToontownSourcecode\Panda3D-1.9.0\direct\showbase\EventManager.py", line 55, in doEvents
    processFunc(self.eventQueue.dequeueEvent())
  File "D:\Documents\ToontownSourcecode\Panda3D-1.9.0\direct\showbase\EventManager.py", line 122, in processEvent
    messenger.send(eventName, paramList)
  File "D:\Documents\ToontownSourcecode\Panda3D-1.9.0\direct\showbase\Messenger.py", line 397, in send
    self.__dispatch(acceptorDict, event, sentArgs, foundWatch)
  File "D:\Documents\ToontownSourcecode\Panda3D-1.9.0\direct\showbase\Messenger.py", line 482, in __dispatch
    method (*(extraArgs + sentArgs))
  File "toontown\toonbase\ToonBase.py", line 253, in windowEvent
    OTPBase.OTPBase.windowEvent(self, win)
  File "D:\Documents\ToontownSourcecode\Panda3D-1.9.0\direct\showbase\ShowBase.py", line 2623, in windowEvent
    self.userExit()
  File "toontown\toonbase\ToonBase.py", line 506, in userExit
    self.cr.loginFSM.request('shutdown')
  File "D:\Documents\ToontownSourcecode\Panda3D-1.9.0\direct\fsm\ClassicFSM.py", line 284, in request
    exitArgList)
  File "D:\Documents\ToontownSourcecode\Panda3D-1.9.0\direct\fsm\ClassicFSM.py", line 230, in __transition
    self.__exitCurrent(exitArgList)
  File "D:\Documents\ToontownSourcecode\Panda3D-1.9.0\direct\fsm\ClassicFSM.py", line 188, in __exitCurrent
    self.__currentState.exit(argList)
  File "D:\Documents\ToontownSourcecode\Panda3D-1.9.0\direct\fsm\State.py", line 210, in exit
    self.__exitChildren(argList)
  File "D:\Documents\ToontownSourcecode\Panda3D-1.9.0\direct\fsm\State.py", line 189, in __exitChildren
    fsm.request((fsm.getFinalState()).getName())
  File "D:\Documents\ToontownSourcecode\Panda3D-1.9.0\direct\fsm\ClassicFSM.py", line 284, in request
    exitArgList)
  File "D:\Documents\ToontownSourcecode\Panda3D-1.9.0\direct\fsm\ClassicFSM.py", line 231, in __transition
    self.__enter(aState, enterArgList)
  File "D:\Documents\ToontownSourcecode\Panda3D-1.9.0\direct\fsm\ClassicFSM.py", line 217, in __enter
    aState.enter(argList)
  File "D:\Documents\ToontownSourcecode\Panda3D-1.9.0\direct\fsm\State.py", line 203, in enter
    apply(self.__enterFunc, argList)
  File "toontown\distributed\ToontownClientRepository.py", line 479, in enterGameOff
    OTPClientRepository.OTPClientRepository.enterGameOff(self)
  File "otp\distributed\OTPClientRepository.py", line 1314, in enterGameOff
    self._abandonShard()
  File "toontown\distributed\ToontownClientRepository.py", line 1047, in _abandonShard
    if obj.parentId == localAvatar.defaultShard and obj is not localAvatar:
AttributeError: DistributedCogHQDoor instance has no attribute 'parentId'
Traceback (most recent call last):
  File "otp\otpbase\OTPBase.py", line 236, in run
    taskMgr.run()
  File "D:\Documents\ToontownSourcecode\Panda3D-1.9.0\direct\task\Task.py", line 502, in run
    self.step()
  File "D:\Documents\ToontownSourcecode\Panda3D-1.9.0\direct\task\Task.py", line 460, in step
    self.mgr.poll()
  File "D:\Documents\ToontownSourcecode\Panda3D-1.9.0\direct\showbase\EventManager.py", line 61, in eventLoopTask
    self.doEvents()
  File "D:\Documents\ToontownSourcecode\Panda3D-1.9.0\direct\showbase\EventManager.py", line 55, in doEvents
    processFunc(self.eventQueue.dequeueEvent())
  File "D:\Documents\ToontownSourcecode\Panda3D-1.9.0\direct\showbase\EventManager.py", line 122, in processEvent
    messenger.send(eventName, paramList)
  File "D:\Documents\ToontownSourcecode\Panda3D-1.9.0\direct\showbase\Messenger.py", line 397, in send
    self.__dispatch(acceptorDict, event, sentArgs, foundWatch)
  File "D:\Documents\ToontownSourcecode\Panda3D-1.9.0\direct\showbase\Messenger.py", line 482, in __dispatch
    method (*(extraArgs + sentArgs))
  File "toontown\toonbase\ToonBase.py", line 253, in windowEvent
    OTPBase.OTPBase.windowEvent(self, win)
  File "D:\Documents\ToontownSourcecode\Panda3D-1.9.0\direct\showbase\ShowBase.py", line 2623, in windowEvent
    self.userExit()
  File "toontown\toonbase\ToonBase.py", line 506, in userExit
    self.cr.loginFSM.request('shutdown')
  File "D:\Documents\ToontownSourcecode\Panda3D-1.9.0\direct\fsm\ClassicFSM.py", line 284, in request
    exitArgList)
  File "D:\Documents\ToontownSourcecode\Panda3D-1.9.0\direct\fsm\ClassicFSM.py", line 230, in __transition
    self.__exitCurrent(exitArgList)
  File "D:\Documents\ToontownSourcecode\Panda3D-1.9.0\direct\fsm\ClassicFSM.py", line 188, in __exitCurrent
    self.__currentState.exit(argList)
  File "D:\Documents\ToontownSourcecode\Panda3D-1.9.0\direct\fsm\State.py", line 210, in exit
    self.__exitChildren(argList)
  File "D:\Documents\ToontownSourcecode\Panda3D-1.9.0\direct\fsm\State.py", line 189, in __exitChildren
    fsm.request((fsm.getFinalState()).getName())
  File "D:\Documents\ToontownSourcecode\Panda3D-1.9.0\direct\fsm\ClassicFSM.py", line 284, in request
    exitArgList)
  File "D:\Documents\ToontownSourcecode\Panda3D-1.9.0\direct\fsm\ClassicFSM.py", line 231, in __transition
    self.__enter(aState, enterArgList)
  File "D:\Documents\ToontownSourcecode\Panda3D-1.9.0\direct\fsm\ClassicFSM.py", line 217, in __enter
    aState.enter(argList)
  File "D:\Documents\ToontownSourcecode\Panda3D-1.9.0\direct\fsm\State.py", line 203, in enter
    apply(self.__enterFunc, argList)
  File "toontown\distributed\ToontownClientRepository.py", line 479, in enterGameOff
    OTPClientRepository.OTPClientRepository.enterGameOff(self)
  File "otp\distributed\OTPClientRepository.py", line 1314, in enterGameOff
    self._abandonShard()
  File "toontown\distributed\ToontownClientRepository.py", line 1047, in _abandonShard
    if obj.parentId == localAvatar.defaultShard and obj is not localAvatar:
AttributeError: DistributedCogHQDoor instance has no attribute 'parentId'
