TTLocalizer: Running in language: english
from toontown.toonbase.TTLocalizerEnglish import *
OTPLocalizer: Running in language: english
from otp.otpbase.OTPLocalizerEnglish import *
Preloading suits...
Preloading Toon heads...
Preloading avatars...
Traceback (most recent call last):
  File "D:\Documents\ToontownSourcecode\Toontown\toontown\toonbase\ClientStart.py", line 235, in loadScripts
    execfile('mods/'+scriptName,globals())
  File "mods/Compilation.txt", line 206, in <module>
    toonAnywhere = DirectButton(text = ("Enable Toonup anywhere", "ENABLE TOONUP ANYWHERE", "enable toonup anywhere", "enable toonup anywhere"), scale=.06, pos = (-1,-0,-.3), command=ToonupAnywhere.toonUpSetUp)
NameError: name 'ToonupAnywhere' is not defined

phase_3.5/models/gui/friendslist_gui.bam
['Horiz_Arrow_UP', 'Horiz_Arrow_DN', 'Horiz_Arrow_Rllvr']
phase_3.5/models/gui/friendslist_gui.bam
['Horiz_Arrow_UP', 'Horiz_Arrow_DN', 'Horiz_Arrow_Rllvr']
phase_3.5/models/gui/friendslist_gui.bam
['Horiz_Arrow_UP', 'Horiz_Arrow_DN', 'Horiz_Arrow_Rllvr']
phase_3.5/models/gui/friendslist_gui.bam
['Horiz_Arrow_UP', 'Horiz_Arrow_DN', 'Horiz_Arrow_Rllvr']
phase_3.5/models/gui/friendslist_gui.bam
['FndsLst_ScrollUp', 'FndsLst_ScrollDN', 'FndsLst_ScrollUp_Rllvr']
phase_3.5/models/gui/friendslist_gui.bam
['FndsLst_ScrollUp', 'FndsLst_ScrollDN', 'FndsLst_ScrollUp_Rllvr']
phase_3.5/models/gui/friendslist_gui.bam
['Horiz_Arrow_UP', 'Horiz_Arrow_DN', 'Horiz_Arrow_Rllvr']
phase_3.5/models/gui/friendslist_gui.bam
['Horiz_Arrow_UP', 'Horiz_Arrow_DN', 'Horiz_Arrow_Rllvr']
phase_3.5/models/gui/friendslist_gui.bam
['Horiz_Arrow_UP', 'Horiz_Arrow_DN', 'Horiz_Arrow_Rllvr']
phase_3.5/models/gui/friendslist_gui.bam
['Horiz_Arrow_UP', 'Horiz_Arrow_DN', 'Horiz_Arrow_Rllvr']
phase_3/models/gui/quit_button.bam
['QuitBtn_UP', 'QuitBtn_DN', 'QuitBtn_RLVR']
phase_3/models/gui/quit_button.bam
['QuitBtn_UP', 'QuitBtn_DN', 'QuitBtn_RLVR']
phase_3/models/gui/quit_button.bam
['QuitBtn_UP', 'QuitBtn_DN', 'QuitBtn_RLVR']
phase_3/models/gui/quit_button.bam
['QuitBtn_UP', 'QuitBtn_DN', 'QuitBtn_RLVR']
{401000001: <toontown.distributed.ToontownDistrict.ToontownDistrict instance at 0x1F4C05D0>}
__handleAvatarChooserDone: 100000003, 'Little Zippy', ('rsl', 'ls', 'l', 'm', 19, 0, 19, 19, 10, 9, 0, 9, 7, 0), 1
2
Reading DNA file... phase_4/dna/storage.pdna
Reading DNA file... phase_3.5/dna/storage_interior.pdna
Reading DNA file... phase_4/dna/storage_TT.pdna
Reading DNA file... phase_4/dna/storage_TT_sz.pdna
Reading DNA file... phase_4/dna/toontown_central_sz.pdna
Reading DNA file... phase_4/dna/storage.pdna
Reading DNA file... phase_3.5/dna/storage_interior.pdna
Reading DNA file... phase_6/dna/storage_DD.pdna
Reading DNA file... phase_5/dna/storage_town.pdna
Reading DNA file... phase_6/dna/storage_DD_town.pdna
Reading DNA file... phase_6/dna/donalds_dock_1100.pdna
Traceback (most recent call last):
  File "D:\Documents\ToontownSourcecode\Panda3D-1.9.0\direct\distributed\ConnectionRepository.py", line 613, in readerPollUntilEmpty
    while self.readerPollOnce():
  File "D:\Documents\ToontownSourcecode\Panda3D-1.9.0\direct\distributed\ConnectionRepository.py", line 620, in readerPollOnce
    self.handleDatagram(self.private__di)
  File "otp\distributed\OTPClientRepository.py", line 1943, in handleDatagram
    self.handler(msgType, di)
  File "otp\distributed\OTPClientRepository.py", line 1558, in handlePlayGame
    self.handleMessageType(msgType, di)
  File "otp\distributed\OTPClientRepository.py", line 1838, in handleMessageType
    self.gotInterestDoneMessage(di)
  File "otp\distributed\OTPClientRepository.py", line 1862, in gotInterestDoneMessage
    self.__playBackGenerates(handle)
  File "otp\distributed\OTPClientRepository.py", line 2043, in __playBackGenerates
    self.__doGenerate(doId, parentId, zoneId, classId, di, other)
  File "otp\distributed\OTPClientRepository.py", line 2089, in __doGenerate
    self.generateWithRequiredFields(dclass, doId, di, parentId, zoneId)
  File "D:\Documents\ToontownSourcecode\Panda3D-1.9.0\direct\distributed\ClientRepositoryBase.py", line 265, in generateWithRequiredFields
    distObj.updateRequiredFields(dclass, di)
  File "D:\Documents\ToontownSourcecode\Panda3D-1.9.0\direct\distributed\DistributedObject.py", line 336, in updateRequiredFields
    dclass.receiveUpdateBroadcastRequired(self, di)
  File "toontown\suit\DistributedSuit.py", line 230, in setPathEndpoints
    self.endPoint = self.sp.pointIndexes[self.pathEndpointEnd]
KeyError: 3
Traceback (most recent call last):
  File "otp\otpbase\OTPBase.py", line 236, in run
    taskMgr.run()
  File "D:\Documents\ToontownSourcecode\Panda3D-1.9.0\direct\task\Task.py", line 502, in run
    self.step()
  File "D:\Documents\ToontownSourcecode\Panda3D-1.9.0\direct\task\Task.py", line 460, in step
    self.mgr.poll()
  File "D:\Documents\ToontownSourcecode\Panda3D-1.9.0\direct\distributed\ConnectionRepository.py", line 613, in readerPollUntilEmpty
    while self.readerPollOnce():
  File "D:\Documents\ToontownSourcecode\Panda3D-1.9.0\direct\distributed\ConnectionRepository.py", line 620, in readerPollOnce
    self.handleDatagram(self.private__di)
  File "otp\distributed\OTPClientRepository.py", line 1943, in handleDatagram
    self.handler(msgType, di)
  File "otp\distributed\OTPClientRepository.py", line 1558, in handlePlayGame
    self.handleMessageType(msgType, di)
  File "otp\distributed\OTPClientRepository.py", line 1838, in handleMessageType
    self.gotInterestDoneMessage(di)
  File "otp\distributed\OTPClientRepository.py", line 1862, in gotInterestDoneMessage
    self.__playBackGenerates(handle)
  File "otp\distributed\OTPClientRepository.py", line 2043, in __playBackGenerates
    self.__doGenerate(doId, parentId, zoneId, classId, di, other)
  File "otp\distributed\OTPClientRepository.py", line 2089, in __doGenerate
    self.generateWithRequiredFields(dclass, doId, di, parentId, zoneId)
  File "D:\Documents\ToontownSourcecode\Panda3D-1.9.0\direct\distributed\ClientRepositoryBase.py", line 265, in generateWithRequiredFields
    distObj.updateRequiredFields(dclass, di)
  File "D:\Documents\ToontownSourcecode\Panda3D-1.9.0\direct\distributed\DistributedObject.py", line 336, in updateRequiredFields
    dclass.receiveUpdateBroadcastRequired(self, di)
  File "toontown\suit\DistributedSuit.py", line 230, in setPathEndpoints
    self.endPoint = self.sp.pointIndexes[self.pathEndpointEnd]
KeyError: 3
