TTLocalizer: Running in language: english
from toontown.toonbase.TTLocalizerEnglish import *
OTPLocalizer: Running in language: english
from otp.otpbase.OTPLocalizerEnglish import *
Preloading suits...
Preloading Toon heads...
Preloading avatars...
Traceback (most recent call last):
  File "D:\Documents\ToontownSourcecode\src\toontown\toonbase\ClientStart.py", line 240, in loadScripts
    execfile('mods/'+scriptName,globals())
  File "mods/Compilation.txt", line 206, in <module>
    toonAnywhere = DirectButton(text = ("Enable Toonup anywhere", "ENABLE TOONUP ANYWHERE", "enable toonup anywhere", "enable toonup anywhere"), scale=.06, pos = (-1,-0,-.3), command=ToonupAnywhere.toonUpSetUp)
NameError: name 'ToonupAnywhere' is not defined

phase_3.5/models/gui/friendslist_gui.bam
['Horiz_Arrow_UP', 'Horiz_Arrow_DN', 'Horiz_Arrow_Rllvr']
phase_3.5/models/gui/friendslist_gui.bam
['Horiz_Arrow_UP', 'Horiz_Arrow_DN', 'Horiz_Arrow_Rllvr']
phase_3.5/models/gui/friendslist_gui.bam
['Horiz_Arrow_UP', 'Horiz_Arrow_DN', 'Horiz_Arrow_Rllvr']
phase_3.5/models/gui/friendslist_gui.bam
['Horiz_Arrow_UP', 'Horiz_Arrow_DN', 'Horiz_Arrow_Rllvr']
phase_3.5/models/gui/friendslist_gui.bam
['FndsLst_ScrollUp', 'FndsLst_ScrollDN', 'FndsLst_ScrollUp_Rllvr']
phase_3.5/models/gui/friendslist_gui.bam
['FndsLst_ScrollUp', 'FndsLst_ScrollDN', 'FndsLst_ScrollUp_Rllvr']
phase_3.5/models/gui/friendslist_gui.bam
['Horiz_Arrow_UP', 'Horiz_Arrow_DN', 'Horiz_Arrow_Rllvr']
phase_3.5/models/gui/friendslist_gui.bam
['Horiz_Arrow_UP', 'Horiz_Arrow_DN', 'Horiz_Arrow_Rllvr']
phase_3.5/models/gui/friendslist_gui.bam
['Horiz_Arrow_UP', 'Horiz_Arrow_DN', 'Horiz_Arrow_Rllvr']
phase_3.5/models/gui/friendslist_gui.bam
['Horiz_Arrow_UP', 'Horiz_Arrow_DN', 'Horiz_Arrow_Rllvr']
phase_3/models/gui/quit_button.bam
['QuitBtn_UP', 'QuitBtn_DN', 'QuitBtn_RLVR']
phase_3/models/gui/quit_button.bam
['QuitBtn_UP', 'QuitBtn_DN', 'QuitBtn_RLVR']
phase_3/models/gui/quit_button.bam
['QuitBtn_UP', 'QuitBtn_DN', 'QuitBtn_RLVR']
phase_3/models/gui/quit_button.bam
['QuitBtn_UP', 'QuitBtn_DN', 'QuitBtn_RLVR']
test2
{414000001: <toontown.distributed.ToontownDistrict.ToontownDistrict instance at 0x1E7ABAD0>, 406000001: <toontown.distributed.ToontownDistrict.ToontownDistrict instance at 0x1E7AB8F0>, 407000001: <toontown.distributed.ToontownDistrict.ToontownDistrict instance at 0x1E7AB968>, 416000001: <toontown.distributed.ToontownDistrict.ToontownDistrict instance at 0x1E7ABB20>, 409000001: <toontown.distributed.ToontownDistrict.ToontownDistrict instance at 0x1E7ABAA8>, 401000001: <toontown.distributed.ToontownDistrict.ToontownDistrict instance at 0x1E4A5300>, 402000001: <toontown.distributed.ToontownDistrict.ToontownDistrict instance at 0x1E798918>, 419000001: <toontown.distributed.ToontownDistrict.ToontownDistrict instance at 0x1E7ABB70>, 411000001: <toontown.distributed.ToontownDistrict.ToontownDistrict instance at 0x1E7ABA58>, 404000001: <toontown.distributed.ToontownDistrict.ToontownDistrict instance at 0x1E7AB940>, 413000001: <toontown.distributed.ToontownDistrict.ToontownDistrict instance at 0x1E7ABB48>, 415000001: <toontown.distributed.ToontownDistrict.ToontownDistrict instance at 0x1E7ABAF8>, 408000001: <toontown.distributed.ToontownDistrict.ToontownDistrict instance at 0x1E7AB9B8>, 417000001: <toontown.distributed.ToontownDistrict.ToontownDistrict instance at 0x1E7ABA80>, 410000001: <toontown.distributed.ToontownDistrict.ToontownDistrict instance at 0x1E7AB9E0>, 418000001: <toontown.distributed.ToontownDistrict.ToontownDistrict instance at 0x1E7ABBC0>, 403000001: <toontown.distributed.ToontownDistrict.ToontownDistrict instance at 0x1E4A2328>, 412000001: <toontown.distributed.ToontownDistrict.ToontownDistrict instance at 0x1E7ABA08>, 405000001: <toontown.distributed.ToontownDistrict.ToontownDistrict instance at 0x1E7AB8A0>, 420000001: <toontown.distributed.ToontownDistrict.ToontownDistrict instance at 0x1E7ABB98>}
__handleAvatarChooserDone: 100000013, 'Little Zippy', ('rsl', 'ls', 'l', 'm', 19, 0, 19, 19, 10, 9, 0, 9, 7, 0), 1
2
Reading DNA file... phase_4/dna/storage.pdna
Reading DNA file... phase_3.5/dna/storage_interior.pdna
Reading DNA file... phase_8/dna/storage_DL.pdna
Reading DNA file... phase_8/dna/storage_DL_sz.pdna
Reading DNA file... phase_8/dna/donalds_dreamland_sz.pdna
phase_3.5/models/gui/friendslist_gui.bam
['Horiz_Arrow_UP', 'Horiz_Arrow_DN', 'Horiz_Arrow_Rllvr']
phase_3.5/models/gui/friendslist_gui.bam
['Horiz_Arrow_UP', 'Horiz_Arrow_DN', 'Horiz_Arrow_Rllvr']
phase_3/models/gui/quit_button.bam
['QuitBtn_UP', 'QuitBtn_DN', 'QuitBtn_RLVR']
phase_3/models/gui/quit_button.bam
['QuitBtn_UP', 'QuitBtn_DN', 'QuitBtn_RLVR']
phase_3/models/gui/quit_button.bam
['QuitBtn_UP', 'QuitBtn_DN', 'QuitBtn_RLVR']
phase_3/models/gui/quit_button.bam
['QuitBtn_UP', 'QuitBtn_DN', 'QuitBtn_RLVR']
phase_3/models/gui/quit_button.bam
['QuitBtn_UP', 'QuitBtn_DN', 'QuitBtn_RLVR']
Traceback (most recent call last):
  File "D:\Documents\ToontownSourcecode\Panda3D-1.9.0\direct\showbase\ShowBase.py", line 1801, in __ivalLoop
    IntervalManager.ivalMgr.step()
  File "D:\Documents\ToontownSourcecode\Panda3D-1.9.0\direct\interval\IntervalManager.py", line 95, in step
    CIntervalManager.step(self)
AssertionError: !is_empty() at line 1022 of panda/src/pgraph/nodePath.cxx
Traceback (most recent call last):
  File "otp\otpbase\OTPBase.py", line 236, in run
    taskMgr.run()
  File "D:\Documents\ToontownSourcecode\Panda3D-1.9.0\direct\task\Task.py", line 502, in run
    self.step()
  File "D:\Documents\ToontownSourcecode\Panda3D-1.9.0\direct\task\Task.py", line 460, in step
    self.mgr.poll()
  File "D:\Documents\ToontownSourcecode\Panda3D-1.9.0\direct\showbase\ShowBase.py", line 1801, in __ivalLoop
    IntervalManager.ivalMgr.step()
  File "D:\Documents\ToontownSourcecode\Panda3D-1.9.0\direct\interval\IntervalManager.py", line 95, in step
    CIntervalManager.step(self)
AssertionError: !is_empty() at line 1022 of panda/src/pgraph/nodePath.cxx
