TTLocalizer: Running in language: english
from toontown.toonbase.TTLocalizerEnglish import *
OTPLocalizer: Running in language: english
from otp.otpbase.OTPLocalizerEnglish import *
Preloading suits...
Preloading Toon heads...
Preloading avatars...
{401000001: <toontown.distributed.ToontownDistrict.ToontownDistrict instance at 0x204DC1C0>}
__handleAvatarChooserDone: 100000003, 'Little Zippy', ('rsl', 'ls', 'l', 'm', 19, 0, 19, 19, 10, 9, 0, 9, 7, 0), 1
2
Reading DNA file... phase_4/dna/storage.pdna
Reading DNA file... phase_3.5/dna/storage_interior.pdna
Reading DNA file... phase_4/dna/storage_TT.pdna
Reading DNA file... phase_4/dna/storage_TT_sz.pdna
Reading DNA file... phase_4/dna/toontown_central_sz.pdna
:05-28-2015 19:03:08: setTalk: 100000003, 'Little Zippy', 'from direct.gui.OnscreenText import Onscree'
Traceback (most recent call last):
  File "D:\Documents\ToontownSourcecode\Panda3D-1.9.0\direct\showbase\EventManager.py", line 61, in eventLoopTask
    self.doEvents()
  File "D:\Documents\ToontownSourcecode\Panda3D-1.9.0\direct\showbase\EventManager.py", line 55, in doEvents
    processFunc(self.eventQueue.dequeueEvent())
  File "D:\Documents\ToontownSourcecode\Panda3D-1.9.0\direct\showbase\EventManager.py", line 122, in processEvent
    messenger.send(eventName, paramList)
  File "D:\Documents\ToontownSourcecode\Panda3D-1.9.0\direct\showbase\Messenger.py", line 397, in send
    self.__dispatch(acceptorDict, event, sentArgs, foundWatch)
  File "D:\Documents\ToontownSourcecode\Panda3D-1.9.0\direct\showbase\Messenger.py", line 482, in __dispatch
    method (*(extraArgs + sentArgs))
  File "D:\Documents\ToontownSourcecode\Panda3D-1.9.0\direct\gui\DirectButton.py", line 103, in commandFunc
    apply(self['command'], self['extraArgs'])
  File "<string>", line 42, in start
TypeError: tick() takes exactly 2 arguments (1 given)
Traceback (most recent call last):
  File "otp\otpbase\OTPBase.py", line 236, in run
    taskMgr.run()
  File "D:\Documents\ToontownSourcecode\Panda3D-1.9.0\direct\task\Task.py", line 502, in run
    self.step()
  File "D:\Documents\ToontownSourcecode\Panda3D-1.9.0\direct\task\Task.py", line 460, in step
    self.mgr.poll()
  File "D:\Documents\ToontownSourcecode\Panda3D-1.9.0\direct\showbase\EventManager.py", line 61, in eventLoopTask
    self.doEvents()
  File "D:\Documents\ToontownSourcecode\Panda3D-1.9.0\direct\showbase\EventManager.py", line 55, in doEvents
    processFunc(self.eventQueue.dequeueEvent())
  File "D:\Documents\ToontownSourcecode\Panda3D-1.9.0\direct\showbase\EventManager.py", line 122, in processEvent
    messenger.send(eventName, paramList)
  File "D:\Documents\ToontownSourcecode\Panda3D-1.9.0\direct\showbase\Messenger.py", line 397, in send
    self.__dispatch(acceptorDict, event, sentArgs, foundWatch)
  File "D:\Documents\ToontownSourcecode\Panda3D-1.9.0\direct\showbase\Messenger.py", line 482, in __dispatch
    method (*(extraArgs + sentArgs))
  File "D:\Documents\ToontownSourcecode\Panda3D-1.9.0\direct\gui\DirectButton.py", line 103, in commandFunc
    apply(self['command'], self['extraArgs'])
  File "<string>", line 42, in start
TypeError: tick() takes exactly 2 arguments (1 given)
