TTLocalizer: Running in language: english
from toontown.toonbase.TTLocalizerEnglish import *
OTPLocalizer: Running in language: english
from otp.otpbase.OTPLocalizerEnglish import *
Preloading suits...
Preloading Toon heads...
Preloading avatars...
Traceback (most recent call last):
  File "D:\Documents\ToontownSourcecode\Toontown\toontown\toonbase\ClientStart.py", line 235, in loadScripts
    execfile('mods/'+scriptName,globals(),locals())
  File "mods/Compilation.txt", line 206, in <module>
    toonAnywhere = DirectButton(text = ("Enable Toonup anywhere", "ENABLE TOONUP ANYWHERE", "enable toonup anywhere", "enable toonup anywhere"), scale=.06, pos = (-1,-0,-.3), command=ToonupAnywhere.toonUpSetUp)
NameError: name 'ToonupAnywhere' is not defined

Traceback (most recent call last):
  File "D:\Documents\ToontownSourcecode\Toontown\toontown\toonbase\ClientStart.py", line 235, in loadScripts
    execfile('mods/'+scriptName,globals(),locals())
  File "mods/Toon Bot.txt", line 593, in <module>
    toonBot=ToonBot()
  File "mods/Toon Bot.txt", line 365, in __init__
    self.createGui()
  File "mods/Toon Bot.txt", line 463, in createGui
    self.background.append(guiTools.loadImageAsPlane('phase_12/maps/WallBricksBig2.jpg',170,170))
NameError: global name 'guiTools' is not defined

{401000001: <toontown.distributed.ToontownDistrict.ToontownDistrict instance at 0x1F4715D0>}
