TTLocalizer: Running in language: english
from toontown.toonbase.TTLocalizerEnglish import *
OTPLocalizer: Running in language: english
from otp.otpbase.OTPLocalizerEnglish import *
Preloading suits...
Preloading Toon heads...
Preloading avatars...
Traceback (most recent call last):
  File "D:\Documents\ToontownSourcecode\Toontown\toontown\toonbase\ClientStart.py", line 234, in loadScripts
    execfile('mods/'+scriptName,globals())
  File "mods/Compilation.txt", line 206, in <module>
    toonAnywhere = DirectButton(text = ("Enable Toonup anywhere", "ENABLE TOONUP ANYWHERE", "enable toonup anywhere", "enable toonup anywhere"), scale=.06, pos = (-1,-0,-.3), command=ToonupAnywhere.toonUpSetUp)
NameError: name 'ToonupAnywhere' is not defined

phase_3.5/models/gui/friendslist_gui.bam
['Horiz_Arrow_UP', 'Horiz_Arrow_DN', 'Horiz_Arrow_Rllvr']
phase_3.5/models/gui/friendslist_gui.bam
['Horiz_Arrow_UP', 'Horiz_Arrow_DN', 'Horiz_Arrow_Rllvr']
phase_3.5/models/gui/friendslist_gui.bam
['Horiz_Arrow_UP', 'Horiz_Arrow_DN', 'Horiz_Arrow_Rllvr']
phase_3.5/models/gui/friendslist_gui.bam
['Horiz_Arrow_UP', 'Horiz_Arrow_DN', 'Horiz_Arrow_Rllvr']
phase_3.5/models/gui/friendslist_gui.bam
['FndsLst_ScrollUp', 'FndsLst_ScrollDN', 'FndsLst_ScrollUp_Rllvr']
phase_3.5/models/gui/friendslist_gui.bam
['FndsLst_ScrollUp', 'FndsLst_ScrollDN', 'FndsLst_ScrollUp_Rllvr']
phase_3.5/models/gui/friendslist_gui.bam
['Horiz_Arrow_UP', 'Horiz_Arrow_DN', 'Horiz_Arrow_Rllvr']
phase_3.5/models/gui/friendslist_gui.bam
['Horiz_Arrow_UP', 'Horiz_Arrow_DN', 'Horiz_Arrow_Rllvr']
phase_3.5/models/gui/friendslist_gui.bam
['Horiz_Arrow_UP', 'Horiz_Arrow_DN', 'Horiz_Arrow_Rllvr']
phase_3.5/models/gui/friendslist_gui.bam
['Horiz_Arrow_UP', 'Horiz_Arrow_DN', 'Horiz_Arrow_Rllvr']
phase_3/models/gui/quit_button.bam
['QuitBtn_UP', 'QuitBtn_DN', 'QuitBtn_RLVR']
phase_3/models/gui/quit_button.bam
['QuitBtn_UP', 'QuitBtn_DN', 'QuitBtn_RLVR']
phase_3/models/gui/quit_button.bam
['QuitBtn_UP', 'QuitBtn_DN', 'QuitBtn_RLVR']
phase_3/models/gui/quit_button.bam
['QuitBtn_UP', 'QuitBtn_DN', 'QuitBtn_RLVR']
test2
{402000001: <toontown.distributed.ToontownDistrict.ToontownDistrict instance at 0x1E483328>, 401000001: <toontown.distributed.ToontownDistrict.ToontownDistrict instance at 0x1E486300>, 404000001: <toontown.distributed.ToontownDistrict.ToontownDistrict instance at 0x1E7763C8>, 405000001: <toontown.distributed.ToontownDistrict.ToontownDistrict instance at 0x1E776328>, 403000001: <toontown.distributed.ToontownDistrict.ToontownDistrict instance at 0x1E770BE8>}
__handleAvatarChooserDone: 100000013, 'Little Zippy', ('rsl', 'ls', 'l', 'm', 19, 0, 19, 19, 10, 9, 0, 9, 7, 0), 1
2
Reading DNA file... phase_4/dna/storage.pdna
Reading DNA file... phase_3.5/dna/storage_interior.pdna
Reading DNA file... phase_6/dna/storage_DD.pdna
Reading DNA file... phase_6/dna/storage_DD_sz.pdna
Reading DNA file... phase_6/dna/donalds_dock_sz.pdna
Reading DNA file... phase_4/dna/storage.pdna
Reading DNA file... phase_3.5/dna/storage_interior.pdna
Reading DNA file... phase_8/dna/storage_DG.pdna
Reading DNA file... phase_5/dna/storage_town.pdna
Reading DNA file... phase_8/dna/storage_DG_town.pdna
Reading DNA file... phase_8/dna/daisys_garden_5100.pdna
Battle Event localtoon-battle-event-3
Battle Event localtoon-battle-event-8
Exception occurred while processing Func-__handleBuildingRewardDone-700 of movie-reward-track-with-cam-402005258:
movie-reward-track-with-cam-402005258:
  0.000 movie-reward-track-with-cam-402005258 {
  0.000   movie-reward-track-402005258 {
  0.000     Sequence-366 {
  0.000       Parallel-374 {
  0.000         Sequence-368 {
  0.000           *Func-show-656
  0.000           *Func-setForceOnscreenChat-657
  0.000           *Func-_setupSkipListen-658
  0.000           *Func-_teardownSkipListen-692
  0.000           *Func-_setupSkipListen-693
  0.000           Sequence-371 {
  0.000             *Func-initGagFrame-659
  0.000             Wait dur 1
  1.000             *Func-showTrackIncLabel-660
  1.000             *Func-incrementExp-661
  1.000             Wait dur 0.0166667
  1.017             *Func-incrementExp-662
  1.017             Wait dur 0.0166667
  1.034             *Func-incrementExp-663
  1.034             Wait dur 0.0166667
  1.051             *Func-incrementExp-664
  1.051             Wait dur 0.0166667
  1.068             *Func-incrementExp-665
  1.068             Wait dur 0.0166667
  1.085             *Func-incrementExp-666
  1.085             Wait dur 0.0166667
  1.102             *Func-incrementExp-667
  1.102             Wait dur 0.0166667
  1.119             *Func-incrementExp-668
  1.119             Wait dur 0.0166667
  1.136             *Func-incrementExp-669
  1.136             Wait dur 0.0166667
  1.153             *Func-incrementExp-670
  1.153             Wait dur 0.0166667
  1.170             *Func-incrementExp-671
  1.170             Wait dur 0.0166667
  1.187             *Func-incrementExp-672
  1.187             Wait dur 0.0166667
  1.204             *Func-incrementExp-673
  1.204             Wait dur 0.0166667
  1.221             *Func-incrementExp-674
  1.221             Wait dur 0.0166667
  1.238             *Func-incrementExp-675
  1.238             Wait dur 0.0166667
  1.255             *Func-incrementExp-676
  1.255             Wait dur 0.0166667
  1.272             *Func-incrementExp-677
  1.272             Wait dur 0.0166667
  1.289             *Func-incrementExp-678
  1.289             Wait dur 0.0166667
  1.306             *Func-incrementExp-679
  1.306             Wait dur 0.0166667
  1.323             *Func-incrementExp-680
  1.323             Wait dur 0.0166667
  1.340             *Func-incrementExp-681
  1.340             Wait dur 0.0166667
  1.357             *Func-incrementExp-682
  1.357             Wait dur 0.0166667
  1.374             *Func-incrementExp-683
  1.374             Wait dur 0.0166667
  1.391             *Func-incrementExp-684
  1.391             Wait dur 0.0166667
  1.408             *Func-incrementExp-685
  1.408             Wait dur 0.0166667
  1.425             *Func-incrementExp-686
  1.425             Wait dur 0.0166667
  1.442             *Func-incrementExp-687
  1.442             Wait dur 0.0166667
  1.459             *Func-incrementExp-688
  1.459             Wait dur 0.0166667
  1.476             *Func-incrementExp-689
  1.476             Wait dur 0.0166667
  1.493             *Func-incrementExp-690
  1.493             Wait dur 0.0166667
  1.510             *Func-resetBarColor-691
  1.510             Wait dur 0.1
  1.610             Wait dur 0.75
  2.360             Wait dur 0.25
  2.610           }
  2.610           *Func-_teardownSkipListen-696
  2.610           *Func-destroy-697
  2.610           *Func-hide-698
  2.610           *Func-setForceOnscreenChat-699
  2.610           Sequence-370 {
  2.610           }
  2.610         }
  0.000         *Sound-45 dur 2.61
  2.610       }
  2.610       *Func-__handleBuildingRewardDone-700
  2.610     }
  2.610   }
  0.000   Sequence-367 {
  0.000     Sequence-369 {
  0.000       Sequence-373 {
  0.000         *Func-chooseRewardShotNow-695
  0.000         Wait dur 2.61
  2.610       }
  2.610     }
  2.610   }
  2.610 }

Traceback (most recent call last):
  File "D:\Documents\ToontownSourcecode\Panda3D-1.9.0\direct\distributed\ConnectionRepository.py", line 613, in readerPollUntilEmpty
    while self.readerPollOnce():
  File "D:\Documents\ToontownSourcecode\Panda3D-1.9.0\direct\distributed\ConnectionRepository.py", line 620, in readerPollOnce
    self.handleDatagram(self.private__di)
  File "otp\distributed\OTPClientRepository.py", line 1944, in handleDatagram
    self.handler(msgType, di)
  File "otp\distributed\OTPClientRepository.py", line 1557, in handlePlayGame
    self.handleDelete(di)
  File "toontown\distributed\ToontownClientRepository.py", line 1031, in handleDelete
    self.deleteObject(doId)
  File "toontown\distributed\ToontownClientRepository.py", line 1037, in deleteObject
    obj.deleteOrDelay()
  File "D:\Documents\ToontownSourcecode\Panda3D-1.9.0\direct\distributed\DistributedObject.py", line 199, in deleteOrDelay
    self.disableAnnounceAndDelete()
  File "D:\Documents\ToontownSourcecode\Panda3D-1.9.0\direct\distributed\DistributedObject.py", line 202, in disableAnnounceAndDelete
    self.disableAndAnnounce()
  File "D:\Documents\ToontownSourcecode\Panda3D-1.9.0\direct\distributed\DistributedObject.py", line 228, in disableAndAnnounce
    self.disable()
  File "toontown\battle\DistributedBattleBldg.py", line 53, in disable
    DistributedBattleBase.DistributedBattleBase.disable(self)
  File "toontown\battle\DistributedBattleBase.py", line 132, in disable
    self.cleanupBattle()
  File "toontown\battle\DistributedBattleBase.py", line 144, in cleanupBattle
    self.fsm.requestFinalState()
  File "D:\Documents\ToontownSourcecode\Panda3D-1.9.0\direct\fsm\ClassicFSM.py", line 151, in requestFinalState
    self.request(self.getFinalState().getName())
  File "D:\Documents\ToontownSourcecode\Panda3D-1.9.0\direct\fsm\ClassicFSM.py", line 246, in request
    assert not self.__internalStateInFlux
AssertionError
Traceback (most recent call last):
  File "otp\otpbase\OTPBase.py", line 236, in run
    taskMgr.run()
  File "D:\Documents\ToontownSourcecode\Panda3D-1.9.0\direct\task\Task.py", line 502, in run
    self.step()
  File "D:\Documents\ToontownSourcecode\Panda3D-1.9.0\direct\task\Task.py", line 460, in step
    self.mgr.poll()
  File "D:\Documents\ToontownSourcecode\Panda3D-1.9.0\direct\distributed\ConnectionRepository.py", line 613, in readerPollUntilEmpty
    while self.readerPollOnce():
  File "D:\Documents\ToontownSourcecode\Panda3D-1.9.0\direct\distributed\ConnectionRepository.py", line 620, in readerPollOnce
    self.handleDatagram(self.private__di)
  File "otp\distributed\OTPClientRepository.py", line 1944, in handleDatagram
    self.handler(msgType, di)
  File "otp\distributed\OTPClientRepository.py", line 1557, in handlePlayGame
    self.handleDelete(di)
  File "toontown\distributed\ToontownClientRepository.py", line 1031, in handleDelete
    self.deleteObject(doId)
  File "toontown\distributed\ToontownClientRepository.py", line 1037, in deleteObject
    obj.deleteOrDelay()
  File "D:\Documents\ToontownSourcecode\Panda3D-1.9.0\direct\distributed\DistributedObject.py", line 199, in deleteOrDelay
    self.disableAnnounceAndDelete()
  File "D:\Documents\ToontownSourcecode\Panda3D-1.9.0\direct\distributed\DistributedObject.py", line 202, in disableAnnounceAndDelete
    self.disableAndAnnounce()
  File "D:\Documents\ToontownSourcecode\Panda3D-1.9.0\direct\distributed\DistributedObject.py", line 228, in disableAndAnnounce
    self.disable()
  File "toontown\battle\DistributedBattleBldg.py", line 53, in disable
    DistributedBattleBase.DistributedBattleBase.disable(self)
  File "toontown\battle\DistributedBattleBase.py", line 132, in disable
    self.cleanupBattle()
  File "toontown\battle\DistributedBattleBase.py", line 144, in cleanupBattle
    self.fsm.requestFinalState()
  File "D:\Documents\ToontownSourcecode\Panda3D-1.9.0\direct\fsm\ClassicFSM.py", line 151, in requestFinalState
    self.request(self.getFinalState().getName())
  File "D:\Documents\ToontownSourcecode\Panda3D-1.9.0\direct\fsm\ClassicFSM.py", line 246, in request
    assert not self.__internalStateInFlux
AssertionError
