TTLocalizer: Running in language: english
from toontown.toonbase.TTLocalizerEnglish import *
OTPLocalizer: Running in language: english
from otp.otpbase.OTPLocalizerEnglish import *
Preloading suits...
Preloading Toon heads...
Preloading avatars...
Traceback (most recent call last):
  File "D:\Documents\ToontownSourcecode\src\toontown\toonbase\ClientStart.py", line 240, in loadScripts
    execfile('mods/'+scriptName,globals())
  File "mods/Compilation.txt", line 206, in <module>
    toonAnywhere = DirectButton(text = ("Enable Toonup anywhere", "ENABLE TOONUP ANYWHERE", "enable toonup anywhere", "enable toonup anywhere"), scale=.06, pos = (-1,-0,-.3), command=ToonupAnywhere.toonUpSetUp)
NameError: name 'ToonupAnywhere' is not defined

phase_3.5/models/gui/friendslist_gui.bam
['Horiz_Arrow_UP', 'Horiz_Arrow_DN', 'Horiz_Arrow_Rllvr']
phase_3.5/models/gui/friendslist_gui.bam
['Horiz_Arrow_UP', 'Horiz_Arrow_DN', 'Horiz_Arrow_Rllvr']
phase_3.5/models/gui/friendslist_gui.bam
['Horiz_Arrow_UP', 'Horiz_Arrow_DN', 'Horiz_Arrow_Rllvr']
phase_3.5/models/gui/friendslist_gui.bam
['Horiz_Arrow_UP', 'Horiz_Arrow_DN', 'Horiz_Arrow_Rllvr']
phase_3.5/models/gui/friendslist_gui.bam
['FndsLst_ScrollUp', 'FndsLst_ScrollDN', 'FndsLst_ScrollUp_Rllvr']
phase_3.5/models/gui/friendslist_gui.bam
['FndsLst_ScrollUp', 'FndsLst_ScrollDN', 'FndsLst_ScrollUp_Rllvr']
phase_3.5/models/gui/friendslist_gui.bam
['Horiz_Arrow_UP', 'Horiz_Arrow_DN', 'Horiz_Arrow_Rllvr']
phase_3.5/models/gui/friendslist_gui.bam
['Horiz_Arrow_UP', 'Horiz_Arrow_DN', 'Horiz_Arrow_Rllvr']
phase_3.5/models/gui/friendslist_gui.bam
['Horiz_Arrow_UP', 'Horiz_Arrow_DN', 'Horiz_Arrow_Rllvr']
phase_3.5/models/gui/friendslist_gui.bam
['Horiz_Arrow_UP', 'Horiz_Arrow_DN', 'Horiz_Arrow_Rllvr']
phase_3/models/gui/quit_button.bam
['QuitBtn_UP', 'QuitBtn_DN', 'QuitBtn_RLVR']
phase_3/models/gui/quit_button.bam
['QuitBtn_UP', 'QuitBtn_DN', 'QuitBtn_RLVR']
phase_3/models/gui/quit_button.bam
['QuitBtn_UP', 'QuitBtn_DN', 'QuitBtn_RLVR']
phase_3/models/gui/quit_button.bam
['QuitBtn_UP', 'QuitBtn_DN', 'QuitBtn_RLVR']
test2
{414000001: <toontown.distributed.ToontownDistrict.ToontownDistrict instance at 0x1E785AD0>, 406000001: <toontown.distributed.ToontownDistrict.ToontownDistrict instance at 0x1E7858F0>, 407000001: <toontown.distributed.ToontownDistrict.ToontownDistrict instance at 0x1E785968>, 416000001: <toontown.distributed.ToontownDistrict.ToontownDistrict instance at 0x1E785AF8>, 409000001: <toontown.distributed.ToontownDistrict.ToontownDistrict instance at 0x1E7859E0>, 401000001: <toontown.distributed.ToontownDistrict.ToontownDistrict instance at 0x1E4B7300>, 402000001: <toontown.distributed.ToontownDistrict.ToontownDistrict instance at 0x1E772918>, 419000001: <toontown.distributed.ToontownDistrict.ToontownDistrict instance at 0x1E785B70>, 411000001: <toontown.distributed.ToontownDistrict.ToontownDistrict instance at 0x1E785A08>, 404000001: <toontown.distributed.ToontownDistrict.ToontownDistrict instance at 0x1E785940>, 413000001: <toontown.distributed.ToontownDistrict.ToontownDistrict instance at 0x1E785AA8>, 415000001: <toontown.distributed.ToontownDistrict.ToontownDistrict instance at 0x1E785A80>, 408000001: <toontown.distributed.ToontownDistrict.ToontownDistrict instance at 0x1E7859B8>, 417000001: <toontown.distributed.ToontownDistrict.ToontownDistrict instance at 0x1E785B98>, 410000001: <toontown.distributed.ToontownDistrict.ToontownDistrict instance at 0x1E785B48>, 418000001: <toontown.distributed.ToontownDistrict.ToontownDistrict instance at 0x1E785B20>, 403000001: <toontown.distributed.ToontownDistrict.ToontownDistrict instance at 0x1E4B4328>, 412000001: <toontown.distributed.ToontownDistrict.ToontownDistrict instance at 0x1E785A58>, 405000001: <toontown.distributed.ToontownDistrict.ToontownDistrict instance at 0x1E7858A0>, 420000001: <toontown.distributed.ToontownDistrict.ToontownDistrict instance at 0x1E785BC0>}
__handleAvatarChooserDone: 100000013, 'Little Zippy', ('rsl', 'ls', 'l', 'm', 19, 0, 19, 19, 10, 9, 0, 9, 7, 0), 1
2
Reading DNA file... phase_4/dna/storage.pdna
Reading DNA file... phase_3.5/dna/storage_interior.pdna
Traceback (most recent call last):
  File "<string>", line 4, in <module>
  File "<string>", line 8
    from toontown.battle impoimport urllib
                                  ^
SyntaxError: invalid syntax

Reading DNA file... phase_4/dna/storage.pdna
Reading DNA file... phase_3.5/dna/storage_interior.pdna
Reading DNA file... phase_4/dna/storage_TT.pdna
Reading DNA file... phase_4/dna/storage_TT_sz.pdna
Reading DNA file... phase_4/dna/toontown_central_sz.pdna
frame rate: 16.9 fps|0.019d|4 avs||330|333||0x1002|0x6738|415.7MB|476.7MB|16330.4MB|636|nt.2.6.2|3.300,3.300|3,6 cpus|OpenGL
Doing building quest
starting
Teleporting back
Reading DNA file... phase_4/dna/storage.pdna
Reading DNA file... phase_3.5/dna/storage_interior.pdna
Reading DNA file... phase_8/dna/storage_BR.pdna
Reading DNA file... phase_5/dna/storage_town.pdna
Reading DNA file... phase_8/dna/storage_BR_town.pdna
Reading DNA file... phase_8/dna/the_burrrgh_3100.pdna
empty flat building with no walls
Teleporting back
Reading DNA file... phase_5/dna/storage_town.pdna
Reading DNA file... phase_8/dna/storage_BR_town.pdna
Reading DNA file... phase_8/dna/the_burrrgh_3200.pdna
Teleporting back
Reading DNA file... phase_5/dna/storage_town.pdna
Reading DNA file... phase_8/dna/storage_BR_town.pdna
Reading DNA file... phase_8/dna/the_burrrgh_3300.pdna
frame rate: 19.9 fps|0.177d|2 avs||630|633||0x1002|0x6738|479.9MB|507.0MB|16330.4MB|718|nt.2.6.2|3.300,3.300|3,6 cpus|OpenGL
Battle Event localtoon-battle-event-3
Battle Event localtoon-battle-event-8
Reading DNA file... phase_8/dna/storage_BR_sz.pdna
Reading DNA file... phase_8/dna/the_burrrgh_sz.pdna
empty flat building with no walls
Teleporting back
Teleporting back
Teleporting back
Teleporting back
Teleporting back
Teleporting back
Teleporting back
Teleporting back
Teleporting back
Reading DNA file... phase_5/dna/storage_town.pdna
Reading DNA file... phase_8/dna/storage_BR_town.pdna
Reading DNA file... phase_8/dna/the_burrrgh_3300.pdna
Battle Event localtoon-battle-event-13
Battle Event localtoon-battle-event-18
Reading DNA file... phase_8/dna/storage_BR_sz.pdna
Reading DNA file... phase_8/dna/the_burrrgh_sz.pdna
empty flat building with no walls
Teleporting back
Teleporting back
Teleporting back
Teleporting back
Teleporting back
Teleporting back
Teleporting back
Teleporting back
Teleporting back
Reading DNA file... phase_5/dna/storage_town.pdna
Reading DNA file... phase_8/dna/storage_BR_town.pdna
Reading DNA file... phase_8/dna/the_burrrgh_3300.pdna
Battle Event localtoon-battle-event-23
Battle Event localtoon-battle-event-28
Battle Event localtoon-battle-event-33
Reading DNA file... phase_8/dna/storage_BR_sz.pdna
Reading DNA file... phase_8/dna/the_burrrgh_sz.pdna
empty flat building with no walls
Teleporting back
Teleporting back
Teleporting back
Teleporting back
Teleporting back
Teleporting back
Teleporting back
Teleporting back
Teleporting back
Reading DNA file... phase_5/dna/storage_town.pdna
Reading DNA file... phase_8/dna/storage_BR_town.pdna
Reading DNA file... phase_8/dna/the_burrrgh_3300.pdna
frame rate: 13.5 fps|0.200d|7 avs||930|933||0x1002|0x6738|544.8MB|572.7MB|16330.4MB|823|nt.2.6.2|3.300,3.300|3,6 cpus|OpenGL
Battle Event localtoon-battle-event-38
Battle Event localtoon-battle-event-43
Battle Event localtoon-battle-event-48
Reading DNA file... phase_8/dna/storage_BR_sz.pdna
Reading DNA file... phase_8/dna/the_burrrgh_sz.pdna
empty flat building with no walls
Teleporting back
Teleporting back
Teleporting back
Teleporting back
Teleporting back
Teleporting back
Teleporting back
Teleporting back
Teleporting back
Reading DNA file... phase_5/dna/storage_town.pdna
Reading DNA file... phase_8/dna/storage_BR_town.pdna
Reading DNA file... phase_8/dna/the_burrrgh_3300.pdna
Battle Event localtoon-battle-event-53
Battle Event localtoon-battle-event-58
Battle Event localtoon-battle-event-63
Battle Event localtoon-battle-event-68
Reading DNA file... phase_5/dna/storage_town.pdna
Reading DNA file... phase_8/dna/storage_BR_town.pdna
Reading DNA file... phase_8/dna/the_burrrgh_3300.pdna
Battle Event localtoon-battle-event-73
Battle Event localtoon-battle-event-78
Battle Event localtoon-battle-event-83
frame rate: 27.8 fps|0.046d|2 avs||1230|1233||0x1002|0x6738|566.7MB|594.6MB|16330.4MB|862|nt.2.6.2|3.300,3.300|3,6 cpus|OpenGL
Reading DNA file... phase_8/dna/storage_BR_sz.pdna
Reading DNA file... phase_8/dna/the_burrrgh_sz.pdna
empty flat building with no walls
Teleporting back
Teleporting back
Teleporting back
Teleporting back
Teleporting back
Teleporting back
Teleporting back
Teleporting back
Teleporting back
Reading DNA file... phase_5/dna/storage_town.pdna
Reading DNA file... phase_8/dna/storage_BR_town.pdna
Reading DNA file... phase_8/dna/the_burrrgh_3300.pdna
Battle Event localtoon-battle-event-88
Battle Event localtoon-battle-event-93
Battle Event localtoon-battle-event-98
Battle Event localtoon-battle-event-103
Reading DNA file... phase_8/dna/storage_BR_sz.pdna
Reading DNA file... phase_8/dna/the_burrrgh_sz.pdna
empty flat building with no walls
Teleporting back
Teleporting back
Teleporting back
Teleporting back
Teleporting back
Teleporting back
Teleporting back
Teleporting back
Teleporting back
Reading DNA file... phase_5/dna/storage_town.pdna
Reading DNA file... phase_8/dna/storage_BR_town.pdna
Reading DNA file... phase_8/dna/the_burrrgh_3300.pdna
Reading DNA file... phase_4/dna/storage.pdna
Reading DNA file... phase_3.5/dna/storage_interior.pdna
Reading DNA file... phase_8/dna/storage_BR.pdna
Reading DNA file... phase_5/dna/storage_town.pdna
Reading DNA file... phase_8/dna/storage_BR_town.pdna
Reading DNA file... phase_8/dna/the_burrrgh_3100.pdna
empty flat building with no walls
Teleporting back
Reading DNA file... phase_5/dna/storage_town.pdna
Reading DNA file... phase_8/dna/storage_BR_town.pdna
Reading DNA file... phase_8/dna/the_burrrgh_3200.pdna
Battle Event localtoon-battle-event-108
Battle Event localtoon-battle-event-113
Battle Event localtoon-battle-event-118
Battle Event localtoon-battle-event-123
Battle Event localtoon-battle-event-128
Reading DNA file... phase_5/dna/storage_town.pdna
Reading DNA file... phase_8/dna/storage_BR_town.pdna
Reading DNA file... phase_8/dna/the_burrrgh_3200.pdna
Reading DNA file... phase_4/dna/storage.pdna
Reading DNA file... phase_3.5/dna/storage_interior.pdna
Reading DNA file... phase_4/dna/storage_TT.pdna
Reading DNA file... phase_4/dna/storage_TT_sz.pdna
Reading DNA file... phase_4/dna/toontown_central_sz.pdna
Reading DNA file... phase_4/dna/storage.pdna
Reading DNA file... phase_3.5/dna/storage_interior.pdna
Reading DNA file... phase_4/dna/storage_TT.pdna
Reading DNA file... phase_4/dna/storage_TT_sz.pdna
Reading DNA file... phase_4/dna/toontown_central_sz.pdna
Reading DNA file... phase_4/dna/storage.pdna
Reading DNA file... phase_3.5/dna/storage_interior.pdna
Reading DNA file... phase_4/dna/storage_TT.pdna
Reading DNA file... phase_4/dna/storage_TT_sz.pdna
Reading DNA file... phase_4/dna/toontown_central_sz.pdna
Reading DNA file... phase_4/dna/storage.pdna
Reading DNA file... phase_3.5/dna/storage_interior.pdna
Reading DNA file... phase_4/dna/storage_TT.pdna
Reading DNA file... phase_4/dna/storage_TT_sz.pdna
Reading DNA file... phase_4/dna/toontown_central_sz.pdna
Reading DNA file... phase_4/dna/storage.pdna
Reading DNA file... phase_3.5/dna/storage_interior.pdna
Battle Event localtoon-battle-event-133
Battle Event localtoon-battle-event-139
Battle Event localtoon-battle-event-145
Battle Event localtoon-battle-event-151
Battle Event localtoon-battle-event-157
TIMER startTime 3391
Battle Event localtoon-battle-event-163
Battle Event localtoon-battle-event-169
Battle Event localtoon-battle-event-175
Battle Event localtoon-battle-event-181
Reading DNA file... phase_4/dna/storage.pdna
Reading DNA file... phase_3.5/dna/storage_interior.pdna
Reading DNA file... phase_8/dna/storage_BR.pdna
Reading DNA file... phase_8/dna/storage_BR_sz.pdna
Reading DNA file... phase_8/dna/the_burrrgh_sz.pdna
empty flat building with no walls
TIMER startTime 3391
TIMER startTime 3391
Reading DNA file... phase_4/dna/storage.pdna
Reading DNA file... phase_3.5/dna/storage_interior.pdna
Battle Event localtoon-battle-event-187
Battle Event localtoon-battle-event-193
TIMER startTime 3391
Battle Event localtoon-battle-event-199
Battle Event localtoon-battle-event-205
Battle Event localtoon-battle-event-211
Battle Event localtoon-battle-event-217
Battle Event localtoon-battle-event-223
Battle Event localtoon-battle-event-229
Battle Event localtoon-battle-event-235
Battle Event localtoon-battle-event-241
Battle Event localtoon-battle-event-247
TIMER startTime 3391
Battle Event localtoon-battle-event-253
Battle Event localtoon-battle-event-259
Battle Event localtoon-battle-event-265
TIMER startTime 3391
Battle Event localtoon-battle-event-271
Battle Event localtoon-battle-event-277
Battle Event localtoon-battle-event-283
Battle Event localtoon-battle-event-289
Battle Event localtoon-battle-event-295
Battle Event localtoon-battle-event-301
Battle Event localtoon-battle-event-307
Battle Event localtoon-battle-event-313
Battle Event localtoon-battle-event-319
Battle Event localtoon-battle-event-325
TIMER startTime 3391
Battle Event localtoon-battle-event-331
Battle Event localtoon-battle-event-337
Battle Event localtoon-battle-event-343
Battle Event localtoon-battle-event-349
Battle Event localtoon-battle-event-355
frame rate: 10.6 fps|0.141d|13 avs||1998|2000||0x1002|0x6738|670.2MB|733.6MB|16330.4MB|1587|nt.2.6.2|3.300,3.300|3,6 cpus|OpenGL
Battle Event localtoon-battle-event-361
Battle Event localtoon-battle-event-367
Battle Event localtoon-battle-event-373
Reading DNA file... phase_4/dna/storage.pdna
Reading DNA file... phase_3.5/dna/storage_interior.pdna
Battle Event localtoon-battle-event-379
Battle Event localtoon-battle-event-385
Battle Event localtoon-battle-event-391
Battle Event localtoon-battle-event-397
Battle Event localtoon-battle-event-403
Battle Event localtoon-battle-event-409
Battle Event localtoon-battle-event-415
Battle Event localtoon-battle-event-421
Battle Event localtoon-battle-event-427
Battle Event localtoon-battle-event-433
Battle Event localtoon-battle-event-439
Battle Event localtoon-battle-event-445
Battle Event localtoon-battle-event-451
Battle Event localtoon-battle-event-457
Battle Event localtoon-battle-event-463
Battle Event localtoon-battle-event-469
Battle Event localtoon-battle-event-475
Battle Event localtoon-battle-event-481
Battle Event localtoon-battle-event-487
Battle Event localtoon-battle-event-493
Battle Event localtoon-battle-event-499
Battle Event localtoon-battle-event-505
Battle Event localtoon-battle-event-511
Battle Event localtoon-battle-event-517
Battle Event localtoon-battle-event-523
Battle Event localtoon-battle-event-529
Battle Event localtoon-battle-event-535
Battle Event localtoon-battle-event-541
Battle Event localtoon-battle-event-547
Battle Event localtoon-battle-event-553
Battle Event localtoon-battle-event-559
Battle Event localtoon-battle-event-565
Battle Event localtoon-battle-event-571
Battle Event localtoon-battle-event-577
Battle Event localtoon-battle-event-583
Battle Event localtoon-battle-event-589
Battle Event localtoon-battle-event-595
Battle Event localtoon-battle-event-601
Battle Event localtoon-battle-event-607
Battle Event localtoon-battle-event-613
Battle Event localtoon-battle-event-619
Battle Event localtoon-battle-event-625
Battle Event localtoon-battle-event-631
Battle Event localtoon-battle-event-637
starting
Teleporting back
Reading DNA file... phase_4/dna/storage.pdna
Reading DNA file... phase_3.5/dna/storage_interior.pdna
Reading DNA file... phase_8/dna/storage_BR.pdna
Reading DNA file... phase_5/dna/storage_town.pdna
Reading DNA file... phase_8/dna/storage_BR_town.pdna
Reading DNA file... phase_8/dna/the_burrrgh_3100.pdna
empty flat building with no walls
Teleporting back
Reading DNA file... phase_5/dna/storage_town.pdna
Reading DNA file... phase_8/dna/storage_BR_town.pdna
Reading DNA file... phase_8/dna/the_burrrgh_3200.pdna
frame rate: 9.2 fps|0.260d|7 avs||2298|2300||0x1002|0x6738|693.8MB|723.8MB|16330.4MB|1678|nt.2.6.2|3.300,3.300|3,6 cpus|OpenGL
Battle Event localtoon-battle-event-643
Battle Event localtoon-battle-event-648
Battle Event localtoon-battle-event-653
Battle Event localtoon-battle-event-658
Reading DNA file... phase_8/dna/storage_BR_sz.pdna
Reading DNA file... phase_8/dna/the_burrrgh_sz.pdna
empty flat building with no walls
Teleporting back
Teleporting back
Teleporting back
Teleporting back
Teleporting back
Teleporting back
Teleporting back
Teleporting back
Teleporting back
Reading DNA file... phase_5/dna/storage_town.pdna
Reading DNA file... phase_8/dna/storage_BR_town.pdna
Reading DNA file... phase_8/dna/the_burrrgh_3200.pdna
Battle Event localtoon-battle-event-663
Battle Event localtoon-battle-event-668
Battle Event localtoon-battle-event-673
Battle Event localtoon-battle-event-678
Reading DNA file... phase_8/dna/storage_BR_sz.pdna
Reading DNA file... phase_8/dna/the_burrrgh_sz.pdna
empty flat building with no walls
Teleporting back
Teleporting back
Teleporting back
Teleporting back
Teleporting back
Teleporting back
Teleporting back
Teleporting back
Teleporting back
Reading DNA file... phase_5/dna/storage_town.pdna
Reading DNA file... phase_8/dna/storage_BR_town.pdna
Reading DNA file... phase_8/dna/the_burrrgh_3200.pdna
Battle Event localtoon-battle-event-683
frame rate: 18.4 fps|0.069d|0 avs||2598|2600||0x1002|0x6738|739.1MB|769.2MB|16330.4MB|1747|nt.2.6.2|3.300,3.300|3,6 cpus|OpenGL
Battle Event localtoon-battle-event-688
Battle Event localtoon-battle-event-693
Battle Event localtoon-battle-event-698
Reading DNA file... phase_5/dna/storage_town.pdna
Reading DNA file... phase_8/dna/storage_BR_town.pdna
Reading DNA file... phase_8/dna/the_burrrgh_3200.pdna
Teleporting back
Reading DNA file... phase_5/dna/storage_town.pdna
Reading DNA file... phase_8/dna/storage_BR_town.pdna
Reading DNA file... phase_8/dna/the_burrrgh_3300.pdna
Reading DNA file... phase_4/dna/storage.pdna
Reading DNA file... phase_3.5/dna/storage_interior.pdna
Reading DNA file... phase_8/dna/storage_BR.pdna
Reading DNA file... phase_5/dna/storage_town.pdna
Reading DNA file... phase_8/dna/storage_BR_town.pdna
Reading DNA file... phase_8/dna/the_burrrgh_3100.pdna
empty flat building with no walls
Teleporting back
Reading DNA file... phase_5/dna/storage_town.pdna
Reading DNA file... phase_8/dna/storage_BR_town.pdna
Reading DNA file... phase_8/dna/the_burrrgh_3200.pdna
Battle Event localtoon-battle-event-703
Battle Event localtoon-battle-event-708
Battle Event localtoon-battle-event-713
Battle Event localtoon-battle-event-718
Reading DNA file... phase_5/dna/storage_town.pdna
Reading DNA file... phase_8/dna/storage_BR_town.pdna
Reading DNA file... phase_8/dna/the_burrrgh_3200.pdna
Battle Event localtoon-battle-event-723
Battle Event localtoon-battle-event-728
Battle Event localtoon-battle-event-733
Battle Event localtoon-battle-event-738
Reading DNA file... phase_5/dna/storage_town.pdna
Reading DNA file... phase_8/dna/storage_BR_town.pdna
Reading DNA file... phase_8/dna/the_burrrgh_3200.pdna
Teleporting back
Reading DNA file... phase_5/dna/storage_town.pdna
Reading DNA file... phase_8/dna/storage_BR_town.pdna
Reading DNA file... phase_8/dna/the_burrrgh_3300.pdna
frame rate: 8.7 fps|0.265d|4 avs||3012|3015||0x1002|0x6738|838.8MB|869.0MB|16330.4MB|1856|nt.2.6.2|3.300,3.300|3,6 cpus|OpenGL
Reading DNA file... phase_4/dna/storage.pdna
Reading DNA file... phase_3.5/dna/storage_interior.pdna
Reading DNA file... phase_8/dna/storage_BR.pdna
Reading DNA file... phase_5/dna/storage_town.pdna
Reading DNA file... phase_8/dna/storage_BR_town.pdna
Reading DNA file... phase_8/dna/the_burrrgh_3100.pdna
empty flat building with no walls
Teleporting back
Reading DNA file... phase_5/dna/storage_town.pdna
Reading DNA file... phase_8/dna/storage_BR_town.pdna
Reading DNA file... phase_8/dna/the_burrrgh_3200.pdna
Battle Event localtoon-battle-event-743
Battle Event localtoon-battle-event-748
Battle Event localtoon-battle-event-753
Battle Event localtoon-battle-event-758
Reading DNA file... phase_5/dna/storage_town.pdna
Reading DNA file... phase_8/dna/storage_BR_town.pdna
Reading DNA file... phase_8/dna/the_burrrgh_3200.pdna
Teleporting back
Reading DNA file... phase_5/dna/storage_town.pdna
Reading DNA file... phase_8/dna/storage_BR_town.pdna
Reading DNA file... phase_8/dna/the_burrrgh_3300.pdna
Reading DNA file... phase_4/dna/storage.pdna
Reading DNA file... phase_3.5/dna/storage_interior.pdna
Reading DNA file... phase_8/dna/storage_BR.pdna
Reading DNA file... phase_5/dna/storage_town.pdna
Reading DNA file... phase_8/dna/storage_BR_town.pdna
Reading DNA file... phase_8/dna/the_burrrgh_3100.pdna
empty flat building with no walls
Teleporting back
Reading DNA file... phase_5/dna/storage_town.pdna
Reading DNA file... phase_8/dna/storage_BR_town.pdna
Reading DNA file... phase_8/dna/the_burrrgh_3200.pdna
Battle Event localtoon-battle-event-763
Battle Event localtoon-battle-event-768
Battle Event localtoon-battle-event-773
Battle Event localtoon-battle-event-778
Reading DNA file... phase_5/dna/storage_town.pdna
Reading DNA file... phase_8/dna/storage_BR_town.pdna
Reading DNA file... phase_8/dna/the_burrrgh_3200.pdna
Battle Event localtoon-battle-event-783
Battle Event localtoon-battle-event-788
Battle Event localtoon-battle-event-793
Battle Event localtoon-battle-event-798
Battle Event localtoon-battle-event-803
frame rate: 12.8 fps|0.070d|5 avs||3543|3546||0x1002|0x6738|923.6MB|955.0MB|16330.4MB|1977|nt.2.6.2|3.300,3.300|3,6 cpus|OpenGL
Reading DNA file... phase_5/dna/storage_town.pdna
Reading DNA file... phase_8/dna/storage_BR_town.pdna
Reading DNA file... phase_8/dna/the_burrrgh_3200.pdna
Battle Event localtoon-battle-event-808
Battle Event localtoon-battle-event-813
Battle Event localtoon-battle-event-818
Battle Event localtoon-battle-event-823
Battle Event localtoon-battle-event-828
Reading DNA file... phase_5/dna/storage_town.pdna
Reading DNA file... phase_8/dna/storage_BR_town.pdna
Reading DNA file... phase_8/dna/the_burrrgh_3200.pdna
Reading DNA file... phase_4/dna/storage.pdna
Reading DNA file... phase_3.5/dna/storage_interior.pdna
Battle Event localtoon-battle-event-833
Battle Event localtoon-battle-event-839
Battle Event localtoon-battle-event-845
TIMER startTime 3549
Battle Event localtoon-battle-event-851
Battle Event localtoon-battle-event-857
Battle Event localtoon-battle-event-863
Battle Event localtoon-battle-event-869
Reading DNA file... phase_4/dna/storage.pdna
Reading DNA file... phase_3.5/dna/storage_interior.pdna
Battle Event localtoon-battle-event-875
Battle Event localtoon-battle-event-881
Battle Event localtoon-battle-event-887
Battle Event localtoon-battle-event-893
Battle Event localtoon-battle-event-899
Battle Event localtoon-battle-event-905
Battle Event localtoon-battle-event-911
Battle Event localtoon-battle-event-917
Battle Event localtoon-battle-event-923
Battle Event localtoon-battle-event-929
Battle Event localtoon-battle-event-935
Battle Event localtoon-battle-event-941
Battle Event localtoon-battle-event-947
Battle Event localtoon-battle-event-953
frame rate: 11.5 fps|0.074d|6 avs||3843|3846||0x1002|0x6738|1008.8MB|1042.3MB|16330.4MB|2172|nt.2.6.2|3.300,3.300|3,6 cpus|OpenGL
Battle Event localtoon-battle-event-959
Battle Event localtoon-battle-event-965
Battle Event localtoon-battle-event-971
Battle Event localtoon-battle-event-977
Battle Event localtoon-battle-event-983
Battle Event localtoon-battle-event-989
Battle Event localtoon-battle-event-995
Battle Event localtoon-battle-event-1001
Battle Event localtoon-battle-event-1007
Battle Event localtoon-battle-event-1013
Battle Event localtoon-battle-event-1019
starting
Teleporting back
Reading DNA file... phase_4/dna/storage.pdna
Reading DNA file... phase_3.5/dna/storage_interior.pdna
Reading DNA file... phase_8/dna/storage_BR.pdna
Reading DNA file... phase_5/dna/storage_town.pdna
Reading DNA file... phase_8/dna/storage_BR_town.pdna
Reading DNA file... phase_8/dna/the_burrrgh_3100.pdna
empty flat building with no walls
Teleporting back
Reading DNA file... phase_5/dna/storage_town.pdna
Reading DNA file... phase_8/dna/storage_BR_town.pdna
Reading DNA file... phase_8/dna/the_burrrgh_3200.pdna
Battle Event localtoon-battle-event-1025
Battle Event localtoon-battle-event-1030
Battle Event localtoon-battle-event-1035
Battle Event localtoon-battle-event-1040
Reading DNA file... phase_8/dna/storage_BR_sz.pdna
Reading DNA file... phase_8/dna/the_burrrgh_sz.pdna
empty flat building with no walls
Teleporting back
Teleporting back
Teleporting back
Teleporting back
Teleporting back
Teleporting back
Teleporting back
Teleporting back
Teleporting back
Reading DNA file... phase_5/dna/storage_town.pdna
Reading DNA file... phase_8/dna/storage_BR_town.pdna
Reading DNA file... phase_8/dna/the_burrrgh_3200.pdna
Teleporting back
Reading DNA file... phase_5/dna/storage_town.pdna
Reading DNA file... phase_8/dna/storage_BR_town.pdna
Reading DNA file... phase_8/dna/the_burrrgh_3300.pdna
Battle Event localtoon-battle-event-1045
frame rate: 13.9 fps|0.113d|4 avs||4143|4146||0x1002|0x6738|1074.8MB|1107.5MB|16330.4MB|2265|nt.2.6.2|3.300,3.300|3,6 cpus|OpenGL
Battle Event localtoon-battle-event-1050
Reading DNA file... phase_8/dna/storage_BR_sz.pdna
Reading DNA file... phase_8/dna/the_burrrgh_sz.pdna
empty flat building with no walls
Teleporting back
Teleporting back
Teleporting back
Teleporting back
Teleporting back
Teleporting back
Teleporting back
Teleporting back
Teleporting back
Reading DNA file... phase_5/dna/storage_town.pdna
Reading DNA file... phase_8/dna/storage_BR_town.pdna
Reading DNA file... phase_8/dna/the_burrrgh_3300.pdna
Battle Event localtoon-battle-event-1055
Battle Event localtoon-battle-event-1060
Battle Event localtoon-battle-event-1065
Battle Event localtoon-battle-event-1070
Reading DNA file... phase_8/dna/storage_BR_sz.pdna
Reading DNA file... phase_8/dna/the_burrrgh_sz.pdna
empty flat building with no walls
Teleporting back
Teleporting back
Teleporting back
Teleporting back
Teleporting back
Teleporting back
Teleporting back
Teleporting back
Teleporting back
Reading DNA file... phase_5/dna/storage_town.pdna
Reading DNA file... phase_8/dna/storage_BR_town.pdna
Reading DNA file... phase_8/dna/the_burrrgh_3300.pdna
Battle Event localtoon-battle-event-1075
Battle Event localtoon-battle-event-1080
Battle Event localtoon-battle-event-1085
Battle Event localtoon-battle-event-1090
Reading DNA file... phase_8/dna/storage_BR_sz.pdna
Reading DNA file... phase_8/dna/the_burrrgh_sz.pdna
empty flat building with no walls
Teleporting back
Teleporting back
Teleporting back
Teleporting back
Teleporting back
Teleporting back
Teleporting back
frame rate: 12.4 fps|0.069d|1 avs||4443|4446||0x1002|0x6738|1091.5MB|1123.8MB|16330.4MB|2333|nt.2.6.2|3.300,3.300|3,6 cpus|OpenGL
Teleporting back
Teleporting back
Reading DNA file... phase_5/dna/storage_town.pdna
Reading DNA file... phase_8/dna/storage_BR_town.pdna
Reading DNA file... phase_8/dna/the_burrrgh_3300.pdna
Battle Event localtoon-battle-event-1095
Reading DNA file... phase_8/dna/storage_BR_sz.pdna
Reading DNA file... phase_8/dna/the_burrrgh_sz.pdna
empty flat building with no walls
Teleporting back
Teleporting back
Teleporting back
Teleporting back
Teleporting back
Teleporting back
Teleporting back
Teleporting back
Teleporting back
Reading DNA file... phase_5/dna/storage_town.pdna
Reading DNA file... phase_8/dna/storage_BR_town.pdna
Reading DNA file... phase_8/dna/the_burrrgh_3300.pdna
Battle Event localtoon-battle-event-1100
Battle Event localtoon-battle-event-1105
Battle Event localtoon-battle-event-1110
Battle Event localtoon-battle-event-1115
Reading DNA file... phase_8/dna/storage_BR_sz.pdna
Reading DNA file... phase_8/dna/the_burrrgh_sz.pdna
empty flat building with no walls
Teleporting back
Teleporting back
Teleporting back
Teleporting back
Teleporting back
Teleporting back
Teleporting back
Teleporting back
Teleporting back
Reading DNA file... phase_5/dna/storage_town.pdna
Reading DNA file... phase_8/dna/storage_BR_town.pdna
Reading DNA file... phase_8/dna/the_burrrgh_3300.pdna
Battle Event localtoon-battle-event-1120
Battle Event localtoon-battle-event-1125
Battle Event localtoon-battle-event-1130
Battle Event localtoon-battle-event-1135
frame rate: 13.8 fps|0.060d|6 avs||4743|4746||0x1002|0x6738|1124.8MB|1157.1MB|16330.4MB|2409|nt.2.6.2|3.300,3.300|3,6 cpus|OpenGL
Reading DNA file... phase_8/dna/storage_BR_sz.pdna
Reading DNA file... phase_8/dna/the_burrrgh_sz.pdna
empty flat building with no walls
Teleporting back
Teleporting back
Teleporting back
Teleporting back
Teleporting back
Teleporting back
Teleporting back
Teleporting back
Teleporting back
Reading DNA file... phase_5/dna/storage_town.pdna
Reading DNA file... phase_8/dna/storage_BR_town.pdna
Reading DNA file... phase_8/dna/the_burrrgh_3300.pdna
Battle Event localtoon-battle-event-1140
Battle Event localtoon-battle-event-1145
Battle Event localtoon-battle-event-1150
Reading DNA file... phase_8/dna/storage_BR_sz.pdna
Reading DNA file... phase_8/dna/the_burrrgh_sz.pdna
empty flat building with no walls
Teleporting back
Teleporting back
Teleporting back
Teleporting back
Teleporting back
Teleporting back
Teleporting back
Teleporting back
Teleporting back
Reading DNA file... phase_5/dna/storage_town.pdna
Reading DNA file... phase_8/dna/storage_BR_town.pdna
Reading DNA file... phase_8/dna/the_burrrgh_3300.pdna
Reading DNA file... phase_4/dna/storage.pdna
Reading DNA file... phase_3.5/dna/storage_interior.pdna
Reading DNA file... phase_8/dna/storage_BR.pdna
Reading DNA file... phase_5/dna/storage_town.pdna
Reading DNA file... phase_8/dna/storage_BR_town.pdna
Reading DNA file... phase_8/dna/the_burrrgh_3100.pdna
empty flat building with no walls
Teleporting back
Reading DNA file... phase_5/dna/storage_town.pdna
Reading DNA file... phase_8/dna/storage_BR_town.pdna
Reading DNA file... phase_8/dna/the_burrrgh_3200.pdna
Teleporting back
Reading DNA file... phase_5/dna/storage_town.pdna
Reading DNA file... phase_8/dna/storage_BR_town.pdna
Reading DNA file... phase_8/dna/the_burrrgh_3300.pdna
Battle Event localtoon-battle-event-1155
Battle Event localtoon-battle-event-1160
Battle Event localtoon-battle-event-1165
Battle Event localtoon-battle-event-1170
Reading DNA file... phase_8/dna/storage_BR_sz.pdna
Reading DNA file... phase_8/dna/the_burrrgh_sz.pdna
empty flat building with no walls
Teleporting back
Teleporting back
Teleporting back
Teleporting back
Teleporting back
Teleporting back
Teleporting back
Teleporting back
Teleporting back
Reading DNA file... phase_5/dna/storage_town.pdna
Reading DNA file... phase_8/dna/storage_BR_town.pdna
Reading DNA file... phase_8/dna/the_burrrgh_3300.pdna
Battle Event localtoon-battle-event-1175
Battle Event localtoon-battle-event-1180
Battle Event localtoon-battle-event-1185
Reading DNA file... phase_8/dna/storage_BR_sz.pdna
Reading DNA file... phase_8/dna/the_burrrgh_sz.pdna
empty flat building with no walls
Teleporting back
Teleporting back
Teleporting back
Teleporting back
Teleporting back
Teleporting back
Teleporting back
Teleporting back
frame rate: 12.3 fps|0.068d|1 avs||5228|5231||0x1002|0x6738|1195.4MB|1230.2MB|16330.4MB|2571|nt.2.6.2|3.300,3.300|3,6 cpus|OpenGL
Teleporting back
Reading DNA file... phase_5/dna/storage_town.pdna
Reading DNA file... phase_8/dna/storage_BR_town.pdna
Reading DNA file... phase_8/dna/the_burrrgh_3300.pdna
Battle Event localtoon-battle-event-1190
Battle Event localtoon-battle-event-1195
Battle Event localtoon-battle-event-1200
Reading DNA file... phase_8/dna/storage_BR_sz.pdna
Reading DNA file... phase_8/dna/the_burrrgh_sz.pdna
empty flat building with no walls
Teleporting back
Teleporting back
Teleporting back
Teleporting back
Teleporting back
Teleporting back
Teleporting back
Teleporting back
Teleporting back
Reading DNA file... phase_5/dna/storage_town.pdna
Reading DNA file... phase_8/dna/storage_BR_town.pdna
Reading DNA file... phase_8/dna/the_burrrgh_3300.pdna
Battle Event localtoon-battle-event-1205
Battle Event localtoon-battle-event-1210
Battle Event localtoon-battle-event-1215
Reading DNA file... phase_8/dna/storage_BR_sz.pdna
Reading DNA file... phase_8/dna/the_burrrgh_sz.pdna
empty flat building with no walls
Teleporting back
Teleporting back
Teleporting back
Teleporting back
Teleporting back
Teleporting back
Teleporting back
Teleporting back
Teleporting back
Reading DNA file... phase_5/dna/storage_town.pdna
Reading DNA file... phase_8/dna/storage_BR_town.pdna
Reading DNA file... phase_8/dna/the_burrrgh_3300.pdna
Battle Event localtoon-battle-event-1220
Battle Event localtoon-battle-event-1225
Battle Event localtoon-battle-event-1230
frame rate: 14.7 fps|0.040d|0 avs||5528|5531||0x1002|0x6738|1238.8MB|1272.6MB|16330.4MB|2649|nt.2.6.2|3.300,3.300|3,6 cpus|OpenGL
Battle Event localtoon-battle-event-1235
Battle Event localtoon-battle-event-1240
Reading DNA file... phase_5/dna/storage_town.pdna
Reading DNA file... phase_8/dna/storage_BR_town.pdna
Reading DNA file... phase_8/dna/the_burrrgh_3300.pdna
Battle Event localtoon-battle-event-1245
Battle Event localtoon-battle-event-1250
Reading DNA file... phase_8/dna/storage_BR_sz.pdna
Reading DNA file... phase_8/dna/the_burrrgh_sz.pdna
empty flat building with no walls
Teleporting back
Teleporting back
Teleporting back
Teleporting back
Teleporting back
Teleporting back
Teleporting back
Teleporting back
Teleporting back
Reading DNA file... phase_5/dna/storage_town.pdna
Reading DNA file... phase_8/dna/storage_BR_town.pdna
Reading DNA file... phase_8/dna/the_burrrgh_3300.pdna
Battle Event localtoon-battle-event-1255
Battle Event localtoon-battle-event-1260
Battle Event localtoon-battle-event-1265
Battle Event localtoon-battle-event-1270
Reading DNA file... phase_8/dna/storage_BR_sz.pdna
Reading DNA file... phase_8/dna/the_burrrgh_sz.pdna
empty flat building with no walls
Teleporting back
Teleporting back
Teleporting back
Teleporting back
Teleporting back
Teleporting back
Teleporting back
Teleporting back
Teleporting back
Reading DNA file... phase_5/dna/storage_town.pdna
Reading DNA file... phase_8/dna/storage_BR_town.pdna
Reading DNA file... phase_8/dna/the_burrrgh_3300.pdna
Reading DNA file... phase_4/dna/storage.pdna
Reading DNA file... phase_3.5/dna/storage_interior.pdna
Reading DNA file... phase_8/dna/storage_BR.pdna
Reading DNA file... phase_5/dna/storage_town.pdna
Reading DNA file... phase_8/dna/storage_BR_town.pdna
Reading DNA file... phase_8/dna/the_burrrgh_3100.pdna
empty flat building with no walls
Teleporting back
Reading DNA file... phase_5/dna/storage_town.pdna
Reading DNA file... phase_8/dna/storage_BR_town.pdna
Reading DNA file... phase_8/dna/the_burrrgh_3200.pdna
Battle Event localtoon-battle-event-1275
Battle Event localtoon-battle-event-1280
Battle Event localtoon-battle-event-1285
Battle Event localtoon-battle-event-1290
Reading DNA file... phase_5/dna/storage_town.pdna
Reading DNA file... phase_8/dna/storage_BR_town.pdna
Reading DNA file... phase_8/dna/the_burrrgh_3200.pdna
Battle Event localtoon-battle-event-1295
Battle Event localtoon-battle-event-1300
Battle Event localtoon-battle-event-1305
Battle Event localtoon-battle-event-1310
Reading DNA file... phase_8/dna/storage_BR_sz.pdna
Reading DNA file... phase_8/dna/the_burrrgh_sz.pdna
empty flat building with no walls
Teleporting back
Teleporting back
Teleporting back
Teleporting back
Teleporting back
Teleporting back
Teleporting back
Teleporting back
Teleporting back
Reading DNA file... phase_5/dna/storage_town.pdna
Reading DNA file... phase_8/dna/storage_BR_town.pdna
Reading DNA file... phase_8/dna/the_burrrgh_3200.pdna
frame rate: 9.4 fps|0.242d|9 avs||6121|6124||0x1002|0x6738|1332.6MB|1368.0MB|16330.4MB|2794|nt.2.6.2|3.300,3.300|3,6 cpus|OpenGL
Teleporting back
Reading DNA file... phase_5/dna/storage_town.pdna
Reading DNA file... phase_8/dna/storage_BR_town.pdna
Reading DNA file... phase_8/dna/the_burrrgh_3300.pdna
Battle Event localtoon-battle-event-1315
Battle Event localtoon-battle-event-1320
Battle Event localtoon-battle-event-1325
Battle Event localtoon-battle-event-1330
Reading DNA file... phase_8/dna/storage_BR_sz.pdna
Reading DNA file... phase_8/dna/the_burrrgh_sz.pdna
empty flat building with no walls
Teleporting back
Teleporting back
Teleporting back
Teleporting back
Teleporting back
Teleporting back
Teleporting back
Teleporting back
Teleporting back
Reading DNA file... phase_5/dna/storage_town.pdna
Reading DNA file... phase_8/dna/storage_BR_town.pdna
Reading DNA file... phase_8/dna/the_burrrgh_3300.pdna
Battle Event localtoon-battle-event-1335
Battle Event localtoon-battle-event-1340
Battle Event localtoon-battle-event-1345
Battle Event localtoon-battle-event-1350
Reading DNA file... phase_5/dna/storage_town.pdna
Reading DNA file... phase_8/dna/storage_BR_town.pdna
Reading DNA file... phase_8/dna/the_burrrgh_3300.pdna
frame rate: 9.9 fps|0.024d|1 avs||6422|6425||0x1002|0x6738|1375.1MB|1410.6MB|16330.4MB|2848|nt.2.6.2|3.300,3.300|3,6 cpus|OpenGL
Battle Event localtoon-battle-event-1355
Battle Event localtoon-battle-event-1360
Battle Event localtoon-battle-event-1365
Battle Event localtoon-battle-event-1370
Reading DNA file... phase_8/dna/storage_BR_sz.pdna
Reading DNA file... phase_8/dna/the_burrrgh_sz.pdna
empty flat building with no walls
Teleporting back
Teleporting back
Teleporting back
Teleporting back
Teleporting back
Teleporting back
Teleporting back
Teleporting back
Teleporting back
Reading DNA file... phase_5/dna/storage_town.pdna
Reading DNA file... phase_8/dna/storage_BR_town.pdna
Reading DNA file... phase_8/dna/the_burrrgh_3300.pdna
Battle Event localtoon-battle-event-1375
Battle Event localtoon-battle-event-1380
Battle Event localtoon-battle-event-1385
Reading DNA file... phase_8/dna/storage_BR_sz.pdna
Reading DNA file... phase_8/dna/the_burrrgh_sz.pdna
empty flat building with no walls
Teleporting back
Teleporting back
Teleporting back
Teleporting back
Teleporting back
Teleporting back
Teleporting back
Teleporting back
Teleporting back
Reading DNA file... phase_5/dna/storage_town.pdna
Reading DNA file... phase_8/dna/storage_BR_town.pdna
Reading DNA file... phase_8/dna/the_burrrgh_3300.pdna
Battle Event localtoon-battle-event-1390
Battle Event localtoon-battle-event-1395
Battle Event localtoon-battle-event-1400
frame rate: 11.9 fps|0.056d|4 avs||6723|6725||0x1002|0x6738|1415.9MB|1451.8MB|16330.4MB|2911|nt.2.6.2|3.300,3.300|3,6 cpus|OpenGL
Battle Event localtoon-battle-event-1405
Reading DNA file... phase_8/dna/storage_BR_sz.pdna
Reading DNA file... phase_8/dna/the_burrrgh_sz.pdna
empty flat building with no walls
Teleporting back
Teleporting back
Teleporting back
Teleporting back
Teleporting back
Teleporting back
Teleporting back
Teleporting back
Teleporting back
Reading DNA file... phase_5/dna/storage_town.pdna
Reading DNA file... phase_8/dna/storage_BR_town.pdna
Reading DNA file... phase_8/dna/the_burrrgh_3300.pdna
Battle Event localtoon-battle-event-1410
Battle Event localtoon-battle-event-1415
Reading DNA file... phase_8/dna/storage_BR_sz.pdna
Reading DNA file... phase_8/dna/the_burrrgh_sz.pdna
empty flat building with no walls
Teleporting back
Teleporting back
Teleporting back
Teleporting back
Teleporting back
Teleporting back
Teleporting back
Teleporting back
Teleporting back
Reading DNA file... phase_5/dna/storage_town.pdna
Reading DNA file... phase_8/dna/storage_BR_town.pdna
Reading DNA file... phase_8/dna/the_burrrgh_3300.pdna
Battle Event localtoon-battle-event-1420
Battle Event localtoon-battle-event-1425
Battle Event localtoon-battle-event-1430
Reading DNA file... phase_8/dna/storage_BR_sz.pdna
Reading DNA file... phase_8/dna/the_burrrgh_sz.pdna
empty flat building with no walls
Teleporting back
Teleporting back
Teleporting back
Teleporting back
Teleporting back
Teleporting back
Teleporting back
Teleporting back
Teleporting back
Reading DNA file... phase_5/dna/storage_town.pdna
Reading DNA file... phase_8/dna/storage_BR_town.pdna
Reading DNA file... phase_8/dna/the_burrrgh_3300.pdna
frame rate: 9.6 fps|0.239d|4 avs||7022|7025||0x1002|0x6738|1452.0MB|1488.0MB|16330.4MB|2999|nt.2.6.2|3.300,3.300|3,6 cpus|OpenGL
Battle Event localtoon-battle-event-1435
Battle Event localtoon-battle-event-1440
Battle Event localtoon-battle-event-1445
Battle Event localtoon-battle-event-1450
Battle Event localtoon-battle-event-1455
Reading DNA file... phase_8/dna/storage_BR_sz.pdna
Reading DNA file... phase_8/dna/the_burrrgh_sz.pdna
empty flat building with no walls
Teleporting back
Teleporting back
Teleporting back
Teleporting back
Teleporting back
Teleporting back
Teleporting back
Teleporting back
Teleporting back
Reading DNA file... phase_5/dna/storage_town.pdna
Reading DNA file... phase_8/dna/storage_BR_town.pdna
Reading DNA file... phase_8/dna/the_burrrgh_3300.pdna
Reading DNA file... phase_4/dna/storage.pdna
Reading DNA file... phase_3.5/dna/storage_interior.pdna
Reading DNA file... phase_8/dna/storage_BR.pdna
Reading DNA file... phase_5/dna/storage_town.pdna
Reading DNA file... phase_8/dna/storage_BR_town.pdna
Reading DNA file... phase_8/dna/the_burrrgh_3100.pdna
empty flat building with no walls
Teleporting back
Reading DNA file... phase_5/dna/storage_town.pdna
Reading DNA file... phase_8/dna/storage_BR_town.pdna
Reading DNA file... phase_8/dna/the_burrrgh_3200.pdna
Battle Event localtoon-battle-event-1460
Battle Event localtoon-battle-event-1465
Battle Event localtoon-battle-event-1470
Battle Event localtoon-battle-event-1475
Reading DNA file... phase_5/dna/storage_town.pdna
Reading DNA file... phase_8/dna/storage_BR_town.pdna
Reading DNA file... phase_8/dna/the_burrrgh_3200.pdna
Battle Event localtoon-battle-event-1480
Battle Event localtoon-battle-event-1485
Battle Event localtoon-battle-event-1490
Battle Event localtoon-battle-event-1495
Reading DNA file... phase_5/dna/storage_town.pdna
Reading DNA file... phase_8/dna/storage_BR_town.pdna
Reading DNA file... phase_8/dna/the_burrrgh_3200.pdna
Teleporting back
Reading DNA file... phase_5/dna/storage_town.pdna
Reading DNA file... phase_8/dna/storage_BR_town.pdna
Reading DNA file... phase_8/dna/the_burrrgh_3300.pdna
Battle Event localtoon-battle-event-1500
frame rate: 9.7 fps|0.121d|4 avs||7487|7490||0x1002|0x6738|1542.2MB|1579.2MB|16330.4MB|3102|nt.2.6.2|3.300,3.300|3,6 cpus|OpenGL
Battle Event localtoon-battle-event-1505
Battle Event localtoon-battle-event-1510
Reading DNA file... phase_8/dna/storage_BR_sz.pdna
Reading DNA file... phase_8/dna/the_burrrgh_sz.pdna
empty flat building with no walls
Teleporting back
Teleporting back
Teleporting back
Teleporting back
Teleporting back
Teleporting back
Teleporting back
Teleporting back
Teleporting back
Reading DNA file... phase_5/dna/storage_town.pdna
Reading DNA file... phase_8/dna/storage_BR_town.pdna
Reading DNA file... phase_8/dna/the_burrrgh_3300.pdna
Battle Event localtoon-battle-event-1515
Battle Event localtoon-battle-event-1520
Battle Event localtoon-battle-event-1525
Battle Event localtoon-battle-event-1530
Reading DNA file... phase_8/dna/storage_BR_sz.pdna
Reading DNA file... phase_8/dna/the_burrrgh_sz.pdna
empty flat building with no walls
Teleporting back
Teleporting back
Teleporting back
Teleporting back
Teleporting back
Teleporting back
Teleporting back
Teleporting back
Teleporting back
Reading DNA file... phase_5/dna/storage_town.pdna
Reading DNA file... phase_8/dna/storage_BR_town.pdna
Reading DNA file... phase_8/dna/the_burrrgh_3300.pdna
Battle Event localtoon-battle-event-1535
Battle Event localtoon-battle-event-1540
Battle Event localtoon-battle-event-1545
frame rate: 9.7 fps|0.082d|7 avs||7787|7790||0x1002|0x6738|1594.0MB|1631.5MB|16330.4MB|3167|nt.2.6.2|3.300,3.300|3,6 cpus|OpenGL
Reading DNA file... phase_8/dna/storage_BR_sz.pdna
Reading DNA file... phase_8/dna/the_burrrgh_sz.pdna
empty flat building with no walls
Teleporting back
Teleporting back
Teleporting back
Teleporting back
Teleporting back
Teleporting back
Teleporting back
Teleporting back
Teleporting back
Reading DNA file... phase_5/dna/storage_town.pdna
Reading DNA file... phase_8/dna/storage_BR_town.pdna
Reading DNA file... phase_8/dna/the_burrrgh_3300.pdna
Battle Event localtoon-battle-event-1550
Battle Event localtoon-battle-event-1555
Battle Event localtoon-battle-event-1560
Battle Event localtoon-battle-event-1565
Battle Event localtoon-battle-event-1570
Reading DNA file... phase_8/dna/storage_BR_sz.pdna
Reading DNA file... phase_8/dna/the_burrrgh_sz.pdna
empty flat building with no walls
Teleporting back
Teleporting back
Teleporting back
Teleporting back
Teleporting back
Teleporting back
Teleporting back
Teleporting back
Teleporting back
Reading DNA file... phase_5/dna/storage_town.pdna
Reading DNA file... phase_8/dna/storage_BR_town.pdna
Reading DNA file... phase_8/dna/the_burrrgh_3300.pdna
Battle Event localtoon-battle-event-1575
Reading DNA file... phase_8/dna/storage_BR_sz.pdna
Reading DNA file... phase_8/dna/the_burrrgh_sz.pdna
empty flat building with no walls
Teleporting back
Teleporting back
Teleporting back
Teleporting back
Teleporting back
Teleporting back
Teleporting back
Teleporting back
Teleporting back
Reading DNA file... phase_5/dna/storage_town.pdna
Reading DNA file... phase_8/dna/storage_BR_town.pdna
Reading DNA file... phase_8/dna/the_burrrgh_3300.pdna
frame rate: 8.3 fps|0.250d|8 avs||8088|8090||0x1002|0x6738|1631.5MB|1670.5MB|16330.4MB|3258|nt.2.6.2|3.300,3.300|3,6 cpus|OpenGL
Battle Event localtoon-battle-event-1580
Battle Event localtoon-battle-event-1585
Battle Event localtoon-battle-event-1590
Battle Event localtoon-battle-event-1595
Battle Event localtoon-battle-event-1600
Reading DNA file... phase_5/dna/storage_town.pdna
Reading DNA file... phase_8/dna/storage_BR_town.pdna
Reading DNA file... phase_8/dna/the_burrrgh_3300.pdna
Reading DNA file... phase_4/dna/storage.pdna
Reading DNA file... phase_3.5/dna/storage_interior.pdna
Reading DNA file... phase_4/dna/storage_TT.pdna
Reading DNA file... phase_4/dna/storage_TT_sz.pdna
Reading DNA file... phase_4/dna/toontown_central_sz.pdna
