TTLocalizer: Running in language: english
from toontown.toonbase.TTLocalizerEnglish import *
OTPLocalizer: Running in language: english
from otp.otpbase.OTPLocalizerEnglish import *
Preloading suits...
Preloading Toon heads...
Preloading avatars...
Traceback (most recent call last):
  File "D:\Documents\ToontownSourcecode\src\toontown\toonbase\ClientStart.py", line 240, in loadScripts
    execfile('mods/'+scriptName,globals())
  File "mods/Compilation.txt", line 206, in <module>
    toonAnywhere = DirectButton(text = ("Enable Toonup anywhere", "ENABLE TOONUP ANYWHERE", "enable toonup anywhere", "enable toonup anywhere"), scale=.06, pos = (-1,-0,-.3), command=ToonupAnywhere.toonUpSetUp)
NameError: name 'ToonupAnywhere' is not defined

phase_3.5/models/gui/friendslist_gui.bam
['Horiz_Arrow_UP', 'Horiz_Arrow_DN', 'Horiz_Arrow_Rllvr']
phase_3.5/models/gui/friendslist_gui.bam
['Horiz_Arrow_UP', 'Horiz_Arrow_DN', 'Horiz_Arrow_Rllvr']
phase_3.5/models/gui/friendslist_gui.bam
['Horiz_Arrow_UP', 'Horiz_Arrow_DN', 'Horiz_Arrow_Rllvr']
phase_3.5/models/gui/friendslist_gui.bam
['Horiz_Arrow_UP', 'Horiz_Arrow_DN', 'Horiz_Arrow_Rllvr']
phase_3.5/models/gui/friendslist_gui.bam
['FndsLst_ScrollUp', 'FndsLst_ScrollDN', 'FndsLst_ScrollUp_Rllvr']
phase_3.5/models/gui/friendslist_gui.bam
['FndsLst_ScrollUp', 'FndsLst_ScrollDN', 'FndsLst_ScrollUp_Rllvr']
phase_3.5/models/gui/friendslist_gui.bam
['Horiz_Arrow_UP', 'Horiz_Arrow_DN', 'Horiz_Arrow_Rllvr']
phase_3.5/models/gui/friendslist_gui.bam
['Horiz_Arrow_UP', 'Horiz_Arrow_DN', 'Horiz_Arrow_Rllvr']
phase_3.5/models/gui/friendslist_gui.bam
['Horiz_Arrow_UP', 'Horiz_Arrow_DN', 'Horiz_Arrow_Rllvr']
phase_3.5/models/gui/friendslist_gui.bam
['Horiz_Arrow_UP', 'Horiz_Arrow_DN', 'Horiz_Arrow_Rllvr']
phase_3/models/gui/quit_button.bam
['QuitBtn_UP', 'QuitBtn_DN', 'QuitBtn_RLVR']
phase_3/models/gui/quit_button.bam
['QuitBtn_UP', 'QuitBtn_DN', 'QuitBtn_RLVR']
phase_3/models/gui/quit_button.bam
['QuitBtn_UP', 'QuitBtn_DN', 'QuitBtn_RLVR']
phase_3/models/gui/quit_button.bam
['QuitBtn_UP', 'QuitBtn_DN', 'QuitBtn_RLVR']
test2
{414000001: <toontown.distributed.ToontownDistrict.ToontownDistrict instance at 0x1E785AD0>, 406000001: <toontown.distributed.ToontownDistrict.ToontownDistrict instance at 0x1E7858F0>, 407000001: <toontown.distributed.ToontownDistrict.ToontownDistrict instance at 0x1E785968>, 416000001: <toontown.distributed.ToontownDistrict.ToontownDistrict instance at 0x1E785AF8>, 409000001: <toontown.distributed.ToontownDistrict.ToontownDistrict instance at 0x1E7859E0>, 401000001: <toontown.distributed.ToontownDistrict.ToontownDistrict instance at 0x1E4B7300>, 402000001: <toontown.distributed.ToontownDistrict.ToontownDistrict instance at 0x1E772918>, 419000001: <toontown.distributed.ToontownDistrict.ToontownDistrict instance at 0x1E785B70>, 411000001: <toontown.distributed.ToontownDistrict.ToontownDistrict instance at 0x1E785A08>, 404000001: <toontown.distributed.ToontownDistrict.ToontownDistrict instance at 0x1E785940>, 413000001: <toontown.distributed.ToontownDistrict.ToontownDistrict instance at 0x1E785AA8>, 415000001: <toontown.distributed.ToontownDistrict.ToontownDistrict instance at 0x1E785A80>, 408000001: <toontown.distributed.ToontownDistrict.ToontownDistrict instance at 0x1E7859B8>, 417000001: <toontown.distributed.ToontownDistrict.ToontownDistrict instance at 0x1E785B98>, 410000001: <toontown.distributed.ToontownDistrict.ToontownDistrict instance at 0x1E785B48>, 418000001: <toontown.distributed.ToontownDistrict.ToontownDistrict instance at 0x1E785B20>, 403000001: <toontown.distributed.ToontownDistrict.ToontownDistrict instance at 0x1E4B4328>, 412000001: <toontown.distributed.ToontownDistrict.ToontownDistrict instance at 0x1E785A58>, 405000001: <toontown.distributed.ToontownDistrict.ToontownDistrict instance at 0x1E7858A0>, 420000001: <toontown.distributed.ToontownDistrict.ToontownDistrict instance at 0x1E785BC0>}
__handleAvatarChooserDone: 100000013, 'Little Zippy', ('rsl', 'ls', 'l', 'm', 19, 0, 19, 19, 10, 9, 0, 9, 7, 0), 1
2
Reading DNA file... phase_4/dna/storage.pdna
Reading DNA file... phase_3.5/dna/storage_interior.pdna
Reading DNA file... phase_8/dna/storage_BR.pdna
Reading DNA file... phase_8/dna/storage_BR_sz.pdna
Reading DNA file... phase_8/dna/the_burrrgh_sz.pdna
empty flat building with no walls
4
5
Doing task
4
5
Doing task
Reading DNA file... phase_4/dna/storage.pdna
Reading DNA file... phase_3.5/dna/storage_interior.pdna
Reading DNA file... phase_4/dna/storage_TT.pdna
Reading DNA file... phase_4/dna/storage_TT_sz.pdna
Reading DNA file... phase_4/dna/toontown_central_sz.pdna
4
5
Doing task
4
5
Doing task
Reading DNA file... phase_4/dna/storage.pdna
Reading DNA file... phase_3.5/dna/storage_interior.pdna
Reading DNA file... phase_8/dna/storage_BR.pdna
Reading DNA file... phase_8/dna/storage_BR_sz.pdna
Reading DNA file... phase_8/dna/the_burrrgh_sz.pdna
empty flat building with no walls
4
5
4
5
4
5
Doing task
4
5
Doing task
Doing building quest
starting
Teleporting back
Reading DNA file... phase_5/dna/storage_town.pdna
Reading DNA file... phase_8/dna/storage_BR_town.pdna
Reading DNA file... phase_8/dna/the_burrrgh_3100.pdna
empty flat building with no walls
Battle Event localtoon-battle-event-3
Battle Event localtoon-battle-event-8
Battle Event localtoon-battle-event-13
Battle Event localtoon-battle-event-18
Battle Event localtoon-battle-event-23
Reading DNA file... phase_5/dna/storage_town.pdna
Reading DNA file... phase_8/dna/storage_BR_town.pdna
Reading DNA file... phase_8/dna/the_burrrgh_3100.pdna
empty flat building with no walls
Battle Event localtoon-battle-event-28
Battle Event localtoon-battle-event-33
Battle Event localtoon-battle-event-38
Battle Event localtoon-battle-event-43
Reading DNA file... phase_8/dna/storage_BR_sz.pdna
Reading DNA file... phase_8/dna/the_burrrgh_sz.pdna
empty flat building with no walls
Teleporting back
Teleporting back
Teleporting back
Teleporting back
frame rate: 21.9 fps|0.081d|1 avs||387|391||0x1002|0x6738|481.8MB|490.0MB|16330.4MB|711|nt.2.6.2|3.300,3.300|3,6 cpus|OpenGL
Teleporting back
Teleporting back
Teleporting back
Teleporting back
Teleporting back
Reading DNA file... phase_5/dna/storage_town.pdna
Reading DNA file... phase_8/dna/storage_BR_town.pdna
Reading DNA file... phase_8/dna/the_burrrgh_3100.pdna
empty flat building with no walls
Battle Event localtoon-battle-event-48
Battle Event localtoon-battle-event-53
Battle Event localtoon-battle-event-58
Battle Event localtoon-battle-event-63
Reading DNA file... phase_5/dna/storage_town.pdna
Reading DNA file... phase_8/dna/storage_BR_town.pdna
Reading DNA file... phase_8/dna/the_burrrgh_3100.pdna
empty flat building with no walls
Battle Event localtoon-battle-event-68
Battle Event localtoon-battle-event-73
Battle Event localtoon-battle-event-78
Battle Event localtoon-battle-event-83
Reading DNA file... phase_5/dna/storage_town.pdna
Reading DNA file... phase_8/dna/storage_BR_town.pdna
Reading DNA file... phase_8/dna/the_burrrgh_3100.pdna
empty flat building with no walls
Teleporting back
Reading DNA file... phase_5/dna/storage_town.pdna
Reading DNA file... phase_8/dna/storage_BR_town.pdna
Reading DNA file... phase_8/dna/the_burrrgh_3200.pdna
Battle Event localtoon-battle-event-88
frame rate: 22.1 fps|0.063d|0 avs||687|691||0x1002|0x6738|581.6MB|591.6MB|16330.4MB|777|nt.2.6.2|3.300,3.300|3,6 cpus|OpenGL
Battle Event localtoon-battle-event-93
Battle Event localtoon-battle-event-98
Battle Event localtoon-battle-event-103
Battle Event localtoon-battle-event-108
Reading DNA file... phase_5/dna/storage_town.pdna
Reading DNA file... phase_8/dna/storage_BR_town.pdna
Reading DNA file... phase_8/dna/the_burrrgh_3200.pdna
4
5
Doing task
3
5
collecting new task
setting movie hook function
iterating quest
attemping to pick quest
4
5
Doing task
Doing building quest
starting
Teleporting back
Reading DNA file... phase_5/dna/storage_town.pdna
Reading DNA file... phase_8/dna/storage_BR_town.pdna
Reading DNA file... phase_8/dna/the_burrrgh_3100.pdna
empty flat building with no walls
Teleporting back
Reading DNA file... phase_5/dna/storage_town.pdna
Reading DNA file... phase_8/dna/storage_BR_town.pdna
Reading DNA file... phase_8/dna/the_burrrgh_3200.pdna
Battle Event localtoon-battle-event-113
Battle Event localtoon-battle-event-118
Battle Event localtoon-battle-event-123
Battle Event localtoon-battle-event-128
Reading DNA file... phase_5/dna/storage_town.pdna
Reading DNA file... phase_8/dna/storage_BR_town.pdna
Reading DNA file... phase_8/dna/the_burrrgh_3200.pdna
4
5
Doing task
4
5
Doing task
4
5
Doing task
Reading DNA file... phase_4/dna/storage.pdna
Reading DNA file... phase_3.5/dna/storage_interior.pdna
Battle Event localtoon-battle-event-133
Battle Event localtoon-battle-event-139
TIMER startTime 3344
frame rate: 7.6 fps|0.368d|17 avs||987|991||0x1002|0x6738|688.8MB|699.5MB|16330.4MB|859|nt.2.6.2|3.300,3.300|3,6 cpus|OpenGL
Battle Event localtoon-battle-event-145
Battle Event localtoon-battle-event-151
Battle Event localtoon-battle-event-157
Battle Event localtoon-battle-event-163
Battle Event localtoon-battle-event-169
Battle Event localtoon-battle-event-175
Battle Event localtoon-battle-event-181
TIMER startTime 3344
Battle Event localtoon-battle-event-187
Battle Event localtoon-battle-event-193
Battle Event localtoon-battle-event-199
Battle Event localtoon-battle-event-205
Battle Event localtoon-battle-event-211
Battle Event localtoon-battle-event-217
Battle Event localtoon-battle-event-223
Battle Event localtoon-battle-event-229
Battle Event localtoon-battle-event-235
Battle Event localtoon-battle-event-241
Battle Event localtoon-battle-event-247
4
5
Doing task
3
5
collecting new task
setting movie hook function
iterating quest
attemping to pick quest
4
5
Doing task
Reading DNA file... phase_4/dna/storage.pdna
Reading DNA file... phase_3.5/dna/storage_interior.pdna
Reading DNA file... phase_8/dna/storage_DG.pdna
Reading DNA file... phase_5/dna/storage_town.pdna
Reading DNA file... phase_8/dna/storage_DG_town.pdna
Reading DNA file... phase_8/dna/daisys_garden_5100.pdna
Reading DNA file... phase_5/dna/storage_town.pdna
Reading DNA file... phase_8/dna/storage_DG_town.pdna
Reading DNA file... phase_8/dna/daisys_garden_5200.pdna
Battle Event localtoon-battle-event-253
Reading DNA file... phase_5/dna/storage_town.pdna
Reading DNA file... phase_8/dna/storage_DG_town.pdna
Reading DNA file... phase_8/dna/daisys_garden_5300.pdna
Battle Event localtoon-battle-event-259
Reading DNA file... phase_4/dna/storage.pdna
Reading DNA file... phase_3.5/dna/storage_interior.pdna
Reading DNA file... phase_8/dna/storage_DG.pdna
Reading DNA file... phase_5/dna/storage_town.pdna
Reading DNA file... phase_8/dna/storage_DG_town.pdna
Reading DNA file... phase_8/dna/daisys_garden_5100.pdna
Battle Event localtoon-battle-event-265
Reading DNA file... phase_5/dna/storage_town.pdna
Reading DNA file... phase_8/dna/storage_DG_town.pdna
Reading DNA file... phase_8/dna/daisys_garden_5200.pdna
Battle Event localtoon-battle-event-271
Battle Event localtoon-battle-event-277
Battle Event localtoon-battle-event-283
Battle Event localtoon-battle-event-289
Reading DNA file... phase_5/dna/storage_town.pdna
Reading DNA file... phase_8/dna/storage_DG_town.pdna
Reading DNA file... phase_8/dna/daisys_garden_5300.pdna
Reading DNA file... phase_4/dna/storage.pdna
Reading DNA file... phase_3.5/dna/storage_interior.pdna
Reading DNA file... phase_8/dna/storage_DG.pdna
Reading DNA file... phase_5/dna/storage_town.pdna
Reading DNA file... phase_8/dna/storage_DG_town.pdna
Reading DNA file... phase_8/dna/daisys_garden_5100.pdna
Reading DNA file... phase_5/dna/storage_town.pdna
Reading DNA file... phase_8/dna/storage_DG_town.pdna
Reading DNA file... phase_8/dna/daisys_garden_5200.pdna
Reading DNA file... phase_5/dna/storage_town.pdna
Reading DNA file... phase_8/dna/storage_DG_town.pdna
Reading DNA file... phase_8/dna/daisys_garden_5300.pdna
Battle Event localtoon-battle-event-295
Reading DNA file... phase_4/dna/storage.pdna
Reading DNA file... phase_3.5/dna/storage_interior.pdna
Reading DNA file... phase_8/dna/storage_DG.pdna
Reading DNA file... phase_5/dna/storage_town.pdna
Reading DNA file... phase_8/dna/storage_DG_town.pdna
Reading DNA file... phase_8/dna/daisys_garden_5100.pdna
Reading DNA file... phase_5/dna/storage_town.pdna
Reading DNA file... phase_8/dna/storage_DG_town.pdna
Reading DNA file... phase_8/dna/daisys_garden_5200.pdna
Battle Event localtoon-battle-event-301
Battle Event localtoon-battle-event-307
Battle Event localtoon-battle-event-313
Reading DNA file... phase_5/dna/storage_town.pdna
Reading DNA file... phase_8/dna/storage_DG_town.pdna
Reading DNA file... phase_8/dna/daisys_garden_5300.pdna
Reading DNA file... phase_4/dna/storage.pdna
Reading DNA file... phase_3.5/dna/storage_interior.pdna
Reading DNA file... phase_8/dna/storage_DG.pdna
Reading DNA file... phase_5/dna/storage_town.pdna
Reading DNA file... phase_8/dna/storage_DG_town.pdna
Reading DNA file... phase_8/dna/daisys_garden_5100.pdna
Battle Event localtoon-battle-event-319
Reading DNA file... phase_5/dna/storage_town.pdna
Reading DNA file... phase_8/dna/storage_DG_town.pdna
Reading DNA file... phase_8/dna/daisys_garden_5200.pdna
Battle Event localtoon-battle-event-325
Battle Event localtoon-battle-event-331
Reading DNA file... phase_5/dna/storage_town.pdna
Reading DNA file... phase_8/dna/storage_DG_town.pdna
Reading DNA file... phase_8/dna/daisys_garden_5300.pdna
Reading DNA file... phase_4/dna/storage.pdna
Reading DNA file... phase_3.5/dna/storage_interior.pdna
Reading DNA file... phase_8/dna/storage_DG.pdna
Reading DNA file... phase_5/dna/storage_town.pdna
Reading DNA file... phase_8/dna/storage_DG_town.pdna
Reading DNA file... phase_8/dna/daisys_garden_5100.pdna
Battle Event localtoon-battle-event-337
Reading DNA file... phase_5/dna/storage_town.pdna
Reading DNA file... phase_8/dna/storage_DG_town.pdna
Reading DNA file... phase_8/dna/daisys_garden_5200.pdna
Battle Event localtoon-battle-event-343
Battle Event localtoon-battle-event-349
Battle Event localtoon-battle-event-355
Reading DNA file... phase_5/dna/storage_town.pdna
Reading DNA file... phase_8/dna/storage_DG_town.pdna
Reading DNA file... phase_8/dna/daisys_garden_5300.pdna
Reading DNA file... phase_4/dna/storage.pdna
Reading DNA file... phase_3.5/dna/storage_interior.pdna
Reading DNA file... phase_8/dna/storage_DG.pdna
Reading DNA file... phase_5/dna/storage_town.pdna
Reading DNA file... phase_8/dna/storage_DG_town.pdna
Reading DNA file... phase_8/dna/daisys_garden_5100.pdna
Reading DNA file... phase_5/dna/storage_town.pdna
Reading DNA file... phase_8/dna/storage_DG_town.pdna
Reading DNA file... phase_8/dna/daisys_garden_5200.pdna
Battle Event localtoon-battle-event-361
4
5
Doing task
3
5
collecting new task
setting movie hook function
iterating quest
attemping to pick quest
4
5
Doing task
4
5
Doing task
Reading DNA file... phase_4/dna/storage.pdna
Reading DNA file... phase_3.5/dna/storage_interior.pdna
Reading DNA file... phase_8/dna/storage_DL.pdna
Reading DNA file... phase_5/dna/storage_town.pdna
Reading DNA file... phase_8/dna/storage_DL_town.pdna
Reading DNA file... phase_8/dna/donalds_dreamland_9100.pdna
Battle Event localtoon-battle-event-367
4
5
Doing task
3
5
collecting new task
setting movie hook function
iterating quest
attemping to pick quest
4
5
Doing task
Doing building quest
starting
Teleporting back
Reading DNA file... phase_4/dna/storage.pdna
Reading DNA file... phase_3.5/dna/storage_interior.pdna
Reading DNA file... phase_6/dna/storage_MM.pdna
Reading DNA file... phase_5/dna/storage_town.pdna
Reading DNA file... phase_6/dna/storage_MM_town.pdna
Reading DNA file... phase_6/dna/minnies_melody_land_4100.pdna
Battle Event localtoon-battle-event-373
Battle Event localtoon-battle-event-378
Battle Event localtoon-battle-event-383
Reading DNA file... phase_5/dna/storage_town.pdna
Reading DNA file... phase_6/dna/storage_MM_town.pdna
Reading DNA file... phase_6/dna/minnies_melody_land_4100.pdna
Battle Event localtoon-battle-event-388
Battle Event localtoon-battle-event-393
Battle Event localtoon-battle-event-398
Reading DNA file... phase_5/dna/storage_town.pdna
Reading DNA file... phase_6/dna/storage_MM_town.pdna
Reading DNA file... phase_6/dna/minnies_melody_land_4100.pdna
frame rate: 14.4 fps|0.287d|3 avs||2142|2146||0x1002|0x6738|655.8MB|856.6MB|16330.4MB|1610|nt.2.6.2|3.300,3.300|3,6 cpus|OpenGL
Battle Event localtoon-battle-event-403
Battle Event localtoon-battle-event-408
Battle Event localtoon-battle-event-413
Reading DNA file... phase_5/dna/storage_town.pdna
Reading DNA file... phase_6/dna/storage_MM_town.pdna
Reading DNA file... phase_6/dna/minnies_melody_land_4100.pdna
Battle Event localtoon-battle-event-418
Battle Event localtoon-battle-event-423
Battle Event localtoon-battle-event-428
Reading DNA file... phase_5/dna/storage_town.pdna
Reading DNA file... phase_6/dna/storage_MM_town.pdna
Reading DNA file... phase_6/dna/minnies_melody_land_4100.pdna
Teleporting back
Reading DNA file... phase_5/dna/storage_town.pdna
Reading DNA file... phase_6/dna/storage_MM_town.pdna
Reading DNA file... phase_6/dna/minnies_melody_land_4200.pdna
Battle Event localtoon-battle-event-433
Battle Event localtoon-battle-event-438
Battle Event localtoon-battle-event-443
frame rate: 20.6 fps|0.049d|0 avs||2440|2445||0x1002|0x6738|727.1MB|927.9MB|16330.4MB|1659|nt.2.6.2|3.300,3.300|3,6 cpus|OpenGL
Battle Event localtoon-battle-event-448
Reading DNA file... phase_5/dna/storage_town.pdna
Reading DNA file... phase_6/dna/storage_MM_town.pdna
Reading DNA file... phase_6/dna/minnies_melody_land_4200.pdna
Battle Event localtoon-battle-event-453
Battle Event localtoon-battle-event-458
Battle Event localtoon-battle-event-463
Reading DNA file... phase_5/dna/storage_town.pdna
Reading DNA file... phase_6/dna/storage_MM_town.pdna
Reading DNA file... phase_6/dna/minnies_melody_land_4200.pdna
Battle Event localtoon-battle-event-468
Battle Event localtoon-battle-event-473
Battle Event localtoon-battle-event-478
Battle Event localtoon-battle-event-483
Reading DNA file... phase_5/dna/storage_town.pdna
Reading DNA file... phase_6/dna/storage_MM_town.pdna
Reading DNA file... phase_6/dna/minnies_melody_land_4200.pdna
4
5
Doing task
3
5
collecting new task
setting movie hook function
iterating quest
attemping to pick quest
2
5
collecting new task
setting movie hook function
iterating quest
attemping to pick quest
3
5
collecting new task
setting movie hook function
iterating quest
iterating quest
attemping to pick quest
3
5
collecting new task
setting movie hook function
iterating quest
iterating quest
attemping to pick quest
3
5
collecting new task
setting movie hook function
iterating quest
iterating quest
attemping to pick quest
3
5
collecting new task
setting movie hook function
iterating quest
iterating quest
attemping to pick quest
3
5
collecting new task
setting movie hook function
iterating quest
iterating quest
attemping to pick quest
3
5
collecting new task
setting movie hook function
iterating quest
iterating quest
attemping to pick quest
3
5
collecting new task
setting movie hook function
iterating quest
iterating quest
attemping to pick quest
3
5
collecting new task
setting movie hook function
iterating quest
iterating quest
attemping to pick quest
3
5
collecting new task
setting movie hook function
iterating quest
iterating quest
attemping to pick quest
3
5
collecting new task
setting movie hook function
iterating quest
iterating quest
attemping to pick quest
3
5
collecting new task
setting movie hook function
iterating quest
iterating quest
attemping to pick quest
3
5
collecting new task
setting movie hook function
iterating quest
iterating quest
attemping to pick quest
3
5
collecting new task
setting movie hook function
iterating quest
iterating quest
attemping to pick quest
3
5
collecting new task
setting movie hook function
iterating quest
iterating quest
attemping to pick quest
3
5
collecting new task
setting movie hook function
iterating quest
iterating quest
attemping to pick quest
3
5
collecting new task
setting movie hook function
iterating quest
iterating quest
attemping to pick quest
3
5
collecting new task
setting movie hook function
iterating quest
iterating quest
attemping to pick quest
3
5
collecting new task
setting movie hook function
iterating quest
iterating quest
attemping to pick quest
3
5
collecting new task
setting movie hook function
iterating quest
iterating quest
attemping to pick quest
3
5
collecting new task
setting movie hook function
iterating quest
iterating quest
attemping to pick quest
3
5
collecting new task
setting movie hook function
iterating quest
iterating quest
attemping to pick quest
3
5
collecting new task
setting movie hook function
iterating quest
iterating quest
attemping to pick quest
frame rate: 6.0 fps|0.200d|11 avs||2741|2745||0x1002|0x6738|830.1MB|1031.6MB|16330.4MB|1694|nt.2.6.2|3.300,3.300|3,6 cpus|OpenGL
3
5
collecting new task
setting movie hook function
iterating quest
iterating quest
attemping to pick quest
3
5
collecting new task
setting movie hook function
iterating quest
iterating quest
attemping to pick quest
3
5
collecting new task
setting movie hook function
iterating quest
iterating quest
attemping to pick quest
3
5
collecting new task
setting movie hook function
iterating quest
iterating quest
attemping to pick quest
3
5
collecting new task
setting movie hook function
iterating quest
iterating quest
attemping to pick quest
3
5
collecting new task
setting movie hook function
iterating quest
iterating quest
attemping to pick quest
3
5
collecting new task
setting movie hook function
iterating quest
iterating quest
attemping to pick quest
3
5
collecting new task
setting movie hook function
iterating quest
iterating quest
attemping to pick quest
3
5
collecting new task
setting movie hook function
iterating quest
iterating quest
attemping to pick quest
3
5
collecting new task
setting movie hook function
iterating quest
iterating quest
attemping to pick quest
3
5
collecting new task
setting movie hook function
iterating quest
iterating quest
attemping to pick quest
3
5
collecting new task
setting movie hook function
iterating quest
iterating quest
attemping to pick quest
3
5
collecting new task
setting movie hook function
iterating quest
iterating quest
attemping to pick quest
3
5
collecting new task
setting movie hook function
iterating quest
iterating quest
attemping to pick quest
3
5
collecting new task
setting movie hook function
iterating quest
iterating quest
attemping to pick quest
3
5
collecting new task
setting movie hook function
iterating quest
iterating quest
attemping to pick quest
3
5
collecting new task
setting movie hook function
iterating quest
iterating quest
attemping to pick quest
3
5
collecting new task
setting movie hook function
iterating quest
iterating quest
attemping to pick quest
3
5
collecting new task
setting movie hook function
iterating quest
iterating quest
attemping to pick quest
3
5
collecting new task
setting movie hook function
iterating quest
iterating quest
attemping to pick quest
3
5
collecting new task
setting movie hook function
iterating quest
iterating quest
attemping to pick quest
3
5
collecting new task
setting movie hook function
iterating quest
iterating quest
attemping to pick quest
3
5
collecting new task
setting movie hook function
iterating quest
iterating quest
attemping to pick quest
3
5
collecting new task
setting movie hook function
iterating quest
iterating quest
attemping to pick quest
3
5
collecting new task
setting movie hook function
iterating quest
iterating quest
attemping to pick quest
3
5
collecting new task
setting movie hook function
iterating quest
iterating quest
attemping to pick quest
3
5
collecting new task
setting movie hook function
iterating quest
iterating quest
attemping to pick quest
3
5
collecting new task
setting movie hook function
iterating quest
iterating quest
attemping to pick quest
3
5
collecting new task
setting movie hook function
iterating quest
iterating quest
attemping to pick quest
3
5
collecting new task
setting movie hook function
iterating quest
iterating quest
attemping to pick quest
3
5
collecting new task
setting movie hook function
iterating quest
iterating quest
attemping to pick quest
3
5
collecting new task
setting movie hook function
iterating quest
iterating quest
attemping to pick quest
3
5
collecting new task
setting movie hook function
iterating quest
iterating quest
attemping to pick quest
3
5
collecting new task
setting movie hook function
iterating quest
iterating quest
attemping to pick quest
3
5
collecting new task
setting movie hook function
iterating quest
iterating quest
attemping to pick quest
3
5
collecting new task
setting movie hook function
iterating quest
iterating quest
attemping to pick quest
3
5
collecting new task
setting movie hook function
iterating quest
iterating quest
attemping to pick quest
3
5
collecting new task
setting movie hook function
iterating quest
iterating quest
attemping to pick quest
3
5
collecting new task
setting movie hook function
iterating quest
iterating quest
attemping to pick quest
3
5
collecting new task
setting movie hook function
iterating quest
iterating quest
attemping to pick quest
3
5
collecting new task
setting movie hook function
iterating quest
iterating quest
attemping to pick quest
3
5
collecting new task
setting movie hook function
iterating quest
iterating quest
attemping to pick quest
3
5
collecting new task
setting movie hook function
iterating quest
iterating quest
attemping to pick quest
3
5
collecting new task
setting movie hook function
iterating quest
iterating quest
attemping to pick quest
3
5
collecting new task
setting movie hook function
iterating quest
iterating quest
attemping to pick quest
3
5
collecting new task
setting movie hook function
iterating quest
iterating quest
attemping to pick quest
3
5
collecting new task
setting movie hook function
iterating quest
iterating quest
attemping to pick quest
3
5
collecting new task
setting movie hook function
iterating quest
iterating quest
attemping to pick quest
3
5
collecting new task
setting movie hook function
iterating quest
iterating quest
attemping to pick quest
3
5
collecting new task
setting movie hook function
iterating quest
iterating quest
attemping to pick quest
3
5
collecting new task
setting movie hook function
iterating quest
iterating quest
attemping to pick quest
3
5
collecting new task
setting movie hook function
iterating quest
iterating quest
attemping to pick quest
3
5
collecting new task
setting movie hook function
iterating quest
iterating quest
attemping to pick quest
3
5
collecting new task
setting movie hook function
iterating quest
iterating quest
attemping to pick quest
3
5
collecting new task
setting movie hook function
iterating quest
iterating quest
attemping to pick quest
3
5
collecting new task
setting movie hook function
iterating quest
iterating quest
attemping to pick quest
3
5
collecting new task
setting movie hook function
iterating quest
iterating quest
attemping to pick quest
3
5
collecting new task
setting movie hook function
iterating quest
iterating quest
attemping to pick quest
3
5
collecting new task
setting movie hook function
iterating quest
iterating quest
attemping to pick quest
3
5
collecting new task
setting movie hook function
iterating quest
iterating quest
attemping to pick quest
3
5
collecting new task
setting movie hook function
iterating quest
iterating quest
attemping to pick quest
3
5
collecting new task
setting movie hook function
iterating quest
iterating quest
attemping to pick quest
3
5
collecting new task
setting movie hook function
iterating quest
iterating quest
attemping to pick quest
3
5
collecting new task
setting movie hook function
iterating quest
iterating quest
attemping to pick quest
3
5
collecting new task
setting movie hook function
iterating quest
iterating quest
attemping to pick quest
3
5
collecting new task
setting movie hook function
iterating quest
iterating quest
attemping to pick quest
3
5
collecting new task
setting movie hook function
iterating quest
iterating quest
attemping to pick quest
3
5
collecting new task
setting movie hook function
iterating quest
iterating quest
attemping to pick quest
3
5
collecting new task
setting movie hook function
iterating quest
iterating quest
attemping to pick quest
3
5
collecting new task
setting movie hook function
iterating quest
iterating quest
attemping to pick quest
3
5
collecting new task
setting movie hook function
iterating quest
iterating quest
attemping to pick quest
3
5
collecting new task
setting movie hook function
iterating quest
iterating quest
attemping to pick quest
3
5
collecting new task
setting movie hook function
iterating quest
iterating quest
attemping to pick quest
3
5
collecting new task
setting movie hook function
iterating quest
iterating quest
attemping to pick quest
3
5
collecting new task
setting movie hook function
iterating quest
iterating quest
attemping to pick quest
3
5
collecting new task
setting movie hook function
iterating quest
iterating quest
attemping to pick quest
3
5
collecting new task
setting movie hook function
iterating quest
iterating quest
attemping to pick quest
3
5
collecting new task
setting movie hook function
iterating quest
iterating quest
attemping to pick quest
3
5
collecting new task
setting movie hook function
iterating quest
iterating quest
attemping to pick quest
3
5
collecting new task
setting movie hook function
iterating quest
iterating quest
attemping to pick quest
3
5
collecting new task
setting movie hook function
iterating quest
iterating quest
attemping to pick quest
3
5
collecting new task
setting movie hook function
iterating quest
iterating quest
attemping to pick quest
3
5
collecting new task
setting movie hook function
iterating quest
iterating quest
attemping to pick quest
3
5
collecting new task
setting movie hook function
iterating quest
iterating quest
attemping to pick quest
3
5
collecting new task
setting movie hook function
iterating quest
iterating quest
attemping to pick quest
3
5
collecting new task
setting movie hook function
iterating quest
iterating quest
attemping to pick quest
3
5
collecting new task
setting movie hook function
iterating quest
iterating quest
attemping to pick quest
3
5
collecting new task
setting movie hook function
iterating quest
iterating quest
attemping to pick quest
3
5
collecting new task
setting movie hook function
iterating quest
iterating quest
attemping to pick quest
3
5
collecting new task
setting movie hook function
iterating quest
iterating quest
attemping to pick quest
3
5
collecting new task
setting movie hook function
iterating quest
iterating quest
attemping to pick quest
3
5
collecting new task
setting movie hook function
iterating quest
iterating quest
attemping to pick quest
3
5
collecting new task
setting movie hook function
iterating quest
iterating quest
attemping to pick quest
3
5
collecting new task
setting movie hook function
iterating quest
iterating quest
attemping to pick quest
3
5
collecting new task
setting movie hook function
iterating quest
iterating quest
attemping to pick quest
3
5
collecting new task
setting movie hook function
iterating quest
iterating quest
attemping to pick quest
3
5
collecting new task
setting movie hook function
iterating quest
iterating quest
attemping to pick quest
3
5
collecting new task
setting movie hook function
iterating quest
iterating quest
attemping to pick quest
3
5
frame rate: 6.8 fps|0.161d|7 avs||3041|3045||0x1002|0x6738|868.0MB|1069.9MB|16330.4MB|1704|nt.2.6.2|3.300,3.300|3,6 cpus|OpenGL
collecting new task
setting movie hook function
iterating quest
iterating quest
attemping to pick quest
3
5
collecting new task
setting movie hook function
iterating quest
iterating quest
attemping to pick quest
3
5
collecting new task
setting movie hook function
iterating quest
iterating quest
attemping to pick quest
3
5
collecting new task
setting movie hook function
iterating quest
iterating quest
attemping to pick quest
3
5
collecting new task
setting movie hook function
iterating quest
iterating quest
attemping to pick quest
3
5
collecting new task
setting movie hook function
iterating quest
iterating quest
attemping to pick quest
3
5
collecting new task
setting movie hook function
iterating quest
iterating quest
attemping to pick quest
3
5
collecting new task
setting movie hook function
iterating quest
iterating quest
attemping to pick quest
3
5
collecting new task
setting movie hook function
iterating quest
iterating quest
attemping to pick quest
3
5
collecting new task
setting movie hook function
iterating quest
iterating quest
attemping to pick quest
3
5
collecting new task
setting movie hook function
iterating quest
iterating quest
attemping to pick quest
3
5
collecting new task
setting movie hook function
iterating quest
iterating quest
attemping to pick quest
3
5
collecting new task
setting movie hook function
iterating quest
iterating quest
attemping to pick quest
3
5
collecting new task
setting movie hook function
iterating quest
iterating quest
attemping to pick quest
3
5
collecting new task
setting movie hook function
iterating quest
iterating quest
attemping to pick quest
3
5
collecting new task
setting movie hook function
iterating quest
iterating quest
attemping to pick quest
3
5
collecting new task
setting movie hook function
iterating quest
iterating quest
attemping to pick quest
3
5
collecting new task
setting movie hook function
iterating quest
iterating quest
attemping to pick quest
3
5
collecting new task
setting movie hook function
iterating quest
iterating quest
attemping to pick quest
3
5
collecting new task
setting movie hook function
iterating quest
iterating quest
attemping to pick quest
3
5
collecting new task
setting movie hook function
iterating quest
iterating quest
attemping to pick quest
3
5
collecting new task
setting movie hook function
iterating quest
iterating quest
attemping to pick quest
3
5
collecting new task
setting movie hook function
iterating quest
iterating quest
attemping to pick quest
3
5
collecting new task
setting movie hook function
iterating quest
iterating quest
attemping to pick quest
3
5
collecting new task
setting movie hook function
iterating quest
iterating quest
attemping to pick quest
3
5
collecting new task
setting movie hook function
iterating quest
iterating quest
attemping to pick quest
3
5
collecting new task
setting movie hook function
iterating quest
iterating quest
attemping to pick quest
3
5
collecting new task
setting movie hook function
iterating quest
iterating quest
attemping to pick quest
3
5
collecting new task
setting movie hook function
iterating quest
iterating quest
attemping to pick quest
3
5
collecting new task
setting movie hook function
iterating quest
iterating quest
attemping to pick quest
3
5
collecting new task
setting movie hook function
iterating quest
iterating quest
attemping to pick quest
3
5
collecting new task
setting movie hook function
iterating quest
iterating quest
attemping to pick quest
3
5
collecting new task
setting movie hook function
iterating quest
iterating quest
attemping to pick quest
3
5
collecting new task
setting movie hook function
iterating quest
iterating quest
attemping to pick quest
3
5
collecting new task
setting movie hook function
iterating quest
iterating quest
attemping to pick quest
3
5
collecting new task
setting movie hook function
iterating quest
iterating quest
attemping to pick quest
3
5
collecting new task
setting movie hook function
iterating quest
iterating quest
attemping to pick quest
3
5
collecting new task
setting movie hook function
iterating quest
iterating quest
attemping to pick quest
3
5
collecting new task
setting movie hook function
iterating quest
iterating quest
attemping to pick quest
3
5
collecting new task
setting movie hook function
iterating quest
iterating quest
attemping to pick quest
3
5
collecting new task
setting movie hook function
iterating quest
iterating quest
attemping to pick quest
3
5
collecting new task
setting movie hook function
iterating quest
iterating quest
attemping to pick quest
3
5
collecting new task
setting movie hook function
iterating quest
iterating quest
attemping to pick quest
3
5
collecting new task
setting movie hook function
iterating quest
iterating quest
attemping to pick quest
3
5
collecting new task
setting movie hook function
iterating quest
iterating quest
attemping to pick quest
3
5
collecting new task
setting movie hook function
iterating quest
iterating quest
attemping to pick quest
3
5
collecting new task
setting movie hook function
iterating quest
iterating quest
attemping to pick quest
3
5
collecting new task
setting movie hook function
iterating quest
iterating quest
attemping to pick quest
3
5
collecting new task
setting movie hook function
iterating quest
iterating quest
attemping to pick quest
3
5
collecting new task
setting movie hook function
iterating quest
iterating quest
attemping to pick quest
3
5
collecting new task
setting movie hook function
iterating quest
iterating quest
attemping to pick quest
3
5
collecting new task
setting movie hook function
iterating quest
iterating quest
attemping to pick quest
3
5
collecting new task
setting movie hook function
iterating quest
iterating quest
attemping to pick quest
3
5
collecting new task
setting movie hook function
iterating quest
iterating quest
attemping to pick quest
3
5
collecting new task
setting movie hook function
iterating quest
iterating quest
attemping to pick quest
3
5
collecting new task
setting movie hook function
iterating quest
iterating quest
attemping to pick quest
3
5
collecting new task
setting movie hook function
iterating quest
iterating quest
attemping to pick quest
3
5
collecting new task
setting movie hook function
iterating quest
iterating quest
attemping to pick quest
3
5
collecting new task
setting movie hook function
iterating quest
iterating quest
attemping to pick quest
3
5
collecting new task
setting movie hook function
iterating quest
iterating quest
attemping to pick quest
3
5
collecting new task
setting movie hook function
iterating quest
iterating quest
attemping to pick quest
3
5
collecting new task
setting movie hook function
iterating quest
iterating quest
attemping to pick quest
3
5
collecting new task
setting movie hook function
iterating quest
iterating quest
attemping to pick quest
3
5
collecting new task
setting movie hook function
iterating quest
iterating quest
attemping to pick quest
3
5
collecting new task
setting movie hook function
iterating quest
iterating quest
attemping to pick quest
3
5
collecting new task
setting movie hook function
iterating quest
iterating quest
attemping to pick quest
3
5
collecting new task
setting movie hook function
iterating quest
iterating quest
attemping to pick quest
3
5
collecting new task
setting movie hook function
iterating quest
iterating quest
attemping to pick quest
3
5
collecting new task
setting movie hook function
iterating quest
iterating quest
attemping to pick quest
3
5
collecting new task
setting movie hook function
iterating quest
iterating quest
attemping to pick quest
3
5
collecting new task
setting movie hook function
iterating quest
iterating quest
attemping to pick quest
3
5
collecting new task
setting movie hook function
iterating quest
iterating quest
attemping to pick quest
3
5
collecting new task
setting movie hook function
iterating quest
iterating quest
attemping to pick quest
3
5
collecting new task
setting movie hook function
iterating quest
iterating quest
attemping to pick quest
3
5
collecting new task
setting movie hook function
iterating quest
iterating quest
attemping to pick quest
3
5
collecting new task
setting movie hook function
iterating quest
iterating quest
attemping to pick quest
3
5
collecting new task
setting movie hook function
iterating quest
iterating quest
attemping to pick quest
3
5
collecting new task
setting movie hook function
iterating quest
iterating quest
attemping to pick quest
3
5
collecting new task
setting movie hook function
iterating quest
iterating quest
attemping to pick quest
3
5
collecting new task
setting movie hook function
iterating quest
iterating quest
attemping to pick quest
3
5
collecting new task
setting movie hook function
iterating quest
iterating quest
attemping to pick quest
3
5
collecting new task
setting movie hook function
iterating quest
iterating quest
attemping to pick quest
3
5
collecting new task
setting movie hook function
iterating quest
iterating quest
attemping to pick quest
3
5
collecting new task
setting movie hook function
iterating quest
iterating quest
attemping to pick quest
3
5
collecting new task
setting movie hook function
iterating quest
iterating quest
attemping to pick quest
3
5
collecting new task
setting movie hook function
iterating quest
iterating quest
attemping to pick quest
3
5
collecting new task
setting movie hook function
iterating quest
iterating quest
attemping to pick quest
3
5
collecting new task
setting movie hook function
iterating quest
iterating quest
attemping to pick quest
3
5
collecting new task
setting movie hook function
iterating quest
iterating quest
attemping to pick quest
3
5
collecting new task
setting movie hook function
iterating quest
iterating quest
attemping to pick quest
3
5
collecting new task
setting movie hook function
iterating quest
iterating quest
attemping to pick quest
3
5
collecting new task
setting movie hook function
iterating quest
iterating quest
attemping to pick quest
3
5
collecting new task
setting movie hook function
iterating quest
iterating quest
attemping to pick quest
3
5
collecting new task
setting movie hook function
iterating quest
iterating quest
attemping to pick quest
3
5
collecting new task
setting movie hook function
iterating quest
iterating quest
attemping to pick quest
3
5
collecting new task
setting movie hook function
iterating quest
iterating quest
attemping to pick quest
3
5
collecting new task
setting movie hook function
iterating quest
iterating quest
attemping to pick quest
3
5
collecting new task
setting movie hook function
iterating quest
iterating quest
attemping to pick quest
3
5
collecting new task
setting movie hook function
iterating quest
iterating quest
attemping to pick quest
frame rate: 6.1 fps|0.179d|7 avs||3341|3345||0x1002|0x6738|905.4MB|1107.9MB|16330.4MB|1713|nt.2.6.2|3.300,3.300|3,6 cpus|OpenGL
3
5
collecting new task
setting movie hook function
iterating quest
iterating quest
attemping to pick quest
3
5
collecting new task
setting movie hook function
iterating quest
iterating quest
attemping to pick quest
3
5
collecting new task
setting movie hook function
iterating quest
iterating quest
attemping to pick quest
3
5
collecting new task
setting movie hook function
iterating quest
iterating quest
attemping to pick quest
3
5
collecting new task
setting movie hook function
iterating quest
iterating quest
attemping to pick quest
3
5
collecting new task
setting movie hook function
iterating quest
iterating quest
attemping to pick quest
3
5
collecting new task
setting movie hook function
iterating quest
iterating quest
attemping to pick quest
3
5
collecting new task
setting movie hook function
iterating quest
iterating quest
attemping to pick quest
3
5
collecting new task
setting movie hook function
iterating quest
iterating quest
attemping to pick quest
3
5
collecting new task
setting movie hook function
iterating quest
iterating quest
attemping to pick quest
3
5
collecting new task
setting movie hook function
iterating quest
iterating quest
attemping to pick quest
3
5
collecting new task
setting movie hook function
iterating quest
iterating quest
attemping to pick quest
3
5
collecting new task
setting movie hook function
iterating quest
iterating quest
attemping to pick quest
3
5
collecting new task
setting movie hook function
iterating quest
iterating quest
attemping to pick quest
3
5
collecting new task
setting movie hook function
iterating quest
iterating quest
attemping to pick quest
3
5
collecting new task
setting movie hook function
iterating quest
iterating quest
attemping to pick quest
3
5
collecting new task
setting movie hook function
iterating quest
iterating quest
attemping to pick quest
3
5
collecting new task
setting movie hook function
iterating quest
iterating quest
attemping to pick quest
3
5
collecting new task
setting movie hook function
iterating quest
iterating quest
attemping to pick quest
3
5
collecting new task
setting movie hook function
iterating quest
iterating quest
attemping to pick quest
3
5
collecting new task
setting movie hook function
iterating quest
iterating quest
attemping to pick quest
3
5
collecting new task
setting movie hook function
iterating quest
iterating quest
attemping to pick quest
3
5
collecting new task
setting movie hook function
iterating quest
iterating quest
attemping to pick quest
3
5
collecting new task
setting movie hook function
iterating quest
iterating quest
attemping to pick quest
3
5
collecting new task
setting movie hook function
iterating quest
iterating quest
attemping to pick quest
3
5
collecting new task
setting movie hook function
iterating quest
iterating quest
attemping to pick quest
3
5
collecting new task
setting movie hook function
iterating quest
iterating quest
attemping to pick quest
3
5
collecting new task
setting movie hook function
iterating quest
iterating quest
attemping to pick quest
3
5
collecting new task
setting movie hook function
iterating quest
iterating quest
attemping to pick quest
3
5
collecting new task
setting movie hook function
iterating quest
iterating quest
attemping to pick quest
3
5
collecting new task
setting movie hook function
iterating quest
iterating quest
attemping to pick quest
3
5
collecting new task
setting movie hook function
iterating quest
iterating quest
attemping to pick quest
3
5
collecting new task
setting movie hook function
iterating quest
iterating quest
attemping to pick quest
3
5
collecting new task
setting movie hook function
iterating quest
iterating quest
attemping to pick quest
3
5
collecting new task
setting movie hook function
iterating quest
iterating quest
attemping to pick quest
3
5
collecting new task
setting movie hook function
iterating quest
iterating quest
attemping to pick quest
3
5
collecting new task
setting movie hook function
iterating quest
iterating quest
attemping to pick quest
3
5
collecting new task
setting movie hook function
iterating quest
iterating quest
attemping to pick quest
3
5
collecting new task
setting movie hook function
iterating quest
iterating quest
attemping to pick quest
3
5
collecting new task
setting movie hook function
iterating quest
iterating quest
attemping to pick quest
3
5
collecting new task
setting movie hook function
iterating quest
iterating quest
attemping to pick quest
3
5
collecting new task
setting movie hook function
iterating quest
iterating quest
attemping to pick quest
3
5
collecting new task
setting movie hook function
iterating quest
iterating quest
attemping to pick quest
3
5
collecting new task
setting movie hook function
iterating quest
iterating quest
attemping to pick quest
3
5
collecting new task
setting movie hook function
iterating quest
iterating quest
attemping to pick quest
3
5
collecting new task
setting movie hook function
iterating quest
iterating quest
attemping to pick quest
3
5
collecting new task
setting movie hook function
iterating quest
iterating quest
attemping to pick quest
3
5
collecting new task
setting movie hook function
iterating quest
iterating quest
attemping to pick quest
3
5
collecting new task
setting movie hook function
iterating quest
iterating quest
attemping to pick quest
3
5
collecting new task
setting movie hook function
iterating quest
iterating quest
attemping to pick quest
3
5
collecting new task
setting movie hook function
iterating quest
iterating quest
attemping to pick quest
3
5
collecting new task
setting movie hook function
iterating quest
iterating quest
attemping to pick quest
3
5
collecting new task
setting movie hook function
iterating quest
iterating quest
attemping to pick quest
3
5
collecting new task
setting movie hook function
iterating quest
iterating quest
attemping to pick quest
3
5
collecting new task
setting movie hook function
iterating quest
iterating quest
attemping to pick quest
3
5
collecting new task
setting movie hook function
iterating quest
iterating quest
attemping to pick quest
3
5
collecting new task
setting movie hook function
iterating quest
iterating quest
attemping to pick quest
3
5
collecting new task
setting movie hook function
iterating quest
iterating quest
attemping to pick quest
3
5
collecting new task
setting movie hook function
iterating quest
iterating quest
attemping to pick quest
3
5
collecting new task
setting movie hook function
iterating quest
iterating quest
attemping to pick quest
3
5
collecting new task
setting movie hook function
iterating quest
iterating quest
attemping to pick quest
3
5
collecting new task
setting movie hook function
iterating quest
iterating quest
attemping to pick quest
3
5
collecting new task
setting movie hook function
iterating quest
iterating quest
attemping to pick quest
3
5
collecting new task
setting movie hook function
iterating quest
iterating quest
attemping to pick quest
3
5
collecting new task
setting movie hook function
iterating quest
iterating quest
attemping to pick quest
3
5
collecting new task
setting movie hook function
iterating quest
iterating quest
attemping to pick quest
3
5
collecting new task
setting movie hook function
iterating quest
iterating quest
attemping to pick quest
3
5
collecting new task
setting movie hook function
iterating quest
iterating quest
attemping to pick quest
3
5
collecting new task
setting movie hook function
iterating quest
iterating quest
attemping to pick quest
3
5
collecting new task
setting movie hook function
iterating quest
iterating quest
attemping to pick quest
3
5
collecting new task
setting movie hook function
iterating quest
iterating quest
attemping to pick quest
3
5
collecting new task
setting movie hook function
iterating quest
iterating quest
attemping to pick quest
3
5
collecting new task
setting movie hook function
iterating quest
iterating quest
attemping to pick quest
3
5
collecting new task
setting movie hook function
iterating quest
iterating quest
attemping to pick quest
3
5
collecting new task
setting movie hook function
iterating quest
iterating quest
attemping to pick quest
3
5
collecting new task
setting movie hook function
iterating quest
iterating quest
attemping to pick quest
3
5
collecting new task
setting movie hook function
iterating quest
iterating quest
attemping to pick quest
3
5
collecting new task
setting movie hook function
iterating quest
iterating quest
attemping to pick quest
3
5
collecting new task
setting movie hook function
iterating quest
iterating quest
attemping to pick quest
3
5
collecting new task
setting movie hook function
iterating quest
iterating quest
attemping to pick quest
3
5
collecting new task
setting movie hook function
iterating quest
iterating quest
attemping to pick quest
3
5
collecting new task
setting movie hook function
iterating quest
iterating quest
attemping to pick quest
3
5
collecting new task
setting movie hook function
iterating quest
iterating quest
attemping to pick quest
3
5
collecting new task
setting movie hook function
iterating quest
iterating quest
attemping to pick quest
3
5
collecting new task
setting movie hook function
iterating quest
iterating quest
attemping to pick quest
3
5
collecting new task
setting movie hook function
iterating quest
iterating quest
attemping to pick quest
3
5
collecting new task
setting movie hook function
iterating quest
iterating quest
attemping to pick quest
3
5
collecting new task
setting movie hook function
iterating quest
iterating quest
attemping to pick quest
3
5
collecting new task
setting movie hook function
iterating quest
iterating quest
attemping to pick quest
3
5
collecting new task
setting movie hook function
iterating quest
iterating quest
attemping to pick quest
3
5
collecting new task
setting movie hook function
iterating quest
iterating quest
attemping to pick quest
3
5
collecting new task
setting movie hook function
iterating quest
iterating quest
attemping to pick quest
3
5
collecting new task
setting movie hook function
iterating quest
iterating quest
attemping to pick quest
3
5
collecting new task
setting movie hook function
iterating quest
iterating quest
attemping to pick quest
3
5
collecting new task
setting movie hook function
iterating quest
iterating quest
attemping to pick quest
3
5
collecting new task
setting movie hook function
iterating quest
iterating quest
attemping to pick quest
3
5
collecting new task
setting movie hook function
iterating quest
iterating quest
attemping to pick quest
3
5
collecting new task
setting movie hook function
iterating quest
iterating quest
attemping to pick quest
frame rate: 6.1 fps|0.177d|6 avs||3641|3645||0x1002|0x6738|942.0MB|1145.0MB|16330.4MB|1723|nt.2.6.2|3.300,3.300|3,6 cpus|OpenGL
3
5
collecting new task
setting movie hook function
iterating quest
iterating quest
attemping to pick quest
3
5
collecting new task
setting movie hook function
iterating quest
iterating quest
attemping to pick quest
3
5
collecting new task
setting movie hook function
iterating quest
iterating quest
attemping to pick quest
3
5
collecting new task
setting movie hook function
iterating quest
iterating quest
attemping to pick quest
3
5
collecting new task
setting movie hook function
iterating quest
iterating quest
attemping to pick quest
3
5
collecting new task
setting movie hook function
iterating quest
iterating quest
attemping to pick quest
3
5
collecting new task
setting movie hook function
iterating quest
iterating quest
attemping to pick quest
3
5
collecting new task
setting movie hook function
iterating quest
iterating quest
attemping to pick quest
3
5
collecting new task
setting movie hook function
iterating quest
iterating quest
attemping to pick quest
3
5
collecting new task
setting movie hook function
iterating quest
iterating quest
attemping to pick quest
3
5
collecting new task
setting movie hook function
iterating quest
iterating quest
attemping to pick quest
3
5
collecting new task
setting movie hook function
iterating quest
iterating quest
attemping to pick quest
3
5
collecting new task
setting movie hook function
iterating quest
iterating quest
attemping to pick quest
3
5
collecting new task
setting movie hook function
iterating quest
iterating quest
attemping to pick quest
3
5
collecting new task
setting movie hook function
iterating quest
iterating quest
attemping to pick quest
3
5
collecting new task
setting movie hook function
iterating quest
iterating quest
attemping to pick quest
3
5
collecting new task
setting movie hook function
iterating quest
iterating quest
attemping to pick quest
3
5
collecting new task
setting movie hook function
iterating quest
iterating quest
attemping to pick quest
3
5
collecting new task
setting movie hook function
iterating quest
iterating quest
attemping to pick quest
3
5
collecting new task
setting movie hook function
iterating quest
iterating quest
attemping to pick quest
3
5
collecting new task
setting movie hook function
iterating quest
iterating quest
attemping to pick quest
3
5
collecting new task
setting movie hook function
iterating quest
iterating quest
attemping to pick quest
3
5
collecting new task
setting movie hook function
iterating quest
iterating quest
attemping to pick quest
3
5
collecting new task
setting movie hook function
iterating quest
iterating quest
attemping to pick quest
3
5
collecting new task
setting movie hook function
iterating quest
iterating quest
attemping to pick quest
3
5
collecting new task
setting movie hook function
iterating quest
iterating quest
attemping to pick quest
3
5
collecting new task
setting movie hook function
iterating quest
iterating quest
attemping to pick quest
3
5
collecting new task
setting movie hook function
iterating quest
iterating quest
attemping to pick quest
3
5
collecting new task
setting movie hook function
iterating quest
iterating quest
attemping to pick quest
3
5
collecting new task
setting movie hook function
iterating quest
iterating quest
attemping to pick quest
3
5
collecting new task
setting movie hook function
iterating quest
iterating quest
attemping to pick quest
3
5
collecting new task
setting movie hook function
iterating quest
iterating quest
attemping to pick quest
3
5
collecting new task
setting movie hook function
iterating quest
iterating quest
attemping to pick quest
3
5
collecting new task
setting movie hook function
iterating quest
iterating quest
attemping to pick quest
3
5
collecting new task
setting movie hook function
iterating quest
iterating quest
attemping to pick quest
3
5
collecting new task
setting movie hook function
iterating quest
iterating quest
attemping to pick quest
3
5
collecting new task
setting movie hook function
iterating quest
iterating quest
attemping to pick quest
3
5
collecting new task
setting movie hook function
iterating quest
iterating quest
attemping to pick quest
3
5
collecting new task
setting movie hook function
iterating quest
iterating quest
attemping to pick quest
3
5
collecting new task
setting movie hook function
iterating quest
iterating quest
attemping to pick quest
3
5
collecting new task
setting movie hook function
iterating quest
iterating quest
attemping to pick quest
3
5
collecting new task
setting movie hook function
iterating quest
iterating quest
attemping to pick quest
3
5
collecting new task
setting movie hook function
iterating quest
iterating quest
attemping to pick quest
3
5
collecting new task
setting movie hook function
iterating quest
iterating quest
attemping to pick quest
3
5
collecting new task
setting movie hook function
iterating quest
iterating quest
attemping to pick quest
3
5
collecting new task
setting movie hook function
iterating quest
iterating quest
attemping to pick quest
3
5
collecting new task
setting movie hook function
iterating quest
iterating quest
attemping to pick quest
3
5
collecting new task
setting movie hook function
iterating quest
iterating quest
attemping to pick quest
3
5
collecting new task
setting movie hook function
iterating quest
iterating quest
attemping to pick quest
3
5
collecting new task
setting movie hook function
iterating quest
iterating quest
attemping to pick quest
3
5
collecting new task
setting movie hook function
iterating quest
iterating quest
attemping to pick quest
3
5
collecting new task
setting movie hook function
iterating quest
iterating quest
attemping to pick quest
3
5
collecting new task
setting movie hook function
iterating quest
iterating quest
attemping to pick quest
3
5
collecting new task
setting movie hook function
iterating quest
iterating quest
attemping to pick quest
3
5
collecting new task
setting movie hook function
iterating quest
iterating quest
attemping to pick quest
3
5
collecting new task
setting movie hook function
iterating quest
iterating quest
attemping to pick quest
3
5
collecting new task
setting movie hook function
iterating quest
iterating quest
attemping to pick quest
3
5
collecting new task
setting movie hook function
iterating quest
iterating quest
attemping to pick quest
3
5
collecting new task
setting movie hook function
iterating quest
iterating quest
attemping to pick quest
3
5
collecting new task
setting movie hook function
iterating quest
iterating quest
attemping to pick quest
3
5
collecting new task
setting movie hook function
iterating quest
iterating quest
attemping to pick quest
3
5
collecting new task
setting movie hook function
iterating quest
iterating quest
attemping to pick quest
3
5
collecting new task
setting movie hook function
iterating quest
iterating quest
attemping to pick quest
3
5
collecting new task
setting movie hook function
iterating quest
iterating quest
attemping to pick quest
3
5
collecting new task
setting movie hook function
iterating quest
iterating quest
attemping to pick quest
3
5
collecting new task
setting movie hook function
iterating quest
iterating quest
attemping to pick quest
3
5
collecting new task
setting movie hook function
iterating quest
iterating quest
attemping to pick quest
3
5
collecting new task
setting movie hook function
iterating quest
iterating quest
attemping to pick quest
3
5
collecting new task
setting movie hook function
iterating quest
iterating quest
attemping to pick quest
3
5
collecting new task
setting movie hook function
iterating quest
iterating quest
attemping to pick quest
3
5
collecting new task
setting movie hook function
iterating quest
iterating quest
attemping to pick quest
3
5
collecting new task
setting movie hook function
iterating quest
iterating quest
attemping to pick quest
3
5
collecting new task
setting movie hook function
iterating quest
iterating quest
attemping to pick quest
3
5
collecting new task
setting movie hook function
iterating quest
iterating quest
attemping to pick quest
3
5
collecting new task
setting movie hook function
iterating quest
iterating quest
attemping to pick quest
3
5
collecting new task
setting movie hook function
iterating quest
iterating quest
attemping to pick quest
3
5
collecting new task
setting movie hook function
iterating quest
iterating quest
attemping to pick quest
3
5
collecting new task
setting movie hook function
iterating quest
iterating quest
attemping to pick quest
3
5
collecting new task
setting movie hook function
iterating quest
iterating quest
attemping to pick quest
3
5
collecting new task
setting movie hook function
iterating quest
iterating quest
attemping to pick quest
3
5
collecting new task
setting movie hook function
iterating quest
iterating quest
attemping to pick quest
3
5
collecting new task
setting movie hook function
iterating quest
iterating quest
attemping to pick quest
3
5
collecting new task
setting movie hook function
iterating quest
iterating quest
attemping to pick quest
3
5
collecting new task
setting movie hook function
iterating quest
iterating quest
attemping to pick quest
3
5
collecting new task
setting movie hook function
iterating quest
iterating quest
attemping to pick quest
3
5
collecting new task
setting movie hook function
iterating quest
iterating quest
attemping to pick quest
3
5
collecting new task
setting movie hook function
iterating quest
iterating quest
attemping to pick quest
3
5
collecting new task
setting movie hook function
iterating quest
iterating quest
attemping to pick quest
3
5
collecting new task
setting movie hook function
iterating quest
iterating quest
attemping to pick quest
3
5
collecting new task
setting movie hook function
iterating quest
iterating quest
attemping to pick quest
3
5
collecting new task
setting movie hook function
iterating quest
iterating quest
attemping to pick quest
3
5
collecting new task
setting movie hook function
iterating quest
iterating quest
attemping to pick quest
3
5
collecting new task
setting movie hook function
iterating quest
iterating quest
attemping to pick quest
3
5
collecting new task
setting movie hook function
iterating quest
iterating quest
attemping to pick quest
3
5
collecting new task
setting movie hook function
iterating quest
iterating quest
attemping to pick quest
3
5
collecting new task
setting movie hook function
iterating quest
iterating quest
attemping to pick quest
3
5
collecting new task
setting movie hook function
iterating quest
iterating quest
attemping to pick quest
3
5
collecting new task
setting movie hook function
iterating quest
iterating quest
attemping to pick quest
