TTLocalizer: Running in language: english
from toontown.toonbase.TTLocalizerEnglish import *
OTPLocalizer: Running in language: english
from otp.otpbase.OTPLocalizerEnglish import *
Preloading suits...
Preloading Toon heads...
Preloading avatars...
Traceback (most recent call last):
  File "D:\Documents\ToontownSourcecode\Toontown\toontown\toonbase\ClientStart.py", line 235, in loadScripts
    execfile('mods/'+scriptName,globals())
  File "mods/Compilation.txt", line 206, in <module>
    toonAnywhere = DirectButton(text = ("Enable Toonup anywhere", "ENABLE TOONUP ANYWHERE", "enable toonup anywhere", "enable toonup anywhere"), scale=.06, pos = (-1,-0,-.3), command=ToonupAnywhere.toonUpSetUp)
NameError: name 'ToonupAnywhere' is not defined

phase_3.5/models/gui/friendslist_gui.bam
['Horiz_Arrow_UP', 'Horiz_Arrow_DN', 'Horiz_Arrow_Rllvr']
phase_3.5/models/gui/friendslist_gui.bam
['Horiz_Arrow_UP', 'Horiz_Arrow_DN', 'Horiz_Arrow_Rllvr']
phase_3.5/models/gui/friendslist_gui.bam
['Horiz_Arrow_UP', 'Horiz_Arrow_DN', 'Horiz_Arrow_Rllvr']
phase_3.5/models/gui/friendslist_gui.bam
['Horiz_Arrow_UP', 'Horiz_Arrow_DN', 'Horiz_Arrow_Rllvr']
phase_3.5/models/gui/friendslist_gui.bam
['FndsLst_ScrollUp', 'FndsLst_ScrollDN', 'FndsLst_ScrollUp_Rllvr']
phase_3.5/models/gui/friendslist_gui.bam
['FndsLst_ScrollUp', 'FndsLst_ScrollDN', 'FndsLst_ScrollUp_Rllvr']
phase_3.5/models/gui/friendslist_gui.bam
['Horiz_Arrow_UP', 'Horiz_Arrow_DN', 'Horiz_Arrow_Rllvr']
phase_3.5/models/gui/friendslist_gui.bam
['Horiz_Arrow_UP', 'Horiz_Arrow_DN', 'Horiz_Arrow_Rllvr']
phase_3.5/models/gui/friendslist_gui.bam
['Horiz_Arrow_UP', 'Horiz_Arrow_DN', 'Horiz_Arrow_Rllvr']
phase_3.5/models/gui/friendslist_gui.bam
['Horiz_Arrow_UP', 'Horiz_Arrow_DN', 'Horiz_Arrow_Rllvr']
phase_3/models/gui/quit_button.bam
['QuitBtn_UP', 'QuitBtn_DN', 'QuitBtn_RLVR']
phase_3/models/gui/quit_button.bam
['QuitBtn_UP', 'QuitBtn_DN', 'QuitBtn_RLVR']
phase_3/models/gui/quit_button.bam
['QuitBtn_UP', 'QuitBtn_DN', 'QuitBtn_RLVR']
phase_3/models/gui/quit_button.bam
['QuitBtn_UP', 'QuitBtn_DN', 'QuitBtn_RLVR']
{401000001: <toontown.distributed.ToontownDistrict.ToontownDistrict instance at 0x1F4C15D0>}
__handleAvatarChooserDone: 100000003, 'Little Zippy', ('rsl', 'ls', 'l', 'm', 19, 0, 19, 19, 10, 9, 0, 9, 7, 0), 1
2
Reading DNA file... phase_4/dna/storage.pdna
Reading DNA file... phase_3.5/dna/storage_interior.pdna
OnscreenText.configure: mayChange == 0
OnscreenText.configure: mayChange == 0
OnscreenText.configure: mayChange == 0
OnscreenText.configure: mayChange == 0
Reading DNA file... phase_4/dna/storage.pdna
Reading DNA file... phase_3.5/dna/storage_interior.pdna
Reading DNA file... phase_4/dna/storage_TT.pdna
Reading DNA file... phase_4/dna/storage_TT_sz.pdna
Reading DNA file... phase_4/dna/toontown_central_sz.pdna
phase_3.5/models/gui/friendslist_gui.bam
['Horiz_Arrow_UP', 'Horiz_Arrow_DN', 'Horiz_Arrow_Rllvr']
phase_3.5/models/gui/friendslist_gui.bam
['Horiz_Arrow_UP', 'Horiz_Arrow_DN', 'Horiz_Arrow_Rllvr']
phase_3/models/gui/quit_button.bam
['QuitBtn_UP', 'QuitBtn_DN', 'QuitBtn_RLVR']
phase_3/models/gui/quit_button.bam
['QuitBtn_UP', 'QuitBtn_DN', 'QuitBtn_RLVR']
phase_3/models/gui/quit_button.bam
['QuitBtn_UP', 'QuitBtn_DN', 'QuitBtn_RLVR']
phase_3/models/gui/quit_button.bam
['QuitBtn_UP', 'QuitBtn_DN', 'QuitBtn_RLVR']
phase_3/models/gui/quit_button.bam
['QuitBtn_UP', 'QuitBtn_DN', 'QuitBtn_RLVR']
phase_3/models/gui/quit_button.bam
['QuitBtn_UP', 'QuitBtn_DN', 'QuitBtn_RLVR']
phase_3/models/gui/quit_button.bam
['QuitBtn_UP', 'QuitBtn_DN', 'QuitBtn_RLVR']
phase_3/models/gui/quit_button.bam
['QuitBtn_UP', 'QuitBtn_DN', 'QuitBtn_RLVR']
phase_3/models/gui/quit_button.bam
['QuitBtn_UP', 'QuitBtn_DN', 'QuitBtn_RLVR']
phase_3/models/gui/quit_button.bam
['QuitBtn_UP', 'QuitBtn_DN', 'QuitBtn_RLVR']
phase_3/models/gui/quit_button.bam
['QuitBtn_UP', 'QuitBtn_DN', 'QuitBtn_RLVR']
phase_3/models/gui/quit_button.bam
['QuitBtn_UP', 'QuitBtn_DN', 'QuitBtn_RLVR']
phase_3/models/gui/quit_button.bam
['QuitBtn_UP', 'QuitBtn_DN', 'QuitBtn_RLVR']
phase_3/models/gui/quit_button.bam
['QuitBtn_UP', 'QuitBtn_DN', 'QuitBtn_RLVR']
phase_3/models/gui/quit_button.bam
['QuitBtn_UP', 'QuitBtn_DN', 'QuitBtn_RLVR']
phase_3/models/gui/quit_button.bam
['QuitBtn_UP', 'QuitBtn_DN', 'QuitBtn_RLVR']
phase_3/models/gui/quit_button.bam
['QuitBtn_UP', 'QuitBtn_DN', 'QuitBtn_RLVR']
phase_3/models/gui/quit_button.bam
['QuitBtn_UP', 'QuitBtn_DN', 'QuitBtn_RLVR']
phase_3/models/gui/quit_button.bam
['QuitBtn_UP', 'QuitBtn_DN', 'QuitBtn_RLVR']
phase_3/models/gui/quit_button.bam
['QuitBtn_UP', 'QuitBtn_DN', 'QuitBtn_RLVR']
phase_3/models/gui/quit_button.bam
['QuitBtn_UP', 'QuitBtn_DN', 'QuitBtn_RLVR']
phase_3/models/gui/quit_button.bam
['QuitBtn_UP', 'QuitBtn_DN', 'QuitBtn_RLVR']
phase_3/models/gui/quit_button.bam
['QuitBtn_UP', 'QuitBtn_DN', 'QuitBtn_RLVR']
phase_3/models/gui/quit_button.bam
['QuitBtn_UP', 'QuitBtn_DN', 'QuitBtn_RLVR']
phase_3/models/gui/quit_button.bam
['QuitBtn_UP', 'QuitBtn_DN', 'QuitBtn_RLVR']
phase_3/models/gui/quit_button.bam
['QuitBtn_UP', 'QuitBtn_DN', 'QuitBtn_RLVR']
phase_3/models/gui/quit_button.bam
['QuitBtn_UP', 'QuitBtn_DN', 'QuitBtn_RLVR']
phase_3/models/gui/quit_button.bam
['QuitBtn_UP', 'QuitBtn_DN', 'QuitBtn_RLVR']
Reading DNA file... phase_5/dna/storage_town.pdna
Reading DNA file... phase_5/dna/storage_TT_town.pdna
Reading DNA file... phase_5/dna/toontown_central_2200.pdna
Battle Event localtoon-battle-event-3
Battle Event localtoon-battle-event-9
Battle Event localtoon-battle-event-15
Battle Event localtoon-battle-event-21
TIMER startTime 3189
Battle Event localtoon-battle-event-27
Battle Event localtoon-battle-event-33
Battle Event localtoon-battle-event-39
Battle Event localtoon-battle-event-45
Battle Event localtoon-battle-event-51
Battle Event localtoon-battle-event-57
TIMER startTime 3189
Battle Event localtoon-battle-event-63
Battle Event localtoon-battle-event-69
Battle Event localtoon-battle-event-75
Battle Event localtoon-battle-event-81
OnscreenText.configure: mayChange == 0
OnscreenText.configure: mayChange == 0
OnscreenText.configure: mayChange == 0
OnscreenText.configure: mayChange == 0
Reading DNA file... phase_4/dna/storage.pdna
Reading DNA file... phase_3.5/dna/storage_interior.pdna
Reading DNA file... phase_6/dna/storage_DD.pdna
Reading DNA file... phase_6/dna/storage_DD_sz.pdna
Reading DNA file... phase_6/dna/donalds_dock_sz.pdna
Reading DNA file... phase_5/dna/storage_town.pdna
Reading DNA file... phase_6/dna/storage_DD_town.pdna
Reading DNA file... phase_6/dna/donalds_dock_1300.pdna
frame rate: 13.8 fps|0.246d|5 avs||333|335||0x1002|0x6738|528.0MB|526.9MB|16330.4MB|711|nt.2.6.1|3.300,3.300|3,6 cpus|OpenGL
Battle Event localtoon-battle-event-87
Battle Event localtoon-battle-event-93
Battle Event localtoon-battle-event-99
Battle Event localtoon-battle-event-105
TIMER startTime 3189
Reading DNA file... phase_6/dna/storage_DD_sz.pdna
Reading DNA file... phase_6/dna/donalds_dock_sz.pdna
TIMER startTime 3189
Reading DNA file... phase_5/dna/storage_town.pdna
Reading DNA file... phase_6/dna/storage_DD_town.pdna
Reading DNA file... phase_6/dna/donalds_dock_1300.pdna
Reading DNA file... phase_6/dna/storage_DD_sz.pdna
Reading DNA file... phase_6/dna/donalds_dock_sz.pdna
Traceback (most recent call last):
  File "D:\Documents\ToontownSourcecode\Panda3D-1.9.0\direct\distributed\ConnectionRepository.py", line 613, in readerPollUntilEmpty
    while self.readerPollOnce():
  File "D:\Documents\ToontownSourcecode\Panda3D-1.9.0\direct\distributed\ConnectionRepository.py", line 620, in readerPollOnce
    self.handleDatagram(self.private__di)
  File "otp\distributed\OTPClientRepository.py", line 1943, in handleDatagram
    self.handler(msgType, di)
  File "toontown\hood\QuietZoneState.py", line 152, in handleWaitForQuietZoneResponse
    base.cr.handlePlayGame(msgType, di)
  File "otp\distributed\OTPClientRepository.py", line 1558, in handlePlayGame
    self.handleMessageType(msgType, di)
  File "otp\distributed\OTPClientRepository.py", line 1838, in handleMessageType
    self.gotInterestDoneMessage(di)
  File "otp\distributed\OTPClientRepository.py", line 1864, in gotInterestDoneMessage
    self.handleInterestDoneMessage(di)
  File "D:\Documents\ToontownSourcecode\Panda3D-1.9.0\direct\distributed\DoInterestManager.py", line 618, in handleInterestDoneMessage
    messenger.send(event)
  File "D:\Documents\ToontownSourcecode\Panda3D-1.9.0\direct\showbase\Messenger.py", line 397, in send
    self.__dispatch(acceptorDict, event, sentArgs, foundWatch)
  File "D:\Documents\ToontownSourcecode\Panda3D-1.9.0\direct\showbase\Messenger.py", line 482, in __dispatch
    method (*(extraArgs + sentArgs))
  File "toontown\distributed\ToontownClientRepository.py", line 966, in _handleEmuSetZoneDone
    messenger.send(event)
  File "D:\Documents\ToontownSourcecode\Panda3D-1.9.0\direct\showbase\Messenger.py", line 397, in send
    self.__dispatch(acceptorDict, event, sentArgs, foundWatch)
  File "D:\Documents\ToontownSourcecode\Panda3D-1.9.0\direct\showbase\Messenger.py", line 482, in __dispatch
    method (*(extraArgs + sentArgs))
  File "toontown\hood\QuietZoneState.py", line 195, in _handleQuietZoneComplete
    self.fsm.request('waitForZoneRedirect')
  File "D:\Documents\ToontownSourcecode\Panda3D-1.9.0\direct\fsm\ClassicFSM.py", line 284, in request
    exitArgList)
  File "D:\Documents\ToontownSourcecode\Panda3D-1.9.0\direct\fsm\ClassicFSM.py", line 231, in __transition
    self.__enter(aState, enterArgList)
  File "D:\Documents\ToontownSourcecode\Panda3D-1.9.0\direct\fsm\ClassicFSM.py", line 217, in __enter
    aState.enter(argList)
  File "D:\Documents\ToontownSourcecode\Panda3D-1.9.0\direct\fsm\State.py", line 203, in enter
    apply(self.__enterFunc, argList)
  File "toontown\hood\QuietZoneState.py", line 236, in enterWaitForZoneRedirect
    self.fsm.request('waitForSetZoneResponse')
  File "D:\Documents\ToontownSourcecode\Panda3D-1.9.0\direct\fsm\ClassicFSM.py", line 284, in request
    exitArgList)
  File "D:\Documents\ToontownSourcecode\Panda3D-1.9.0\direct\fsm\ClassicFSM.py", line 231, in __transition
    self.__enter(aState, enterArgList)
  File "D:\Documents\ToontownSourcecode\Panda3D-1.9.0\direct\fsm\ClassicFSM.py", line 217, in __enter
    aState.enter(argList)
  File "D:\Documents\ToontownSourcecode\Panda3D-1.9.0\direct\fsm\State.py", line 203, in enter
    apply(self.__enterFunc, argList)
  File "toontown\hood\QuietZoneState.py", line 262, in enterWaitForSetZoneResponse
    self.fsm.request('waitForSetZoneComplete')
  File "D:\Documents\ToontownSourcecode\Panda3D-1.9.0\direct\fsm\ClassicFSM.py", line 284, in request
    exitArgList)
  File "D:\Documents\ToontownSourcecode\Panda3D-1.9.0\direct\fsm\ClassicFSM.py", line 231, in __transition
    self.__enter(aState, enterArgList)
  File "D:\Documents\ToontownSourcecode\Panda3D-1.9.0\direct\fsm\ClassicFSM.py", line 217, in __enter
    aState.enter(argList)
  File "D:\Documents\ToontownSourcecode\Panda3D-1.9.0\direct\fsm\State.py", line 203, in enter
    apply(self.__enterFunc, argList)
  File "toontown\hood\QuietZoneState.py", line 300, in enterWaitForSetZoneComplete
    messenger.send(self.getQuietZoneLeftEvent())
  File "D:\Documents\ToontownSourcecode\Panda3D-1.9.0\direct\showbase\Messenger.py", line 397, in send
    self.__dispatch(acceptorDict, event, sentArgs, foundWatch)
  File "D:\Documents\ToontownSourcecode\Panda3D-1.9.0\direct\showbase\Messenger.py", line 482, in __dispatch
    method (*(extraArgs + sentArgs))
  File "toontown\hood\Hood.py", line 186, in handleLeftQuietZone
    self.fsm.request(status['loader'], [status])
  File "D:\Documents\ToontownSourcecode\Panda3D-1.9.0\direct\fsm\ClassicFSM.py", line 284, in request
    exitArgList)
  File "D:\Documents\ToontownSourcecode\Panda3D-1.9.0\direct\fsm\ClassicFSM.py", line 231, in __transition
    self.__enter(aState, enterArgList)
  File "D:\Documents\ToontownSourcecode\Panda3D-1.9.0\direct\fsm\ClassicFSM.py", line 217, in __enter
    aState.enter(argList)
  File "D:\Documents\ToontownSourcecode\Panda3D-1.9.0\direct\fsm\State.py", line 203, in enter
    apply(self.__enterFunc, argList)
  File "toontown\hood\Hood.py", line 195, in enterSafeZoneLoader
    self.loader.enter(requestStatus)
  File "toontown\safezone\SafeZoneLoader.py", line 69, in enter
    self.setState(requestStatus['where'], requestStatus)
  File "toontown\safezone\SafeZoneLoader.py", line 79, in setState
    self.fsm.request(stateName, [requestStatus])
  File "D:\Documents\ToontownSourcecode\Panda3D-1.9.0\direct\fsm\ClassicFSM.py", line 284, in request
    exitArgList)
  File "D:\Documents\ToontownSourcecode\Panda3D-1.9.0\direct\fsm\ClassicFSM.py", line 231, in __transition
    self.__enter(aState, enterArgList)
  File "D:\Documents\ToontownSourcecode\Panda3D-1.9.0\direct\fsm\ClassicFSM.py", line 217, in __enter
    aState.enter(argList)
  File "D:\Documents\ToontownSourcecode\Panda3D-1.9.0\direct\fsm\State.py", line 203, in enter
    apply(self.__enterFunc, argList)
  File "toontown\safezone\SafeZoneLoader.py", line 136, in enterPlayground
    self.place.enter(requestStatus)
  File "toontown\safezone\DDPlayground.py", line 32, in enter
    Playground.Playground.enter(self, requestStatus)
  File "toontown\safezone\Playground.py", line 272, in enter
    self.fsm.request(how, [requestStatus])
  File "D:\Documents\ToontownSourcecode\Panda3D-1.9.0\direct\fsm\ClassicFSM.py", line 284, in request
    exitArgList)
  File "D:\Documents\ToontownSourcecode\Panda3D-1.9.0\direct\fsm\ClassicFSM.py", line 231, in __transition
    self.__enter(aState, enterArgList)
  File "D:\Documents\ToontownSourcecode\Panda3D-1.9.0\direct\fsm\ClassicFSM.py", line 217, in __enter
    aState.enter(argList)
  File "D:\Documents\ToontownSourcecode\Panda3D-1.9.0\direct\fsm\State.py", line 203, in enter
    apply(self.__enterFunc, argList)
  File "toontown\hood\Place.py", line 574, in enterTunnelIn
    base.localAvatar.tunnelIn(tunnelOrigin)
  File "toontown\toon\LocalToon.py", line 584, in tunnelIn
    self.b_setTunnelIn(self.tunnelX * 0.8, tunnelOrigin)
  File "toontown\toon\DistributedToon.py", line 735, in b_setTunnelIn
    pos = tunnelOrigin.getPos(render)
AssertionError: !is_empty() at line 1680 of panda/src/pgraph/nodePath.cxx
Traceback (most recent call last):
  File "otp\otpbase\OTPBase.py", line 236, in run
    taskMgr.run()
  File "D:\Documents\ToontownSourcecode\Panda3D-1.9.0\direct\task\Task.py", line 502, in run
    self.step()
  File "D:\Documents\ToontownSourcecode\Panda3D-1.9.0\direct\task\Task.py", line 460, in step
    self.mgr.poll()
  File "D:\Documents\ToontownSourcecode\Panda3D-1.9.0\direct\distributed\ConnectionRepository.py", line 613, in readerPollUntilEmpty
    while self.readerPollOnce():
  File "D:\Documents\ToontownSourcecode\Panda3D-1.9.0\direct\distributed\ConnectionRepository.py", line 620, in readerPollOnce
    self.handleDatagram(self.private__di)
  File "otp\distributed\OTPClientRepository.py", line 1943, in handleDatagram
    self.handler(msgType, di)
  File "toontown\hood\QuietZoneState.py", line 152, in handleWaitForQuietZoneResponse
    base.cr.handlePlayGame(msgType, di)
  File "otp\distributed\OTPClientRepository.py", line 1558, in handlePlayGame
    self.handleMessageType(msgType, di)
  File "otp\distributed\OTPClientRepository.py", line 1838, in handleMessageType
    self.gotInterestDoneMessage(di)
  File "otp\distributed\OTPClientRepository.py", line 1864, in gotInterestDoneMessage
    self.handleInterestDoneMessage(di)
  File "D:\Documents\ToontownSourcecode\Panda3D-1.9.0\direct\distributed\DoInterestManager.py", line 618, in handleInterestDoneMessage
    messenger.send(event)
  File "D:\Documents\ToontownSourcecode\Panda3D-1.9.0\direct\showbase\Messenger.py", line 397, in send
    self.__dispatch(acceptorDict, event, sentArgs, foundWatch)
  File "D:\Documents\ToontownSourcecode\Panda3D-1.9.0\direct\showbase\Messenger.py", line 482, in __dispatch
    method (*(extraArgs + sentArgs))
  File "toontown\distributed\ToontownClientRepository.py", line 966, in _handleEmuSetZoneDone
    messenger.send(event)
  File "D:\Documents\ToontownSourcecode\Panda3D-1.9.0\direct\showbase\Messenger.py", line 397, in send
    self.__dispatch(acceptorDict, event, sentArgs, foundWatch)
  File "D:\Documents\ToontownSourcecode\Panda3D-1.9.0\direct\showbase\Messenger.py", line 482, in __dispatch
    method (*(extraArgs + sentArgs))
  File "toontown\hood\QuietZoneState.py", line 195, in _handleQuietZoneComplete
    self.fsm.request('waitForZoneRedirect')
  File "D:\Documents\ToontownSourcecode\Panda3D-1.9.0\direct\fsm\ClassicFSM.py", line 284, in request
    exitArgList)
  File "D:\Documents\ToontownSourcecode\Panda3D-1.9.0\direct\fsm\ClassicFSM.py", line 231, in __transition
    self.__enter(aState, enterArgList)
  File "D:\Documents\ToontownSourcecode\Panda3D-1.9.0\direct\fsm\ClassicFSM.py", line 217, in __enter
    aState.enter(argList)
  File "D:\Documents\ToontownSourcecode\Panda3D-1.9.0\direct\fsm\State.py", line 203, in enter
    apply(self.__enterFunc, argList)
  File "toontown\hood\QuietZoneState.py", line 236, in enterWaitForZoneRedirect
    self.fsm.request('waitForSetZoneResponse')
  File "D:\Documents\ToontownSourcecode\Panda3D-1.9.0\direct\fsm\ClassicFSM.py", line 284, in request
    exitArgList)
  File "D:\Documents\ToontownSourcecode\Panda3D-1.9.0\direct\fsm\ClassicFSM.py", line 231, in __transition
    self.__enter(aState, enterArgList)
  File "D:\Documents\ToontownSourcecode\Panda3D-1.9.0\direct\fsm\ClassicFSM.py", line 217, in __enter
    aState.enter(argList)
  File "D:\Documents\ToontownSourcecode\Panda3D-1.9.0\direct\fsm\State.py", line 203, in enter
    apply(self.__enterFunc, argList)
  File "toontown\hood\QuietZoneState.py", line 262, in enterWaitForSetZoneResponse
    self.fsm.request('waitForSetZoneComplete')
  File "D:\Documents\ToontownSourcecode\Panda3D-1.9.0\direct\fsm\ClassicFSM.py", line 284, in request
    exitArgList)
  File "D:\Documents\ToontownSourcecode\Panda3D-1.9.0\direct\fsm\ClassicFSM.py", line 231, in __transition
    self.__enter(aState, enterArgList)
  File "D:\Documents\ToontownSourcecode\Panda3D-1.9.0\direct\fsm\ClassicFSM.py", line 217, in __enter
    aState.enter(argList)
  File "D:\Documents\ToontownSourcecode\Panda3D-1.9.0\direct\fsm\State.py", line 203, in enter
    apply(self.__enterFunc, argList)
  File "toontown\hood\QuietZoneState.py", line 300, in enterWaitForSetZoneComplete
    messenger.send(self.getQuietZoneLeftEvent())
  File "D:\Documents\ToontownSourcecode\Panda3D-1.9.0\direct\showbase\Messenger.py", line 397, in send
    self.__dispatch(acceptorDict, event, sentArgs, foundWatch)
  File "D:\Documents\ToontownSourcecode\Panda3D-1.9.0\direct\showbase\Messenger.py", line 482, in __dispatch
    method (*(extraArgs + sentArgs))
  File "toontown\hood\Hood.py", line 186, in handleLeftQuietZone
    self.fsm.request(status['loader'], [status])
  File "D:\Documents\ToontownSourcecode\Panda3D-1.9.0\direct\fsm\ClassicFSM.py", line 284, in request
    exitArgList)
  File "D:\Documents\ToontownSourcecode\Panda3D-1.9.0\direct\fsm\ClassicFSM.py", line 231, in __transition
    self.__enter(aState, enterArgList)
  File "D:\Documents\ToontownSourcecode\Panda3D-1.9.0\direct\fsm\ClassicFSM.py", line 217, in __enter
    aState.enter(argList)
  File "D:\Documents\ToontownSourcecode\Panda3D-1.9.0\direct\fsm\State.py", line 203, in enter
    apply(self.__enterFunc, argList)
  File "toontown\hood\Hood.py", line 195, in enterSafeZoneLoader
    self.loader.enter(requestStatus)
  File "toontown\safezone\SafeZoneLoader.py", line 69, in enter
    self.setState(requestStatus['where'], requestStatus)
  File "toontown\safezone\SafeZoneLoader.py", line 79, in setState
    self.fsm.request(stateName, [requestStatus])
  File "D:\Documents\ToontownSourcecode\Panda3D-1.9.0\direct\fsm\ClassicFSM.py", line 284, in request
    exitArgList)
  File "D:\Documents\ToontownSourcecode\Panda3D-1.9.0\direct\fsm\ClassicFSM.py", line 231, in __transition
    self.__enter(aState, enterArgList)
  File "D:\Documents\ToontownSourcecode\Panda3D-1.9.0\direct\fsm\ClassicFSM.py", line 217, in __enter
    aState.enter(argList)
  File "D:\Documents\ToontownSourcecode\Panda3D-1.9.0\direct\fsm\State.py", line 203, in enter
    apply(self.__enterFunc, argList)
  File "toontown\safezone\SafeZoneLoader.py", line 136, in enterPlayground
    self.place.enter(requestStatus)
  File "toontown\safezone\DDPlayground.py", line 32, in enter
    Playground.Playground.enter(self, requestStatus)
  File "toontown\safezone\Playground.py", line 272, in enter
    self.fsm.request(how, [requestStatus])
  File "D:\Documents\ToontownSourcecode\Panda3D-1.9.0\direct\fsm\ClassicFSM.py", line 284, in request
    exitArgList)
  File "D:\Documents\ToontownSourcecode\Panda3D-1.9.0\direct\fsm\ClassicFSM.py", line 231, in __transition
    self.__enter(aState, enterArgList)
  File "D:\Documents\ToontownSourcecode\Panda3D-1.9.0\direct\fsm\ClassicFSM.py", line 217, in __enter
    aState.enter(argList)
  File "D:\Documents\ToontownSourcecode\Panda3D-1.9.0\direct\fsm\State.py", line 203, in enter
    apply(self.__enterFunc, argList)
  File "toontown\hood\Place.py", line 574, in enterTunnelIn
    base.localAvatar.tunnelIn(tunnelOrigin)
  File "toontown\toon\LocalToon.py", line 584, in tunnelIn
    self.b_setTunnelIn(self.tunnelX * 0.8, tunnelOrigin)
  File "toontown\toon\DistributedToon.py", line 735, in b_setTunnelIn
    pos = tunnelOrigin.getPos(render)
AssertionError: !is_empty() at line 1680 of panda/src/pgraph/nodePath.cxx
