TTLocalizer: Running in language: english
from toontown.toonbase.TTLocalizerEnglish import *
OTPLocalizer: Running in language: english
from otp.otpbase.OTPLocalizerEnglish import *
Preloading suits...
Preloading Toon heads...
Preloading avatars...
{401000001: <toontown.distributed.ToontownDistrict.ToontownDistrict instance at 0x1F4F31C0>}
__handleAvatarChooserDone: 100000003, 'Little Zippy', ('rsl', 'ls', 'l', 'm', 19, 0, 19, 19, 10, 9, 0, 9, 7, 0), 1
2
Reading DNA file... phase_4/dna/storage.pdna
Reading DNA file... phase_3.5/dna/storage_interior.pdna
Reading DNA file... phase_4/dna/storage_TT.pdna
Reading DNA file... phase_4/dna/storage_TT_sz.pdna
Reading DNA file... phase_4/dna/toontown_central_sz.pdna
Exception occurred while processing Func-catch-22 of Sequence-120:
Sequence-120:
  0.000 Sequence-120 {
  0.000   *Func-catch-22
  0.000   Wait dur 0.0001
  0.000   *Func-catch-23
  0.000   Wait dur 0.0001
  0.000   *Func-catch-24
  0.000   Wait dur 0.0001
  0.000   *Func-catch-25
  0.000   Wait dur 0.0001
  0.000   *Func-catch-26
  0.000   Wait dur 0.0001
  0.000   *Func-catch-27
  0.000   Wait dur 0.0001
  0.000   *Func-catch-28
  0.000   Wait dur 0.0001
  0.000   *Func-catch-29
  0.000   Wait dur 0.0001
  0.000   *Func-catch-30
  0.000   Wait dur 0.0001
  0.000   *Func-catch-31
  0.000   Wait dur 0.0001
  0.000   *Func-catch-32
  0.000   Wait dur 0.0001
  0.000   *Func-catch-33
  0.000   Wait dur 0.0001
  0.000   *Func-catch-34
  0.000   Wait dur 0.0001
  0.000   *Func-catch-35
  0.000   Wait dur 0.0001
  0.000   *Func-catch-36
  0.000   Wait dur 0.0001
  0.000   *Func-catch-37
  0.000   Wait dur 0.0001
  0.000   *Func-catch-38
  0.000   Wait dur 0.0001
  0.000   *Func-catch-39
  0.000   Wait dur 0.0001
  0.000   *Func-catch-40
  0.000   Wait dur 0.0001
  0.000   *Func-catch-41
  0.000   Wait dur 0.0001
  0.000   *Func-catch-42
  0.000   Wait dur 0.0001
  0.000   *Func-catch-43
  0.000   Wait dur 0.0001
  0.000   *Func-catch-44
  0.000   Wait dur 0.0001
  0.000   *Func-sell-45
  0.000   Wait dur 1
  1.000 }

Traceback (most recent call last):
  File "D:\Documents\ToontownSourcecode\Panda3D-1.9.0\direct\showbase\ShowBase.py", line 1801, in __ivalLoop
    IntervalManager.ivalMgr.step()
  File "D:\Documents\ToontownSourcecode\Panda3D-1.9.0\direct\interval\IntervalManager.py", line 96, in step
    self.__doPythonCallbacks()
  File "D:\Documents\ToontownSourcecode\Panda3D-1.9.0\direct\interval\IntervalManager.py", line 124, in __doPythonCallbacks
    self.ivals[index].privPostEvent()
  File "D:\Documents\ToontownSourcecode\Panda3D-1.9.0\direct\interval\MetaInterval.py", line 518, in privPostEvent
    self.__doPythonCallbacks()
  File "D:\Documents\ToontownSourcecode\Panda3D-1.9.0\direct\interval\MetaInterval.py", line 494, in __doPythonCallbacks
    ival.privDoEvent(t, eventType)
  File "D:\Documents\ToontownSourcecode\Panda3D-1.9.0\direct\interval\Interval.py", line 207, in privDoEvent
    self.privInstant()
  File "D:\Documents\ToontownSourcecode\Panda3D-1.9.0\direct\interval\FunctionInterval.py", line 88, in privInstant
    self.function(*self.extraArgs, **self.kw)
  File "<string>", line 27, in catch
  File "toontown\fishing\DistributedFishingPond.py", line 78, in d_hitTarget
    self.localToonSpot.hitTarget()
AttributeError: 'NoneType' object has no attribute 'hitTarget'
Traceback (most recent call last):
  File "otp\otpbase\OTPBase.py", line 236, in run
    taskMgr.run()
  File "D:\Documents\ToontownSourcecode\Panda3D-1.9.0\direct\task\Task.py", line 502, in run
    self.step()
  File "D:\Documents\ToontownSourcecode\Panda3D-1.9.0\direct\task\Task.py", line 460, in step
    self.mgr.poll()
  File "D:\Documents\ToontownSourcecode\Panda3D-1.9.0\direct\showbase\ShowBase.py", line 1801, in __ivalLoop
    IntervalManager.ivalMgr.step()
  File "D:\Documents\ToontownSourcecode\Panda3D-1.9.0\direct\interval\IntervalManager.py", line 96, in step
    self.__doPythonCallbacks()
  File "D:\Documents\ToontownSourcecode\Panda3D-1.9.0\direct\interval\IntervalManager.py", line 124, in __doPythonCallbacks
    self.ivals[index].privPostEvent()
  File "D:\Documents\ToontownSourcecode\Panda3D-1.9.0\direct\interval\MetaInterval.py", line 518, in privPostEvent
    self.__doPythonCallbacks()
  File "D:\Documents\ToontownSourcecode\Panda3D-1.9.0\direct\interval\MetaInterval.py", line 494, in __doPythonCallbacks
    ival.privDoEvent(t, eventType)
  File "D:\Documents\ToontownSourcecode\Panda3D-1.9.0\direct\interval\Interval.py", line 207, in privDoEvent
    self.privInstant()
  File "D:\Documents\ToontownSourcecode\Panda3D-1.9.0\direct\interval\FunctionInterval.py", line 88, in privInstant
    self.function(*self.extraArgs, **self.kw)
  File "<string>", line 27, in catch
  File "toontown\fishing\DistributedFishingPond.py", line 78, in d_hitTarget
    self.localToonSpot.hitTarget()
AttributeError: 'NoneType' object has no attribute 'hitTarget'
