TTLocalizer: Running in language: english
from toontown.toonbase.TTLocalizerEnglish import *
OTPLocalizer: Running in language: english
from otp.otpbase.OTPLocalizerEnglish import *
Preloading suits...
Preloading Toon heads...
Preloading avatars...
{401000001: <toontown.distributed.ToontownDistrict.ToontownDistrict instance at 0x1E5231C0>}
Exception in Tkinter callback
Traceback (most recent call last):
  File "D:\Documents\ToontownSourcecode\Panda3D-1.9.0\python\lib\lib-tk\Tkinter.py", line 1470, in __call__
    return self.func(*args)
  File "D:\Documents\ToontownSourcecode\Toontown\toontown\toonbase\ClientStart.py", line 217, in select_all
    self.text.tag_add(SEL, "1.0", END)
NameError: global name 'SEL' is not defined
Exception in Tkinter callback
Traceback (most recent call last):
  File "D:\Documents\ToontownSourcecode\Panda3D-1.9.0\python\lib\lib-tk\Tkinter.py", line 1470, in __call__
    return self.func(*args)
  File "D:\Documents\ToontownSourcecode\Toontown\toontown\toonbase\ClientStart.py", line 217, in select_all
    self.text.tag_add(SEL, "1.0", END)
NameError: global name 'SEL' is not defined
Exception in Tkinter callback
Traceback (most recent call last):
  File "D:\Documents\ToontownSourcecode\Panda3D-1.9.0\python\lib\lib-tk\Tkinter.py", line 1470, in __call__
    return self.func(*args)
  File "D:\Documents\ToontownSourcecode\Toontown\toontown\toonbase\ClientStart.py", line 217, in select_all
    self.text.tag_add(SEL, "1.0", END)
NameError: global name 'SEL' is not defined
Exception in Tkinter callback
Traceback (most recent call last):
  File "D:\Documents\ToontownSourcecode\Panda3D-1.9.0\python\lib\lib-tk\Tkinter.py", line 1470, in __call__
    return self.func(*args)
  File "D:\Documents\ToontownSourcecode\Toontown\toontown\toonbase\ClientStart.py", line 217, in select_all
    self.text.tag_add(SEL, "1.0", END)
NameError: global name 'SEL' is not defined
Exception in Tkinter callback
Traceback (most recent call last):
  File "D:\Documents\ToontownSourcecode\Panda3D-1.9.0\python\lib\lib-tk\Tkinter.py", line 1470, in __call__
    return self.func(*args)
  File "D:\Documents\ToontownSourcecode\Toontown\toontown\toonbase\ClientStart.py", line 217, in select_all
    self.text.tag_add(SEL, "1.0", END)
NameError: global name 'SEL' is not defined
