TTLocalizer: Running in language: english
from toontown.toonbase.TTLocalizerEnglish import *
OTPLocalizer: Running in language: english
from otp.otpbase.OTPLocalizerEnglish import *
Preloading suits...
Preloading Toon heads...
Preloading avatars...
Traceback (most recent call last):
  File "D:\Documents\ToontownSourcecode\src\toontown\toonbase\ClientStart.py", line 240, in loadScripts
    execfile('mods/'+scriptName,globals())
  File "mods/Compilation.txt", line 206, in <module>
    toonAnywhere = DirectButton(text = ("Enable Toonup anywhere", "ENABLE TOONUP ANYWHERE", "enable toonup anywhere", "enable toonup anywhere"), scale=.06, pos = (-1,-0,-.3), command=ToonupAnywhere.toonUpSetUp)
NameError: name 'ToonupAnywhere' is not defined

phase_3.5/models/gui/friendslist_gui.bam
['Horiz_Arrow_UP', 'Horiz_Arrow_DN', 'Horiz_Arrow_Rllvr']
phase_3.5/models/gui/friendslist_gui.bam
['Horiz_Arrow_UP', 'Horiz_Arrow_DN', 'Horiz_Arrow_Rllvr']
phase_3.5/models/gui/friendslist_gui.bam
['Horiz_Arrow_UP', 'Horiz_Arrow_DN', 'Horiz_Arrow_Rllvr']
phase_3.5/models/gui/friendslist_gui.bam
['Horiz_Arrow_UP', 'Horiz_Arrow_DN', 'Horiz_Arrow_Rllvr']
phase_3.5/models/gui/friendslist_gui.bam
['FndsLst_ScrollUp', 'FndsLst_ScrollDN', 'FndsLst_ScrollUp_Rllvr']
phase_3.5/models/gui/friendslist_gui.bam
['FndsLst_ScrollUp', 'FndsLst_ScrollDN', 'FndsLst_ScrollUp_Rllvr']
phase_3.5/models/gui/friendslist_gui.bam
['Horiz_Arrow_UP', 'Horiz_Arrow_DN', 'Horiz_Arrow_Rllvr']
phase_3.5/models/gui/friendslist_gui.bam
['Horiz_Arrow_UP', 'Horiz_Arrow_DN', 'Horiz_Arrow_Rllvr']
phase_3.5/models/gui/friendslist_gui.bam
['Horiz_Arrow_UP', 'Horiz_Arrow_DN', 'Horiz_Arrow_Rllvr']
phase_3.5/models/gui/friendslist_gui.bam
['Horiz_Arrow_UP', 'Horiz_Arrow_DN', 'Horiz_Arrow_Rllvr']
phase_3/models/gui/quit_button.bam
['QuitBtn_UP', 'QuitBtn_DN', 'QuitBtn_RLVR']
phase_3/models/gui/quit_button.bam
['QuitBtn_UP', 'QuitBtn_DN', 'QuitBtn_RLVR']
phase_3/models/gui/quit_button.bam
['QuitBtn_UP', 'QuitBtn_DN', 'QuitBtn_RLVR']
phase_3/models/gui/quit_button.bam
['QuitBtn_UP', 'QuitBtn_DN', 'QuitBtn_RLVR']
test2
{414000001: <toontown.distributed.ToontownDistrict.ToontownDistrict instance at 0x1E785A80>, 406000001: <toontown.distributed.ToontownDistrict.ToontownDistrict instance at 0x1E7858A0>, 407000001: <toontown.distributed.ToontownDistrict.ToontownDistrict instance at 0x1E785918>, 416000001: <toontown.distributed.ToontownDistrict.ToontownDistrict instance at 0x1E785AA8>, 409000001: <toontown.distributed.ToontownDistrict.ToontownDistrict instance at 0x1E785990>, 401000001: <toontown.distributed.ToontownDistrict.ToontownDistrict instance at 0x1E4B7300>, 402000001: <toontown.distributed.ToontownDistrict.ToontownDistrict instance at 0x1E670B48>, 419000001: <toontown.distributed.ToontownDistrict.ToontownDistrict instance at 0x1E785B20>, 411000001: <toontown.distributed.ToontownDistrict.ToontownDistrict instance at 0x1E7859B8>, 404000001: <toontown.distributed.ToontownDistrict.ToontownDistrict instance at 0x1E7858F0>, 413000001: <toontown.distributed.ToontownDistrict.ToontownDistrict instance at 0x1E785A58>, 415000001: <toontown.distributed.ToontownDistrict.ToontownDistrict instance at 0x1E785A30>, 408000001: <toontown.distributed.ToontownDistrict.ToontownDistrict instance at 0x1E785968>, 417000001: <toontown.distributed.ToontownDistrict.ToontownDistrict instance at 0x1E785B48>, 410000001: <toontown.distributed.ToontownDistrict.ToontownDistrict instance at 0x1E785AF8>, 418000001: <toontown.distributed.ToontownDistrict.ToontownDistrict instance at 0x1E785AD0>, 403000001: <toontown.distributed.ToontownDistrict.ToontownDistrict instance at 0x1E670CB0>, 412000001: <toontown.distributed.ToontownDistrict.ToontownDistrict instance at 0x1E785A08>, 405000001: <toontown.distributed.ToontownDistrict.ToontownDistrict instance at 0x1E785850>, 420000001: <toontown.distributed.ToontownDistrict.ToontownDistrict instance at 0x1E785B70>}
__handleAvatarChooserDone: 100000013, 'Little Zippy', ('rsl', 'ls', 'l', 'm', 19, 0, 19, 19, 10, 9, 0, 9, 7, 0), 1
2
Reading DNA file... phase_4/dna/storage.pdna
Reading DNA file... phase_3.5/dna/storage_interior.pdna
frame rate: 19.6 fps|0.009d|8 avs||350|354||0x1002|0x6738|358.5MB|402.8MB|16330.4MB|437|nt.2.6.2|3.300,3.300|3,6 cpus|OpenGL
frame rate: 19.9 fps|0.005d|10 avs||650|654||0x1002|0x6738|358.6MB|402.8MB|16330.4MB|437|nt.2.6.2|3.300,3.300|3,6 cpus|OpenGL
frame rate: 21.9 fps|0.004d|7 avs||950|954||0x1002|0x6738|286.4MB|402.9MB|16330.4MB|438|nt.2.6.2|3.300,3.300|3,6 cpus|OpenGL
frame rate: 26.1 fps|0.006d|7 avs||1250|1254||0x1002|0x6738|219.3MB|402.6MB|16330.4MB|438|nt.2.6.2|3.300,3.300|3,6 cpus|OpenGL
__handleAvatarChooserDone: 100000013, 'Little Zippy', ('rsl', 'ls', 'l', 'm', 19, 0, 19, 19, 10, 9, 0, 9, 7, 0), 1
2
Reading DNA file... phase_4/dna/storage.pdna
Reading DNA file... phase_3.5/dna/storage_interior.pdna
Battle Event localtoon-battle-event-3
Reading DNA file... phase_4/dna/storage.pdna
Reading DNA file... phase_3.5/dna/storage_interior.pdna
Reading DNA file... phase_8/dna/storage_DG.pdna
Reading DNA file... phase_8/dna/storage_DG_sz.pdna
Reading DNA file... phase_8/dna/daisys_garden_sz.pdna
frame rate: 18.8 fps|0.004d|1 avs||1876|1880||0x1002|0x6738|232.8MB|412.0MB|16330.4MB|658|nt.2.6.2|3.300,3.300|3,6 cpus|OpenGL
4
5
Doing task
Reading DNA file... phase_4/dna/storage.pdna
Reading DNA file... phase_3.5/dna/storage_interior.pdna
spec = {'parentEntId': 10064, 'pos': LPoint3f(0, 0, 0)}
h = None
Battle Event localtoon-battle-event-9
4
5
Doing task
Traceback (most recent call last):
  File "D:\Documents\ToontownSourcecode\Panda3D-1.9.0\direct\distributed\ConnectionRepository.py", line 613, in readerPollUntilEmpty
    while self.readerPollOnce():
  File "D:\Documents\ToontownSourcecode\Panda3D-1.9.0\direct\distributed\ConnectionRepository.py", line 620, in readerPollOnce
    self.handleDatagram(self.private__di)
  File "otp\distributed\OTPClientRepository.py", line 1944, in handleDatagram
    self.handler(msgType, di)
  File "otp\distributed\OTPClientRepository.py", line 1557, in handlePlayGame
    self.handleDelete(di)
  File "toontown\distributed\ToontownClientRepository.py", line 1031, in handleDelete
    self.deleteObject(doId)
  File "toontown\distributed\ToontownClientRepository.py", line 1037, in deleteObject
    obj.deleteOrDelay()
  File "D:\Documents\ToontownSourcecode\Panda3D-1.9.0\direct\distributed\DistributedObject.py", line 199, in deleteOrDelay
    self.disableAnnounceAndDelete()
  File "D:\Documents\ToontownSourcecode\Panda3D-1.9.0\direct\distributed\DistributedObject.py", line 202, in disableAnnounceAndDelete
    self.disableAndAnnounce()
  File "D:\Documents\ToontownSourcecode\Panda3D-1.9.0\direct\distributed\DistributedObject.py", line 228, in disableAndAnnounce
    self.disable()
  File "toontown\toon\DistributedNPCFisherman.py", line 40, in disable
    DistributedNPCToonBase.disable(self)
  File "toontown\toon\DistributedNPCToonBase.py", line 32, in disable
    DistributedToon.DistributedToon.disable(self)
  File "toontown\toon\DistributedToon.py", line 227, in disable
    DistributedPlayer.DistributedPlayer.disable(self)
  File "otp\avatar\DistributedPlayer.py", line 71, in disable
    DistributedAvatar.DistributedAvatar.disable(self)
  File "otp\avatar\DistributedAvatar.py", line 39, in disable
    self.reparentTo(hidden)
AssertionError: !is_empty() at line 526 of panda/src/pgraph/nodePath.cxx
Traceback (most recent call last):
  File "otp\otpbase\OTPBase.py", line 236, in run
    taskMgr.run()
  File "D:\Documents\ToontownSourcecode\Panda3D-1.9.0\direct\task\Task.py", line 502, in run
    self.step()
  File "D:\Documents\ToontownSourcecode\Panda3D-1.9.0\direct\task\Task.py", line 460, in step
    self.mgr.poll()
  File "D:\Documents\ToontownSourcecode\Panda3D-1.9.0\direct\distributed\ConnectionRepository.py", line 613, in readerPollUntilEmpty
    while self.readerPollOnce():
  File "D:\Documents\ToontownSourcecode\Panda3D-1.9.0\direct\distributed\ConnectionRepository.py", line 620, in readerPollOnce
    self.handleDatagram(self.private__di)
  File "otp\distributed\OTPClientRepository.py", line 1944, in handleDatagram
    self.handler(msgType, di)
  File "otp\distributed\OTPClientRepository.py", line 1557, in handlePlayGame
    self.handleDelete(di)
  File "toontown\distributed\ToontownClientRepository.py", line 1031, in handleDelete
    self.deleteObject(doId)
  File "toontown\distributed\ToontownClientRepository.py", line 1037, in deleteObject
    obj.deleteOrDelay()
  File "D:\Documents\ToontownSourcecode\Panda3D-1.9.0\direct\distributed\DistributedObject.py", line 199, in deleteOrDelay
    self.disableAnnounceAndDelete()
  File "D:\Documents\ToontownSourcecode\Panda3D-1.9.0\direct\distributed\DistributedObject.py", line 202, in disableAnnounceAndDelete
    self.disableAndAnnounce()
  File "D:\Documents\ToontownSourcecode\Panda3D-1.9.0\direct\distributed\DistributedObject.py", line 228, in disableAndAnnounce
    self.disable()
  File "toontown\toon\DistributedNPCFisherman.py", line 40, in disable
    DistributedNPCToonBase.disable(self)
  File "toontown\toon\DistributedNPCToonBase.py", line 32, in disable
    DistributedToon.DistributedToon.disable(self)
  File "toontown\toon\DistributedToon.py", line 227, in disable
    DistributedPlayer.DistributedPlayer.disable(self)
  File "otp\avatar\DistributedPlayer.py", line 71, in disable
    DistributedAvatar.DistributedAvatar.disable(self)
  File "otp\avatar\DistributedAvatar.py", line 39, in disable
    self.reparentTo(hidden)
AssertionError: !is_empty() at line 526 of panda/src/pgraph/nodePath.cxx
