TTLocalizer: Running in language: english
from toontown.toonbase.TTLocalizerEnglish import *
OTPLocalizer: Running in language: english
from otp.otpbase.OTPLocalizerEnglish import *
Preloading suits...
Preloading Toon heads...
Preloading avatars...
Traceback (most recent call last):
  File "D:\Documents\ToontownSourcecode\Toontown\toontown\toonbase\ClientStart.py", line 234, in loadScripts
    execfile('mods/'+scriptName,globals())
  File "mods/Compilation.txt", line 206, in <module>
    toonAnywhere = DirectButton(text = ("Enable Toonup anywhere", "ENABLE TOONUP ANYWHERE", "enable toonup anywhere", "enable toonup anywhere"), scale=.06, pos = (-1,-0,-.3), command=ToonupAnywhere.toonUpSetUp)
NameError: name 'ToonupAnywhere' is not defined

phase_3.5/models/gui/friendslist_gui.bam
['Horiz_Arrow_UP', 'Horiz_Arrow_DN', 'Horiz_Arrow_Rllvr']
phase_3.5/models/gui/friendslist_gui.bam
['Horiz_Arrow_UP', 'Horiz_Arrow_DN', 'Horiz_Arrow_Rllvr']
phase_3.5/models/gui/friendslist_gui.bam
['Horiz_Arrow_UP', 'Horiz_Arrow_DN', 'Horiz_Arrow_Rllvr']
phase_3.5/models/gui/friendslist_gui.bam
['Horiz_Arrow_UP', 'Horiz_Arrow_DN', 'Horiz_Arrow_Rllvr']
phase_3.5/models/gui/friendslist_gui.bam
['FndsLst_ScrollUp', 'FndsLst_ScrollDN', 'FndsLst_ScrollUp_Rllvr']
phase_3.5/models/gui/friendslist_gui.bam
['FndsLst_ScrollUp', 'FndsLst_ScrollDN', 'FndsLst_ScrollUp_Rllvr']
phase_3.5/models/gui/friendslist_gui.bam
['Horiz_Arrow_UP', 'Horiz_Arrow_DN', 'Horiz_Arrow_Rllvr']
phase_3.5/models/gui/friendslist_gui.bam
['Horiz_Arrow_UP', 'Horiz_Arrow_DN', 'Horiz_Arrow_Rllvr']
phase_3.5/models/gui/friendslist_gui.bam
['Horiz_Arrow_UP', 'Horiz_Arrow_DN', 'Horiz_Arrow_Rllvr']
phase_3.5/models/gui/friendslist_gui.bam
['Horiz_Arrow_UP', 'Horiz_Arrow_DN', 'Horiz_Arrow_Rllvr']
phase_3/models/gui/quit_button.bam
['QuitBtn_UP', 'QuitBtn_DN', 'QuitBtn_RLVR']
phase_3/models/gui/quit_button.bam
['QuitBtn_UP', 'QuitBtn_DN', 'QuitBtn_RLVR']
phase_3/models/gui/quit_button.bam
['QuitBtn_UP', 'QuitBtn_DN', 'QuitBtn_RLVR']
phase_3/models/gui/quit_button.bam
['QuitBtn_UP', 'QuitBtn_DN', 'QuitBtn_RLVR']
test2
{401000001: <toontown.distributed.ToontownDistrict.ToontownDistrict instance at 0x1BDF6300>, 403000001: <toontown.distributed.ToontownDistrict.ToontownDistrict instance at 0x1BDF3328>, 402000001: <toontown.distributed.ToontownDistrict.ToontownDistrict instance at 0x1C0D5EE0>}
__handleAvatarChooserDone: 100000013, 'Little Zippy', ('rsl', 'ls', 'l', 'm', 19, 0, 19, 19, 10, 9, 0, 9, 7, 0), 1
2
Reading DNA file... phase_4/dna/storage.pdna
Reading DNA file... phase_3.5/dna/storage_interior.pdna
Reading DNA file... phase_6/dna/storage_DD.pdna
Reading DNA file... phase_6/dna/storage_DD_sz.pdna
Reading DNA file... phase_6/dna/donalds_dock_sz.pdna
Reading DNA file... phase_5/dna/storage_town.pdna
Reading DNA file... phase_6/dna/storage_DD_town.pdna
Reading DNA file... phase_6/dna/donalds_dock_1100.pdna
Reading DNA file... phase_5/dna/storage_town.pdna
Reading DNA file... phase_6/dna/storage_DD_town.pdna
Reading DNA file... phase_6/dna/donalds_dock_1200.pdna
empty flat building with no walls
empty flat building with no walls
empty flat building with no walls
Reading DNA file... phase_5/dna/storage_town.pdna
Reading DNA file... phase_6/dna/storage_DD_town.pdna
Reading DNA file... phase_6/dna/donalds_dock_1300.pdna
Reading DNA file... phase_4/dna/storage.pdna
Reading DNA file... phase_3.5/dna/storage_interior.pdna
Reading DNA file... phase_6/dna/storage_DD.pdna
Reading DNA file... phase_5/dna/storage_town.pdna
Reading DNA file... phase_6/dna/storage_DD_town.pdna
Reading DNA file... phase_6/dna/donalds_dock_1100.pdna
Battle Event localtoon-battle-event-3
Reading DNA file... phase_5/dna/storage_town.pdna
Reading DNA file... phase_6/dna/storage_DD_town.pdna
Reading DNA file... phase_6/dna/donalds_dock_1200.pdna
empty flat building with no walls
empty flat building with no walls
empty flat building with no walls
Reading DNA file... phase_5/dna/storage_town.pdna
Reading DNA file... phase_6/dna/storage_DD_town.pdna
Reading DNA file... phase_6/dna/donalds_dock_1300.pdna
Battle Event localtoon-battle-event-9
Reading DNA file... phase_4/dna/storage.pdna
Reading DNA file... phase_3.5/dna/storage_interior.pdna
Reading DNA file... phase_6/dna/storage_DD.pdna
Reading DNA file... phase_5/dna/storage_town.pdna
Reading DNA file... phase_6/dna/storage_DD_town.pdna
Reading DNA file... phase_6/dna/donalds_dock_1100.pdna
Battle Event localtoon-battle-event-15
Reading DNA file... phase_5/dna/storage_town.pdna
Reading DNA file... phase_6/dna/storage_DD_town.pdna
Reading DNA file... phase_6/dna/donalds_dock_1200.pdna
empty flat building with no walls
empty flat building with no walls
empty flat building with no walls
Reading DNA file... phase_5/dna/storage_town.pdna
Reading DNA file... phase_6/dna/storage_DD_town.pdna
Reading DNA file... phase_6/dna/donalds_dock_1300.pdna
Reading DNA file... phase_4/dna/storage.pdna
Reading DNA file... phase_3.5/dna/storage_interior.pdna
Reading DNA file... phase_6/dna/storage_DD.pdna
Reading DNA file... phase_5/dna/storage_town.pdna
Reading DNA file... phase_6/dna/storage_DD_town.pdna
Reading DNA file... phase_6/dna/donalds_dock_1100.pdna
Reading DNA file... phase_5/dna/storage_town.pdna
Reading DNA file... phase_6/dna/storage_DD_town.pdna
Reading DNA file... phase_6/dna/donalds_dock_1200.pdna
empty flat building with no walls
empty flat building with no walls
empty flat building with no walls
Reading DNA file... phase_5/dna/storage_town.pdna
Reading DNA file... phase_6/dna/storage_DD_town.pdna
Reading DNA file... phase_6/dna/donalds_dock_1300.pdna
Reading DNA file... phase_4/dna/storage.pdna
Reading DNA file... phase_3.5/dna/storage_interior.pdna
Reading DNA file... phase_6/dna/storage_DD.pdna
Reading DNA file... phase_5/dna/storage_town.pdna
Reading DNA file... phase_6/dna/storage_DD_town.pdna
Reading DNA file... phase_6/dna/donalds_dock_1100.pdna
Reading DNA file... phase_5/dna/storage_town.pdna
Reading DNA file... phase_6/dna/storage_DD_town.pdna
Reading DNA file... phase_6/dna/donalds_dock_1200.pdna
empty flat building with no walls
empty flat building with no walls
empty flat building with no walls
Reading DNA file... phase_5/dna/storage_town.pdna
Reading DNA file... phase_6/dna/storage_DD_town.pdna
Reading DNA file... phase_6/dna/donalds_dock_1300.pdna
Battle Event localtoon-battle-event-21
Reading DNA file... phase_4/dna/storage.pdna
Reading DNA file... phase_3.5/dna/storage_interior.pdna
Reading DNA file... phase_8/dna/storage_DG.pdna
Reading DNA file... phase_5/dna/storage_town.pdna
Reading DNA file... phase_8/dna/storage_DG_town.pdna
Reading DNA file... phase_8/dna/daisys_garden_5100.pdna
Reading DNA file... phase_5/dna/storage_town.pdna
Reading DNA file... phase_8/dna/storage_DG_town.pdna
Reading DNA file... phase_8/dna/daisys_garden_5200.pdna
Battle Event localtoon-battle-event-27
Reading DNA file... phase_5/dna/storage_town.pdna
Reading DNA file... phase_8/dna/storage_DG_town.pdna
Reading DNA file... phase_8/dna/daisys_garden_5300.pdna
Reading DNA file... phase_4/dna/storage.pdna
Reading DNA file... phase_3.5/dna/storage_interior.pdna
Reading DNA file... phase_8/dna/storage_DG.pdna
Reading DNA file... phase_5/dna/storage_town.pdna
Reading DNA file... phase_8/dna/storage_DG_town.pdna
Reading DNA file... phase_8/dna/daisys_garden_5100.pdna
Battle Event localtoon-battle-event-33
Reading DNA file... phase_5/dna/storage_town.pdna
Reading DNA file... phase_8/dna/storage_DG_town.pdna
Reading DNA file... phase_8/dna/daisys_garden_5200.pdna
Battle Event localtoon-battle-event-39
Reading DNA file... phase_5/dna/storage_town.pdna
Reading DNA file... phase_8/dna/storage_DG_town.pdna
Reading DNA file... phase_8/dna/daisys_garden_5300.pdna
Reading DNA file... phase_4/dna/storage.pdna
Reading DNA file... phase_3.5/dna/storage_interior.pdna
Reading DNA file... phase_8/dna/storage_DG.pdna
Reading DNA file... phase_5/dna/storage_town.pdna
Reading DNA file... phase_8/dna/storage_DG_town.pdna
Reading DNA file... phase_8/dna/daisys_garden_5100.pdna
Reading DNA file... phase_5/dna/storage_town.pdna
Reading DNA file... phase_8/dna/storage_DG_town.pdna
Reading DNA file... phase_8/dna/daisys_garden_5200.pdna
Battle Event localtoon-battle-event-45
Battle Event localtoon-battle-event-51
Battle Event localtoon-battle-event-57
Reading DNA file... phase_5/dna/storage_town.pdna
Reading DNA file... phase_8/dna/storage_DG_town.pdna
Reading DNA file... phase_8/dna/daisys_garden_5300.pdna
Reading DNA file... phase_4/dna/storage.pdna
Reading DNA file... phase_3.5/dna/storage_interior.pdna
Reading DNA file... phase_8/dna/storage_DG.pdna
Reading DNA file... phase_5/dna/storage_town.pdna
Reading DNA file... phase_8/dna/storage_DG_town.pdna
Reading DNA file... phase_8/dna/daisys_garden_5100.pdna
Reading DNA file... phase_5/dna/storage_town.pdna
Reading DNA file... phase_8/dna/storage_DG_town.pdna
Reading DNA file... phase_8/dna/daisys_garden_5200.pdna
Battle Event localtoon-battle-event-63
Battle Event localtoon-battle-event-69
Reading DNA file... phase_5/dna/storage_town.pdna
Reading DNA file... phase_8/dna/storage_DG_town.pdna
Reading DNA file... phase_8/dna/daisys_garden_5300.pdna
Reading DNA file... phase_4/dna/storage.pdna
Reading DNA file... phase_3.5/dna/storage_interior.pdna
Reading DNA file... phase_8/dna/storage_DG.pdna
Reading DNA file... phase_5/dna/storage_town.pdna
Reading DNA file... phase_8/dna/storage_DG_town.pdna
Reading DNA file... phase_8/dna/daisys_garden_5100.pdna
Reading DNA file... phase_5/dna/storage_town.pdna
Reading DNA file... phase_8/dna/storage_DG_town.pdna
Reading DNA file... phase_8/dna/daisys_garden_5200.pdna
Battle Event localtoon-battle-event-75
Reading DNA file... phase_5/dna/storage_town.pdna
Reading DNA file... phase_8/dna/storage_DG_town.pdna
Reading DNA file... phase_8/dna/daisys_garden_5300.pdna
Reading DNA file... phase_4/dna/storage.pdna
Reading DNA file... phase_3.5/dna/storage_interior.pdna
Reading DNA file... phase_8/dna/storage_DG.pdna
Reading DNA file... phase_5/dna/storage_town.pdna
Reading DNA file... phase_8/dna/storage_DG_town.pdna
Reading DNA file... phase_8/dna/daisys_garden_5100.pdna
Reading DNA file... phase_5/dna/storage_town.pdna
Reading DNA file... phase_8/dna/storage_DG_town.pdna
Reading DNA file... phase_8/dna/daisys_garden_5200.pdna
Battle Event localtoon-battle-event-81
Reading DNA file... phase_5/dna/storage_town.pdna
Reading DNA file... phase_8/dna/storage_DG_town.pdna
Reading DNA file... phase_8/dna/daisys_garden_5300.pdna
Reading DNA file... phase_4/dna/storage.pdna
Reading DNA file... phase_3.5/dna/storage_interior.pdna
Reading DNA file... phase_8/dna/storage_DG.pdna
Reading DNA file... phase_5/dna/storage_town.pdna
Reading DNA file... phase_8/dna/storage_DG_town.pdna
Reading DNA file... phase_8/dna/daisys_garden_5100.pdna
Reading DNA file... phase_5/dna/storage_town.pdna
Reading DNA file... phase_8/dna/storage_DG_town.pdna
Reading DNA file... phase_8/dna/daisys_garden_5200.pdna
Reading DNA file... phase_5/dna/storage_town.pdna
Reading DNA file... phase_8/dna/storage_DG_town.pdna
Reading DNA file... phase_8/dna/daisys_garden_5300.pdna
Reading DNA file... phase_4/dna/storage.pdna
Reading DNA file... phase_3.5/dna/storage_interior.pdna
Reading DNA file... phase_8/dna/storage_DG.pdna
Reading DNA file... phase_5/dna/storage_town.pdna
Reading DNA file... phase_8/dna/storage_DG_town.pdna
Reading DNA file... phase_8/dna/daisys_garden_5100.pdna
Reading DNA file... phase_5/dna/storage_town.pdna
Reading DNA file... phase_8/dna/storage_DG_town.pdna
Reading DNA file... phase_8/dna/daisys_garden_5200.pdna
Reading DNA file... phase_5/dna/storage_town.pdna
Reading DNA file... phase_8/dna/storage_DG_town.pdna
Reading DNA file... phase_8/dna/daisys_garden_5300.pdna
Reading DNA file... phase_4/dna/storage.pdna
Reading DNA file... phase_3.5/dna/storage_interior.pdna
Reading DNA file... phase_8/dna/storage_DG.pdna
Reading DNA file... phase_5/dna/storage_town.pdna
Reading DNA file... phase_8/dna/storage_DG_town.pdna
Reading DNA file... phase_8/dna/daisys_garden_5100.pdna
Reading DNA file... phase_5/dna/storage_town.pdna
Reading DNA file... phase_8/dna/storage_DG_town.pdna
Reading DNA file... phase_8/dna/daisys_garden_5200.pdna
Reading DNA file... phase_5/dna/storage_town.pdna
Reading DNA file... phase_8/dna/storage_DG_town.pdna
Reading DNA file... phase_8/dna/daisys_garden_5300.pdna
Reading DNA file... phase_4/dna/storage.pdna
Reading DNA file... phase_3.5/dna/storage_interior.pdna
Reading DNA file... phase_8/dna/storage_DG.pdna
Reading DNA file... phase_5/dna/storage_town.pdna
Reading DNA file... phase_8/dna/storage_DG_town.pdna
Reading DNA file... phase_8/dna/daisys_garden_5100.pdna
Reading DNA file... phase_5/dna/storage_town.pdna
Reading DNA file... phase_8/dna/storage_DG_town.pdna
Reading DNA file... phase_8/dna/daisys_garden_5200.pdna
Reading DNA file... phase_5/dna/storage_town.pdna
Reading DNA file... phase_8/dna/storage_DG_town.pdna
Reading DNA file... phase_8/dna/daisys_garden_5300.pdna
Reading DNA file... phase_4/dna/storage.pdna
Reading DNA file... phase_3.5/dna/storage_interior.pdna
Reading DNA file... phase_8/dna/storage_DG.pdna
Reading DNA file... phase_5/dna/storage_town.pdna
Reading DNA file... phase_8/dna/storage_DG_town.pdna
Reading DNA file... phase_8/dna/daisys_garden_5100.pdna
Reading DNA file... phase_5/dna/storage_town.pdna
Reading DNA file... phase_8/dna/storage_DG_town.pdna
Reading DNA file... phase_8/dna/daisys_garden_5200.pdna
Reading DNA file... phase_5/dna/storage_town.pdna
Reading DNA file... phase_8/dna/storage_DG_town.pdna
Reading DNA file... phase_8/dna/daisys_garden_5300.pdna
Reading DNA file... phase_4/dna/storage.pdna
Reading DNA file... phase_3.5/dna/storage_interior.pdna
Reading DNA file... phase_8/dna/storage_DG.pdna
Reading DNA file... phase_5/dna/storage_town.pdna
Reading DNA file... phase_8/dna/storage_DG_town.pdna
Reading DNA file... phase_8/dna/daisys_garden_5100.pdna
Reading DNA file... phase_5/dna/storage_town.pdna
Reading DNA file... phase_8/dna/storage_DG_town.pdna
Reading DNA file... phase_8/dna/daisys_garden_5200.pdna
Battle Event localtoon-battle-event-87
Battle Event localtoon-battle-event-93
Battle Event localtoon-battle-event-99
Reading DNA file... phase_5/dna/storage_town.pdna
Reading DNA file... phase_8/dna/storage_DG_town.pdna
Reading DNA file... phase_8/dna/daisys_garden_5300.pdna
Reading DNA file... phase_4/dna/storage.pdna
Reading DNA file... phase_3.5/dna/storage_interior.pdna
Reading DNA file... phase_8/dna/storage_DG.pdna
Reading DNA file... phase_5/dna/storage_town.pdna
Reading DNA file... phase_8/dna/storage_DG_town.pdna
Reading DNA file... phase_8/dna/daisys_garden_5100.pdna
Reading DNA file... phase_5/dna/storage_town.pdna
Reading DNA file... phase_8/dna/storage_DG_town.pdna
Reading DNA file... phase_8/dna/daisys_garden_5200.pdna
Reading DNA file... phase_5/dna/storage_town.pdna
Reading DNA file... phase_8/dna/storage_DG_town.pdna
Reading DNA file... phase_8/dna/daisys_garden_5300.pdna
Reading DNA file... phase_4/dna/storage.pdna
Reading DNA file... phase_3.5/dna/storage_interior.pdna
Reading DNA file... phase_8/dna/storage_DG.pdna
Reading DNA file... phase_5/dna/storage_town.pdna
Reading DNA file... phase_8/dna/storage_DG_town.pdna
Reading DNA file... phase_8/dna/daisys_garden_5100.pdna
Reading DNA file... phase_5/dna/storage_town.pdna
Reading DNA file... phase_8/dna/storage_DG_town.pdna
Reading DNA file... phase_8/dna/daisys_garden_5200.pdna
Reading DNA file... phase_5/dna/storage_town.pdna
Reading DNA file... phase_8/dna/storage_DG_town.pdna
Reading DNA file... phase_8/dna/daisys_garden_5300.pdna
Reading DNA file... phase_4/dna/storage.pdna
Reading DNA file... phase_3.5/dna/storage_interior.pdna
Reading DNA file... phase_8/dna/storage_DG.pdna
Reading DNA file... phase_5/dna/storage_town.pdna
Reading DNA file... phase_8/dna/storage_DG_town.pdna
Reading DNA file... phase_8/dna/daisys_garden_5100.pdna
Reading DNA file... phase_5/dna/storage_town.pdna
Reading DNA file... phase_8/dna/storage_DG_town.pdna
Reading DNA file... phase_8/dna/daisys_garden_5200.pdna
Reading DNA file... phase_5/dna/storage_town.pdna
Reading DNA file... phase_8/dna/storage_DG_town.pdna
Reading DNA file... phase_8/dna/daisys_garden_5300.pdna
Reading DNA file... phase_4/dna/storage.pdna
Reading DNA file... phase_3.5/dna/storage_interior.pdna
Reading DNA file... phase_8/dna/storage_DG.pdna
Reading DNA file... phase_5/dna/storage_town.pdna
Reading DNA file... phase_8/dna/storage_DG_town.pdna
Reading DNA file... phase_8/dna/daisys_garden_5100.pdna
Reading DNA file... phase_5/dna/storage_town.pdna
Reading DNA file... phase_8/dna/storage_DG_town.pdna
Reading DNA file... phase_8/dna/daisys_garden_5200.pdna
Reading DNA file... phase_5/dna/storage_town.pdna
Reading DNA file... phase_8/dna/storage_DG_town.pdna
Reading DNA file... phase_8/dna/daisys_garden_5300.pdna
Reading DNA file... phase_4/dna/storage.pdna
Reading DNA file... phase_3.5/dna/storage_interior.pdna
Reading DNA file... phase_8/dna/storage_DG.pdna
Reading DNA file... phase_5/dna/storage_town.pdna
Reading DNA file... phase_8/dna/storage_DG_town.pdna
Reading DNA file... phase_8/dna/daisys_garden_5100.pdna
Reading DNA file... phase_5/dna/storage_town.pdna
Reading DNA file... phase_8/dna/storage_DG_town.pdna
Reading DNA file... phase_8/dna/daisys_garden_5200.pdna
Battle Event localtoon-battle-event-105
Reading DNA file... phase_5/dna/storage_town.pdna
Reading DNA file... phase_8/dna/storage_DG_town.pdna
Reading DNA file... phase_8/dna/daisys_garden_5300.pdna
Reading DNA file... phase_4/dna/storage.pdna
Reading DNA file... phase_3.5/dna/storage_interior.pdna
Reading DNA file... phase_8/dna/storage_DG.pdna
Reading DNA file... phase_5/dna/storage_town.pdna
Reading DNA file... phase_8/dna/storage_DG_town.pdna
Reading DNA file... phase_8/dna/daisys_garden_5100.pdna
Reading DNA file... phase_5/dna/storage_town.pdna
Reading DNA file... phase_8/dna/storage_DG_town.pdna
Reading DNA file... phase_8/dna/daisys_garden_5200.pdna
Reading DNA file... phase_5/dna/storage_town.pdna
Reading DNA file... phase_8/dna/storage_DG_town.pdna
Reading DNA file... phase_8/dna/daisys_garden_5300.pdna
Reading DNA file... phase_4/dna/storage.pdna
Reading DNA file... phase_3.5/dna/storage_interior.pdna
Reading DNA file... phase_8/dna/storage_DG.pdna
Reading DNA file... phase_5/dna/storage_town.pdna
Reading DNA file... phase_8/dna/storage_DG_town.pdna
Reading DNA file... phase_8/dna/daisys_garden_5100.pdna
Battle Event localtoon-battle-event-111
Battle Event localtoon-battle-event-117
Reading DNA file... phase_4/dna/storage.pdna
Reading DNA file... phase_3.5/dna/storage_interior.pdna
Battle Event localtoon-battle-event-123
Battle Event localtoon-battle-event-129
Reading DNA file... phase_4/dna/storage.pdna
Reading DNA file... phase_3.5/dna/storage_interior.pdna
Battle Event localtoon-battle-event-135
Battle Event localtoon-battle-event-141
Battle Event localtoon-battle-event-147
Reading DNA file... phase_4/dna/storage.pdna
Reading DNA file... phase_3.5/dna/storage_interior.pdna
Battle Event localtoon-battle-event-153
Battle Event localtoon-battle-event-159
Battle Event localtoon-battle-event-165
Battle Event localtoon-battle-event-171
Reading DNA file... phase_4/dna/storage.pdna
Reading DNA file... phase_3.5/dna/storage_interior.pdna
Battle Event localtoon-battle-event-177
Reading DNA file... phase_4/dna/storage.pdna
Reading DNA file... phase_3.5/dna/storage_interior.pdna
Battle Event localtoon-battle-event-183
Reading DNA file... phase_4/dna/storage.pdna
Reading DNA file... phase_3.5/dna/storage_interior.pdna
Battle Event localtoon-battle-event-189
Battle Event localtoon-battle-event-195
Reading DNA file... phase_4/dna/storage.pdna
Reading DNA file... phase_3.5/dna/storage_interior.pdna
Battle Event localtoon-battle-event-201
Reading DNA file... phase_4/dna/storage.pdna
Reading DNA file... phase_3.5/dna/storage_interior.pdna
Battle Event localtoon-battle-event-207
Reading DNA file... phase_4/dna/storage.pdna
Reading DNA file... phase_3.5/dna/storage_interior.pdna
Battle Event localtoon-battle-event-213
Reading DNA file... phase_4/dna/storage.pdna
Reading DNA file... phase_3.5/dna/storage_interior.pdna
Reading DNA file... phase_8/dna/storage_DL.pdna
Reading DNA file... phase_5/dna/storage_town.pdna
Reading DNA file... phase_8/dna/storage_DL_town.pdna
Reading DNA file... phase_8/dna/donalds_dreamland_9100.pdna
Battle Event localtoon-battle-event-219
Battle Event localtoon-battle-event-225
Battle Event localtoon-battle-event-231
Battle Event localtoon-battle-event-237
TIMER startTime 1046
Battle Event localtoon-battle-event-243
Battle Event localtoon-battle-event-249
Battle Event localtoon-battle-event-255
TIMER startTime 1046
Battle Event localtoon-battle-event-261
Battle Event localtoon-battle-event-267
Battle Event localtoon-battle-event-273
Battle Event localtoon-battle-event-279
Battle Event localtoon-battle-event-285
Battle Event localtoon-battle-event-291
Battle Event localtoon-battle-event-297
Battle Event localtoon-battle-event-303
Doing building quest
starting
Teleporting back
Reading DNA file... phase_4/dna/storage.pdna
Reading DNA file... phase_3.5/dna/storage_interior.pdna
Reading DNA file... phase_6/dna/storage_MM.pdna
Reading DNA file... phase_5/dna/storage_town.pdna
Reading DNA file... phase_6/dna/storage_MM_town.pdna
Reading DNA file... phase_6/dna/minnies_melody_land_4100.pdna
Teleporting back
Reading DNA file... phase_5/dna/storage_town.pdna
Reading DNA file... phase_6/dna/storage_MM_town.pdna
Reading DNA file... phase_6/dna/minnies_melody_land_4200.pdna
Teleporting back
Reading DNA file... phase_5/dna/storage_town.pdna
Reading DNA file... phase_6/dna/storage_MM_town.pdna
Reading DNA file... phase_6/dna/minnies_melody_land_4300.pdna
Battle Event localtoon-battle-event-309
Battle Event localtoon-battle-event-314
Battle Event localtoon-battle-event-319
frame rate: 23.3 fps|0.039d|1 avs||3009|3012||0x1002|0x6738|969.7MB|974.0MB|16330.4MB|2288|nt.2.6.2|3.300,3.300|3,6 cpus|OpenGL
Battle Event localtoon-battle-event-324
Reading DNA file... phase_6/dna/storage_MM_sz.pdna
Reading DNA file... phase_6/dna/minnies_melody_land_sz.pdna
Teleporting back
Teleporting back
Teleporting back
Teleporting back
Teleporting back
Teleporting back
Teleporting back
Teleporting back
Teleporting back
Reading DNA file... phase_5/dna/storage_town.pdna
Reading DNA file... phase_6/dna/storage_MM_town.pdna
Reading DNA file... phase_6/dna/minnies_melody_land_4300.pdna
Reading DNA file... phase_4/dna/storage.pdna
Reading DNA file... phase_3.5/dna/storage_interior.pdna
Reading DNA file... phase_6/dna/storage_MM.pdna
Reading DNA file... phase_5/dna/storage_town.pdna
Reading DNA file... phase_6/dna/storage_MM_town.pdna
Reading DNA file... phase_6/dna/minnies_melody_land_4100.pdna
Teleporting back
Reading DNA file... phase_5/dna/storage_town.pdna
Reading DNA file... phase_6/dna/storage_MM_town.pdna
Reading DNA file... phase_6/dna/minnies_melody_land_4200.pdna
Teleporting back
Reading DNA file... phase_5/dna/storage_town.pdna
Reading DNA file... phase_6/dna/storage_MM_town.pdna
Reading DNA file... phase_6/dna/minnies_melody_land_4300.pdna
Battle Event localtoon-battle-event-329
Battle Event localtoon-battle-event-334
Battle Event localtoon-battle-event-339
Reading DNA file... phase_6/dna/storage_MM_sz.pdna
Reading DNA file... phase_6/dna/minnies_melody_land_sz.pdna
Teleporting back
Teleporting back
Teleporting back
Teleporting back
Teleporting back
Teleporting back
Teleporting back
Teleporting back
Teleporting back
Reading DNA file... phase_5/dna/storage_town.pdna
Reading DNA file... phase_6/dna/storage_MM_town.pdna
Reading DNA file... phase_6/dna/minnies_melody_land_4300.pdna
Reading DNA file... phase_4/dna/storage.pdna
Reading DNA file... phase_3.5/dna/storage_interior.pdna
Reading DNA file... phase_6/dna/storage_MM.pdna
Reading DNA file... phase_5/dna/storage_town.pdna
Reading DNA file... phase_6/dna/storage_MM_town.pdna
Reading DNA file... phase_6/dna/minnies_melody_land_4100.pdna
Teleporting back
Reading DNA file... phase_5/dna/storage_town.pdna
Reading DNA file... phase_6/dna/storage_MM_town.pdna
Reading DNA file... phase_6/dna/minnies_melody_land_4200.pdna
Teleporting back
Reading DNA file... phase_5/dna/storage_town.pdna
Reading DNA file... phase_6/dna/storage_MM_town.pdna
Reading DNA file... phase_6/dna/minnies_melody_land_4300.pdna
Battle Event localtoon-battle-event-344
Battle Event localtoon-battle-event-349
Battle Event localtoon-battle-event-354
Battle Event localtoon-battle-event-359
Reading DNA file... phase_6/dna/storage_MM_sz.pdna
Reading DNA file... phase_6/dna/minnies_melody_land_sz.pdna
Teleporting back
Teleporting back
Teleporting back
Teleporting back
Teleporting back
Teleporting back
Teleporting back
Teleporting back
Teleporting back
Reading DNA file... phase_5/dna/storage_town.pdna
Reading DNA file... phase_6/dna/storage_MM_town.pdna
Reading DNA file... phase_6/dna/minnies_melody_land_4300.pdna
Battle Event localtoon-battle-event-364
Battle Event localtoon-battle-event-369
Battle Event localtoon-battle-event-374
frame rate: 19.6 fps|0.044d|0 avs||3614|3617||0x1002|0x6738|1082.8MB|1087.0MB|16330.4MB|2561|nt.2.6.2|3.300,3.300|3,6 cpus|OpenGL
Battle Event localtoon-battle-event-379
Reading DNA file... phase_6/dna/storage_MM_sz.pdna
Reading DNA file... phase_6/dna/minnies_melody_land_sz.pdna
Teleporting back
Teleporting back
Teleporting back
Teleporting back
Teleporting back
Teleporting back
Teleporting back
Teleporting back
Teleporting back
Reading DNA file... phase_5/dna/storage_town.pdna
Reading DNA file... phase_6/dna/storage_MM_town.pdna
Reading DNA file... phase_6/dna/minnies_melody_land_4300.pdna
Reading DNA file... phase_4/dna/storage.pdna
Reading DNA file... phase_3.5/dna/storage_interior.pdna
Reading DNA file... phase_6/dna/storage_MM.pdna
Reading DNA file... phase_5/dna/storage_town.pdna
Reading DNA file... phase_6/dna/storage_MM_town.pdna
Reading DNA file... phase_6/dna/minnies_melody_land_4100.pdna
Teleporting back
Reading DNA file... phase_5/dna/storage_town.pdna
Reading DNA file... phase_6/dna/storage_MM_town.pdna
Reading DNA file... phase_6/dna/minnies_melody_land_4200.pdna
Teleporting back
Reading DNA file... phase_5/dna/storage_town.pdna
Reading DNA file... phase_6/dna/storage_MM_town.pdna
Reading DNA file... phase_6/dna/minnies_melody_land_4300.pdna
Reading DNA file... phase_4/dna/storage.pdna
Reading DNA file... phase_3.5/dna/storage_interior.pdna
Reading DNA file... phase_6/dna/storage_MM.pdna
Reading DNA file... phase_5/dna/storage_town.pdna
Reading DNA file... phase_6/dna/storage_MM_town.pdna
Reading DNA file... phase_6/dna/minnies_melody_land_4100.pdna
Teleporting back
Reading DNA file... phase_5/dna/storage_town.pdna
Reading DNA file... phase_6/dna/storage_MM_town.pdna
Reading DNA file... phase_6/dna/minnies_melody_land_4200.pdna
Teleporting back
Reading DNA file... phase_5/dna/storage_town.pdna
Reading DNA file... phase_6/dna/storage_MM_town.pdna
Reading DNA file... phase_6/dna/minnies_melody_land_4300.pdna
Reading DNA file... phase_4/dna/storage.pdna
Reading DNA file... phase_3.5/dna/storage_interior.pdna
Reading DNA file... phase_6/dna/storage_MM.pdna
Reading DNA file... phase_5/dna/storage_town.pdna
Reading DNA file... phase_6/dna/storage_MM_town.pdna
Reading DNA file... phase_6/dna/minnies_melody_land_4100.pdna
Teleporting back
Reading DNA file... phase_5/dna/storage_town.pdna
Reading DNA file... phase_6/dna/storage_MM_town.pdna
Reading DNA file... phase_6/dna/minnies_melody_land_4200.pdna
Teleporting back
Reading DNA file... phase_5/dna/storage_town.pdna
Reading DNA file... phase_6/dna/storage_MM_town.pdna
Reading DNA file... phase_6/dna/minnies_melody_land_4300.pdna
Reading DNA file... phase_4/dna/storage.pdna
Reading DNA file... phase_3.5/dna/storage_interior.pdna
Reading DNA file... phase_6/dna/storage_MM.pdna
Reading DNA file... phase_5/dna/storage_town.pdna
Reading DNA file... phase_6/dna/storage_MM_town.pdna
Reading DNA file... phase_6/dna/minnies_melody_land_4100.pdna
Teleporting back
Reading DNA file... phase_5/dna/storage_town.pdna
Reading DNA file... phase_6/dna/storage_MM_town.pdna
Reading DNA file... phase_6/dna/minnies_melody_land_4200.pdna
Teleporting back
Reading DNA file... phase_5/dna/storage_town.pdna
Reading DNA file... phase_6/dna/storage_MM_town.pdna
Reading DNA file... phase_6/dna/minnies_melody_land_4300.pdna
Reading DNA file... phase_4/dna/storage.pdna
Reading DNA file... phase_3.5/dna/storage_interior.pdna
Reading DNA file... phase_6/dna/storage_MM.pdna
Reading DNA file... phase_5/dna/storage_town.pdna
Reading DNA file... phase_6/dna/storage_MM_town.pdna
Reading DNA file... phase_6/dna/minnies_melody_land_4100.pdna
Teleporting back
Reading DNA file... phase_5/dna/storage_town.pdna
Reading DNA file... phase_6/dna/storage_MM_town.pdna
Reading DNA file... phase_6/dna/minnies_melody_land_4200.pdna
Teleporting back
Reading DNA file... phase_5/dna/storage_town.pdna
Reading DNA file... phase_6/dna/storage_MM_town.pdna
Reading DNA file... phase_6/dna/minnies_melody_land_4300.pdna
Reading DNA file... phase_4/dna/storage.pdna
Reading DNA file... phase_3.5/dna/storage_interior.pdna
Reading DNA file... phase_6/dna/storage_MM.pdna
Reading DNA file... phase_5/dna/storage_town.pdna
Reading DNA file... phase_6/dna/storage_MM_town.pdna
Reading DNA file... phase_6/dna/minnies_melody_land_4100.pdna
Teleporting back
Reading DNA file... phase_5/dna/storage_town.pdna
Reading DNA file... phase_6/dna/storage_MM_town.pdna
Reading DNA file... phase_6/dna/minnies_melody_land_4200.pdna
Teleporting back
Reading DNA file... phase_5/dna/storage_town.pdna
Reading DNA file... phase_6/dna/storage_MM_town.pdna
Reading DNA file... phase_6/dna/minnies_melody_land_4300.pdna
Reading DNA file... phase_4/dna/storage.pdna
Reading DNA file... phase_3.5/dna/storage_interior.pdna
Reading DNA file... phase_6/dna/storage_MM.pdna
Reading DNA file... phase_5/dna/storage_town.pdna
Reading DNA file... phase_6/dna/storage_MM_town.pdna
Reading DNA file... phase_6/dna/minnies_melody_land_4100.pdna
Teleporting back
Reading DNA file... phase_5/dna/storage_town.pdna
Reading DNA file... phase_6/dna/storage_MM_town.pdna
Reading DNA file... phase_6/dna/minnies_melody_land_4200.pdna
Teleporting back
Reading DNA file... phase_5/dna/storage_town.pdna
Reading DNA file... phase_6/dna/storage_MM_town.pdna
Reading DNA file... phase_6/dna/minnies_melody_land_4300.pdna
Reading DNA file... phase_4/dna/storage.pdna
Reading DNA file... phase_3.5/dna/storage_interior.pdna
Reading DNA file... phase_6/dna/storage_MM.pdna
Reading DNA file... phase_5/dna/storage_town.pdna
Reading DNA file... phase_6/dna/storage_MM_town.pdna
Reading DNA file... phase_6/dna/minnies_melody_land_4100.pdna
Teleporting back
Reading DNA file... phase_5/dna/storage_town.pdna
Reading DNA file... phase_6/dna/storage_MM_town.pdna
Reading DNA file... phase_6/dna/minnies_melody_land_4200.pdna
Teleporting back
Reading DNA file... phase_5/dna/storage_town.pdna
Reading DNA file... phase_6/dna/storage_MM_town.pdna
Reading DNA file... phase_6/dna/minnies_melody_land_4300.pdna
Reading DNA file... phase_4/dna/storage.pdna
Reading DNA file... phase_3.5/dna/storage_interior.pdna
Reading DNA file... phase_6/dna/storage_MM.pdna
Reading DNA file... phase_5/dna/storage_town.pdna
Reading DNA file... phase_6/dna/storage_MM_town.pdna
Reading DNA file... phase_6/dna/minnies_melody_land_4100.pdna
Teleporting back
Reading DNA file... phase_5/dna/storage_town.pdna
Reading DNA file... phase_6/dna/storage_MM_town.pdna
Reading DNA file... phase_6/dna/minnies_melody_land_4200.pdna
Teleporting back
Reading DNA file... phase_5/dna/storage_town.pdna
Reading DNA file... phase_6/dna/storage_MM_town.pdna
Reading DNA file... phase_6/dna/minnies_melody_land_4300.pdna
Reading DNA file... phase_4/dna/storage.pdna
Reading DNA file... phase_3.5/dna/storage_interior.pdna
Reading DNA file... phase_6/dna/storage_MM.pdna
Reading DNA file... phase_5/dna/storage_town.pdna
Reading DNA file... phase_6/dna/storage_MM_town.pdna
Reading DNA file... phase_6/dna/minnies_melody_land_4100.pdna
Teleporting back
Reading DNA file... phase_5/dna/storage_town.pdna
Reading DNA file... phase_6/dna/storage_MM_town.pdna
Reading DNA file... phase_6/dna/minnies_melody_land_4200.pdna
Teleporting back
Reading DNA file... phase_5/dna/storage_town.pdna
Reading DNA file... phase_6/dna/storage_MM_town.pdna
Reading DNA file... phase_6/dna/minnies_melody_land_4300.pdna
Reading DNA file... phase_4/dna/storage.pdna
Reading DNA file... phase_3.5/dna/storage_interior.pdna
Reading DNA file... phase_6/dna/storage_MM.pdna
Reading DNA file... phase_5/dna/storage_town.pdna
Reading DNA file... phase_6/dna/storage_MM_town.pdna
Reading DNA file... phase_6/dna/minnies_melody_land_4100.pdna
Teleporting back
Reading DNA file... phase_5/dna/storage_town.pdna
Reading DNA file... phase_6/dna/storage_MM_town.pdna
Reading DNA file... phase_6/dna/minnies_melody_land_4200.pdna
Teleporting back
Reading DNA file... phase_5/dna/storage_town.pdna
Reading DNA file... phase_6/dna/storage_MM_town.pdna
Reading DNA file... phase_6/dna/minnies_melody_land_4300.pdna
Reading DNA file... phase_4/dna/storage.pdna
Reading DNA file... phase_3.5/dna/storage_interior.pdna
Reading DNA file... phase_6/dna/storage_MM.pdna
Reading DNA file... phase_5/dna/storage_town.pdna
Reading DNA file... phase_6/dna/storage_MM_town.pdna
Reading DNA file... phase_6/dna/minnies_melody_land_4100.pdna
Teleporting back
Reading DNA file... phase_5/dna/storage_town.pdna
Reading DNA file... phase_6/dna/storage_MM_town.pdna
Reading DNA file... phase_6/dna/minnies_melody_land_4200.pdna
Teleporting back
Reading DNA file... phase_5/dna/storage_town.pdna
Reading DNA file... phase_6/dna/storage_MM_town.pdna
Reading DNA file... phase_6/dna/minnies_melody_land_4300.pdna
Reading DNA file... phase_4/dna/storage.pdna
Reading DNA file... phase_3.5/dna/storage_interior.pdna
Reading DNA file... phase_6/dna/storage_MM.pdna
Reading DNA file... phase_5/dna/storage_town.pdna
Reading DNA file... phase_6/dna/storage_MM_town.pdna
Reading DNA file... phase_6/dna/minnies_melody_land_4100.pdna
Teleporting back
Reading DNA file... phase_5/dna/storage_town.pdna
Reading DNA file... phase_6/dna/storage_MM_town.pdna
Reading DNA file... phase_6/dna/minnies_melody_land_4200.pdna
Teleporting back
Reading DNA file... phase_5/dna/storage_town.pdna
Reading DNA file... phase_6/dna/storage_MM_town.pdna
Reading DNA file... phase_6/dna/minnies_melody_land_4300.pdna
Reading DNA file... phase_4/dna/storage.pdna
Reading DNA file... phase_3.5/dna/storage_interior.pdna
Reading DNA file... phase_6/dna/storage_MM.pdna
Reading DNA file... phase_5/dna/storage_town.pdna
Reading DNA file... phase_6/dna/storage_MM_town.pdna
Reading DNA file... phase_6/dna/minnies_melody_land_4100.pdna
Teleporting back
Reading DNA file... phase_5/dna/storage_town.pdna
Reading DNA file... phase_6/dna/storage_MM_town.pdna
Reading DNA file... phase_6/dna/minnies_melody_land_4200.pdna
Teleporting back
Reading DNA file... phase_5/dna/storage_town.pdna
Reading DNA file... phase_6/dna/storage_MM_town.pdna
Reading DNA file... phase_6/dna/minnies_melody_land_4300.pdna
Reading DNA file... phase_4/dna/storage.pdna
Reading DNA file... phase_3.5/dna/storage_interior.pdna
Reading DNA file... phase_6/dna/storage_MM.pdna
Reading DNA file... phase_5/dna/storage_town.pdna
Reading DNA file... phase_6/dna/storage_MM_town.pdna
Reading DNA file... phase_6/dna/minnies_melody_land_4100.pdna
Teleporting back
Reading DNA file... phase_5/dna/storage_town.pdna
Reading DNA file... phase_6/dna/storage_MM_town.pdna
Reading DNA file... phase_6/dna/minnies_melody_land_4200.pdna
Teleporting back
Reading DNA file... phase_5/dna/storage_town.pdna
Reading DNA file... phase_6/dna/storage_MM_town.pdna
Reading DNA file... phase_6/dna/minnies_melody_land_4300.pdna
Reading DNA file... phase_4/dna/storage.pdna
Reading DNA file... phase_3.5/dna/storage_interior.pdna
Reading DNA file... phase_6/dna/storage_MM.pdna
Reading DNA file... phase_5/dna/storage_town.pdna
Reading DNA file... phase_6/dna/storage_MM_town.pdna
Reading DNA file... phase_6/dna/minnies_melody_land_4100.pdna
Teleporting back
Reading DNA file... phase_5/dna/storage_town.pdna
Reading DNA file... phase_6/dna/storage_MM_town.pdna
Reading DNA file... phase_6/dna/minnies_melody_land_4200.pdna
Teleporting back
Reading DNA file... phase_5/dna/storage_town.pdna
Reading DNA file... phase_6/dna/storage_MM_town.pdna
Reading DNA file... phase_6/dna/minnies_melody_land_4300.pdna
Reading DNA file... phase_4/dna/storage.pdna
Reading DNA file... phase_3.5/dna/storage_interior.pdna
Reading DNA file... phase_6/dna/storage_MM.pdna
Reading DNA file... phase_5/dna/storage_town.pdna
Reading DNA file... phase_6/dna/storage_MM_town.pdna
Reading DNA file... phase_6/dna/minnies_melody_land_4100.pdna
Teleporting back
Reading DNA file... phase_5/dna/storage_town.pdna
Reading DNA file... phase_6/dna/storage_MM_town.pdna
Reading DNA file... phase_6/dna/minnies_melody_land_4200.pdna
Teleporting back
Reading DNA file... phase_5/dna/storage_town.pdna
Reading DNA file... phase_6/dna/storage_MM_town.pdna
Reading DNA file... phase_6/dna/minnies_melody_land_4300.pdna
Reading DNA file... phase_4/dna/storage.pdna
Reading DNA file... phase_3.5/dna/storage_interior.pdna
Reading DNA file... phase_6/dna/storage_MM.pdna
Reading DNA file... phase_5/dna/storage_town.pdna
Reading DNA file... phase_6/dna/storage_MM_town.pdna
Reading DNA file... phase_6/dna/minnies_melody_land_4100.pdna
Teleporting back
Reading DNA file... phase_5/dna/storage_town.pdna
Reading DNA file... phase_6/dna/storage_MM_town.pdna
Reading DNA file... phase_6/dna/minnies_melody_land_4200.pdna
Teleporting back
Reading DNA file... phase_5/dna/storage_town.pdna
Reading DNA file... phase_6/dna/storage_MM_town.pdna
Reading DNA file... phase_6/dna/minnies_melody_land_4300.pdna
Reading DNA file... phase_4/dna/storage.pdna
Reading DNA file... phase_3.5/dna/storage_interior.pdna
Reading DNA file... phase_6/dna/storage_MM.pdna
Reading DNA file... phase_5/dna/storage_town.pdna
Reading DNA file... phase_6/dna/storage_MM_town.pdna
Reading DNA file... phase_6/dna/minnies_melody_land_4100.pdna
Teleporting back
Reading DNA file... phase_5/dna/storage_town.pdna
Reading DNA file... phase_6/dna/storage_MM_town.pdna
Reading DNA file... phase_6/dna/minnies_melody_land_4200.pdna
Teleporting back
Reading DNA file... phase_5/dna/storage_town.pdna
Reading DNA file... phase_6/dna/storage_MM_town.pdna
Reading DNA file... phase_6/dna/minnies_melody_land_4300.pdna
Reading DNA file... phase_4/dna/storage.pdna
Reading DNA file... phase_3.5/dna/storage_interior.pdna
Reading DNA file... phase_6/dna/storage_MM.pdna
Reading DNA file... phase_5/dna/storage_town.pdna
Reading DNA file... phase_6/dna/storage_MM_town.pdna
Reading DNA file... phase_6/dna/minnies_melody_land_4100.pdna
Teleporting back
Reading DNA file... phase_5/dna/storage_town.pdna
Reading DNA file... phase_6/dna/storage_MM_town.pdna
Reading DNA file... phase_6/dna/minnies_melody_land_4200.pdna
Teleporting back
Reading DNA file... phase_5/dna/storage_town.pdna
Reading DNA file... phase_6/dna/storage_MM_town.pdna
Reading DNA file... phase_6/dna/minnies_melody_land_4300.pdna
Reading DNA file... phase_4/dna/storage.pdna
Reading DNA file... phase_3.5/dna/storage_interior.pdna
Reading DNA file... phase_6/dna/storage_MM.pdna
Reading DNA file... phase_5/dna/storage_town.pdna
Reading DNA file... phase_6/dna/storage_MM_town.pdna
Reading DNA file... phase_6/dna/minnies_melody_land_4100.pdna
Teleporting back
Reading DNA file... phase_5/dna/storage_town.pdna
Reading DNA file... phase_6/dna/storage_MM_town.pdna
Reading DNA file... phase_6/dna/minnies_melody_land_4200.pdna
Teleporting back
Reading DNA file... phase_5/dna/storage_town.pdna
Reading DNA file... phase_6/dna/storage_MM_town.pdna
Reading DNA file... phase_6/dna/minnies_melody_land_4300.pdna
Reading DNA file... phase_4/dna/storage.pdna
Reading DNA file... phase_3.5/dna/storage_interior.pdna
Reading DNA file... phase_6/dna/storage_MM.pdna
Reading DNA file... phase_5/dna/storage_town.pdna
Reading DNA file... phase_6/dna/storage_MM_town.pdna
Reading DNA file... phase_6/dna/minnies_melody_land_4100.pdna
Teleporting back
Reading DNA file... phase_5/dna/storage_town.pdna
Reading DNA file... phase_6/dna/storage_MM_town.pdna
Reading DNA file... phase_6/dna/minnies_melody_land_4200.pdna
Teleporting back
Reading DNA file... phase_5/dna/storage_town.pdna
Reading DNA file... phase_6/dna/storage_MM_town.pdna
Reading DNA file... phase_6/dna/minnies_melody_land_4300.pdna
Reading DNA file... phase_4/dna/storage.pdna
Reading DNA file... phase_3.5/dna/storage_interior.pdna
Reading DNA file... phase_6/dna/storage_MM.pdna
Reading DNA file... phase_5/dna/storage_town.pdna
Reading DNA file... phase_6/dna/storage_MM_town.pdna
Reading DNA file... phase_6/dna/minnies_melody_land_4100.pdna
Teleporting back
Reading DNA file... phase_5/dna/storage_town.pdna
Reading DNA file... phase_6/dna/storage_MM_town.pdna
Reading DNA file... phase_6/dna/minnies_melody_land_4200.pdna
Teleporting back
Reading DNA file... phase_5/dna/storage_town.pdna
Reading DNA file... phase_6/dna/storage_MM_town.pdna
Reading DNA file... phase_6/dna/minnies_melody_land_4300.pdna
Reading DNA file... phase_4/dna/storage.pdna
Reading DNA file... phase_3.5/dna/storage_interior.pdna
Reading DNA file... phase_6/dna/storage_MM.pdna
Reading DNA file... phase_5/dna/storage_town.pdna
Reading DNA file... phase_6/dna/storage_MM_town.pdna
Reading DNA file... phase_6/dna/minnies_melody_land_4100.pdna
Teleporting back
Reading DNA file... phase_5/dna/storage_town.pdna
Reading DNA file... phase_6/dna/storage_MM_town.pdna
Reading DNA file... phase_6/dna/minnies_melody_land_4200.pdna
Teleporting back
Reading DNA file... phase_5/dna/storage_town.pdna
Reading DNA file... phase_6/dna/storage_MM_town.pdna
Reading DNA file... phase_6/dna/minnies_melody_land_4300.pdna
Reading DNA file... phase_4/dna/storage.pdna
Reading DNA file... phase_3.5/dna/storage_interior.pdna
Reading DNA file... phase_6/dna/storage_MM.pdna
Reading DNA file... phase_5/dna/storage_town.pdna
Reading DNA file... phase_6/dna/storage_MM_town.pdna
Reading DNA file... phase_6/dna/minnies_melody_land_4100.pdna
Teleporting back
Reading DNA file... phase_5/dna/storage_town.pdna
Reading DNA file... phase_6/dna/storage_MM_town.pdna
Reading DNA file... phase_6/dna/minnies_melody_land_4200.pdna
Teleporting back
Reading DNA file... phase_5/dna/storage_town.pdna
Reading DNA file... phase_6/dna/storage_MM_town.pdna
Reading DNA file... phase_6/dna/minnies_melody_land_4300.pdna
Reading DNA file... phase_4/dna/storage.pdna
Reading DNA file... phase_3.5/dna/storage_interior.pdna
Reading DNA file... phase_6/dna/storage_MM.pdna
Reading DNA file... phase_5/dna/storage_town.pdna
Reading DNA file... phase_6/dna/storage_MM_town.pdna
Reading DNA file... phase_6/dna/minnies_melody_land_4100.pdna
Teleporting back
Reading DNA file... phase_5/dna/storage_town.pdna
Reading DNA file... phase_6/dna/storage_MM_town.pdna
Reading DNA file... phase_6/dna/minnies_melody_land_4200.pdna
Teleporting back
Reading DNA file... phase_5/dna/storage_town.pdna
Reading DNA file... phase_6/dna/storage_MM_town.pdna
Reading DNA file... phase_6/dna/minnies_melody_land_4300.pdna
Reading DNA file... phase_4/dna/storage.pdna
Reading DNA file... phase_3.5/dna/storage_interior.pdna
Reading DNA file... phase_6/dna/storage_MM.pdna
Reading DNA file... phase_5/dna/storage_town.pdna
Reading DNA file... phase_6/dna/storage_MM_town.pdna
Reading DNA file... phase_6/dna/minnies_melody_land_4100.pdna
Teleporting back
