TTLocalizer: Running in language: english
from toontown.toonbase.TTLocalizerEnglish import *
OTPLocalizer: Running in language: english
from otp.otpbase.OTPLocalizerEnglish import *
Preloading suits...
Preloading Toon heads...
Preloading avatars...
Traceback (most recent call last):
  File "D:\Documents\ToontownSourcecode\src\toontown\toonbase\ClientStart.py", line 240, in loadScripts
    execfile('mods/'+scriptName,globals())
  File "mods/Compilation.txt", line 206, in <module>
    toonAnywhere = DirectButton(text = ("Enable Toonup anywhere", "ENABLE TOONUP ANYWHERE", "enable toonup anywhere", "enable toonup anywhere"), scale=.06, pos = (-1,-0,-.3), command=ToonupAnywhere.toonUpSetUp)
NameError: name 'ToonupAnywhere' is not defined

phase_3.5/models/gui/friendslist_gui.bam
['Horiz_Arrow_UP', 'Horiz_Arrow_DN', 'Horiz_Arrow_Rllvr']
phase_3.5/models/gui/friendslist_gui.bam
['Horiz_Arrow_UP', 'Horiz_Arrow_DN', 'Horiz_Arrow_Rllvr']
phase_3.5/models/gui/friendslist_gui.bam
['Horiz_Arrow_UP', 'Horiz_Arrow_DN', 'Horiz_Arrow_Rllvr']
phase_3.5/models/gui/friendslist_gui.bam
['Horiz_Arrow_UP', 'Horiz_Arrow_DN', 'Horiz_Arrow_Rllvr']
phase_3.5/models/gui/friendslist_gui.bam
['FndsLst_ScrollUp', 'FndsLst_ScrollDN', 'FndsLst_ScrollUp_Rllvr']
phase_3.5/models/gui/friendslist_gui.bam
['FndsLst_ScrollUp', 'FndsLst_ScrollDN', 'FndsLst_ScrollUp_Rllvr']
phase_3.5/models/gui/friendslist_gui.bam
['Horiz_Arrow_UP', 'Horiz_Arrow_DN', 'Horiz_Arrow_Rllvr']
phase_3.5/models/gui/friendslist_gui.bam
['Horiz_Arrow_UP', 'Horiz_Arrow_DN', 'Horiz_Arrow_Rllvr']
phase_3.5/models/gui/friendslist_gui.bam
['Horiz_Arrow_UP', 'Horiz_Arrow_DN', 'Horiz_Arrow_Rllvr']
phase_3.5/models/gui/friendslist_gui.bam
['Horiz_Arrow_UP', 'Horiz_Arrow_DN', 'Horiz_Arrow_Rllvr']
phase_3/models/gui/quit_button.bam
['QuitBtn_UP', 'QuitBtn_DN', 'QuitBtn_RLVR']
phase_3/models/gui/quit_button.bam
['QuitBtn_UP', 'QuitBtn_DN', 'QuitBtn_RLVR']
phase_3/models/gui/quit_button.bam
['QuitBtn_UP', 'QuitBtn_DN', 'QuitBtn_RLVR']
phase_3/models/gui/quit_button.bam
['QuitBtn_UP', 'QuitBtn_DN', 'QuitBtn_RLVR']
test2
{414000001: <toontown.distributed.ToontownDistrict.ToontownDistrict instance at 0x1E74BAD0>, 406000001: <toontown.distributed.ToontownDistrict.ToontownDistrict instance at 0x1E74B8F0>, 407000001: <toontown.distributed.ToontownDistrict.ToontownDistrict instance at 0x1E74B968>, 416000001: <toontown.distributed.ToontownDistrict.ToontownDistrict instance at 0x1E74BB20>, 409000001: <toontown.distributed.ToontownDistrict.ToontownDistrict instance at 0x1E74BAA8>, 401000001: <toontown.distributed.ToontownDistrict.ToontownDistrict instance at 0x1E4B6300>, 402000001: <toontown.distributed.ToontownDistrict.ToontownDistrict instance at 0x1E738918>, 419000001: <toontown.distributed.ToontownDistrict.ToontownDistrict instance at 0x1E74BB70>, 411000001: <toontown.distributed.ToontownDistrict.ToontownDistrict instance at 0x1E74BA58>, 404000001: <toontown.distributed.ToontownDistrict.ToontownDistrict instance at 0x1E74B940>, 413000001: <toontown.distributed.ToontownDistrict.ToontownDistrict instance at 0x1E74BB48>, 415000001: <toontown.distributed.ToontownDistrict.ToontownDistrict instance at 0x1E74BAF8>, 408000001: <toontown.distributed.ToontownDistrict.ToontownDistrict instance at 0x1E74B9B8>, 417000001: <toontown.distributed.ToontownDistrict.ToontownDistrict instance at 0x1E74BA80>, 410000001: <toontown.distributed.ToontownDistrict.ToontownDistrict instance at 0x1E74B9E0>, 418000001: <toontown.distributed.ToontownDistrict.ToontownDistrict instance at 0x1E74BBC0>, 403000001: <toontown.distributed.ToontownDistrict.ToontownDistrict instance at 0x1E4B3328>, 412000001: <toontown.distributed.ToontownDistrict.ToontownDistrict instance at 0x1E74BA08>, 405000001: <toontown.distributed.ToontownDistrict.ToontownDistrict instance at 0x1E74B8A0>, 420000001: <toontown.distributed.ToontownDistrict.ToontownDistrict instance at 0x1E74BB98>}
__handleAvatarChooserDone: 100000013, 'Little Zippy', ('rsl', 'ls', 'l', 'm', 19, 0, 19, 19, 10, 9, 0, 9, 7, 0), 1
2
Reading DNA file... phase_4/dna/storage.pdna
Reading DNA file... phase_3.5/dna/storage_interior.pdna
phase_3.5/models/gui/friendslist_gui.bam
['Horiz_Arrow_UP', 'Horiz_Arrow_DN', 'Horiz_Arrow_Rllvr']
phase_3.5/models/gui/friendslist_gui.bam
['Horiz_Arrow_UP', 'Horiz_Arrow_DN', 'Horiz_Arrow_Rllvr']
phase_3/models/gui/quit_button.bam
['QuitBtn_UP', 'QuitBtn_DN', 'QuitBtn_RLVR']
phase_3/models/gui/quit_button.bam
['QuitBtn_UP', 'QuitBtn_DN', 'QuitBtn_RLVR']
phase_3/models/gui/quit_button.bam
['QuitBtn_UP', 'QuitBtn_DN', 'QuitBtn_RLVR']
phase_3/models/gui/quit_button.bam
['QuitBtn_UP', 'QuitBtn_DN', 'QuitBtn_RLVR']
phase_3/models/gui/quit_button.bam
['QuitBtn_UP', 'QuitBtn_DN', 'QuitBtn_RLVR']
Battle Event localtoon-battle-event-3
[render/distributed-battle-1]
Traceback (most recent call last):
  File "<string>", line 4, in <module>
  File "<string>", line 1, in <module>
IndexError: list index out of range

frame rate: 19.8 fps|0.011d|31 avs||335|339||0x1002|0x6738|395.6MB|425.3MB|16330.4MB|448|nt.2.6.2|3.300,3.300|3,6 cpus|OpenGL
frame rate: 19.9 fps|0.009d|31 avs||635|639||0x1002|0x6738|395.7MB|425.3MB|16330.4MB|448|nt.2.6.2|3.300,3.300|3,6 cpus|OpenGL
Traceback (most recent call last):
  File "Toon Bot/Scripts/AutoerGui.txt", line 385, in updateAllText
    self.text[3].setText(self.catagories[3]+': '+eval(self.statsMethods[3]))
  File "<string>", line 1, in <module>
AttributeError: ToonBase instance has no attribute 'localAvatar'
Traceback (most recent call last):
  File "otp\otpbase\OTPBase.py", line 236, in run
    taskMgr.run()
  File "D:\Documents\ToontownSourcecode\Panda3D-1.9.0\direct\task\Task.py", line 502, in run
    self.step()
  File "D:\Documents\ToontownSourcecode\Panda3D-1.9.0\direct\task\Task.py", line 460, in step
    self.mgr.poll()
  File "Toon Bot/Scripts/AutoerGui.txt", line 385, in updateAllText
    self.text[3].setText(self.catagories[3]+': '+eval(self.statsMethods[3]))
  File "<string>", line 1, in <module>
AttributeError: ToonBase instance has no attribute 'localAvatar'
