TTLocalizer: Running in language: english
from toontown.toonbase.TTLocalizerEnglish import *
OTPLocalizer: Running in language: english
from otp.otpbase.OTPLocalizerEnglish import *
Preloading suits...
Preloading Toon heads...
Preloading avatars...
Traceback (most recent call last):
  File "D:\Documents\ToontownSourcecode\Toontown\toontown\toonbase\ClientStart.py", line 234, in loadScripts
    execfile('mods/'+scriptName,globals())
  File "mods/Compilation.txt", line 206, in <module>
    toonAnywhere = DirectButton(text = ("Enable Toonup anywhere", "ENABLE TOONUP ANYWHERE", "enable toonup anywhere", "enable toonup anywhere"), scale=.06, pos = (-1,-0,-.3), command=ToonupAnywhere.toonUpSetUp)
NameError: name 'ToonupAnywhere' is not defined

phase_3.5/models/gui/friendslist_gui.bam
['Horiz_Arrow_UP', 'Horiz_Arrow_DN', 'Horiz_Arrow_Rllvr']
phase_3.5/models/gui/friendslist_gui.bam
['Horiz_Arrow_UP', 'Horiz_Arrow_DN', 'Horiz_Arrow_Rllvr']
phase_3.5/models/gui/friendslist_gui.bam
['Horiz_Arrow_UP', 'Horiz_Arrow_DN', 'Horiz_Arrow_Rllvr']
phase_3.5/models/gui/friendslist_gui.bam
['Horiz_Arrow_UP', 'Horiz_Arrow_DN', 'Horiz_Arrow_Rllvr']
phase_3.5/models/gui/friendslist_gui.bam
['FndsLst_ScrollUp', 'FndsLst_ScrollDN', 'FndsLst_ScrollUp_Rllvr']
phase_3.5/models/gui/friendslist_gui.bam
['FndsLst_ScrollUp', 'FndsLst_ScrollDN', 'FndsLst_ScrollUp_Rllvr']
phase_3.5/models/gui/friendslist_gui.bam
['Horiz_Arrow_UP', 'Horiz_Arrow_DN', 'Horiz_Arrow_Rllvr']
phase_3.5/models/gui/friendslist_gui.bam
['Horiz_Arrow_UP', 'Horiz_Arrow_DN', 'Horiz_Arrow_Rllvr']
phase_3.5/models/gui/friendslist_gui.bam
['Horiz_Arrow_UP', 'Horiz_Arrow_DN', 'Horiz_Arrow_Rllvr']
phase_3.5/models/gui/friendslist_gui.bam
['Horiz_Arrow_UP', 'Horiz_Arrow_DN', 'Horiz_Arrow_Rllvr']
phase_3/models/gui/quit_button.bam
['QuitBtn_UP', 'QuitBtn_DN', 'QuitBtn_RLVR']
phase_3/models/gui/quit_button.bam
['QuitBtn_UP', 'QuitBtn_DN', 'QuitBtn_RLVR']
phase_3/models/gui/quit_button.bam
['QuitBtn_UP', 'QuitBtn_DN', 'QuitBtn_RLVR']
phase_3/models/gui/quit_button.bam
['QuitBtn_UP', 'QuitBtn_DN', 'QuitBtn_RLVR']
test2
{402000001: <toontown.distributed.ToontownDistrict.ToontownDistrict instance at 0x1BD53328>, 401000001: <toontown.distributed.ToontownDistrict.ToontownDistrict instance at 0x1BD56300>, 404000001: <toontown.distributed.ToontownDistrict.ToontownDistrict instance at 0x1C03E3C8>, 405000001: <toontown.distributed.ToontownDistrict.ToontownDistrict instance at 0x1C03E328>, 403000001: <toontown.distributed.ToontownDistrict.ToontownDistrict instance at 0x1C038BE8>}
__handleAvatarChooserDone: 100000013, 'Little Zippy', ('rsl', 'ls', 'l', 'm', 19, 0, 19, 19, 10, 9, 0, 9, 7, 0), 1
2
Reading DNA file... phase_4/dna/storage.pdna
Reading DNA file... phase_3.5/dna/storage_interior.pdna
Reading DNA file... phase_6/dna/storage_DD.pdna
Reading DNA file... phase_6/dna/storage_DD_sz.pdna
Reading DNA file... phase_6/dna/donalds_dock_sz.pdna
Reading DNA file... phase_5/dna/storage_town.pdna
Reading DNA file... phase_6/dna/storage_DD_town.pdna
Reading DNA file... phase_6/dna/donalds_dock_1100.pdna
Reading DNA file... phase_5/dna/storage_town.pdna
Reading DNA file... phase_6/dna/storage_DD_town.pdna
Reading DNA file... phase_6/dna/donalds_dock_1200.pdna
empty flat building with no walls
empty flat building with no walls
empty flat building with no walls
Battle Event localtoon-battle-event-3
Reading DNA file... phase_5/dna/storage_town.pdna
Reading DNA file... phase_6/dna/storage_DD_town.pdna
Reading DNA file... phase_6/dna/donalds_dock_1300.pdna
Traceback (most recent call last):
  File "D:\Documents\ToontownSourcecode\Panda3D-1.9.0\direct\showbase\EventManager.py", line 61, in eventLoopTask
    self.doEvents()
  File "D:\Documents\ToontownSourcecode\Panda3D-1.9.0\direct\showbase\EventManager.py", line 55, in doEvents
    processFunc(self.eventQueue.dequeueEvent())
  File "D:\Documents\ToontownSourcecode\Panda3D-1.9.0\direct\showbase\EventManager.py", line 122, in processEvent
    messenger.send(eventName, paramList)
  File "D:\Documents\ToontownSourcecode\Panda3D-1.9.0\direct\showbase\Messenger.py", line 397, in send
    self.__dispatch(acceptorDict, event, sentArgs, foundWatch)
  File "D:\Documents\ToontownSourcecode\Panda3D-1.9.0\direct\showbase\Messenger.py", line 482, in __dispatch
    method (*(extraArgs + sentArgs))
  File "toontown\toonbase\ToonBase.py", line 253, in windowEvent
    OTPBase.OTPBase.windowEvent(self, win)
  File "D:\Documents\ToontownSourcecode\Panda3D-1.9.0\direct\showbase\ShowBase.py", line 2623, in windowEvent
    self.userExit()
  File "toontown\toonbase\ToonBase.py", line 506, in userExit
    self.cr.loginFSM.request('shutdown')
  File "D:\Documents\ToontownSourcecode\Panda3D-1.9.0\direct\fsm\ClassicFSM.py", line 284, in request
    exitArgList)
  File "D:\Documents\ToontownSourcecode\Panda3D-1.9.0\direct\fsm\ClassicFSM.py", line 230, in __transition
    self.__exitCurrent(exitArgList)
  File "D:\Documents\ToontownSourcecode\Panda3D-1.9.0\direct\fsm\ClassicFSM.py", line 188, in __exitCurrent
    self.__currentState.exit(argList)
  File "D:\Documents\ToontownSourcecode\Panda3D-1.9.0\direct\fsm\State.py", line 210, in exit
    self.__exitChildren(argList)
  File "D:\Documents\ToontownSourcecode\Panda3D-1.9.0\direct\fsm\State.py", line 189, in __exitChildren
    fsm.request((fsm.getFinalState()).getName())
  File "D:\Documents\ToontownSourcecode\Panda3D-1.9.0\direct\fsm\ClassicFSM.py", line 284, in request
    exitArgList)
  File "D:\Documents\ToontownSourcecode\Panda3D-1.9.0\direct\fsm\ClassicFSM.py", line 231, in __transition
    self.__enter(aState, enterArgList)
  File "D:\Documents\ToontownSourcecode\Panda3D-1.9.0\direct\fsm\ClassicFSM.py", line 217, in __enter
    aState.enter(argList)
  File "D:\Documents\ToontownSourcecode\Panda3D-1.9.0\direct\fsm\State.py", line 203, in enter
    apply(self.__enterFunc, argList)
  File "toontown\distributed\ToontownClientRepository.py", line 479, in enterGameOff
    OTPClientRepository.OTPClientRepository.enterGameOff(self)
  File "otp\distributed\OTPClientRepository.py", line 1314, in enterGameOff
    self._abandonShard()
  File "toontown\distributed\ToontownClientRepository.py", line 1047, in _abandonShard
    if obj.parentId == localAvatar.defaultShard and obj is not localAvatar:
AttributeError: DistributedDoor instance has no attribute 'parentId'
Traceback (most recent call last):
  File "otp\otpbase\OTPBase.py", line 236, in run
    taskMgr.run()
  File "D:\Documents\ToontownSourcecode\Panda3D-1.9.0\direct\task\Task.py", line 502, in run
    self.step()
  File "D:\Documents\ToontownSourcecode\Panda3D-1.9.0\direct\task\Task.py", line 460, in step
    self.mgr.poll()
  File "D:\Documents\ToontownSourcecode\Panda3D-1.9.0\direct\showbase\EventManager.py", line 61, in eventLoopTask
    self.doEvents()
  File "D:\Documents\ToontownSourcecode\Panda3D-1.9.0\direct\showbase\EventManager.py", line 55, in doEvents
    processFunc(self.eventQueue.dequeueEvent())
  File "D:\Documents\ToontownSourcecode\Panda3D-1.9.0\direct\showbase\EventManager.py", line 122, in processEvent
    messenger.send(eventName, paramList)
  File "D:\Documents\ToontownSourcecode\Panda3D-1.9.0\direct\showbase\Messenger.py", line 397, in send
    self.__dispatch(acceptorDict, event, sentArgs, foundWatch)
  File "D:\Documents\ToontownSourcecode\Panda3D-1.9.0\direct\showbase\Messenger.py", line 482, in __dispatch
    method (*(extraArgs + sentArgs))
  File "toontown\toonbase\ToonBase.py", line 253, in windowEvent
    OTPBase.OTPBase.windowEvent(self, win)
  File "D:\Documents\ToontownSourcecode\Panda3D-1.9.0\direct\showbase\ShowBase.py", line 2623, in windowEvent
    self.userExit()
  File "toontown\toonbase\ToonBase.py", line 506, in userExit
    self.cr.loginFSM.request('shutdown')
  File "D:\Documents\ToontownSourcecode\Panda3D-1.9.0\direct\fsm\ClassicFSM.py", line 284, in request
    exitArgList)
  File "D:\Documents\ToontownSourcecode\Panda3D-1.9.0\direct\fsm\ClassicFSM.py", line 230, in __transition
    self.__exitCurrent(exitArgList)
  File "D:\Documents\ToontownSourcecode\Panda3D-1.9.0\direct\fsm\ClassicFSM.py", line 188, in __exitCurrent
    self.__currentState.exit(argList)
  File "D:\Documents\ToontownSourcecode\Panda3D-1.9.0\direct\fsm\State.py", line 210, in exit
    self.__exitChildren(argList)
  File "D:\Documents\ToontownSourcecode\Panda3D-1.9.0\direct\fsm\State.py", line 189, in __exitChildren
    fsm.request((fsm.getFinalState()).getName())
  File "D:\Documents\ToontownSourcecode\Panda3D-1.9.0\direct\fsm\ClassicFSM.py", line 284, in request
    exitArgList)
  File "D:\Documents\ToontownSourcecode\Panda3D-1.9.0\direct\fsm\ClassicFSM.py", line 231, in __transition
    self.__enter(aState, enterArgList)
  File "D:\Documents\ToontownSourcecode\Panda3D-1.9.0\direct\fsm\ClassicFSM.py", line 217, in __enter
    aState.enter(argList)
  File "D:\Documents\ToontownSourcecode\Panda3D-1.9.0\direct\fsm\State.py", line 203, in enter
    apply(self.__enterFunc, argList)
  File "toontown\distributed\ToontownClientRepository.py", line 479, in enterGameOff
    OTPClientRepository.OTPClientRepository.enterGameOff(self)
  File "otp\distributed\OTPClientRepository.py", line 1314, in enterGameOff
    self._abandonShard()
  File "toontown\distributed\ToontownClientRepository.py", line 1047, in _abandonShard
    if obj.parentId == localAvatar.defaultShard and obj is not localAvatar:
AttributeError: DistributedDoor instance has no attribute 'parentId'
