TTLocalizer: Running in language: english
from toontown.toonbase.TTLocalizerEnglish import *
OTPLocalizer: Running in language: english
from otp.otpbase.OTPLocalizerEnglish import *
Preloading suits...
Preloading Toon heads...
Preloading avatars...
Traceback (most recent call last):
  File "D:\Documents\ToontownSourcecode\src\toontown\toonbase\ClientStart.py", line 240, in loadScripts
    execfile('mods/'+scriptName,globals())
  File "mods/Compilation.txt", line 206, in <module>
    toonAnywhere = DirectButton(text = ("Enable Toonup anywhere", "ENABLE TOONUP ANYWHERE", "enable toonup anywhere", "enable toonup anywhere"), scale=.06, pos = (-1,-0,-.3), command=ToonupAnywhere.toonUpSetUp)
NameError: name 'ToonupAnywhere' is not defined

phase_3.5/models/gui/friendslist_gui.bam
['Horiz_Arrow_UP', 'Horiz_Arrow_DN', 'Horiz_Arrow_Rllvr']
phase_3.5/models/gui/friendslist_gui.bam
['Horiz_Arrow_UP', 'Horiz_Arrow_DN', 'Horiz_Arrow_Rllvr']
phase_3.5/models/gui/friendslist_gui.bam
['Horiz_Arrow_UP', 'Horiz_Arrow_DN', 'Horiz_Arrow_Rllvr']
phase_3.5/models/gui/friendslist_gui.bam
['Horiz_Arrow_UP', 'Horiz_Arrow_DN', 'Horiz_Arrow_Rllvr']
phase_3.5/models/gui/friendslist_gui.bam
['FndsLst_ScrollUp', 'FndsLst_ScrollDN', 'FndsLst_ScrollUp_Rllvr']
phase_3.5/models/gui/friendslist_gui.bam
['FndsLst_ScrollUp', 'FndsLst_ScrollDN', 'FndsLst_ScrollUp_Rllvr']
phase_3.5/models/gui/friendslist_gui.bam
['Horiz_Arrow_UP', 'Horiz_Arrow_DN', 'Horiz_Arrow_Rllvr']
phase_3.5/models/gui/friendslist_gui.bam
['Horiz_Arrow_UP', 'Horiz_Arrow_DN', 'Horiz_Arrow_Rllvr']
phase_3.5/models/gui/friendslist_gui.bam
['Horiz_Arrow_UP', 'Horiz_Arrow_DN', 'Horiz_Arrow_Rllvr']
phase_3.5/models/gui/friendslist_gui.bam
['Horiz_Arrow_UP', 'Horiz_Arrow_DN', 'Horiz_Arrow_Rllvr']
phase_3/models/gui/quit_button.bam
['QuitBtn_UP', 'QuitBtn_DN', 'QuitBtn_RLVR']
phase_3/models/gui/quit_button.bam
['QuitBtn_UP', 'QuitBtn_DN', 'QuitBtn_RLVR']
phase_3/models/gui/quit_button.bam
['QuitBtn_UP', 'QuitBtn_DN', 'QuitBtn_RLVR']
phase_3/models/gui/quit_button.bam
['QuitBtn_UP', 'QuitBtn_DN', 'QuitBtn_RLVR']
test2
{414000001: <toontown.distributed.ToontownDistrict.ToontownDistrict instance at 0x1E77AAD0>, 406000001: <toontown.distributed.ToontownDistrict.ToontownDistrict instance at 0x1E77A8F0>, 407000001: <toontown.distributed.ToontownDistrict.ToontownDistrict instance at 0x1E77A968>, 416000001: <toontown.distributed.ToontownDistrict.ToontownDistrict instance at 0x1E77AB20>, 409000001: <toontown.distributed.ToontownDistrict.ToontownDistrict instance at 0x1E77AAA8>, 401000001: <toontown.distributed.ToontownDistrict.ToontownDistrict instance at 0x1E4B5300>, 402000001: <toontown.distributed.ToontownDistrict.ToontownDistrict instance at 0x1E767918>, 419000001: <toontown.distributed.ToontownDistrict.ToontownDistrict instance at 0x1E77AB70>, 411000001: <toontown.distributed.ToontownDistrict.ToontownDistrict instance at 0x1E77AA58>, 404000001: <toontown.distributed.ToontownDistrict.ToontownDistrict instance at 0x1E77A940>, 413000001: <toontown.distributed.ToontownDistrict.ToontownDistrict instance at 0x1E77AB48>, 415000001: <toontown.distributed.ToontownDistrict.ToontownDistrict instance at 0x1E77AAF8>, 408000001: <toontown.distributed.ToontownDistrict.ToontownDistrict instance at 0x1E77A9B8>, 417000001: <toontown.distributed.ToontownDistrict.ToontownDistrict instance at 0x1E77AA80>, 410000001: <toontown.distributed.ToontownDistrict.ToontownDistrict instance at 0x1E77A9E0>, 418000001: <toontown.distributed.ToontownDistrict.ToontownDistrict instance at 0x1E77ABC0>, 403000001: <toontown.distributed.ToontownDistrict.ToontownDistrict instance at 0x1E4B2328>, 412000001: <toontown.distributed.ToontownDistrict.ToontownDistrict instance at 0x1E77AA08>, 405000001: <toontown.distributed.ToontownDistrict.ToontownDistrict instance at 0x1E77A8A0>, 420000001: <toontown.distributed.ToontownDistrict.ToontownDistrict instance at 0x1E77AB98>}
__handleAvatarChooserDone: 100000013, 'Little Zippy', ('rsl', 'ls', 'l', 'm', 19, 0, 19, 19, 10, 9, 0, 9, 7, 0), 1
2
Reading DNA file... phase_4/dna/storage.pdna
Reading DNA file... phase_3.5/dna/storage_interior.pdna
phase_3.5/models/gui/friendslist_gui.bam
['Horiz_Arrow_UP', 'Horiz_Arrow_DN', 'Horiz_Arrow_Rllvr']
phase_3.5/models/gui/friendslist_gui.bam
['Horiz_Arrow_UP', 'Horiz_Arrow_DN', 'Horiz_Arrow_Rllvr']
phase_3/models/gui/quit_button.bam
['QuitBtn_UP', 'QuitBtn_DN', 'QuitBtn_RLVR']
phase_3/models/gui/quit_button.bam
['QuitBtn_UP', 'QuitBtn_DN', 'QuitBtn_RLVR']
phase_3/models/gui/quit_button.bam
['QuitBtn_UP', 'QuitBtn_DN', 'QuitBtn_RLVR']
phase_3/models/gui/quit_button.bam
['QuitBtn_UP', 'QuitBtn_DN', 'QuitBtn_RLVR']
phase_3/models/gui/quit_button.bam
['QuitBtn_UP', 'QuitBtn_DN', 'QuitBtn_RLVR']
test
spec = {'parentEntId': 10064, 'pos': LPoint3f(0, 0, 0)}
h = None
Battle Event localtoon-battle-event-3
Battle Event localtoon-battle-event-9
None
Traceback (most recent call last):
  File "D:\Documents\ToontownSourcecode\Panda3D-1.9.0\direct\showbase\EventManager.py", line 61, in eventLoopTask
    self.doEvents()
  File "D:\Documents\ToontownSourcecode\Panda3D-1.9.0\direct\showbase\EventManager.py", line 55, in doEvents
    processFunc(self.eventQueue.dequeueEvent())
  File "D:\Documents\ToontownSourcecode\Panda3D-1.9.0\direct\showbase\EventManager.py", line 122, in processEvent
    messenger.send(eventName, paramList)
  File "D:\Documents\ToontownSourcecode\Panda3D-1.9.0\direct\showbase\Messenger.py", line 397, in send
    self.__dispatch(acceptorDict, event, sentArgs, foundWatch)
  File "D:\Documents\ToontownSourcecode\Panda3D-1.9.0\direct\showbase\Messenger.py", line 482, in __dispatch
    method (*(extraArgs + sentArgs))
  File "toontown\safezone\DistributedFishingSpot.py", line 183, in __handleEnterSphere
    self.cr.playGame.getPlace().detectedFishingCollision()
  File "toontown\hood\Place.py", line 193, in detectedFishingCollision
    self.fsm.request('fishing')
  File "D:\Documents\ToontownSourcecode\Panda3D-1.9.0\direct\fsm\ClassicFSM.py", line 264, in request
    (self.__name, aStateName))
  File "D:\Documents\ToontownSourcecode\Panda3D-1.9.0\direct\directnotify\Notifier.py", line 136, in error
    raise exception(errorString)
StandardError: [CogHQBossBattle]: request: fishing, no such state
Traceback (most recent call last):
  File "otp\otpbase\OTPBase.py", line 236, in run
    taskMgr.run()
  File "D:\Documents\ToontownSourcecode\Panda3D-1.9.0\direct\task\Task.py", line 502, in run
    self.step()
  File "D:\Documents\ToontownSourcecode\Panda3D-1.9.0\direct\task\Task.py", line 460, in step
    self.mgr.poll()
  File "D:\Documents\ToontownSourcecode\Panda3D-1.9.0\direct\showbase\EventManager.py", line 61, in eventLoopTask
    self.doEvents()
  File "D:\Documents\ToontownSourcecode\Panda3D-1.9.0\direct\showbase\EventManager.py", line 55, in doEvents
    processFunc(self.eventQueue.dequeueEvent())
  File "D:\Documents\ToontownSourcecode\Panda3D-1.9.0\direct\showbase\EventManager.py", line 122, in processEvent
    messenger.send(eventName, paramList)
  File "D:\Documents\ToontownSourcecode\Panda3D-1.9.0\direct\showbase\Messenger.py", line 397, in send
    self.__dispatch(acceptorDict, event, sentArgs, foundWatch)
  File "D:\Documents\ToontownSourcecode\Panda3D-1.9.0\direct\showbase\Messenger.py", line 482, in __dispatch
    method (*(extraArgs + sentArgs))
  File "toontown\safezone\DistributedFishingSpot.py", line 183, in __handleEnterSphere
    self.cr.playGame.getPlace().detectedFishingCollision()
  File "toontown\hood\Place.py", line 193, in detectedFishingCollision
    self.fsm.request('fishing')
  File "D:\Documents\ToontownSourcecode\Panda3D-1.9.0\direct\fsm\ClassicFSM.py", line 264, in request
    (self.__name, aStateName))
  File "D:\Documents\ToontownSourcecode\Panda3D-1.9.0\direct\directnotify\Notifier.py", line 136, in error
    raise exception(errorString)
StandardError: [CogHQBossBattle]: request: fishing, no such state
