TTLocalizer: Running in language: english
from toontown.toonbase.TTLocalizerEnglish import *
OTPLocalizer: Running in language: english
from otp.otpbase.OTPLocalizerEnglish import *
Preloading suits...
Preloading Toon heads...
Preloading avatars...
Traceback (most recent call last):
  File "<string>", line 7, in <module>
  File "<string>", line 206, in <module>
NameError: name 'ToonupAnywhere' is not defined

{401000001: <toontown.distributed.ToontownDistrict.ToontownDistrict instance at 0x204465F8>}
__handleAvatarChooserDone: 100000003, 'Little Zippy', ('rsl', 'ls', 'l', 'm', 19, 0, 19, 19, 10, 9, 0, 9, 7, 0), 1
2
Reading DNA file... phase_4/dna/storage.pdna
Reading DNA file... phase_3.5/dna/storage_interior.pdna
Reading DNA file... phase_4/dna/storage_TT.pdna
Reading DNA file... phase_4/dna/storage_TT_sz.pdna
Reading DNA file... phase_4/dna/toontown_central_sz.pdna
Traceback (most recent call last):
  File "D:\Documents\ToontownSourcecode\Panda3D-1.9.0\direct\showbase\EventManager.py", line 61, in eventLoopTask
    self.doEvents()
  File "D:\Documents\ToontownSourcecode\Panda3D-1.9.0\direct\showbase\EventManager.py", line 55, in doEvents
    processFunc(self.eventQueue.dequeueEvent())
  File "D:\Documents\ToontownSourcecode\Panda3D-1.9.0\direct\showbase\EventManager.py", line 122, in processEvent
    messenger.send(eventName, paramList)
  File "D:\Documents\ToontownSourcecode\Panda3D-1.9.0\direct\showbase\Messenger.py", line 397, in send
    self.__dispatch(acceptorDict, event, sentArgs, foundWatch)
  File "D:\Documents\ToontownSourcecode\Panda3D-1.9.0\direct\showbase\Messenger.py", line 482, in __dispatch
    method (*(extraArgs + sentArgs))
  File "D:\Documents\ToontownSourcecode\Panda3D-1.9.0\direct\gui\DirectButton.py", line 103, in commandFunc
    apply(self['command'], self['extraArgs'])
  File "<string>", line 406, in loadScript
  File "<string>", line 245, in update
  File "<string>", line 41, in createButton
  File "D:\Documents\ToontownSourcecode\Panda3D-1.9.0\direct\gui\DirectButton.py", line 62, in __init__
    self.initialiseoptions(DirectButton)
  File "D:\Documents\ToontownSourcecode\Panda3D-1.9.0\direct\gui\DirectGuiBase.py", line 242, in initialiseoptions
    func()
  File "D:\Documents\ToontownSourcecode\Panda3D-1.9.0\direct\gui\DirectFrame.py", line 180, in setImage
    sort = DGG.IMAGE_SORT_INDEX)
  File "D:\Documents\ToontownSourcecode\Panda3D-1.9.0\direct\gui\DirectGuiBase.py", line 562, in createcomponent
    widget = widgetClass(*widgetArgs, **kw)
  File "D:\Documents\ToontownSourcecode\Panda3D-1.9.0\direct\gui\OnscreenImage.py", line 49, in __init__
    self.setImage(image, parent = parent, sort = sort)
  File "D:\Documents\ToontownSourcecode\Panda3D-1.9.0\direct\gui\OnscreenImage.py", line 98, in setImage
    self.assign(image.copyTo(parent, sort))
AssertionError: !is_empty() at line 694 of panda/src/pgraph/nodePath.cxx
Traceback (most recent call last):
  File "otp\otpbase\OTPBase.py", line 236, in run
    taskMgr.run()
  File "D:\Documents\ToontownSourcecode\Panda3D-1.9.0\direct\task\Task.py", line 502, in run
    self.step()
  File "D:\Documents\ToontownSourcecode\Panda3D-1.9.0\direct\task\Task.py", line 460, in step
    self.mgr.poll()
  File "D:\Documents\ToontownSourcecode\Panda3D-1.9.0\direct\showbase\EventManager.py", line 61, in eventLoopTask
    self.doEvents()
  File "D:\Documents\ToontownSourcecode\Panda3D-1.9.0\direct\showbase\EventManager.py", line 55, in doEvents
    processFunc(self.eventQueue.dequeueEvent())
  File "D:\Documents\ToontownSourcecode\Panda3D-1.9.0\direct\showbase\EventManager.py", line 122, in processEvent
    messenger.send(eventName, paramList)
  File "D:\Documents\ToontownSourcecode\Panda3D-1.9.0\direct\showbase\Messenger.py", line 397, in send
    self.__dispatch(acceptorDict, event, sentArgs, foundWatch)
  File "D:\Documents\ToontownSourcecode\Panda3D-1.9.0\direct\showbase\Messenger.py", line 482, in __dispatch
    method (*(extraArgs + sentArgs))
  File "D:\Documents\ToontownSourcecode\Panda3D-1.9.0\direct\gui\DirectButton.py", line 103, in commandFunc
    apply(self['command'], self['extraArgs'])
  File "<string>", line 406, in loadScript
  File "<string>", line 245, in update
  File "<string>", line 41, in createButton
  File "D:\Documents\ToontownSourcecode\Panda3D-1.9.0\direct\gui\DirectButton.py", line 62, in __init__
    self.initialiseoptions(DirectButton)
  File "D:\Documents\ToontownSourcecode\Panda3D-1.9.0\direct\gui\DirectGuiBase.py", line 242, in initialiseoptions
    func()
  File "D:\Documents\ToontownSourcecode\Panda3D-1.9.0\direct\gui\DirectFrame.py", line 180, in setImage
    sort = DGG.IMAGE_SORT_INDEX)
  File "D:\Documents\ToontownSourcecode\Panda3D-1.9.0\direct\gui\DirectGuiBase.py", line 562, in createcomponent
    widget = widgetClass(*widgetArgs, **kw)
  File "D:\Documents\ToontownSourcecode\Panda3D-1.9.0\direct\gui\OnscreenImage.py", line 49, in __init__
    self.setImage(image, parent = parent, sort = sort)
  File "D:\Documents\ToontownSourcecode\Panda3D-1.9.0\direct\gui\OnscreenImage.py", line 98, in setImage
    self.assign(image.copyTo(parent, sort))
AssertionError: !is_empty() at line 694 of panda/src/pgraph/nodePath.cxx
