TTLocalizer: Running in language: english
from toontown.toonbase.TTLocalizerEnglish import *
OTPLocalizer: Running in language: english
from otp.otpbase.OTPLocalizerEnglish import *
Preloading suits...
Preloading Toon heads...
Preloading avatars...
Traceback (most recent call last):
  File "D:\Documents\ToontownSourcecode\src\toontown\toonbase\ClientStart.py", line 240, in loadScripts
    execfile('mods/'+scriptName,globals())
  File "mods/Compilation.txt", line 206, in <module>
    toonAnywhere = DirectButton(text = ("Enable Toonup anywhere", "ENABLE TOONUP ANYWHERE", "enable toonup anywhere", "enable toonup anywhere"), scale=.06, pos = (-1,-0,-.3), command=ToonupAnywhere.toonUpSetUp)
NameError: name 'ToonupAnywhere' is not defined

phase_3.5/models/gui/friendslist_gui.bam
['Horiz_Arrow_UP', 'Horiz_Arrow_DN', 'Horiz_Arrow_Rllvr']
phase_3.5/models/gui/friendslist_gui.bam
['Horiz_Arrow_UP', 'Horiz_Arrow_DN', 'Horiz_Arrow_Rllvr']
phase_3.5/models/gui/friendslist_gui.bam
['Horiz_Arrow_UP', 'Horiz_Arrow_DN', 'Horiz_Arrow_Rllvr']
phase_3.5/models/gui/friendslist_gui.bam
['Horiz_Arrow_UP', 'Horiz_Arrow_DN', 'Horiz_Arrow_Rllvr']
phase_3.5/models/gui/friendslist_gui.bam
['FndsLst_ScrollUp', 'FndsLst_ScrollDN', 'FndsLst_ScrollUp_Rllvr']
phase_3.5/models/gui/friendslist_gui.bam
['FndsLst_ScrollUp', 'FndsLst_ScrollDN', 'FndsLst_ScrollUp_Rllvr']
phase_3.5/models/gui/friendslist_gui.bam
['Horiz_Arrow_UP', 'Horiz_Arrow_DN', 'Horiz_Arrow_Rllvr']
phase_3.5/models/gui/friendslist_gui.bam
['Horiz_Arrow_UP', 'Horiz_Arrow_DN', 'Horiz_Arrow_Rllvr']
phase_3.5/models/gui/friendslist_gui.bam
['Horiz_Arrow_UP', 'Horiz_Arrow_DN', 'Horiz_Arrow_Rllvr']
phase_3.5/models/gui/friendslist_gui.bam
['Horiz_Arrow_UP', 'Horiz_Arrow_DN', 'Horiz_Arrow_Rllvr']
phase_3/models/gui/quit_button.bam
['QuitBtn_UP', 'QuitBtn_DN', 'QuitBtn_RLVR']
phase_3/models/gui/quit_button.bam
['QuitBtn_UP', 'QuitBtn_DN', 'QuitBtn_RLVR']
phase_3/models/gui/quit_button.bam
['QuitBtn_UP', 'QuitBtn_DN', 'QuitBtn_RLVR']
phase_3/models/gui/quit_button.bam
['QuitBtn_UP', 'QuitBtn_DN', 'QuitBtn_RLVR']
test2
{414000001: <toontown.distributed.ToontownDistrict.ToontownDistrict instance at 0x1E7AB940>, 406000001: <toontown.distributed.ToontownDistrict.ToontownDistrict instance at 0x1E7AB760>, 407000001: <toontown.distributed.ToontownDistrict.ToontownDistrict instance at 0x1E7AB7D8>, 416000001: <toontown.distributed.ToontownDistrict.ToontownDistrict instance at 0x1E7AB990>, 409000001: <toontown.distributed.ToontownDistrict.ToontownDistrict instance at 0x1E7AB918>, 401000001: <toontown.distributed.ToontownDistrict.ToontownDistrict instance at 0x1E4A5300>, 402000001: <toontown.distributed.ToontownDistrict.ToontownDistrict instance at 0x1E798EE0>, 419000001: <toontown.distributed.ToontownDistrict.ToontownDistrict instance at 0x1E7AB9E0>, 411000001: <toontown.distributed.ToontownDistrict.ToontownDistrict instance at 0x1E7AB8C8>, 404000001: <toontown.distributed.ToontownDistrict.ToontownDistrict instance at 0x1E7AB7B0>, 413000001: <toontown.distributed.ToontownDistrict.ToontownDistrict instance at 0x1E7AB9B8>, 415000001: <toontown.distributed.ToontownDistrict.ToontownDistrict instance at 0x1E7AB968>, 408000001: <toontown.distributed.ToontownDistrict.ToontownDistrict instance at 0x1E7AB828>, 417000001: <toontown.distributed.ToontownDistrict.ToontownDistrict instance at 0x1E7AB8F0>, 410000001: <toontown.distributed.ToontownDistrict.ToontownDistrict instance at 0x1E7AB850>, 418000001: <toontown.distributed.ToontownDistrict.ToontownDistrict instance at 0x1E7ABA30>, 403000001: <toontown.distributed.ToontownDistrict.ToontownDistrict instance at 0x1E4A2328>, 412000001: <toontown.distributed.ToontownDistrict.ToontownDistrict instance at 0x1E7AB878>, 405000001: <toontown.distributed.ToontownDistrict.ToontownDistrict instance at 0x1E7AB710>, 420000001: <toontown.distributed.ToontownDistrict.ToontownDistrict instance at 0x1E7ABA08>}
__handleAvatarChooserDone: 100000013, 'Little Zippy', ('rsl', 'ls', 'l', 'm', 19, 0, 19, 19, 10, 9, 0, 9, 7, 0), 1
2
Reading DNA file... phase_4/dna/storage.pdna
Reading DNA file... phase_3.5/dna/storage_interior.pdna
Reading DNA file... phase_6/dna/storage_MM.pdna
Reading DNA file... phase_6/dna/storage_MM_sz.pdna
Reading DNA file... phase_6/dna/minnies_melody_land_sz.pdna
frame rate: 26.9 fps|0.011d|1 avs||334|337||0x1002|0x6738|367.0MB|414.7MB|16330.4MB|444|nt.2.6.2|3.300,3.300|3,6 cpus|OpenGL
frame rate: 27.5 fps|0.005d|1 avs||634|637||0x1002|0x6738|367.1MB|414.8MB|16330.4MB|444|nt.2.6.2|3.300,3.300|3,6 cpus|OpenGL
phase_3.5/models/gui/friendslist_gui.bam
['Horiz_Arrow_UP', 'Horiz_Arrow_DN', 'Horiz_Arrow_Rllvr']
phase_3.5/models/gui/friendslist_gui.bam
['Horiz_Arrow_UP', 'Horiz_Arrow_DN', 'Horiz_Arrow_Rllvr']
phase_3/models/gui/quit_button.bam
['QuitBtn_UP', 'QuitBtn_DN', 'QuitBtn_RLVR']
phase_3/models/gui/quit_button.bam
['QuitBtn_UP', 'QuitBtn_DN', 'QuitBtn_RLVR']
phase_3/models/gui/quit_button.bam
['QuitBtn_UP', 'QuitBtn_DN', 'QuitBtn_RLVR']
phase_3/models/gui/quit_button.bam
['QuitBtn_UP', 'QuitBtn_DN', 'QuitBtn_RLVR']
phase_3/models/gui/quit_button.bam
['QuitBtn_UP', 'QuitBtn_DN', 'QuitBtn_RLVR']
phase_3/models/gui/quit_button.bam
['QuitBtn_UP', 'QuitBtn_DN', 'QuitBtn_RLVR']
phase_3/models/gui/quit_button.bam
['QuitBtn_UP', 'QuitBtn_DN', 'QuitBtn_RLVR']
phase_3/models/gui/quit_button.bam
['QuitBtn_UP', 'QuitBtn_DN', 'QuitBtn_RLVR']
phase_3/models/gui/quit_button.bam
['QuitBtn_UP', 'QuitBtn_DN', 'QuitBtn_RLVR']
phase_3/models/gui/quit_button.bam
['QuitBtn_UP', 'QuitBtn_DN', 'QuitBtn_RLVR']
phase_3/models/gui/quit_button.bam
['QuitBtn_UP', 'QuitBtn_DN', 'QuitBtn_RLVR']
phase_3/models/gui/quit_button.bam
['QuitBtn_UP', 'QuitBtn_DN', 'QuitBtn_RLVR']
phase_3/models/gui/quit_button.bam
['QuitBtn_UP', 'QuitBtn_DN', 'QuitBtn_RLVR']
phase_3/models/gui/quit_button.bam
['QuitBtn_UP', 'QuitBtn_DN', 'QuitBtn_RLVR']
phase_3/models/gui/quit_button.bam
['QuitBtn_UP', 'QuitBtn_DN', 'QuitBtn_RLVR']
phase_3/models/gui/quit_button.bam
['QuitBtn_UP', 'QuitBtn_DN', 'QuitBtn_RLVR']
Reading DNA file... phase_5/dna/storage_town.pdna
Reading DNA file... phase_6/dna/storage_MM_town.pdna
Reading DNA file... phase_6/dna/minnies_melody_land_4200.pdna
Traceback (most recent call last):
  File "Toon Bot/Scripts/AutoerGui.txt", line 379, in updateAllText
    self.text[0].setText(self.catagories[0]+': '+eval(self.statsMethods[0]))
  File "<string>", line 1, in <module>
AttributeError: AutoerGui instance has no attribute 'hours'
Traceback (most recent call last):
  File "otp\otpbase\OTPBase.py", line 236, in run
    taskMgr.run()
  File "D:\Documents\ToontownSourcecode\Panda3D-1.9.0\direct\task\Task.py", line 502, in run
    self.step()
  File "D:\Documents\ToontownSourcecode\Panda3D-1.9.0\direct\task\Task.py", line 460, in step
    self.mgr.poll()
  File "Toon Bot/Scripts/AutoerGui.txt", line 379, in updateAllText
    self.text[0].setText(self.catagories[0]+': '+eval(self.statsMethods[0]))
  File "<string>", line 1, in <module>
AttributeError: AutoerGui instance has no attribute 'hours'
