TTLocalizer: Running in language: english
from toontown.toonbase.TTLocalizerEnglish import *
OTPLocalizer: Running in language: english
from otp.otpbase.OTPLocalizerEnglish import *
Preloading suits...
Preloading Toon heads...
Preloading avatars...
Traceback (most recent call last):
  File "D:\Documents\ToontownSourcecode\src\toontown\toonbase\ClientStart.py", line 240, in loadScripts
    execfile('mods/'+scriptName,globals())
  File "mods/Compilation.txt", line 206, in <module>
    toonAnywhere = DirectButton(text = ("Enable Toonup anywhere", "ENABLE TOONUP ANYWHERE", "enable toonup anywhere", "enable toonup anywhere"), scale=.06, pos = (-1,-0,-.3), command=ToonupAnywhere.toonUpSetUp)
NameError: name 'ToonupAnywhere' is not defined

phase_3.5/models/gui/friendslist_gui.bam
['Horiz_Arrow_UP', 'Horiz_Arrow_DN', 'Horiz_Arrow_Rllvr']
phase_3.5/models/gui/friendslist_gui.bam
['Horiz_Arrow_UP', 'Horiz_Arrow_DN', 'Horiz_Arrow_Rllvr']
phase_3.5/models/gui/friendslist_gui.bam
['Horiz_Arrow_UP', 'Horiz_Arrow_DN', 'Horiz_Arrow_Rllvr']
phase_3.5/models/gui/friendslist_gui.bam
['Horiz_Arrow_UP', 'Horiz_Arrow_DN', 'Horiz_Arrow_Rllvr']
phase_3.5/models/gui/friendslist_gui.bam
['FndsLst_ScrollUp', 'FndsLst_ScrollDN', 'FndsLst_ScrollUp_Rllvr']
phase_3.5/models/gui/friendslist_gui.bam
['FndsLst_ScrollUp', 'FndsLst_ScrollDN', 'FndsLst_ScrollUp_Rllvr']
phase_3.5/models/gui/friendslist_gui.bam
['Horiz_Arrow_UP', 'Horiz_Arrow_DN', 'Horiz_Arrow_Rllvr']
phase_3.5/models/gui/friendslist_gui.bam
['Horiz_Arrow_UP', 'Horiz_Arrow_DN', 'Horiz_Arrow_Rllvr']
phase_3.5/models/gui/friendslist_gui.bam
['Horiz_Arrow_UP', 'Horiz_Arrow_DN', 'Horiz_Arrow_Rllvr']
phase_3.5/models/gui/friendslist_gui.bam
['Horiz_Arrow_UP', 'Horiz_Arrow_DN', 'Horiz_Arrow_Rllvr']
phase_3/models/gui/quit_button.bam
['QuitBtn_UP', 'QuitBtn_DN', 'QuitBtn_RLVR']
phase_3/models/gui/quit_button.bam
['QuitBtn_UP', 'QuitBtn_DN', 'QuitBtn_RLVR']
phase_3/models/gui/quit_button.bam
['QuitBtn_UP', 'QuitBtn_DN', 'QuitBtn_RLVR']
phase_3/models/gui/quit_button.bam
['QuitBtn_UP', 'QuitBtn_DN', 'QuitBtn_RLVR']
test2
{414000001: <toontown.distributed.ToontownDistrict.ToontownDistrict instance at 0x1E777AD0>, 406000001: <toontown.distributed.ToontownDistrict.ToontownDistrict instance at 0x1E7778A0>, 417000001: <toontown.distributed.ToontownDistrict.ToontownDistrict instance at 0x1E777B20>, 416000001: <toontown.distributed.ToontownDistrict.ToontownDistrict instance at 0x1E777B70>, 409000001: <toontown.distributed.ToontownDistrict.ToontownDistrict instance at 0x1E777968>, 407000001: <toontown.distributed.ToontownDistrict.ToontownDistrict instance at 0x1E4B6300>, 402000001: <toontown.distributed.ToontownDistrict.ToontownDistrict instance at 0x1E777918>, 419000001: <toontown.distributed.ToontownDistrict.ToontownDistrict instance at 0x1E777A80>, 411000001: <toontown.distributed.ToontownDistrict.ToontownDistrict instance at 0x1E777A30>, 404000001: <toontown.distributed.ToontownDistrict.ToontownDistrict instance at 0x1E66FCB0>, 413000001: <toontown.distributed.ToontownDistrict.ToontownDistrict instance at 0x1E777A08>, 415000001: <toontown.distributed.ToontownDistrict.ToontownDistrict instance at 0x1E777B48>, 408000001: <toontown.distributed.ToontownDistrict.ToontownDistrict instance at 0x1E777A58>, 401000001: <toontown.distributed.ToontownDistrict.ToontownDistrict instance at 0x1E66FB48>, 410000001: <toontown.distributed.ToontownDistrict.ToontownDistrict instance at 0x1E777990>, 418000001: <toontown.distributed.ToontownDistrict.ToontownDistrict instance at 0x1E777AF8>, 403000001: <toontown.distributed.ToontownDistrict.ToontownDistrict instance at 0x1E777850>, 412000001: <toontown.distributed.ToontownDistrict.ToontownDistrict instance at 0x1E7779B8>, 405000001: <toontown.distributed.ToontownDistrict.ToontownDistrict instance at 0x1E7778F0>, 420000001: <toontown.distributed.ToontownDistrict.ToontownDistrict instance at 0x1E777AA8>}
__handleAvatarChooserDone: 100000013, 'Little Zippy', ('rsl', 'ls', 'l', 'm', 19, 0, 19, 19, 10, 9, 0, 9, 7, 0), 1
2
Reading DNA file... phase_4/dna/storage.pdna
Reading DNA file... phase_3.5/dna/storage_interior.pdna
Reading DNA file... phase_4/dna/storage_TT.pdna
Reading DNA file... phase_4/dna/storage_TT_sz.pdna
Reading DNA file... phase_4/dna/toontown_central_sz.pdna
phase_3.5/models/gui/friendslist_gui.bam
['Horiz_Arrow_UP', 'Horiz_Arrow_DN', 'Horiz_Arrow_Rllvr']
phase_3.5/models/gui/friendslist_gui.bam
['Horiz_Arrow_UP', 'Horiz_Arrow_DN', 'Horiz_Arrow_Rllvr']
phase_3/models/gui/quit_button.bam
['QuitBtn_UP', 'QuitBtn_DN', 'QuitBtn_RLVR']
phase_3/models/gui/quit_button.bam
['QuitBtn_UP', 'QuitBtn_DN', 'QuitBtn_RLVR']
phase_3/models/gui/quit_button.bam
['QuitBtn_UP', 'QuitBtn_DN', 'QuitBtn_RLVR']
phase_3/models/gui/quit_button.bam
['QuitBtn_UP', 'QuitBtn_DN', 'QuitBtn_RLVR']
phase_3/models/gui/quit_button.bam
['QuitBtn_UP', 'QuitBtn_DN', 'QuitBtn_RLVR']
Reading DNA file... phase_4/dna/storage.pdna
Reading DNA file... phase_3.5/dna/storage_interior.pdna
Battle Event localtoon-battle-event-3
Battle Event localtoon-battle-event-10
test
spec = {'parentEntId': 10014, 'pos': LPoint3f(0, 0, 0)}
h = None
Battle Event localtoon-battle-event-17
spec = {'parentEntId': 10037, 'pos': LPoint3f(0, 0, 0)}
h = None
Battle Event localtoon-battle-event-23
spec = {'parentEntId': 10030, 'pos': LPoint3f(0, 0, 0)}
h = None
Battle Event localtoon-battle-event-29
spec = {'parentEntId': 10023, 'pos': LPoint3f(0, 0, 0)}
h = None
Battle Event localtoon-battle-event-35
spec = {'parentEntId': 10032, 'pos': LPoint3f(0, 0, 0)}
h = None
Battle Event localtoon-battle-event-41
spec = {'parentEntId': 10064, 'pos': LPoint3f(0, 0, 0)}
h = None
Battle Event localtoon-battle-event-47
Battle Event localtoon-battle-event-53
Battle Event localtoon-battle-event-60
test
spec = {'parentEntId': 10014, 'pos': LPoint3f(0, 0, 0)}
h = None
Battle Event localtoon-battle-event-67
spec = {'parentEntId': 10037, 'pos': LPoint3f(0, 0, 0)}
h = None
Battle Event localtoon-battle-event-73
spec = {'parentEntId': 10030, 'pos': LPoint3f(0, 0, 0)}
h = None
Battle Event localtoon-battle-event-79
spec = {'parentEntId': 10023, 'pos': LPoint3f(0, 0, 0)}
h = None
Battle Event localtoon-battle-event-85
frame rate: 13.1 fps|0.068d|6 avs||358|366||0x1002|0x6738|451.1MB|510.5MB|16330.4MB|718|nt.2.6.2|3.300,3.300|3,6 cpus|OpenGL
spec = {'parentEntId': 10032, 'pos': LPoint3f(0, 0, 0)}
h = None
Battle Event localtoon-battle-event-91
spec = {'parentEntId': 10034, 'pos': LPoint3f(0, 0, 0)}
h = None
Battle Event localtoon-battle-event-97
spec = {'parentEntId': 10064, 'pos': LPoint3f(0, 0, 0)}
h = None
Battle Event localtoon-battle-event-103
Battle Event localtoon-battle-event-109
Battle Event localtoon-battle-event-116
test
spec = {'parentEntId': 10014, 'pos': LPoint3f(0, 0, 0)}
h = None
Battle Event localtoon-battle-event-123
spec = {'parentEntId': 10037, 'pos': LPoint3f(0, 0, 0)}
h = None
Battle Event localtoon-battle-event-129
spec = {'parentEntId': 10030, 'pos': LPoint3f(0, 0, 0)}
h = None
Battle Event localtoon-battle-event-135
spec = {'parentEntId': 10023, 'pos': LPoint3f(0, 0, 0)}
h = None
Battle Event localtoon-battle-event-141
spec = {'parentEntId': 10032, 'pos': LPoint3f(0, 0, 0)}
h = None
Battle Event localtoon-battle-event-147
spec = {'parentEntId': 10034, 'pos': LPoint3f(0, 0, 0)}
h = None
Battle Event localtoon-battle-event-153
spec = {'parentEntId': 20058, 'pos': LPoint3f(0, 0, 0)}
h = None
Battle Event localtoon-battle-event-159
spec = {'parentEntId': 10047, 'pos': LPoint3f(0, 0, 0)}
h = None
Battle Event localtoon-battle-event-165
spec = {'parentEntId': 10068, 'pos': LPoint3f(-20, -10, 0)}
h = None
Battle Event localtoon-battle-event-171
spec = {'parentEntId': 10064, 'pos': LPoint3f(0, 0, 0)}
h = None
Battle Event localtoon-battle-event-177
Battle Event localtoon-battle-event-183
Battle Event localtoon-battle-event-190
test
spec = {'parentEntId': 10014, 'pos': LPoint3f(0, 0, 0)}
h = None
Battle Event localtoon-battle-event-197
spec = {'parentEntId': 10037, 'pos': LPoint3f(0, 0, 0)}
h = None
Battle Event localtoon-battle-event-203
spec = {'parentEntId': 10030, 'pos': LPoint3f(0, 0, 0)}
h = None
Battle Event localtoon-battle-event-209
spec = {'parentEntId': 10023, 'pos': LPoint3f(0, 0, 0)}
h = None
Battle Event localtoon-battle-event-215
frame rate: 8.4 fps|0.142d|5 avs||658|667||0x1002|0x6738|464.4MB|524.2MB|16330.4MB|739|nt.2.6.2|3.300,3.300|3,6 cpus|OpenGL
spec = {'parentEntId': 10032, 'pos': LPoint3f(0, 0, 0)}
h = None
Battle Event localtoon-battle-event-221
spec = {'parentEntId': 10034, 'pos': LPoint3f(0, 0, 0)}
h = None
Battle Event localtoon-battle-event-227
spec = {'parentEntId': 20058, 'pos': LPoint3f(0, 0, 0)}
h = None
Battle Event localtoon-battle-event-233
spec = {'parentEntId': 10047, 'pos': LPoint3f(0, 0, 0)}
h = None
Battle Event localtoon-battle-event-239
spec = {'parentEntId': 10068, 'pos': LPoint3f(-20, -10, 0)}
h = None
Battle Event localtoon-battle-event-245
spec = {'parentEntId': 10064, 'pos': LPoint3f(0, 0, 0)}
h = None
Battle Event localtoon-battle-event-251
spec = {'parentEntId': 10064, 'pos': LPoint3f(0, 0, 0)}
h = None
Battle Event localtoon-battle-event-257
Battle Event localtoon-battle-event-263
Battle Event localtoon-battle-event-270
test
spec = {'parentEntId': 10014, 'pos': LPoint3f(0, 0, 0)}
h = None
Battle Event localtoon-battle-event-277
spec = {'parentEntId': 10037, 'pos': LPoint3f(0, 0, 0)}
h = None
Battle Event localtoon-battle-event-283
spec = {'parentEntId': 10030, 'pos': LPoint3f(0, 0, 0)}
h = None
Battle Event localtoon-battle-event-289
spec = {'parentEntId': 10023, 'pos': LPoint3f(0, 0, 0)}
h = None
Battle Event localtoon-battle-event-295
spec = {'parentEntId': 10032, 'pos': LPoint3f(0, 0, 0)}
h = None
Battle Event localtoon-battle-event-301
spec = {'parentEntId': 10034, 'pos': LPoint3f(0, 0, 0)}
h = None
Battle Event localtoon-battle-event-307
spec = {'parentEntId': 10064, 'pos': LPoint3f(0, 0, 0)}
h = None
Battle Event localtoon-battle-event-313
Battle Event localtoon-battle-event-319
Battle Event localtoon-battle-event-326
test
spec = {'parentEntId': 10014, 'pos': LPoint3f(0, 0, 0)}
h = None
Battle Event localtoon-battle-event-333
spec = {'parentEntId': 10037, 'pos': LPoint3f(0, 0, 0)}
h = None
Battle Event localtoon-battle-event-339
frame rate: 11.6 fps|0.078d|4 avs||958|967||0x1002|0x6738|394.0MB|536.1MB|16330.4MB|768|nt.2.6.2|3.300,3.300|3,6 cpus|OpenGL
spec = {'parentEntId': 10030, 'pos': LPoint3f(0, 0, 0)}
h = None
Battle Event localtoon-battle-event-345
spec = {'parentEntId': 10023, 'pos': LPoint3f(0, 0, 0)}
h = None
Battle Event localtoon-battle-event-351
spec = {'parentEntId': 10032, 'pos': LPoint3f(0, 0, 0)}
h = None
Battle Event localtoon-battle-event-357
spec = {'parentEntId': 10034, 'pos': LPoint3f(0, 0, 0)}
h = None
Battle Event localtoon-battle-event-363
spec = {'parentEntId': 20058, 'pos': LPoint3f(0, 0, 0)}
h = None
Battle Event localtoon-battle-event-369
spec = {'parentEntId': 10047, 'pos': LPoint3f(0, 0, 0)}
h = None
Battle Event localtoon-battle-event-375
spec = {'parentEntId': 10068, 'pos': LPoint3f(-20, -10, 0)}
h = None
spec = {'parentEntId': 10064, 'pos': LPoint3f(0, 0, 0)}
h = None
Battle Event localtoon-battle-event-387
Battle Event localtoon-battle-event-393
Battle Event localtoon-battle-event-400
test
spec = {'parentEntId': 10014, 'pos': LPoint3f(0, 0, 0)}
h = None
Battle Event localtoon-battle-event-407
spec = {'parentEntId': 10037, 'pos': LPoint3f(0, 0, 0)}
h = None
Battle Event localtoon-battle-event-413
spec = {'parentEntId': 10030, 'pos': LPoint3f(0, 0, 0)}
h = None
Battle Event localtoon-battle-event-419
spec = {'parentEntId': 10032, 'pos': LPoint3f(0, 0, 0)}
h = None
Battle Event localtoon-battle-event-425
spec = {'parentEntId': 10023, 'pos': LPoint3f(0, 0, 0)}
h = None
Battle Event localtoon-battle-event-431
spec = {'parentEntId': 10034, 'pos': LPoint3f(0, 0, 0)}
h = None
Battle Event localtoon-battle-event-437
spec = {'parentEntId': 20058, 'pos': LPoint3f(0, 0, 0)}
h = None
Battle Event localtoon-battle-event-443
spec = {'parentEntId': 10047, 'pos': LPoint3f(0, 0, 0)}
h = None
Battle Event localtoon-battle-event-449
spec = {'parentEntId': 10068, 'pos': LPoint3f(-20, -10, 0)}
h = None
Battle Event localtoon-battle-event-455
spec = {'parentEntId': 10064, 'pos': LPoint3f(0, 0, 0)}
h = None
Battle Event localtoon-battle-event-461
Battle Event localtoon-battle-event-467
Battle Event localtoon-battle-event-474
frame rate: 10.2 fps|0.158d|4 avs||1259|1267||0x1002|0x6738|354.4MB|560.1MB|16330.4MB|787|nt.2.6.2|3.300,3.300|3,6 cpus|OpenGL
test
spec = {'parentEntId': 10014, 'pos': LPoint3f(0, 0, 0)}
h = None
Battle Event localtoon-battle-event-481
spec = {'parentEntId': 10037, 'pos': LPoint3f(0, 0, 0)}
h = None
Battle Event localtoon-battle-event-487
spec = {'parentEntId': 10030, 'pos': LPoint3f(0, 0, 0)}
h = None
Battle Event localtoon-battle-event-493
spec = {'parentEntId': 10023, 'pos': LPoint3f(0, 0, 0)}
h = None
Battle Event localtoon-battle-event-499
spec = {'parentEntId': 10032, 'pos': LPoint3f(0, 0, 0)}
h = None
Battle Event localtoon-battle-event-505
spec = {'parentEntId': 10034, 'pos': LPoint3f(0, 0, 0)}
h = None
Battle Event localtoon-battle-event-511
spec = {'parentEntId': 20058, 'pos': LPoint3f(0, 0, 0)}
h = None
Battle Event localtoon-battle-event-517
spec = {'parentEntId': 10047, 'pos': LPoint3f(0, 0, 0)}
h = None
Battle Event localtoon-battle-event-523
spec = {'parentEntId': 10068, 'pos': LPoint3f(-20, -10, 0)}
h = None
Battle Event localtoon-battle-event-529
spec = {'parentEntId': 10064, 'pos': LPoint3f(0, 0, 0)}
h = None
Battle Event localtoon-battle-event-535
test
spec = {'parentEntId': 10064, 'pos': LPoint3f(0, 0, 0)}
h = None
Battle Event localtoon-battle-event-541
Battle Event localtoon-battle-event-547
Battle Event localtoon-battle-event-554
test
spec = {'parentEntId': 10014, 'pos': LPoint3f(0, 0, 0)}
h = None
Battle Event localtoon-battle-event-561
spec = {'parentEntId': 10037, 'pos': LPoint3f(0, 0, 0)}
h = None
Battle Event localtoon-battle-event-567
spec = {'parentEntId': 10030, 'pos': LPoint3f(0, 0, 0)}
h = None
Battle Event localtoon-battle-event-573
spec = {'parentEntId': 10032, 'pos': LPoint3f(0, 0, 0)}
h = None
Battle Event localtoon-battle-event-579
spec = {'parentEntId': 10023, 'pos': LPoint3f(0, 0, 0)}
h = None
Battle Event localtoon-battle-event-585
spec = {'parentEntId': 10034, 'pos': LPoint3f(0, 0, 0)}
h = None
Battle Event localtoon-battle-event-591
frame rate: 12.5 fps|0.074d|2 avs||1559|1567||0x1002|0x6738|340.9MB|553.5MB|16330.4MB|808|nt.2.6.2|3.300,3.300|3,6 cpus|OpenGL
spec = {'parentEntId': 20058, 'pos': LPoint3f(0, 0, 0)}
h = None
Battle Event localtoon-battle-event-597
spec = {'parentEntId': 10047, 'pos': LPoint3f(0, 0, 0)}
h = None
Battle Event localtoon-battle-event-603
spec = {'parentEntId': 10068, 'pos': LPoint3f(-20, -10, 0)}
h = None
Battle Event localtoon-battle-event-609
spec = {'parentEntId': 10064, 'pos': LPoint3f(0, 0, 0)}
h = None
Battle Event localtoon-battle-event-615
test
spec = {'parentEntId': 10014, 'pos': LPoint3f(0, 0, 0)}
h = None
Battle Event localtoon-battle-event-621
spec = {'parentEntId': 10037, 'pos': LPoint3f(0, 0, 0)}
h = None
Battle Event localtoon-battle-event-627
spec = {'parentEntId': 10064, 'pos': LPoint3f(0, 0, 0)}
h = None
Battle Event localtoon-battle-event-633
spec = {'parentEntId': 10064, 'pos': LPoint3f(0, 0, 0)}
h = None
Battle Event localtoon-battle-event-639
Battle Event localtoon-battle-event-645
Battle Event localtoon-battle-event-652
test
spec = {'parentEntId': 10014, 'pos': LPoint3f(0, 0, 0)}
h = None
Battle Event localtoon-battle-event-659
spec = {'parentEntId': 10037, 'pos': LPoint3f(0, 0, 0)}
h = None
Battle Event localtoon-battle-event-665
spec = {'parentEntId': 10030, 'pos': LPoint3f(0, 0, 0)}
h = None
Battle Event localtoon-battle-event-671
spec = {'parentEntId': 10023, 'pos': LPoint3f(0, 0, 0)}
h = None
Battle Event localtoon-battle-event-677
spec = {'parentEntId': 10032, 'pos': LPoint3f(0, 0, 0)}
h = None
Battle Event localtoon-battle-event-683
spec = {'parentEntId': 10034, 'pos': LPoint3f(0, 0, 0)}
h = None
Battle Event localtoon-battle-event-689
spec = {'parentEntId': 20058, 'pos': LPoint3f(0, 0, 0)}
h = None
Battle Event localtoon-battle-event-695
spec = {'parentEntId': 10047, 'pos': LPoint3f(0, 0, 0)}
h = None
Battle Event localtoon-battle-event-701
spec = {'parentEntId': 10068, 'pos': LPoint3f(-20, -10, 0)}
h = None
Battle Event localtoon-battle-event-707
spec = {'parentEntId': 10064, 'pos': LPoint3f(0, 0, 0)}
h = None
Battle Event localtoon-battle-event-713
frame rate: 12.0 fps|0.068d|6 avs||1859|1867||0x1002|0x6738|349.9MB|561.2MB|16330.4MB|822|nt.2.6.2|3.300,3.300|3,6 cpus|OpenGL
spec = {'parentEntId': 10064, 'pos': LPoint3f(0, 0, 0)}
h = None
Battle Event localtoon-battle-event-719
Battle Event localtoon-battle-event-725
Battle Event localtoon-battle-event-732
test
spec = {'parentEntId': 10014, 'pos': LPoint3f(0, 0, 0)}
h = None
Battle Event localtoon-battle-event-739
spec = {'parentEntId': 10037, 'pos': LPoint3f(0, 0, 0)}
h = None
Battle Event localtoon-battle-event-745
spec = {'parentEntId': 10030, 'pos': LPoint3f(0, 0, 0)}
h = None
Battle Event localtoon-battle-event-751
spec = {'parentEntId': 10023, 'pos': LPoint3f(0, 0, 0)}
h = None
Battle Event localtoon-battle-event-757
spec = {'parentEntId': 10032, 'pos': LPoint3f(0, 0, 0)}
h = None
Battle Event localtoon-battle-event-763
spec = {'parentEntId': 10034, 'pos': LPoint3f(0, 0, 0)}
h = None
Battle Event localtoon-battle-event-769
spec = {'parentEntId': 20058, 'pos': LPoint3f(0, 0, 0)}
h = None
Battle Event localtoon-battle-event-775
spec = {'parentEntId': 10047, 'pos': LPoint3f(0, 0, 0)}
h = None
Battle Event localtoon-battle-event-781
spec = {'parentEntId': 10068, 'pos': LPoint3f(-20, -10, 0)}
h = None
Battle Event localtoon-battle-event-787
spec = {'parentEntId': 10064, 'pos': LPoint3f(0, 0, 0)}
h = None
Battle Event localtoon-battle-event-793
Battle Event localtoon-battle-event-799
Battle Event localtoon-battle-event-806
test
spec = {'parentEntId': 10014, 'pos': LPoint3f(0, 0, 0)}
h = None
Battle Event localtoon-battle-event-813
spec = {'parentEntId': 10037, 'pos': LPoint3f(0, 0, 0)}
h = None
Battle Event localtoon-battle-event-819
spec = {'parentEntId': 10030, 'pos': LPoint3f(0, 0, 0)}
h = None
Battle Event localtoon-battle-event-825
spec = {'parentEntId': 10023, 'pos': LPoint3f(0, 0, 0)}
h = None
Battle Event localtoon-battle-event-831
spec = {'parentEntId': 10032, 'pos': LPoint3f(0, 0, 0)}
h = None
Battle Event localtoon-battle-event-837
spec = {'parentEntId': 10034, 'pos': LPoint3f(0, 0, 0)}
h = None
Battle Event localtoon-battle-event-843
frame rate: 13.2 fps|0.070d|4 avs||2159|2167||0x1002|0x6738|354.9MB|570.0MB|16330.4MB|863|nt.2.6.2|3.300,3.300|3,6 cpus|OpenGL
spec = {'parentEntId': 20058, 'pos': LPoint3f(0, 0, 0)}
h = None
Battle Event localtoon-battle-event-849
spec = {'parentEntId': 10047, 'pos': LPoint3f(0, 0, 0)}
h = None
Battle Event localtoon-battle-event-855
spec = {'parentEntId': 10068, 'pos': LPoint3f(-20, -10, 0)}
h = None
Battle Event localtoon-battle-event-861
spec = {'parentEntId': 10064, 'pos': LPoint3f(0, 0, 0)}
h = None
Battle Event localtoon-battle-event-867
test
spec = {'parentEntId': 10014, 'pos': LPoint3f(0, 0, 0)}
h = None
Battle Event localtoon-battle-event-873
spec = {'parentEntId': 10037, 'pos': LPoint3f(0, 0, 0)}
h = None
Battle Event localtoon-battle-event-879
spec = {'parentEntId': 10064, 'pos': LPoint3f(0, 0, 0)}
h = None
Battle Event localtoon-battle-event-885
frame rate: 23.2 fps|0.004d|2 avs||2459|2467||0x1002|0x6738|354.9MB|570.9MB|16330.4MB|867|nt.2.6.2|3.300,3.300|3,6 cpus|OpenGL
