TTLocalizer: Running in language: english
from toontown.toonbase.TTLocalizerEnglish import *
OTPLocalizer: Running in language: english
from otp.otpbase.OTPLocalizerEnglish import *
Preloading suits...
Preloading Toon heads...
Preloading avatars...
Traceback (most recent call last):
  File "D:\Documents\ToontownSourcecode\Toontown\toontown\toonbase\ClientStart.py", line 234, in loadScripts
    execfile('mods/'+scriptName,globals())
  File "mods/Compilation.txt", line 206, in <module>
    toonAnywhere = DirectButton(text = ("Enable Toonup anywhere", "ENABLE TOONUP ANYWHERE", "enable toonup anywhere", "enable toonup anywhere"), scale=.06, pos = (-1,-0,-.3), command=ToonupAnywhere.toonUpSetUp)
NameError: name 'ToonupAnywhere' is not defined

phase_3.5/models/gui/friendslist_gui.bam
['Horiz_Arrow_UP', 'Horiz_Arrow_DN', 'Horiz_Arrow_Rllvr']
phase_3.5/models/gui/friendslist_gui.bam
['Horiz_Arrow_UP', 'Horiz_Arrow_DN', 'Horiz_Arrow_Rllvr']
phase_3.5/models/gui/friendslist_gui.bam
['Horiz_Arrow_UP', 'Horiz_Arrow_DN', 'Horiz_Arrow_Rllvr']
phase_3.5/models/gui/friendslist_gui.bam
['Horiz_Arrow_UP', 'Horiz_Arrow_DN', 'Horiz_Arrow_Rllvr']
phase_3.5/models/gui/friendslist_gui.bam
['FndsLst_ScrollUp', 'FndsLst_ScrollDN', 'FndsLst_ScrollUp_Rllvr']
phase_3.5/models/gui/friendslist_gui.bam
['FndsLst_ScrollUp', 'FndsLst_ScrollDN', 'FndsLst_ScrollUp_Rllvr']
phase_3.5/models/gui/friendslist_gui.bam
['Horiz_Arrow_UP', 'Horiz_Arrow_DN', 'Horiz_Arrow_Rllvr']
phase_3.5/models/gui/friendslist_gui.bam
['Horiz_Arrow_UP', 'Horiz_Arrow_DN', 'Horiz_Arrow_Rllvr']
phase_3.5/models/gui/friendslist_gui.bam
['Horiz_Arrow_UP', 'Horiz_Arrow_DN', 'Horiz_Arrow_Rllvr']
phase_3.5/models/gui/friendslist_gui.bam
['Horiz_Arrow_UP', 'Horiz_Arrow_DN', 'Horiz_Arrow_Rllvr']
phase_3/models/gui/quit_button.bam
['QuitBtn_UP', 'QuitBtn_DN', 'QuitBtn_RLVR']
phase_3/models/gui/quit_button.bam
['QuitBtn_UP', 'QuitBtn_DN', 'QuitBtn_RLVR']
phase_3/models/gui/quit_button.bam
['QuitBtn_UP', 'QuitBtn_DN', 'QuitBtn_RLVR']
phase_3/models/gui/quit_button.bam
['QuitBtn_UP', 'QuitBtn_DN', 'QuitBtn_RLVR']
test2
{401000001: <toontown.distributed.ToontownDistrict.ToontownDistrict instance at 0x1BFA6300>, 403000001: <toontown.distributed.ToontownDistrict.ToontownDistrict instance at 0x1BFA3328>, 402000001: <toontown.distributed.ToontownDistrict.ToontownDistrict instance at 0x1C285EE0>}
__handleAvatarChooserDone: 100000013, 'Little Zippy', ('rsl', 'ls', 'l', 'm', 19, 0, 19, 19, 10, 9, 0, 9, 7, 0), 1
2
Reading DNA file... phase_4/dna/storage.pdna
Reading DNA file... phase_3.5/dna/storage_interior.pdna
Reading DNA file... phase_8/dna/storage_DG.pdna
Reading DNA file... phase_8/dna/storage_DG_sz.pdna
Reading DNA file... phase_8/dna/daisys_garden_sz.pdna
Doing building quest
starting
Teleporting back
Reading DNA file... phase_4/dna/storage.pdna
Reading DNA file... phase_3.5/dna/storage_interior.pdna
Reading DNA file... phase_6/dna/storage_MM.pdna
Reading DNA file... phase_5/dna/storage_town.pdna
Reading DNA file... phase_6/dna/storage_MM_town.pdna
Reading DNA file... phase_6/dna/minnies_melody_land_4100.pdna
Battle Event localtoon-battle-event-3
Battle Event localtoon-battle-event-8
Battle Event localtoon-battle-event-13
Reading DNA file... phase_6/dna/storage_MM_sz.pdna
Reading DNA file... phase_6/dna/minnies_melody_land_sz.pdna
Teleporting back
Teleporting back
Teleporting back
Teleporting back
Teleporting back
Teleporting back
Teleporting back
Teleporting back
Teleporting back
Reading DNA file... phase_5/dna/storage_town.pdna
Reading DNA file... phase_6/dna/storage_MM_town.pdna
Reading DNA file... phase_6/dna/minnies_melody_land_4100.pdna
Battle Event localtoon-battle-event-18
Battle Event localtoon-battle-event-23
Battle Event localtoon-battle-event-28
Battle Event localtoon-battle-event-33
Reading DNA file... phase_6/dna/storage_MM_sz.pdna
Reading DNA file... phase_6/dna/minnies_melody_land_sz.pdna
Teleporting back
Teleporting back
Teleporting back
Teleporting back
Teleporting back
Teleporting back
Teleporting back
Teleporting back
Teleporting back
Teleporting back
Reading DNA file... phase_5/dna/storage_town.pdna
Reading DNA file... phase_6/dna/storage_MM_town.pdna
Reading DNA file... phase_6/dna/minnies_melody_land_4100.pdna
frame rate: 16.8 fps|0.224d|3 avs||336|339||0x1002|0x6738|481.1MB|479.6MB|16330.4MB|563|nt.2.6.2|3.300,3.300|3,6 cpus|OpenGL
Teleporting back
Reading DNA file... phase_5/dna/storage_town.pdna
Reading DNA file... phase_6/dna/storage_MM_town.pdna
Reading DNA file... phase_6/dna/minnies_melody_land_4200.pdna
Battle Event localtoon-battle-event-38
Battle Event localtoon-battle-event-43
Battle Event localtoon-battle-event-48
[<toontown.uberdog.ClientServicesManager.ClientServicesManager instance at 0x1BF9E530>, <toontown.friends.TTIFriendsManager.TTIFriendsManager instance at 0x1BF9E620>, <toontown.distributed.ToontownDistrict.ToontownDistrict instance at 0x1BFA6300>, <toontown.distributed.ToontownDistrictStats.ToontownDistrictStats instance at 0x1C298760>, <otp.ai.TimeManager.TimeManager instance at 0x14779CD8>, <otp.ai.MagicWordManager.MagicWordManager instance at 0x14779D50>, <toontown.ai.NewsManager.NewsManager instance at 0x14779EE0>, <toontown.safezone.SafeZoneManager.SafeZoneManager instance at 0x1477B058>, <toontown.tutorial.TutorialManager.TutorialManager instance at 0x1477B0D0>, <otp.friends.FriendManager.FriendManager instance at 0x14779DA0>, <toontown.building.DistributedTrophyMgr.DistributedTrophyMgr instance at 0x1477B2B0>, <toontown.estate.EstateManager.EstateManager instance at 0x14779E40>, <toontown.catalog.CatalogManager.CatalogManager instance at 0x1477B210>, <otp.friends.AvatarFriendsManager.AvatarFriendsManager instance at 0x1BF9E580>, <toontown.friends.TTPlayerFriendsManager.TTPlayerFriendsManager instance at 0x1BF9E5D0>, <otp.distributed.CentralLogger.CentralLogger instance at 0x1BF9E3F0>, <toontown.coderedemption.TTCodeRedemptionMgr.TTCodeRedemptionMgr instance at 0x1BF9E760>, <toontown.uberdog.TTSpeedchatRelay.TTSpeedchatRelay instance at 0x1BF9E670>, <toontown.distributed.ToontownDistrict.ToontownDistrict instance at 0x1C285EE0>, <toontown.distributed.ToontownDistrictStats.ToontownDistrictStats instance at 0x1C2987D8>, <toontown.distributed.ToontownDistrict.ToontownDistrict instance at 0x1BFA3328>, <toontown.distributed.ToontownDistrictStats.ToontownDistrictStats instance at 0x1C298828>, render/Little Zippy-100000013, <toontown.building.DistributedSuitInterior.DistributedSuitInterior instance at 0x252C90D0>, render/Short Change-401007952, render/Tightwad-401007953, render/Penny Pincher-401007954, render/Tightwad-401007955, Number Cruncher-401007956, render/distributed-battle-46, <otp.friends.FriendManager.FriendManager instance at 0x1BF9EA08>, <otp.chat.ChatAgent.ChatAgent instance at 0x1BF9E440>, <toontown.uberdog.DistributedDeliveryManager.DistributedDeliveryManager instance at 0x1BF9E6C0>]
Reading DNA file... phase_5/dna/storage_town.pdna
Reading DNA file... phase_6/dna/storage_MM_town.pdna
Reading DNA file... phase_6/dna/minnies_melody_land_4200.pdna
starting
Teleporting back
Reading DNA file... phase_4/dna/storage.pdna
Reading DNA file... phase_3.5/dna/storage_interior.pdna
Reading DNA file... phase_8/dna/storage_BR.pdna
Reading DNA file... phase_5/dna/storage_town.pdna
Reading DNA file... phase_8/dna/storage_BR_town.pdna
Reading DNA file... phase_8/dna/the_burrrgh_3100.pdna
empty flat building with no walls
